#
# There is insufficient memory for the Java Runtime Environment to continue.
# Native memory allocation (malloc) failed to allocate 335616 bytes. Error detail: Chunk::new
# Possible reasons:
#   The system is out of physical RAM or swap space
#   This process is running with CompressedOops enabled, and the Java Heap may be blocking the growth of the native heap
# Possible solutions:
#   Reduce memory load on the system
#   Increase physical memory or swap space
#   Check if swap backing store is full
#   Decrease Java heap size (-Xmx/-Xms)
#   Decrease number of Java threads
#   Decrease Java thread stack sizes (-Xss)
#   Set larger code cache with -XX:ReservedCodeCacheSize=
#   JVM is running with Unscaled Compressed Oops mode in which the Java heap is
#     placed in the first 4GB address space. The Java Heap base address is the
#     maximum limit for the native heap growth. Please use -XX:HeapBaseMinAddress
#     to set the Java Heap base and to place the Java Heap above 4GB virtual address.
# This output file may be truncated or incomplete.
#
#  Out of Memory Error (arena.cpp:168), pid=9544, tid=15504
#
# JRE version: OpenJDK Runtime Environment Temurin-21.0.10+7 (21.0.10+7) (build 21.0.10+7-LTS)
# Java VM: OpenJDK 64-Bit Server VM Temurin-21.0.10+7 (21.0.10+7-LTS, mixed mode, sharing, tiered, compressed oops, compressed class ptrs, parallel gc, windows-amd64)
# No core dump will be written. Minidumps are not enabled by default on client versions of Windows
#

---------------  S U M M A R Y ------------

Command Line: --add-modules=ALL-SYSTEM --add-opens=java.base/java.util=ALL-UNNAMED --add-opens=java.base/java.lang=ALL-UNNAMED --add-opens=java.base/sun.nio.fs=ALL-UNNAMED -Declipse.application=org.eclipse.jdt.ls.core.id1 -Dosgi.bundles.defaultStartLevel=4 -Declipse.product=org.eclipse.jdt.ls.core.product -Djava.import.generatesMetadataFilesAtProjectRoot=false -DDetectVMInstallationsJob.disabled=true -Dfile.encoding=utf8 -XX:+UseParallelGC -XX:GCTimeRatio=4 -XX:AdaptiveSizePolicyWeight=90 -Dsun.zip.disableMemoryMapping=true -Xmx2G -Xms100m -Xlog:disable -javaagent:c:\Users\HP\.antigravity\extensions\redhat.java-1.53.0-win32-x64\lombok\lombok-1.18.39-4050.jar -XX:+HeapDumpOnOutOfMemoryError -XX:HeapDumpPath=c:\Users\HP\AppData\Roaming\Antigravity\User\workspaceStorage\ec30be9fa44441caa41ccff467e32948\redhat.java -Daether.dependencyCollector.impl=bf c:\Users\HP\.antigravity\extensions\redhat.java-1.53.0-win32-x64\server\plugins\org.eclipse.equinox.launcher_1.7.100.v20251111-0406.jar -configuration c:\Users\HP\AppData\Roaming\Antigravity\User\globalStorage\redhat.java\1.53.0\config_win -data c:\Users\HP\AppData\Roaming\Antigravity\User\workspaceStorage\ec30be9fa44441caa41ccff467e32948\redhat.java\jdt_ws --pipe=\\.\pipe\lsp-bec6740992243dbada670e5a06043285-sock

Host: 12th Gen Intel(R) Core(TM) i3-1215U, 8 cores, 3G,  Windows 11 , 64 bit Build 22621 (10.0.22621.5415)
Time: Tue Mar 31 23:14:53 2026 Afr. centrale Ouest elapsed time: 3.359956 seconds (0d 0h 0m 3s)

---------------  T H R E A D  ---------------

Current thread (0x00000157d7f81580):  JavaThread "C2 CompilerThread0" daemon [_thread_in_native, id=15504, stack(0x000000438f900000,0x000000438fa00000) (1024K)]


Current CompileTask:
C2:3360 3081       4       sun.security.provider.SHA::implCompress0 (478 bytes)

Stack: [0x000000438f900000,0x000000438fa00000]
Native frames: (J=compiled Java code, j=interpreted, Vv=VM code, C=native code)
V  [jvm.dll+0x6d7a39]
V  [jvm.dll+0x8b4b26]
V  [jvm.dll+0x8b70de]
V  [jvm.dll+0x8b77c3]
V  [jvm.dll+0x284346]
V  [jvm.dll+0xc66ed]
V  [jvm.dll+0xc6c31]
V  [jvm.dll+0x2fb29e]
V  [jvm.dll+0x5fe884]
V  [jvm.dll+0x255b17]
V  [jvm.dll+0x255edd]
V  [jvm.dll+0x24e500]
V  [jvm.dll+0x24ba42]
V  [jvm.dll+0x1cb34e]
V  [jvm.dll+0x25b85d]
V  [jvm.dll+0x259dea]
V  [jvm.dll+0x3f857e]
V  [jvm.dll+0x85f59d]
V  [jvm.dll+0x6d626d]
C  [ucrtbase.dll+0x29333]
C  [KERNEL32.DLL+0x1259d]
C  [ntdll.dll+0x5af78]


---------------  P R O C E S S  ---------------

Threads class SMR info:
_java_thread_list=0x00000157f52bb7a0, length=18, elements={
0x00000157d7ffd4f0, 0x00000157d7f6e580, 0x00000157d7f6fd90, 0x00000157d7f732b0,
0x00000157d7f74580, 0x00000157d7f793f0, 0x00000157d7f7f810, 0x00000157d7f81580,
0x00000157d7f82860, 0x00000157f0476350, 0x00000157f0592d40, 0x00000157f0953c70,
0x00000157f0a4f3d0, 0x00000157f0be9770, 0x00000157f0beadf0, 0x00000157f540c010,
0x00000157f521b0c0, 0x00000157f530cc40
}

Java Threads: ( => current thread )
  0x00000157d7ffd4f0 JavaThread "main"                              [_thread_blocked, id=8888, stack(0x000000438ef00000,0x000000438f000000) (1024K)]
  0x00000157d7f6e580 JavaThread "Reference Handler"          daemon [_thread_blocked, id=12848, stack(0x000000438f300000,0x000000438f400000) (1024K)]
  0x00000157d7f6fd90 JavaThread "Finalizer"                  daemon [_thread_blocked, id=5660, stack(0x000000438f400000,0x000000438f500000) (1024K)]
  0x00000157d7f732b0 JavaThread "Signal Dispatcher"          daemon [_thread_blocked, id=13652, stack(0x000000438f500000,0x000000438f600000) (1024K)]
  0x00000157d7f74580 JavaThread "Attach Listener"            daemon [_thread_blocked, id=4908, stack(0x000000438f600000,0x000000438f700000) (1024K)]
  0x00000157d7f793f0 JavaThread "Service Thread"             daemon [_thread_blocked, id=12744, stack(0x000000438f700000,0x000000438f800000) (1024K)]
  0x00000157d7f7f810 JavaThread "Monitor Deflation Thread"   daemon [_thread_blocked, id=12092, stack(0x000000438f800000,0x000000438f900000) (1024K)]
=>0x00000157d7f81580 JavaThread "C2 CompilerThread0"         daemon [_thread_in_native, id=15504, stack(0x000000438f900000,0x000000438fa00000) (1024K)]
  0x00000157d7f82860 JavaThread "C1 CompilerThread0"         daemon [_thread_blocked, id=1964, stack(0x000000438fa00000,0x000000438fb00000) (1024K)]
  0x00000157f0476350 JavaThread "Common-Cleaner"             daemon [_thread_blocked, id=18552, stack(0x000000438fb00000,0x000000438fc00000) (1024K)]
  0x00000157f0592d40 JavaThread "Notification Thread"        daemon [_thread_blocked, id=5156, stack(0x000000438fc00000,0x000000438fd00000) (1024K)]
  0x00000157f0953c70 JavaThread "Active Thread: Equinox Container: 87e70b69-aee3-4371-8d15-f773f0450f7e"        [_thread_blocked, id=1296, stack(0x0000004390300000,0x0000004390400000) (1024K)]
  0x00000157f0a4f3d0 JavaThread "Refresh Thread: Equinox Container: 87e70b69-aee3-4371-8d15-f773f0450f7e" daemon [_thread_blocked, id=5916, stack(0x0000004390500000,0x0000004390600000) (1024K)]
  0x00000157f0be9770 JavaThread "Framework Event Dispatcher: Equinox Container: 87e70b69-aee3-4371-8d15-f773f0450f7e" daemon [_thread_blocked, id=5780, stack(0x0000004390600000,0x0000004390700000) (1024K)]
  0x00000157f0beadf0 JavaThread "Start Level: Equinox Container: 87e70b69-aee3-4371-8d15-f773f0450f7e" daemon [_thread_in_native, id=4200, stack(0x0000004390700000,0x0000004390800000) (1024K)]
  0x00000157f540c010 JavaThread "Bundle File Closer"         daemon [_thread_blocked, id=17640, stack(0x0000004390800000,0x0000004390900000) (1024K)]
  0x00000157f521b0c0 JavaThread "SCR Component Actor"        daemon [_thread_blocked, id=5272, stack(0x0000004390900000,0x0000004390a00000) (1024K)]
  0x00000157f530cc40 JavaThread "Worker-JM"                         [_thread_blocked, id=10784, stack(0x0000004390a00000,0x0000004390b00000) (1024K)]
Total: 18

Other Threads:
  0x00000157d80be800 VMThread "VM Thread"                           [id=10380, stack(0x000000438f200000,0x000000438f300000) (1024K)]
  0x00000157d7e8caf0 WatcherThread "VM Periodic Task Thread"        [id=11648, stack(0x000000438f100000,0x000000438f200000) (1024K)]
  0x00000157d801c970 WorkerThread "GC Thread#0"                     [id=14576, stack(0x000000438f000000,0x000000438f100000) (1024K)]
  0x00000157f041bc90 WorkerThread "GC Thread#1"                     [id=12444, stack(0x000000438fd00000,0x000000438fe00000) (1024K)]
  0x00000157f041b180 WorkerThread "GC Thread#2"                     [id=7964, stack(0x000000438fe00000,0x000000438ff00000) (1024K)]
  0x00000157f041c7a0 WorkerThread "GC Thread#3"                     [id=14020, stack(0x000000438ff00000,0x0000004390000000) (1024K)]
  0x00000157f041b530 WorkerThread "GC Thread#4"                     [id=16452, stack(0x0000004390000000,0x0000004390100000) (1024K)]
  0x00000157f041b8e0 WorkerThread "GC Thread#5"                     [id=8968, stack(0x0000004390100000,0x0000004390200000) (1024K)]
  0x00000157f041c040 WorkerThread "GC Thread#6"                     [id=17720, stack(0x0000004390200000,0x0000004390300000) (1024K)]
  0x00000157f09e1fe0 WorkerThread "GC Thread#7"                     [id=10208, stack(0x0000004390400000,0x0000004390500000) (1024K)]
Total: 10

Threads with active compile tasks:
C2 CompilerThread0  3402 3081       4       sun.security.provider.SHA::implCompress0 (478 bytes)
Total: 1

VM state: not at safepoint (normal execution)

VM Mutex/Monitor currently owned by a thread: None

Heap address: 0x0000000080000000, size: 2048 MB, Compressed Oops mode: 32-bit

CDS archive(s) mapped at: [0x0000015780000000-0x0000015780ba0000-0x0000015780ba0000), size 12189696, SharedBaseAddress: 0x0000015780000000, ArchiveRelocationMode: 1.
Compressed class space mapped at: 0x0000015781000000-0x00000157c1000000, reserved size: 1073741824
Narrow klass base: 0x0000015780000000, Narrow klass shift: 0, Narrow klass range: 0x100000000

GC Precious Log:
 CardTable entry size: 512
 CPUs: 8 total, 8 available
 Memory: 3767M
 Large Page Support: Disabled
 NUMA Support: Disabled
 Compressed Oops: Enabled (32-bit)
 Alignments: Space 512K, Generation 512K, Heap 2M
 Heap Min Capacity: 100M
 Heap Initial Capacity: 100M
 Heap Max Capacity: 2G
 Pre-touch: Disabled
 Parallel Workers: 8

Heap:
 PSYoungGen      total 29184K, used 8962K [0x00000000d5580000, 0x00000000d7900000, 0x0000000100000000)
  eden space 25088K, 19% used [0x00000000d5580000,0x00000000d5a45aa8,0x00000000d6e00000)
  from space 4096K, 99% used [0x00000000d6e80000,0x00000000d727ae00,0x00000000d7280000)
  to   space 5632K, 0% used [0x00000000d7380000,0x00000000d7380000,0x00000000d7900000)
 ParOldGen       total 68608K, used 7881K [0x0000000080000000, 0x0000000084300000, 0x00000000d5580000)
  object space 68608K, 11% used [0x0000000080000000,0x00000000807b2790,0x0000000084300000)
 Metaspace       used 16350K, committed 16960K, reserved 1114112K
  class space    used 1700K, committed 1984K, reserved 1048576K

Card table byte_map: [0x00000157d79a0000,0x00000157d7db0000] _byte_map_base: 0x00000157d75a0000

Marking Bits: (ParMarkBitMap*) 0x00007ffe6f423450
 Begin Bits: [0x00000157ea4b0000, 0x00000157ec4b0000)
 End Bits:   [0x00000157ec4b0000, 0x00000157ee4b0000)

Polling page: 0x00000157d5e40000

Metaspace:

Usage:
  Non-class:     14.31 MB used.
      Class:      1.66 MB used.
       Both:     15.97 MB used.

Virtual space:
  Non-class space:       64.00 MB reserved,      14.62 MB ( 23%) committed,  1 nodes.
      Class space:        1.00 GB reserved,       1.94 MB ( <1%) committed,  1 nodes.
             Both:        1.06 GB reserved,      16.56 MB (  2%) committed. 

Chunk freelists:
   Non-Class:  524.00 KB
       Class:  13.90 MB
        Both:  14.41 MB

MaxMetaspaceSize: unlimited
CompressedClassSpaceSize: 1.00 GB
Initial GC threshold: 21.00 MB
Current GC threshold: 21.00 MB
CDS: on
 - commit_granule_bytes: 65536.
 - commit_granule_words: 8192.
 - virtual_space_node_default_size: 8388608.
 - enlarge_chunks_in_place: 1.
 - use_allocation_guard: 0.


Internal statistics:

num_allocs_failed_limit: 0.
num_arena_births: 448.
num_arena_deaths: 0.
num_vsnodes_births: 2.
num_vsnodes_deaths: 0.
num_space_committed: 265.
num_space_uncommitted: 0.
num_chunks_returned_to_freelist: 0.
num_chunks_taken_from_freelist: 1023.
num_chunk_merges: 0.
num_chunk_splits: 655.
num_chunks_enlarged: 418.
num_inconsistent_stats: 0.

CodeHeap 'non-profiled nmethods': size=120000Kb used=1284Kb max_used=1284Kb free=118715Kb
 bounds [0x00000157e2cd0000, 0x00000157e2f40000, 0x00000157ea200000]
CodeHeap 'profiled nmethods': size=120000Kb used=6223Kb max_used=6223Kb free=113776Kb
 bounds [0x00000157db200000, 0x00000157db820000, 0x00000157e2730000]
CodeHeap 'non-nmethods': size=5760Kb used=1270Kb max_used=1286Kb free=4489Kb
 bounds [0x00000157e2730000, 0x00000157e29a0000, 0x00000157e2cd0000]
CodeCache: size=245760Kb, used=8777Kb, max_used=8793Kb, free=236980Kb
 total_blobs=3628, nmethods=3082, adapters=452, full_count=0
Compilation: enabled, stopped_count=0, restarted_count=0

Compilation events (20 events):
Event: 3.322 Thread 0x00000157d7f82860 nmethod 3074 0x00000157db80ec10 code [0x00000157db80ee60, 0x00000157db80f618]
Event: 3.322 Thread 0x00000157d7f82860 3075   !   3       sun.nio.fs.WindowsPath::createFromNormalizedPath (65 bytes)
Event: 3.322 Thread 0x00000157d7f82860 nmethod 3075 0x00000157db80fa90 code [0x00000157db80fcc0, 0x00000157db810330]
Event: 3.322 Thread 0x00000157d7f82860 3076       3       sun.nio.fs.WindowsPathParser::parseNormalizedPath (6 bytes)
Event: 3.322 Thread 0x00000157d7f82860 nmethod 3076 0x00000157db810690 code [0x00000157db810840, 0x00000157db810960]
Event: 3.322 Thread 0x00000157d7f82860 3073       3       sun.nio.fs.WindowsFileAttributes::fromFindData (127 bytes)
Event: 3.322 Thread 0x00000157d7f82860 nmethod 3073 0x00000157db810a10 code [0x00000157db810c20, 0x00000157db811240]
Event: 3.325 Thread 0x00000157d7f81580 3077 %     4       sun.security.provider.SHA::implCompress0 @ 27 (478 bytes)
Event: 3.333 Thread 0x00000157d7f82860 3078       3       sun.nio.fs.WindowsDirectoryStream$WindowsDirectoryIterator::next (5 bytes)
Event: 3.333 Thread 0x00000157d7f82860 nmethod 3078 0x00000157db811510 code [0x00000157db8116c0, 0x00000157db811800]
Event: 3.333 Thread 0x00000157d7f82860 3080       3       sun.nio.fs.WindowsPath$WindowsPathWithAttributes::<init> (23 bytes)
Event: 3.333 Thread 0x00000157d7f82860 nmethod 3080 0x00000157db811890 code [0x00000157db811a60, 0x00000157db811ed8]
Event: 3.333 Thread 0x00000157d7f82860 3079  s    3       sun.nio.fs.WindowsDirectoryStream$WindowsDirectoryIterator::next (48 bytes)
Event: 3.333 Thread 0x00000157d7f82860 nmethod 3079 0x00000157db812110 code [0x00000157db8122e0, 0x00000157db812690]
Event: 3.337 Thread 0x00000157d7f81580 nmethod 3077% 0x00000157e2e10510 code [0x00000157e2e106c0, 0x00000157e2e10fd8]
Event: 3.343 Thread 0x00000157d7f81580 3081       4       sun.security.provider.SHA::implCompress0 (478 bytes)
Event: 3.350 Thread 0x00000157d7f82860 3082       3       java.util.concurrent.Semaphore$NonfairSync::tryAcquireShared (6 bytes)
Event: 3.350 Thread 0x00000157d7f82860 nmethod 3082 0x00000157db812790 code [0x00000157db812940, 0x00000157db812a78]
Event: 3.350 Thread 0x00000157d7f82860 3083       3       java.util.concurrent.Semaphore$Sync::nonfairTryAcquireShared (27 bytes)
Event: 3.350 Thread 0x00000157d7f82860 nmethod 3083 0x00000157db812b10 code [0x00000157db812cc0, 0x00000157db812f10]

GC Heap History (10 events):
Event: 0.610 GC heap before
{Heap before GC invocations=1 (full 0):
 PSYoungGen      total 29696K, used 25600K [0x00000000d5580000, 0x00000000d7680000, 0x0000000100000000)
  eden space 25600K, 100% used [0x00000000d5580000,0x00000000d6e80000,0x00000000d6e80000)
  from space 4096K, 0% used [0x00000000d7280000,0x00000000d7280000,0x00000000d7680000)
  to   space 4096K, 0% used [0x00000000d6e80000,0x00000000d6e80000,0x00000000d7280000)
 ParOldGen       total 68608K, used 0K [0x0000000080000000, 0x0000000084300000, 0x00000000d5580000)
  object space 68608K, 0% used [0x0000000080000000,0x0000000080000000,0x0000000084300000)
 Metaspace       used 4332K, committed 4608K, reserved 1114112K
  class space    used 473K, committed 576K, reserved 1048576K
}
Event: 0.619 GC heap after
{Heap after GC invocations=1 (full 0):
 PSYoungGen      total 29696K, used 3303K [0x00000000d5580000, 0x00000000d7680000, 0x0000000100000000)
  eden space 25600K, 0% used [0x00000000d5580000,0x00000000d5580000,0x00000000d6e80000)
  from space 4096K, 80% used [0x00000000d6e80000,0x00000000d71b9e98,0x00000000d7280000)
  to   space 4096K, 0% used [0x00000000d7280000,0x00000000d7280000,0x00000000d7680000)
 ParOldGen       total 68608K, used 16K [0x0000000080000000, 0x0000000084300000, 0x00000000d5580000)
  object space 68608K, 0% used [0x0000000080000000,0x0000000080004000,0x0000000084300000)
 Metaspace       used 4332K, committed 4608K, reserved 1114112K
  class space    used 473K, committed 576K, reserved 1048576K
}
Event: 1.388 GC heap before
{Heap before GC invocations=2 (full 0):
 PSYoungGen      total 29696K, used 28903K [0x00000000d5580000, 0x00000000d7680000, 0x0000000100000000)
  eden space 25600K, 100% used [0x00000000d5580000,0x00000000d6e80000,0x00000000d6e80000)
  from space 4096K, 80% used [0x00000000d6e80000,0x00000000d71b9e98,0x00000000d7280000)
  to   space 4096K, 0% used [0x00000000d7280000,0x00000000d7280000,0x00000000d7680000)
 ParOldGen       total 68608K, used 16K [0x0000000080000000, 0x0000000084300000, 0x00000000d5580000)
  object space 68608K, 0% used [0x0000000080000000,0x0000000080004000,0x0000000084300000)
 Metaspace       used 7970K, committed 8256K, reserved 1114112K
  class space    used 830K, committed 960K, reserved 1048576K
}
Event: 1.395 GC heap after
{Heap after GC invocations=2 (full 0):
 PSYoungGen      total 29696K, used 4070K [0x00000000d5580000, 0x00000000d7680000, 0x0000000100000000)
  eden space 25600K, 0% used [0x00000000d5580000,0x00000000d5580000,0x00000000d6e80000)
  from space 4096K, 99% used [0x00000000d7280000,0x00000000d7679800,0x00000000d7680000)
  to   space 4096K, 0% used [0x00000000d6e80000,0x00000000d6e80000,0x00000000d7280000)
 ParOldGen       total 68608K, used 2037K [0x0000000080000000, 0x0000000084300000, 0x00000000d5580000)
  object space 68608K, 2% used [0x0000000080000000,0x00000000801fd648,0x0000000084300000)
 Metaspace       used 7970K, committed 8256K, reserved 1114112K
  class space    used 830K, committed 960K, reserved 1048576K
}
Event: 1.900 GC heap before
{Heap before GC invocations=3 (full 0):
 PSYoungGen      total 29696K, used 29670K [0x00000000d5580000, 0x00000000d7680000, 0x0000000100000000)
  eden space 25600K, 100% used [0x00000000d5580000,0x00000000d6e80000,0x00000000d6e80000)
  from space 4096K, 99% used [0x00000000d7280000,0x00000000d7679800,0x00000000d7680000)
  to   space 4096K, 0% used [0x00000000d6e80000,0x00000000d6e80000,0x00000000d7280000)
 ParOldGen       total 68608K, used 2037K [0x0000000080000000, 0x0000000084300000, 0x00000000d5580000)
  object space 68608K, 2% used [0x0000000080000000,0x00000000801fd648,0x0000000084300000)
 Metaspace       used 9444K, committed 9792K, reserved 1114112K
  class space    used 1009K, committed 1152K, reserved 1048576K
}
Event: 1.907 GC heap after
{Heap after GC invocations=3 (full 0):
 PSYoungGen      total 29696K, used 4082K [0x00000000d5580000, 0x00000000d7680000, 0x0000000100000000)
  eden space 25600K, 0% used [0x00000000d5580000,0x00000000d5580000,0x00000000d6e80000)
  from space 4096K, 99% used [0x00000000d6e80000,0x00000000d727cad8,0x00000000d7280000)
  to   space 4096K, 0% used [0x00000000d7280000,0x00000000d7280000,0x00000000d7680000)
 ParOldGen       total 68608K, used 4806K [0x0000000080000000, 0x0000000084300000, 0x00000000d5580000)
  object space 68608K, 7% used [0x0000000080000000,0x00000000804b1bc8,0x0000000084300000)
 Metaspace       used 9444K, committed 9792K, reserved 1114112K
  class space    used 1009K, committed 1152K, reserved 1048576K
}
Event: 2.510 GC heap before
{Heap before GC invocations=4 (full 0):
 PSYoungGen      total 29696K, used 29682K [0x00000000d5580000, 0x00000000d7680000, 0x0000000100000000)
  eden space 25600K, 100% used [0x00000000d5580000,0x00000000d6e80000,0x00000000d6e80000)
  from space 4096K, 99% used [0x00000000d6e80000,0x00000000d727cad8,0x00000000d7280000)
  to   space 4096K, 0% used [0x00000000d7280000,0x00000000d7280000,0x00000000d7680000)
 ParOldGen       total 68608K, used 4806K [0x0000000080000000, 0x0000000084300000, 0x00000000d5580000)
  object space 68608K, 7% used [0x0000000080000000,0x00000000804b1bc8,0x0000000084300000)
 Metaspace       used 11672K, committed 12096K, reserved 1114112K
  class space    used 1238K, committed 1408K, reserved 1048576K
}
Event: 2.515 GC heap after
{Heap after GC invocations=4 (full 0):
 PSYoungGen      total 29696K, used 4091K [0x00000000d5580000, 0x00000000d7680000, 0x0000000100000000)
  eden space 25600K, 0% used [0x00000000d5580000,0x00000000d5580000,0x00000000d6e80000)
  from space 4096K, 99% used [0x00000000d7280000,0x00000000d767ed80,0x00000000d7680000)
  to   space 4096K, 0% used [0x00000000d6e80000,0x00000000d6e80000,0x00000000d7280000)
 ParOldGen       total 68608K, used 6759K [0x0000000080000000, 0x0000000084300000, 0x00000000d5580000)
  object space 68608K, 9% used [0x0000000080000000,0x0000000080699e00,0x0000000084300000)
 Metaspace       used 11672K, committed 12096K, reserved 1114112K
  class space    used 1238K, committed 1408K, reserved 1048576K
}
Event: 3.140 GC heap before
{Heap before GC invocations=5 (full 0):
 PSYoungGen      total 29696K, used 29691K [0x00000000d5580000, 0x00000000d7680000, 0x0000000100000000)
  eden space 25600K, 100% used [0x00000000d5580000,0x00000000d6e80000,0x00000000d6e80000)
  from space 4096K, 99% used [0x00000000d7280000,0x00000000d767ed80,0x00000000d7680000)
  to   space 4096K, 0% used [0x00000000d6e80000,0x00000000d6e80000,0x00000000d7280000)
 ParOldGen       total 68608K, used 6759K [0x0000000080000000, 0x0000000084300000, 0x00000000d5580000)
  object space 68608K, 9% used [0x0000000080000000,0x0000000080699e00,0x0000000084300000)
 Metaspace       used 15654K, committed 16256K, reserved 1114112K
  class space    used 1628K, committed 1920K, reserved 1048576K
}
Event: 3.144 GC heap after
{Heap after GC invocations=5 (full 0):
 PSYoungGen      total 29184K, used 4075K [0x00000000d5580000, 0x00000000d7900000, 0x0000000100000000)
  eden space 25088K, 0% used [0x00000000d5580000,0x00000000d5580000,0x00000000d6e00000)
  from space 4096K, 99% used [0x00000000d6e80000,0x00000000d727ae00,0x00000000d7280000)
  to   space 5632K, 0% used [0x00000000d7380000,0x00000000d7380000,0x00000000d7900000)
 ParOldGen       total 68608K, used 7881K [0x0000000080000000, 0x0000000084300000, 0x00000000d5580000)
  object space 68608K, 11% used [0x0000000080000000,0x00000000807b2790,0x0000000084300000)
 Metaspace       used 15654K, committed 16256K, reserved 1114112K
  class space    used 1628K, committed 1920K, reserved 1048576K
}

Dll operation events (9 events):
Event: 0.018 Loaded shared library c:\Users\HP\.antigravity\extensions\redhat.java-1.53.0-win32-x64\jre\21.0.10-win32-x86_64\bin\java.dll
Event: 0.081 Loaded shared library c:\Users\HP\.antigravity\extensions\redhat.java-1.53.0-win32-x64\jre\21.0.10-win32-x86_64\bin\zip.dll
Event: 0.098 Loaded shared library C:\Users\HP\.antigravity\extensions\redhat.java-1.53.0-win32-x64\jre\21.0.10-win32-x86_64\bin\instrument.dll
Event: 0.104 Loaded shared library C:\Users\HP\.antigravity\extensions\redhat.java-1.53.0-win32-x64\jre\21.0.10-win32-x86_64\bin\net.dll
Event: 0.110 Loaded shared library C:\Users\HP\.antigravity\extensions\redhat.java-1.53.0-win32-x64\jre\21.0.10-win32-x86_64\bin\nio.dll
Event: 0.112 Loaded shared library C:\Users\HP\.antigravity\extensions\redhat.java-1.53.0-win32-x64\jre\21.0.10-win32-x86_64\bin\zip.dll
Event: 0.134 Loaded shared library C:\Users\HP\.antigravity\extensions\redhat.java-1.53.0-win32-x64\jre\21.0.10-win32-x86_64\bin\jimage.dll
Event: 0.191 Loaded shared library c:\Users\HP\.antigravity\extensions\redhat.java-1.53.0-win32-x64\jre\21.0.10-win32-x86_64\bin\verify.dll
Event: 1.438 Loaded shared library C:\Users\HP\AppData\Roaming\Antigravity\User\globalStorage\redhat.java\1.53.0\config_win\org.eclipse.equinox.launcher\org.eclipse.equinox.launcher.win32.win32.x86_64_1.3.0.v20260203-2149\eclipse_11919.dll

Deoptimization events (20 events):
Event: 3.115 Thread 0x00000157f0beadf0 DEOPT PACKING pc=0x00000157e2de8d54 sp=0x00000043907f98b0
Event: 3.115 Thread 0x00000157f0beadf0 DEOPT UNPACKING pc=0x00000157e2783aa2 sp=0x00000043907f9790 mode 2
Event: 3.122 Thread 0x00000157f0beadf0 Uncommon trap: trap_request=0xffffff45 fr.pc=0x00000157e2de60a8 relative=0x0000000000000168
Event: 3.122 Thread 0x00000157f0beadf0 Uncommon trap: reason=unstable_if action=reinterpret pc=0x00000157e2de60a8 method=java.io.DataInputStream.readFully([BII)V @ 37 c2
Event: 3.122 Thread 0x00000157f0beadf0 DEOPT PACKING pc=0x00000157e2de60a8 sp=0x00000043907f9860
Event: 3.122 Thread 0x00000157f0beadf0 DEOPT UNPACKING pc=0x00000157e2783aa2 sp=0x00000043907f97f0 mode 2
Event: 3.176 Thread 0x00000157f0beadf0 Uncommon trap: trap_request=0xffffff45 fr.pc=0x00000157e2d4d174 relative=0x00000000000005b4
Event: 3.176 Thread 0x00000157f0beadf0 Uncommon trap: reason=unstable_if action=reinterpret pc=0x00000157e2d4d174 method=java.io.BufferedInputStream.implRead([BII)I @ 55 c2
Event: 3.176 Thread 0x00000157f0beadf0 DEOPT PACKING pc=0x00000157e2d4d174 sp=0x00000043907f9250
Event: 3.176 Thread 0x00000157f0beadf0 DEOPT UNPACKING pc=0x00000157e2783aa2 sp=0x00000043907f9228 mode 2
Event: 3.195 Thread 0x00000157f0beadf0 Uncommon trap: trap_request=0xffffff45 fr.pc=0x00000157e2d7e814 relative=0x0000000000000234
Event: 3.195 Thread 0x00000157f0beadf0 Uncommon trap: reason=unstable_if action=reinterpret pc=0x00000157e2d7e814 method=java.io.WinNTFileSystem.normalize(Ljava/lang/String;)Ljava/lang/String; @ 128 c2
Event: 3.195 Thread 0x00000157f0beadf0 DEOPT PACKING pc=0x00000157e2d7e814 sp=0x00000043907f79e0
Event: 3.195 Thread 0x00000157f0beadf0 DEOPT UNPACKING pc=0x00000157e2783aa2 sp=0x00000043907f7958 mode 2
Event: 3.207 Thread 0x00000157f0beadf0 Uncommon trap: trap_request=0xffffff45 fr.pc=0x00000157e2d06890 relative=0x0000000000000670
Event: 3.207 Thread 0x00000157f0beadf0 Uncommon trap: reason=unstable_if action=reinterpret pc=0x00000157e2d06890 method=java.lang.String.replace(Ljava/lang/CharSequence;Ljava/lang/CharSequence;)Ljava/lang/String; @ 42 c2
Event: 3.207 Thread 0x00000157f0beadf0 DEOPT PACKING pc=0x00000157e2d06890 sp=0x00000043907f7ad0
Event: 3.207 Thread 0x00000157f0beadf0 DEOPT UNPACKING pc=0x00000157e2783aa2 sp=0x00000043907f7a50 mode 2
Event: 3.343 Thread 0x00000157f0beadf0 DEOPT PACKING pc=0x00000157db8066b9 sp=0x00000043907f6500
Event: 3.343 Thread 0x00000157f0beadf0 DEOPT UNPACKING pc=0x00000157e2784242 sp=0x00000043907f5998 mode 0

Classes loaded (20 events):
Event: 3.229 Loading class sun/security/provider/SHA
Event: 3.229 Loading class sun/security/provider/SHA done
Event: 3.229 Loading class sun/security/provider/SeedGenerator$1
Event: 3.230 Loading class sun/security/provider/SeedGenerator$1 done
Event: 3.242 Loading class java/net/NetworkInterface$1
Event: 3.242 Loading class java/net/NetworkInterface$1 done
Event: 3.243 Loading class java/nio/file/Files$AcceptAllFilter
Event: 3.243 Loading class java/nio/file/DirectoryStream$Filter
Event: 3.243 Loading class java/nio/file/DirectoryStream$Filter done
Event: 3.243 Loading class java/nio/file/Files$AcceptAllFilter done
Event: 3.243 Loading class sun/nio/fs/WindowsDirectoryStream
Event: 3.243 Loading class java/nio/file/DirectoryStream
Event: 3.244 Loading class java/nio/file/DirectoryStream done
Event: 3.244 Loading class sun/nio/fs/WindowsDirectoryStream done
Event: 3.248 Loading class sun/nio/fs/WindowsDirectoryStream$WindowsDirectoryIterator
Event: 3.248 Loading class sun/nio/fs/WindowsDirectoryStream$WindowsDirectoryIterator done
Event: 3.250 Loading class sun/nio/fs/WindowsPath$WindowsPathWithAttributes
Event: 3.251 Loading class sun/nio/fs/BasicFileAttributesHolder
Event: 3.251 Loading class sun/nio/fs/BasicFileAttributesHolder done
Event: 3.251 Loading class sun/nio/fs/WindowsPath$WindowsPathWithAttributes done

Classes unloaded (0 events):
No events

Classes redefined (0 events):
No events

Internal exceptions (20 events):
Event: 1.469 Thread 0x00000157f0a4f3d0 Exception <a 'java/lang/NoSuchMethodError'{0x00000000d58e9558}: 'void java.lang.invoke.DirectMethodHandle$Holder.invokeInterface(java.lang.Object, java.lang.Object, java.lang.Object)'> (0x00000000d58e9558) 
thrown [s\src\hotspot\share\interpreter\linkResolver.cpp, line 773]
Event: 1.544 Thread 0x00000157f0beadf0 Exception <a 'java/lang/NoSuchMethodError'{0x00000000d5cce5d8}: 'java.lang.Object java.lang.invoke.DirectMethodHandle$Holder.newInvokeSpecial(java.lang.Object, java.lang.Object, int, java.lang.Object)'> (0x00000000d5cce5d8) 
thrown [s\src\hotspot\share\interpreter\linkResolver.cpp, line 773]
Event: 1.545 Thread 0x00000157f0beadf0 Exception <a 'java/lang/NoSuchMethodError'{0x00000000d5cd2408}: 'java.lang.Object java.lang.invoke.DirectMethodHandle$Holder.invokeSpecial(java.lang.Object, java.lang.Object, java.lang.Object, int, java.lang.Object)'> (0x00000000d5cd2408) 
thrown [s\src\hotspot\share\interpreter\linkResolver.cpp, line 773]
Event: 1.561 Thread 0x00000157f0beadf0 Exception <a 'java/lang/NoClassDefFoundError'{0x00000000d5d78f78}: jakarta/servlet/ServletContainerInitializer> (0x00000000d5d78f78) 
thrown [s\src\hotspot\share\classfile\systemDictionary.cpp, line 301]
Event: 1.615 Thread 0x00000157f0beadf0 Exception <a 'java/lang/ClassNotFoundException'{0x00000000d5ecf538}: sun/util/logging/resources/spi/loggingProvider> (0x00000000d5ecf538) 
thrown [s\src\hotspot\share\classfile\systemDictionary.cpp, line 312]
Event: 2.413 Thread 0x00000157f0beadf0 Exception <a 'java/lang/NullPointerException'{0x00000000d66eb678}> (0x00000000d66eb678) 
thrown [s\src\hotspot\share\interpreter\linkResolver.cpp, line 1372]
Event: 2.413 Thread 0x00000157f0beadf0 Exception <a 'java/lang/NullPointerException'{0x00000000d66eb958}> (0x00000000d66eb958) 
thrown [s\src\hotspot\share\interpreter\linkResolver.cpp, line 1372]
Event: 2.566 Thread 0x00000157f0beadf0 Exception <a 'java/lang/NoSuchMethodError'{0x00000000d57cf4e0}: 'long java.lang.invoke.DirectMethodHandle$Holder.invokeSpecial(java.lang.Object, java.lang.Object)'> (0x00000000d57cf4e0) 
thrown [s\src\hotspot\share\interpreter\linkResolver.cpp, line 773]
Event: 2.613 Thread 0x00000157f0beadf0 Exception <a 'java/io/FileNotFoundException'{0x00000000d5a10038}> (0x00000000d5a10038) 
thrown [s\src\hotspot\share\prims\jni.cpp, line 520]
Event: 2.776 Thread 0x00000157f0beadf0 Exception <a 'java/lang/NoSuchMethodError'{0x00000000d5f0ad40}: 'java.lang.Object java.lang.invoke.Invokers$Holder.linkToTargetMethod(java.lang.Object, long, java.lang.Object)'> (0x00000000d5f0ad40) 
thrown [s\src\hotspot\share\interpreter\linkResolver.cpp, line 773]
Event: 2.864 Thread 0x00000157f0beadf0 Exception <a 'java/lang/NoSuchMethodError'{0x00000000d644bd30}: 'void java.lang.invoke.Invokers$Holder.invokeExact_MT(java.lang.Object, java.lang.Object, java.lang.Object)'> (0x00000000d644bd30) 
thrown [s\src\hotspot\share\interpreter\linkResolver.cpp, line 773]
Event: 2.949 Thread 0x00000157f0beadf0 Exception <a 'java/lang/NoSuchMethodError'{0x00000000d674bfa0}: 'java.lang.Object java.lang.invoke.DirectMethodHandle$Holder.invokeVirtual(java.lang.Object, java.lang.Object, java.lang.Object)'> (0x00000000d674bfa0) 
thrown [s\src\hotspot\share\interpreter\linkResolver.cpp, line 773]
Event: 2.952 Thread 0x00000157f0beadf0 Exception <a 'java/lang/NoSuchMethodError'{0x00000000d6763a38}: 'java.lang.Object java.lang.invoke.DelegatingMethodHandle$Holder.reinvoke_L(java.lang.Object, java.lang.Object, java.lang.Object, java.lang.Object, int, int)'> (0x00000000d6763a38) 
thrown [s\src\hotspot\share\interpreter\linkResolver.cpp, line 773]
Event: 2.955 Thread 0x00000157f0beadf0 Exception <a 'java/lang/NoSuchMethodError'{0x00000000d677fe60}: 'java.lang.Object java.lang.invoke.DirectMethodHandle$Holder.newInvokeSpecial(java.lang.Object, java.lang.Object, java.lang.Object, java.lang.Object, java.lang.Object, java.lang.Object)'> (0x00000000d677fe60) 
thrown [s\src\hotspot\share\interpreter\linkResolver.cpp, line 773]
Event: 2.959 Thread 0x00000157f0beadf0 Exception <a 'java/lang/NoSuchMethodError'{0x00000000d67ab9c0}: 'void java.lang.invoke.Invokers$Holder.invokeExact_MT(java.lang.Object, java.lang.Object, java.lang.Object, java.lang.Object)'> (0x00000000d67ab9c0) 
thrown [s\src\hotspot\share\interpreter\linkResolver.cpp, line 773]
Event: 3.039 Thread 0x00000157f0beadf0 Exception <a 'java/io/FileNotFoundException'{0x00000000d6a78ec8}> (0x00000000d6a78ec8) 
thrown [s\src\hotspot\share\prims\jni.cpp, line 520]
Event: 3.041 Thread 0x00000157f0beadf0 Exception <a 'java/io/FileNotFoundException'{0x00000000d6a806d0}> (0x00000000d6a806d0) 
thrown [s\src\hotspot\share\prims\jni.cpp, line 520]
Event: 3.105 Thread 0x00000157f0beadf0 Exception <a 'java/lang/NoSuchMethodError'{0x00000000d6d63a48}: 'java.lang.Object java.lang.invoke.DirectMethodHandle$Holder.newInvokeSpecial(java.lang.Object, java.lang.Object, java.lang.Object, java.lang.Object, java.lang.Object)'> (0x00000000d6d63a48) 
thrown [s\src\hotspot\share\interpreter\linkResolver.cpp, line 773]
Event: 3.155 Thread 0x00000157f0beadf0 Exception <a 'java/lang/NoSuchMethodError'{0x00000000d55f8ef0}: 'java.lang.Object java.lang.invoke.DirectMethodHandle$Holder.invokeStaticInit(java.lang.Object, int)'> (0x00000000d55f8ef0) 
thrown [s\src\hotspot\share\interpreter\linkResolver.cpp, line 773]
Event: 3.213 Thread 0x00000157f0beadf0 Exception <a 'java/lang/NoSuchMethodError'{0x00000000d58b7f28}: 'java.lang.Object java.lang.invoke.DirectMethodHandle$Holder.invokeStaticInit(java.lang.Object, int, int, int, int)'> (0x00000000d58b7f28) 
thrown [s\src\hotspot\share\interpreter\linkResolver.cpp, line 773]

ZGC Phase Switch (0 events):
No events

VM Operations (20 events):
Event: 1.634 Executing non-safepoint VM operation: HandshakeAllThreads (Deoptimize)
Event: 1.634 Executing non-safepoint VM operation: HandshakeAllThreads (Deoptimize) done
Event: 1.652 Executing non-safepoint VM operation: HandshakeAllThreads (Deoptimize)
Event: 1.652 Executing non-safepoint VM operation: HandshakeAllThreads (Deoptimize) done
Event: 1.659 Executing non-safepoint VM operation: HandshakeAllThreads (Deoptimize)
Event: 1.659 Executing non-safepoint VM operation: HandshakeAllThreads (Deoptimize) done
Event: 1.900 Executing safepoint VM operation: ParallelGCFailedAllocation (Allocation Failure)
Event: 1.907 Executing safepoint VM operation: ParallelGCFailedAllocation (Allocation Failure) done
Event: 1.994 Executing non-safepoint VM operation: HandshakeAllThreads (Deoptimize)
Event: 1.994 Executing non-safepoint VM operation: HandshakeAllThreads (Deoptimize) done
Event: 2.488 Executing non-safepoint VM operation: HandshakeAllThreads (Deoptimize)
Event: 2.488 Executing non-safepoint VM operation: HandshakeAllThreads (Deoptimize) done
Event: 2.510 Executing safepoint VM operation: ParallelGCFailedAllocation (Allocation Failure)
Event: 2.515 Executing safepoint VM operation: ParallelGCFailedAllocation (Allocation Failure) done
Event: 3.058 Executing non-safepoint VM operation: HandshakeAllThreads (Deoptimize)
Event: 3.058 Executing non-safepoint VM operation: HandshakeAllThreads (Deoptimize) done
Event: 3.139 Executing safepoint VM operation: ParallelGCFailedAllocation (Allocation Failure)
Event: 3.144 Executing safepoint VM operation: ParallelGCFailedAllocation (Allocation Failure) done
Event: 3.252 Executing non-safepoint VM operation: HandshakeAllThreads (Deoptimize)
Event: 3.252 Executing non-safepoint VM operation: HandshakeAllThreads (Deoptimize) done

Memory protections (0 events):
No events

Nmethod flushes (0 events):
No events

Events (18 events):
Event: 0.034 Thread 0x00000157d7ffd4f0 Thread added: 0x00000157d7ffd4f0
Event: 0.049 Thread 0x00000157d7ffd4f0 Thread added: 0x00000157d7f6e580
Event: 0.049 Thread 0x00000157d7ffd4f0 Thread added: 0x00000157d7f6fd90
Event: 0.049 Thread 0x00000157d7ffd4f0 Thread added: 0x00000157d7f732b0
Event: 0.049 Thread 0x00000157d7ffd4f0 Thread added: 0x00000157d7f74580
Event: 0.049 Thread 0x00000157d7ffd4f0 Thread added: 0x00000157d7f793f0
Event: 0.049 Thread 0x00000157d7ffd4f0 Thread added: 0x00000157d7f7f810
Event: 0.049 Thread 0x00000157d7ffd4f0 Thread added: 0x00000157d7f81580
Event: 0.049 Thread 0x00000157d7ffd4f0 Thread added: 0x00000157d7f82860
Event: 0.099 Thread 0x00000157d7ffd4f0 Thread added: 0x00000157f0476350
Event: 0.255 Thread 0x00000157d7ffd4f0 Thread added: 0x00000157f0592d40
Event: 1.230 Thread 0x00000157d7ffd4f0 Thread added: 0x00000157f0953c70
Event: 1.425 Thread 0x00000157d7ffd4f0 Thread added: 0x00000157f0a4f3d0
Event: 1.473 Thread 0x00000157f0a4f3d0 Thread added: 0x00000157f0be9770
Event: 1.476 Thread 0x00000157d7ffd4f0 Thread added: 0x00000157f0beadf0
Event: 1.982 Thread 0x00000157f0beadf0 Thread added: 0x00000157f540c010
Event: 2.476 Thread 0x00000157f0beadf0 Thread added: 0x00000157f521b0c0
Event: 2.836 Thread 0x00000157f0beadf0 Thread added: 0x00000157f530cc40


Dynamic libraries:
0x00007ff6ffc30000 - 0x00007ff6ffc3e000 	c:\Users\HP\.antigravity\extensions\redhat.java-1.53.0-win32-x64\jre\21.0.10-win32-x86_64\bin\java.exe
0x00007fff032f0000 - 0x00007fff03508000 	C:\WINDOWS\SYSTEM32\ntdll.dll
0x00007fff02260000 - 0x00007fff02324000 	C:\WINDOWS\System32\KERNEL32.DLL
0x00007fff00430000 - 0x00007fff00803000 	C:\WINDOWS\System32\KERNELBASE.dll
0x00007fff00db0000 - 0x00007fff00ec1000 	C:\WINDOWS\System32\ucrtbase.dll
0x00007ffee4ba0000 - 0x00007ffee4bbe000 	c:\Users\HP\.antigravity\extensions\redhat.java-1.53.0-win32-x64\jre\21.0.10-win32-x86_64\bin\VCRUNTIME140.dll
0x00007ffef75b0000 - 0x00007ffef75c8000 	c:\Users\HP\.antigravity\extensions\redhat.java-1.53.0-win32-x64\jre\21.0.10-win32-x86_64\bin\jli.dll
0x00007fff02400000 - 0x00007fff025b2000 	C:\WINDOWS\System32\USER32.dll
0x00007ffedffc0000 - 0x00007ffee025c000 	C:\WINDOWS\WinSxS\amd64_microsoft.windows.common-controls_6595b64144ccf1df_6.0.22621.6060_none_2712eda17382d24b\COMCTL32.dll
0x00007fff00c10000 - 0x00007fff00c36000 	C:\WINDOWS\System32\win32u.dll
0x00007fff03090000 - 0x00007fff03137000 	C:\WINDOWS\System32\msvcrt.dll
0x00007fff02ea0000 - 0x00007fff02ec9000 	C:\WINDOWS\System32\GDI32.dll
0x00007fff00af0000 - 0x00007fff00c0b000 	C:\WINDOWS\System32\gdi32full.dll
0x00007fff00890000 - 0x00007fff0092a000 	C:\WINDOWS\System32\msvcp_win.dll
0x00007fff01b00000 - 0x00007fff01b31000 	C:\WINDOWS\System32\IMM32.DLL
0x00007ffef7720000 - 0x00007ffef772c000 	c:\Users\HP\.antigravity\extensions\redhat.java-1.53.0-win32-x64\jre\21.0.10-win32-x86_64\bin\vcruntime140_1.dll
0x00007ffee1540000 - 0x00007ffee15cd000 	c:\Users\HP\.antigravity\extensions\redhat.java-1.53.0-win32-x64\jre\21.0.10-win32-x86_64\bin\msvcp140.dll
0x00007ffe6e760000 - 0x00007ffe6f501000 	c:\Users\HP\.antigravity\extensions\redhat.java-1.53.0-win32-x64\jre\21.0.10-win32-x86_64\bin\server\jvm.dll
0x00007fff03140000 - 0x00007fff031f1000 	C:\WINDOWS\System32\ADVAPI32.dll
0x00007fff02ed0000 - 0x00007fff02f78000 	C:\WINDOWS\System32\sechost.dll
0x00007fff00400000 - 0x00007fff00428000 	C:\WINDOWS\System32\bcrypt.dll
0x00007fff019e0000 - 0x00007fff01af8000 	C:\WINDOWS\System32\RPCRT4.dll
0x00007fff025c0000 - 0x00007fff02631000 	C:\WINDOWS\System32\WS2_32.dll
0x00007fff002d0000 - 0x00007fff0031d000 	C:\WINDOWS\SYSTEM32\POWRPROF.dll
0x00007ffef6960000 - 0x00007ffef6994000 	C:\WINDOWS\SYSTEM32\WINMM.dll
0x00007ffef29f0000 - 0x00007ffef29fa000 	C:\WINDOWS\SYSTEM32\VERSION.dll
0x00007fff002b0000 - 0x00007fff002c3000 	C:\WINDOWS\SYSTEM32\UMPDC.dll
0x00007ffeff3a0000 - 0x00007ffeff3b8000 	C:\WINDOWS\SYSTEM32\kernel.appcore.dll
0x00007ffef7620000 - 0x00007ffef762a000 	c:\Users\HP\.antigravity\extensions\redhat.java-1.53.0-win32-x64\jre\21.0.10-win32-x86_64\bin\jimage.dll
0x00007ffefddb0000 - 0x00007ffefdfe3000 	C:\WINDOWS\SYSTEM32\DBGHELP.DLL
0x00007fff02710000 - 0x00007fff02aa1000 	C:\WINDOWS\System32\combase.dll
0x00007fff02180000 - 0x00007fff02258000 	C:\WINDOWS\System32\OLEAUT32.dll
0x00007ffedf2a0000 - 0x00007ffedf2d2000 	C:\WINDOWS\SYSTEM32\dbgcore.DLL
0x00007fff00810000 - 0x00007fff0088b000 	C:\WINDOWS\System32\bcryptPrimitives.dll
0x00007ffef75a0000 - 0x00007ffef75af000 	c:\Users\HP\.antigravity\extensions\redhat.java-1.53.0-win32-x64\jre\21.0.10-win32-x86_64\bin\instrument.dll
0x00007ffee4a10000 - 0x00007ffee4a30000 	c:\Users\HP\.antigravity\extensions\redhat.java-1.53.0-win32-x64\jre\21.0.10-win32-x86_64\bin\java.dll
0x00007fff00f90000 - 0x00007fff0182c000 	C:\WINDOWS\System32\SHELL32.dll
0x00007fff00930000 - 0x00007fff00a6f000 	C:\WINDOWS\System32\wintypes.dll
0x00007ffefe2b0000 - 0x00007ffefebca000 	C:\WINDOWS\SYSTEM32\windows.storage.dll
0x00007fff02f80000 - 0x00007fff03084000 	C:\WINDOWS\System32\SHCORE.dll
0x00007fff02640000 - 0x00007fff026a9000 	C:\WINDOWS\System32\shlwapi.dll
0x00007fff00330000 - 0x00007fff00355000 	C:\WINDOWS\SYSTEM32\profapi.dll
0x00007ffee21d0000 - 0x00007ffee21e8000 	c:\Users\HP\.antigravity\extensions\redhat.java-1.53.0-win32-x64\jre\21.0.10-win32-x86_64\bin\zip.dll
0x00007ffef3750000 - 0x00007ffef3760000 	C:\Users\HP\.antigravity\extensions\redhat.java-1.53.0-win32-x64\jre\21.0.10-win32-x86_64\bin\net.dll
0x00007ffef99c0000 - 0x00007ffef9aec000 	C:\WINDOWS\SYSTEM32\WINHTTP.dll
0x00007ffeff860000 - 0x00007ffeff8c9000 	C:\WINDOWS\system32\mswsock.dll
0x00007ffee21b0000 - 0x00007ffee21c6000 	C:\Users\HP\.antigravity\extensions\redhat.java-1.53.0-win32-x64\jre\21.0.10-win32-x86_64\bin\nio.dll
0x00007ffee4b90000 - 0x00007ffee4ba0000 	c:\Users\HP\.antigravity\extensions\redhat.java-1.53.0-win32-x64\jre\21.0.10-win32-x86_64\bin\verify.dll
0x00007ffee14f0000 - 0x00007ffee1535000 	C:\Users\HP\AppData\Roaming\Antigravity\User\globalStorage\redhat.java\1.53.0\config_win\org.eclipse.equinox.launcher\org.eclipse.equinox.launcher.win32.win32.x86_64_1.3.0.v20260203-2149\eclipse_11919.dll
0x00007fff02ab0000 - 0x00007fff02c51000 	C:\WINDOWS\System32\ole32.dll
0x00007ffeffbb0000 - 0x00007ffeffbcb000 	C:\WINDOWS\SYSTEM32\CRYPTSP.dll
0x00007ffeff300000 - 0x00007ffeff337000 	C:\WINDOWS\system32\rsaenh.dll
0x00007ffeff900000 - 0x00007ffeff928000 	C:\WINDOWS\SYSTEM32\USERENV.dll
0x00007ffeffb90000 - 0x00007ffeffb9c000 	C:\WINDOWS\SYSTEM32\CRYPTBASE.dll
0x00007ffefee30000 - 0x00007ffefee5d000 	C:\WINDOWS\SYSTEM32\IPHLPAPI.DLL
0x00007fff019d0000 - 0x00007fff019d9000 	C:\WINDOWS\System32\NSI.dll

JVMTI agents:
c:\Users\HP\.antigravity\extensions\redhat.java-1.53.0-win32-x64\lombok\lombok-1.18.39-4050.jar path:c:\Users\HP\.antigravity\extensions\redhat.java-1.53.0-win32-x64\jre\21.0.10-win32-x86_64\bin\instrument.dll, loaded, initialized, instrumentlib options:none

dbghelp: loaded successfully - version: 4.0.5 - missing functions: none
symbol engine: initialized successfully - sym options: 0x614 - pdb path: .;c:\Users\HP\.antigravity\extensions\redhat.java-1.53.0-win32-x64\jre\21.0.10-win32-x86_64\bin;C:\WINDOWS\SYSTEM32;C:\WINDOWS\WinSxS\amd64_microsoft.windows.common-controls_6595b64144ccf1df_6.0.22621.6060_none_2712eda17382d24b;c:\Users\HP\.antigravity\extensions\redhat.java-1.53.0-win32-x64\jre\21.0.10-win32-x86_64\bin\server;C:\Users\HP\AppData\Roaming\Antigravity\User\globalStorage\redhat.java\1.53.0\config_win\org.eclipse.equinox.launcher\org.eclipse.equinox.launcher.win32.win32.x86_64_1.3.0.v20260203-2149

VM Arguments:
jvm_args: --add-modules=ALL-SYSTEM --add-opens=java.base/java.util=ALL-UNNAMED --add-opens=java.base/java.lang=ALL-UNNAMED --add-opens=java.base/sun.nio.fs=ALL-UNNAMED -Declipse.application=org.eclipse.jdt.ls.core.id1 -Dosgi.bundles.defaultStartLevel=4 -Declipse.product=org.eclipse.jdt.ls.core.product -Djava.import.generatesMetadataFilesAtProjectRoot=false -DDetectVMInstallationsJob.disabled=true -Dfile.encoding=utf8 -XX:+UseParallelGC -XX:GCTimeRatio=4 -XX:AdaptiveSizePolicyWeight=90 -Dsun.zip.disableMemoryMapping=true -Xmx2G -Xms100m -Xlog:disable -javaagent:c:\Users\HP\.antigravity\extensions\redhat.java-1.53.0-win32-x64\lombok\lombok-1.18.39-4050.jar -XX:+HeapDumpOnOutOfMemoryError -XX:HeapDumpPath=c:\Users\HP\AppData\Roaming\Antigravity\User\workspaceStorage\ec30be9fa44441caa41ccff467e32948\redhat.java -Daether.dependencyCollector.impl=bf 
java_command: c:\Users\HP\.antigravity\extensions\redhat.java-1.53.0-win32-x64\server\plugins\org.eclipse.equinox.launcher_1.7.100.v20251111-0406.jar -configuration c:\Users\HP\AppData\Roaming\Antigravity\User\globalStorage\redhat.java\1.53.0\config_win -data c:\Users\HP\AppData\Roaming\Antigravity\User\workspaceStorage\ec30be9fa44441caa41ccff467e32948\redhat.java\jdt_ws --pipe=\\.\pipe\lsp-bec6740992243dbada670e5a06043285-sock
java_class_path (initial): c:\Users\HP\.antigravity\extensions\redhat.java-1.53.0-win32-x64\server\plugins\org.eclipse.equinox.launcher_1.7.100.v20251111-0406.jar
Launcher Type: SUN_STANDARD

[Global flags]
    uintx AdaptiveSizePolicyWeight                 = 90                                        {product} {command line}
     intx CICompilerCount                          = 4                                         {product} {ergonomic}
    uintx GCTimeRatio                              = 4                                         {product} {command line}
     bool HeapDumpOnOutOfMemoryError               = true                                   {manageable} {command line}
    ccstr HeapDumpPath                             = c:\Users\HP\AppData\Roaming\Antigravity\User\workspaceStorage\ec30be9fa44441caa41ccff467e32948\redhat.java         {manageable} {command line}
   size_t InitialHeapSize                          = 104857600                                 {product} {command line}
   size_t MaxHeapSize                              = 2147483648                                {product} {command line}
   size_t MaxNewSize                               = 715653120                                 {product} {ergonomic}
   size_t MinHeapDeltaBytes                        = 524288                                    {product} {ergonomic}
   size_t MinHeapSize                              = 104857600                                 {product} {command line}
   size_t NewSize                                  = 34603008                                  {product} {ergonomic}
    uintx NonNMethodCodeHeapSize                   = 5839372                                {pd product} {ergonomic}
    uintx NonProfiledCodeHeapSize                  = 122909434                              {pd product} {ergonomic}
   size_t OldSize                                  = 70254592                                  {product} {ergonomic}
    uintx ProfiledCodeHeapSize                     = 122909434                              {pd product} {ergonomic}
    uintx ReservedCodeCacheSize                    = 251658240                              {pd product} {ergonomic}
     bool SegmentedCodeCache                       = true                                      {product} {ergonomic}
   size_t SoftMaxHeapSize                          = 2147483648                             {manageable} {ergonomic}
     bool UseCompressedOops                        = true                           {product lp64_product} {ergonomic}
     bool UseLargePagesIndividualAllocation        = false                                  {pd product} {ergonomic}
     bool UseParallelGC                            = true                                      {product} {command line}

Logging:
Log output configuration:
 #0: stdout all=off uptime,level,tags foldmultilines=false
 #1: stderr all=off uptime,level,tags foldmultilines=false

Release file:
JAVA_VERSION="21.0.10" 
MODULES="java.base java.compiler java.datatransfer java.xml java.prefs java.desktop java.instrument java.logging java.management java.security.sasl java.naming java.rmi java.management.rmi java.net.http java.scripting java.security.jgss java.transaction.xa java.sql java.sql.rowset java.xml.crypto java.se java.smartcardio jdk.accessibility jdk.internal.jvmstat jdk.attach jdk.charsets jdk.internal.opt jdk.zipfs jdk.compiler jdk.crypto.ec jdk.crypto.cryptoki jdk.crypto.mscapi jdk.dynalink jdk.internal.ed jdk.editpad jdk.hotspot.agent jdk.httpserver jdk.internal.le jdk.internal.vm.ci jdk.internal.vm.compiler jdk.internal.vm.compiler.management jdk.jartool jdk.javadoc jdk.jcmd jdk.management jdk.management.agent jdk.jconsole jdk.jdeps jdk.jdwp.agent jdk.jdi jdk.jfr jdk.jshell jdk.jsobject jdk.jstatd jdk.localedata jdk.management.jfr jdk.naming.dns jdk.naming.rmi jdk.net jdk.nio.mapmode jdk.random jdk.sctp jdk.security.auth jdk.security.jgss jdk.unsupported jdk.unsupported.desktop jdk.xml.dom" 

Environment Variables:
JAVA_HOME=C:\Program Files\Microsoft\jdk-17.0.18.8-hotspot\
PATH=C:\Program Files\Microsoft\jdk-17.0.18.8-hotspot\bin;C:\Python314\Scripts\;C:\Python314\;C:\oraclexe\app\oracle\product\10.2.0\server\bin;C:\app\HP\product\21c\dbhomeXE\bin;C:\Users\HP\Downloads\WINDOWS.X64_193000_grid_home\bin;C:\WINDOWS\system32;C:\WINDOWS;C:\WINDOWS\System32\Wbem;C:\WINDOWS\System32\WindowsPowerShell\v1.0\;C:\WINDOWS\System32\OpenSSH\;C:\Program Files\PuTTY\;C:\Program Files (x86)\;C:\Program Files\Git\cmd;C:\Program Files (x86)\Windows Kits\10\Windows Performance Toolkit\;C:\Program Files\MongoDB\Server\8.2\bin;C:\Program Files\nodejs\;C:\ProgramData\chocolatey\bin;C:\Users\HP\AppData\Local\Programs\Python\Python313\Scripts\;C:\Users\HP\AppData\Local\Programs\Python\Python313\;C:\Users\HP\AppData\Local\Programs\Python\Launcher\;C:\Users\HP\AppData\Local\Microsoft\WindowsApps;;C:\Users\HP\AppData\Local\Programs\Microsoft VS Code\bin;C:\Users\HP\Desktop\Antigravity\bin;C:\Users\HP\AppData\Roaming\npm
USERNAME=HP
OS=Windows_NT
PROCESSOR_IDENTIFIER=Intel64 Family 6 Model 154 Stepping 4, GenuineIntel
TMP=C:\Users\HP\AppData\Local\Temp
TEMP=C:\Users\HP\AppData\Local\Temp




Periodic native trim disabled

---------------  S Y S T E M  ---------------

OS:
 Windows 11 , 64 bit Build 22621 (10.0.22621.5415)
OS uptime: 2 days 23:37 hours
Hyper-V role detected

CPU: total 8 (initial active 8) (4 cores per cpu, 2 threads per core) family 6 model 154 stepping 4 microcode 0x42c, cx8, cmov, fxsr, ht, mmx, 3dnowpref, sse, sse2, sse3, ssse3, sse4.1, sse4.2, popcnt, lzcnt, tsc, tscinvbit, avx, avx2, aes, erms, clmul, bmi1, bmi2, adx, sha, fma, vzeroupper, clflush, clflushopt, clwb, hv, serialize, rdtscp, rdpid, fsrm, f16c, cet_ibt, cet_ss
Processor Information for processor 0
  Max Mhz: 1200, Current Mhz: 1200, Mhz Limit: 1200
Processor Information for processor 1
  Max Mhz: 1200, Current Mhz: 1200, Mhz Limit: 1200
Processor Information for processor 2
  Max Mhz: 1200, Current Mhz: 1200, Mhz Limit: 1200
Processor Information for processor 3
  Max Mhz: 1200, Current Mhz: 1200, Mhz Limit: 1200
Processor Information for processor 4
  Max Mhz: 1200, Current Mhz: 900, Mhz Limit: 900
Processor Information for processor 5
  Max Mhz: 1200, Current Mhz: 900, Mhz Limit: 900
Processor Information for processor 6
  Max Mhz: 1200, Current Mhz: 900, Mhz Limit: 900
Processor Information for processor 7
  Max Mhz: 1200, Current Mhz: 900, Mhz Limit: 900

Memory: 4k page, system-wide physical 3767M (18M free)
TotalPageFile size 15543M (AvailPageFile size 0M)
current process WorkingSet (physical memory assigned to process): 109M, peak: 120M
current process commit charge ("private bytes"): 261M, peak: 261M

vm_info: OpenJDK 64-Bit Server VM (21.0.10+7-LTS) for windows-amd64 JRE (21.0.10+7-LTS), built on 2026-01-20T00:00:00Z by "admin" with MS VC++ 17.12 (VS2022)

END.
