#
# There is insufficient memory for the Java Runtime Environment to continue.
# Native memory allocation (malloc) failed to allocate 1048576 bytes. Error detail: AllocateHeap
# Possible reasons:
#   The system is out of physical RAM or swap space
#   This process is running with CompressedOops enabled, and the Java Heap may be blocking the growth of the native heap
# Possible solutions:
#   Reduce memory load on the system
#   Increase physical memory or swap space
#   Check if swap backing store is full
#   Decrease Java heap size (-Xmx/-Xms)
#   Decrease number of Java threads
#   Decrease Java thread stack sizes (-Xss)
#   Set larger code cache with -XX:ReservedCodeCacheSize=
#   JVM is running with Unscaled Compressed Oops mode in which the Java heap is
#     placed in the first 4GB address space. The Java Heap base address is the
#     maximum limit for the native heap growth. Please use -XX:HeapBaseMinAddress
#     to set the Java Heap base and to place the Java Heap above 4GB virtual address.
# This output file may be truncated or incomplete.
#
#  Out of Memory Error (allocation.cpp:44), pid=9684, tid=2364
#
# JRE version: OpenJDK Runtime Environment Temurin-21.0.10+7 (21.0.10+7) (build 21.0.10+7-LTS)
# Java VM: OpenJDK 64-Bit Server VM Temurin-21.0.10+7 (21.0.10+7-LTS, mixed mode, sharing, tiered, compressed oops, compressed class ptrs, parallel gc, windows-amd64)
# No core dump will be written. Minidumps are not enabled by default on client versions of Windows
#

---------------  S U M M A R Y ------------

Command Line: --add-modules=ALL-SYSTEM --add-opens=java.base/java.util=ALL-UNNAMED --add-opens=java.base/java.lang=ALL-UNNAMED --add-opens=java.base/sun.nio.fs=ALL-UNNAMED -Declipse.application=org.eclipse.jdt.ls.core.id1 -Dosgi.bundles.defaultStartLevel=4 -Declipse.product=org.eclipse.jdt.ls.core.product -Djava.import.generatesMetadataFilesAtProjectRoot=false -DDetectVMInstallationsJob.disabled=true -Dfile.encoding=utf8 -XX:+UseParallelGC -XX:GCTimeRatio=4 -XX:AdaptiveSizePolicyWeight=90 -Dsun.zip.disableMemoryMapping=true -Xmx2G -Xms100m -Xlog:disable -javaagent:c:\Users\HP\.antigravity\extensions\redhat.java-1.53.0-win32-x64\lombok\lombok-1.18.39-4050.jar -XX:+HeapDumpOnOutOfMemoryError -XX:HeapDumpPath=c:\Users\HP\AppData\Roaming\Antigravity\User\workspaceStorage\ec30be9fa44441caa41ccff467e32948\redhat.java -Daether.dependencyCollector.impl=bf c:\Users\HP\.antigravity\extensions\redhat.java-1.53.0-win32-x64\server\plugins\org.eclipse.equinox.launcher_1.7.100.v20251111-0406.jar -configuration c:\Users\HP\AppData\Roaming\Antigravity\User\globalStorage\redhat.java\1.53.0\config_win -data c:\Users\HP\AppData\Roaming\Antigravity\User\workspaceStorage\ec30be9fa44441caa41ccff467e32948\redhat.java\jdt_ws --pipe=\\.\pipe\lsp-d9b71e3229fd0cb5b2b8b3cbf07cb3c5-sock

Host: 12th Gen Intel(R) Core(TM) i3-1215U, 8 cores, 3G,  Windows 11 , 64 bit Build 22621 (10.0.22621.5415)
Time: Tue Mar 31 23:14:42 2026 Afr. centrale Ouest elapsed time: 3696.797198 seconds (0d 1h 1m 36s)

---------------  T H R E A D  ---------------

Current thread (0x000001f32a7082b0):  JavaThread "Attach Listener" daemon [_thread_in_vm, id=2364, stack(0x00000060ba900000,0x00000060baa00000) (1024K)]

Stack: [0x00000060ba900000,0x00000060baa00000]
Native frames: (J=compiled Java code, j=interpreted, Vv=VM code, C=native code)
V  [jvm.dll+0x6d7a39]
V  [jvm.dll+0x8b4b26]
V  [jvm.dll+0x8b70de]
V  [jvm.dll+0x8b77c3]
V  [jvm.dll+0x284346]
V  [jvm.dll+0xc1277]
V  [jvm.dll+0x6d82e9]
V  [jvm.dll+0x1334a6]
V  [jvm.dll+0x3f857e]
V  [jvm.dll+0x85f59d]
V  [jvm.dll+0x6d626d]
C  [ucrtbase.dll+0x29333]
C  [KERNEL32.DLL+0x1259d]
C  [ntdll.dll+0x5af78]


---------------  P R O C E S S  ---------------

Threads class SMR info:
_java_thread_list=0x000001f373682a70, length=34, elements={
0x000001f313c8ef40, 0x000001f32a700110, 0x000001f32a702240, 0x000001f32a7056c0,
0x000001f32a7082b0, 0x000001f32a70a080, 0x000001f32a70ace0, 0x000001f32a70df80,
0x000001f37100a130, 0x000001f3711e48c0, 0x000001f3712f1a90, 0x000001f3718135c0,
0x000001f37171f940, 0x000001f3716eb730, 0x000001f371906350, 0x000001f3720f3c60,
0x000001f371e6a2b0, 0x000001f37211eb10, 0x000001f37211e480, 0x000001f37211ddf0,
0x000001f37211d760, 0x000001f37211c3b0, 0x000001f374120be0, 0x000001f37411f1a0,
0x000001f37411f830, 0x000001f37411e480, 0x000001f374121270, 0x000001f37411fec0,
0x000001f37411ddf0, 0x000001f37411eb10, 0x000001f373b9d440, 0x000001f373b9dad0,
0x000001f373b9ee80, 0x000001f373b9e160
}

Java Threads: ( => current thread )
  0x000001f313c8ef40 JavaThread "main"                              [_thread_blocked, id=7764, stack(0x00000060ba200000,0x00000060ba300000) (1024K)]
  0x000001f32a700110 JavaThread "Reference Handler"          daemon [_thread_blocked, id=17780, stack(0x00000060ba600000,0x00000060ba700000) (1024K)]
  0x000001f32a702240 JavaThread "Finalizer"                  daemon [_thread_blocked, id=8748, stack(0x00000060ba700000,0x00000060ba800000) (1024K)]
  0x000001f32a7056c0 JavaThread "Signal Dispatcher"          daemon [_thread_blocked, id=9956, stack(0x00000060ba800000,0x00000060ba900000) (1024K)]
=>0x000001f32a7082b0 JavaThread "Attach Listener"            daemon [_thread_in_vm, id=2364, stack(0x00000060ba900000,0x00000060baa00000) (1024K)]
  0x000001f32a70a080 JavaThread "Service Thread"             daemon [_thread_blocked, id=19428, stack(0x00000060baa00000,0x00000060bab00000) (1024K)]
  0x000001f32a70ace0 JavaThread "Monitor Deflation Thread"   daemon [_thread_blocked, id=4048, stack(0x00000060bab00000,0x00000060bac00000) (1024K)]
  0x000001f32a70df80 JavaThread "C2 CompilerThread0"         daemon [_thread_blocked, id=6424, stack(0x00000060bac00000,0x00000060bad00000) (1024K)]
  0x000001f37100a130 JavaThread "C1 CompilerThread0"         daemon [_thread_blocked, id=14180, stack(0x00000060bad00000,0x00000060bae00000) (1024K)]
  0x000001f3711e48c0 JavaThread "Common-Cleaner"             daemon [_thread_blocked, id=9948, stack(0x00000060bae00000,0x00000060baf00000) (1024K)]
  0x000001f3712f1a90 JavaThread "Notification Thread"        daemon [_thread_blocked, id=13780, stack(0x00000060baf00000,0x00000060bb000000) (1024K)]
  0x000001f3718135c0 JavaThread "Active Thread: Equinox Container: 759f734d-7417-449e-9137-290560dbe44b"        [_thread_blocked, id=11576, stack(0x00000060bb600000,0x00000060bb700000) (1024K)]
  0x000001f37171f940 JavaThread "Refresh Thread: Equinox Container: 759f734d-7417-449e-9137-290560dbe44b" daemon [_thread_blocked, id=11936, stack(0x00000060bb800000,0x00000060bb900000) (1024K)]
  0x000001f3716eb730 JavaThread "Framework Event Dispatcher: Equinox Container: 759f734d-7417-449e-9137-290560dbe44b" daemon [_thread_blocked, id=18460, stack(0x00000060bb900000,0x00000060bba00000) (1024K)]
  0x000001f371906350 JavaThread "Start Level: Equinox Container: 759f734d-7417-449e-9137-290560dbe44b" daemon [_thread_blocked, id=9308, stack(0x00000060bba00000,0x00000060bbb00000) (1024K)]
  0x000001f3720f3c60 JavaThread "Bundle File Closer"         daemon [_thread_blocked, id=16536, stack(0x00000060bbb00000,0x00000060bbc00000) (1024K)]
  0x000001f371e6a2b0 JavaThread "SCR Component Actor"        daemon [_thread_blocked, id=12912, stack(0x00000060bbc00000,0x00000060bbd00000) (1024K)]
  0x000001f37211eb10 JavaThread "Worker-JM"                         [_thread_blocked, id=9472, stack(0x00000060bbd00000,0x00000060bbe00000) (1024K)]
  0x000001f37211e480 JavaThread "JNA Cleaner"                daemon [_thread_blocked, id=17236, stack(0x00000060bbe00000,0x00000060bbf00000) (1024K)]
  0x000001f37211ddf0 JavaThread "Worker-1"                          [_thread_blocked, id=18284, stack(0x00000060bc000000,0x00000060bc100000) (1024K)]
  0x000001f37211d760 JavaThread "Java indexing"              daemon [_thread_blocked, id=14012, stack(0x00000060bc200000,0x00000060bc300000) (1024K)]
  0x000001f37211c3b0 JavaThread "Worker-3"                          [_thread_blocked, id=5384, stack(0x00000060bc500000,0x00000060bc600000) (1024K)]
  0x000001f374120be0 JavaThread "Thread-1"                   daemon [_thread_in_native, id=14844, stack(0x00000060bc700000,0x00000060bc800000) (1024K)]
  0x000001f37411f1a0 JavaThread "Thread-2"                   daemon [_thread_in_native, id=11500, stack(0x00000060bc800000,0x00000060bc900000) (1024K)]
  0x000001f37411f830 JavaThread "Thread-3"                   daemon [_thread_in_native, id=11452, stack(0x00000060bc900000,0x00000060bca00000) (1024K)]
  0x000001f37411e480 JavaThread "Thread-4"                   daemon [_thread_in_native, id=1100, stack(0x00000060bca00000,0x00000060bcb00000) (1024K)]
  0x000001f374121270 JavaThread "Thread-5"                   daemon [_thread_in_native, id=16636, stack(0x00000060bcb00000,0x00000060bcc00000) (1024K)]
  0x000001f37411fec0 JavaThread "Thread-6"                   daemon [_thread_in_native, id=10128, stack(0x00000060bcc00000,0x00000060bcd00000) (1024K)]
  0x000001f37411ddf0 JavaThread "Thread-7"                   daemon [_thread_in_native, id=18588, stack(0x00000060bcd00000,0x00000060bce00000) (1024K)]
  0x000001f37411eb10 JavaThread "Thread-8"                   daemon [_thread_in_native, id=17556, stack(0x00000060bce00000,0x00000060bcf00000) (1024K)]
  0x000001f373b9d440 JavaThread "Thread-9"                   daemon [_thread_in_native, id=6724, stack(0x00000060bcf00000,0x00000060bd000000) (1024K)]
  0x000001f373b9dad0 JavaThread "pool-2-thread-1"                   [_thread_blocked, id=7648, stack(0x00000060bd000000,0x00000060bd100000) (1024K)]
  0x000001f373b9ee80 JavaThread "WorkspaceEventsHandler"            [_thread_blocked, id=13676, stack(0x00000060bd100000,0x00000060bd200000) (1024K)]
  0x000001f373b9e160 JavaThread "pool-1-thread-1"                   [_thread_blocked, id=12368, stack(0x00000060bd200000,0x00000060bd300000) (1024K)]
Total: 34

Other Threads:
  0x000001f32a6e44d0 VMThread "VM Thread"                           [id=4460, stack(0x00000060ba500000,0x00000060ba600000) (1024K)]
  0x000001f32a61ca10 WatcherThread "VM Periodic Task Thread"        [id=11456, stack(0x00000060ba400000,0x00000060ba500000) (1024K)]
  0x000001f313cae160 WorkerThread "GC Thread#0"                     [id=13308, stack(0x00000060ba300000,0x00000060ba400000) (1024K)]
  0x000001f371557610 WorkerThread "GC Thread#1"                     [id=1004, stack(0x00000060bb000000,0x00000060bb100000) (1024K)]
  0x000001f371558160 WorkerThread "GC Thread#2"                     [id=8948, stack(0x00000060bb100000,0x00000060bb200000) (1024K)]
  0x000001f3717b2460 WorkerThread "GC Thread#3"                     [id=11464, stack(0x00000060bb200000,0x00000060bb300000) (1024K)]
  0x000001f3717b2810 WorkerThread "GC Thread#4"                     [id=12540, stack(0x00000060bb300000,0x00000060bb400000) (1024K)]
  0x000001f3717b2bc0 WorkerThread "GC Thread#5"                     [id=14824, stack(0x00000060bb400000,0x00000060bb500000) (1024K)]
  0x000001f37130bdc0 WorkerThread "GC Thread#6"                     [id=7176, stack(0x00000060bb500000,0x00000060bb600000) (1024K)]
  0x000001f3716faef0 WorkerThread "GC Thread#7"                     [id=7452, stack(0x00000060bb700000,0x00000060bb800000) (1024K)]
Total: 10

Threads with active compile tasks:
Total: 0

VM state: not at safepoint (normal execution)

VM Mutex/Monitor currently owned by a thread: None

Heap address: 0x0000000080000000, size: 2048 MB, Compressed Oops mode: 32-bit

CDS archive(s) mapped at: [0x000001f32b000000-0x000001f32bba0000-0x000001f32bba0000), size 12189696, SharedBaseAddress: 0x000001f32b000000, ArchiveRelocationMode: 1.
Compressed class space mapped at: 0x000001f32c000000-0x000001f36c000000, reserved size: 1073741824
Narrow klass base: 0x000001f32b000000, Narrow klass shift: 0, Narrow klass range: 0x100000000

GC Precious Log:
 CardTable entry size: 512
 CPUs: 8 total, 8 available
 Memory: 3767M
 Large Page Support: Disabled
 NUMA Support: Disabled
 Compressed Oops: Enabled (32-bit)
 Alignments: Space 512K, Generation 512K, Heap 2M
 Heap Min Capacity: 100M
 Heap Initial Capacity: 100M
 Heap Max Capacity: 2G
 Pre-touch: Disabled
 Parallel Workers: 8

Heap:
 PSYoungGen      total 17920K, used 1691K [0x00000000d5580000, 0x00000000d6980000, 0x0000000100000000)
  eden space 16384K, 1% used [0x00000000d5580000,0x00000000d55beca8,0x00000000d6580000)
  from space 1536K, 93% used [0x00000000d6580000,0x00000000d66e8000,0x00000000d6700000)
  to   space 2048K, 0% used [0x00000000d6780000,0x00000000d6780000,0x00000000d6980000)
 ParOldGen       total 68608K, used 63288K [0x0000000080000000, 0x0000000084300000, 0x00000000d5580000)
  object space 68608K, 92% used [0x0000000080000000,0x0000000083dce3e0,0x0000000084300000)
 Metaspace       used 63320K, committed 64768K, reserved 1114112K
  class space    used 6633K, committed 7232K, reserved 1048576K

Card table byte_map: [0x000001f313660000,0x000001f313a70000] _byte_map_base: 0x000001f313260000

Marking Bits: (ParMarkBitMap*) 0x00007ffe6f423450
 Begin Bits: [0x000001f326140000, 0x000001f328140000)
 End Bits:   [0x000001f328140000, 0x000001f32a140000)

Polling page: 0x000001f313450000

Metaspace:

Usage:
  Non-class:     55.36 MB used.
      Class:      6.48 MB used.
       Both:     61.84 MB used.

Virtual space:
  Non-class space:       64.00 MB reserved,      56.19 MB ( 88%) committed,  1 nodes.
      Class space:        1.00 GB reserved,       7.06 MB ( <1%) committed,  1 nodes.
             Both:        1.06 GB reserved,      63.25 MB (  6%) committed. 

Chunk freelists:
   Non-Class:  7.28 MB
       Class:  8.89 MB
        Both:  16.17 MB

MaxMetaspaceSize: unlimited
CompressedClassSpaceSize: 1.00 GB
Initial GC threshold: 21.00 MB
Current GC threshold: 97.31 MB
CDS: on
 - commit_granule_bytes: 65536.
 - commit_granule_words: 8192.
 - virtual_space_node_default_size: 8388608.
 - enlarge_chunks_in_place: 1.
 - use_allocation_guard: 0.


Internal statistics:

num_allocs_failed_limit: 11.
num_arena_births: 1190.
num_arena_deaths: 18.
num_vsnodes_births: 2.
num_vsnodes_deaths: 0.
num_space_committed: 1012.
num_space_uncommitted: 0.
num_chunks_returned_to_freelist: 31.
num_chunks_taken_from_freelist: 4145.
num_chunk_merges: 19.
num_chunk_splits: 2577.
num_chunks_enlarged: 1490.
num_inconsistent_stats: 0.

CodeHeap 'non-profiled nmethods': size=120000Kb used=6043Kb max_used=6043Kb free=113956Kb
 bounds [0x000001f31e960000, 0x000001f31ef50000, 0x000001f325e90000]
CodeHeap 'profiled nmethods': size=120000Kb used=23934Kb max_used=23934Kb free=96065Kb
 bounds [0x000001f316e90000, 0x000001f3185f0000, 0x000001f31e3c0000]
CodeHeap 'non-nmethods': size=5760Kb used=1419Kb max_used=1488Kb free=4340Kb
 bounds [0x000001f31e3c0000, 0x000001f31e630000, 0x000001f31e960000]
CodeCache: size=245760Kb, used=31396Kb, max_used=31465Kb, free=214361Kb
 total_blobs=11948, nmethods=11217, adapters=636, full_count=0
Compilation: enabled, stopped_count=0, restarted_count=0

Compilation events (20 events):
Event: 3110.526 Thread 0x000001f37100a130 11935       3       java.util.Date::getTimeImpl (27 bytes)
Event: 3110.527 Thread 0x000001f37100a130 nmethod 11935 0x000001f3185eba90 code [0x000001f3185ebc40, 0x000001f3185ebe90]
Event: 3149.750 Thread 0x000001f37100a130 11936       3       java.nio.ByteBuffer::clear (7 bytes)
Event: 3149.757 Thread 0x000001f37100a130 nmethod 11936 0x000001f3185ebf90 code [0x000001f3185ec140, 0x000001f3185ec2c0]
Event: 3226.617 Thread 0x000001f37100a130 11937 % !   3       java.io.InputStream::read @ 37 (81 bytes)
Event: 3226.670 Thread 0x000001f37100a130 nmethod 11937% 0x000001f3185ec390 code [0x000001f3185ec5a0, 0x000001f3185ecda0]
Event: 3226.672 Thread 0x000001f37100a130 11938       3       com.google.gson.stream.JsonReader::setStrictness (11 bytes)
Event: 3226.692 Thread 0x000001f37100a130 nmethod 11938 0x000001f3185ed110 code [0x000001f3185ed2c0, 0x000001f3185ed548]
Event: 3226.732 Thread 0x000001f37100a130 11940       3       java.net.URI::getSchemeSpecificPart (24 bytes)
Event: 3226.737 Thread 0x000001f37100a130 nmethod 11940 0x000001f3185ed690 code [0x000001f3185ed860, 0x000001f3185eda98]
Event: 3266.144 Thread 0x000001f32a70df80 11941       4       com.google.gson.stream.JsonReader::doPeek (785 bytes)
Event: 3266.243 Thread 0x000001f37100a130 11942       1       org.eclipse.core.internal.localstore.FileSystemResourceManager::getWorkspace (5 bytes)
Event: 3266.616 Thread 0x000001f37100a130 nmethod 11942 0x000001f31ef45890 code [0x000001f31ef45a20, 0x000001f31ef45ae8]
Event: 3266.617 Thread 0x000001f37100a130 11943       3       com.sun.jna.Pointer::<init> (5 bytes)
Event: 3266.636 Thread 0x000001f32a70df80 nmethod 11941 0x000001f31ef45b90 code [0x000001f31ef45e00, 0x000001f31ef46470]
Event: 3266.638 Thread 0x000001f37100a130 nmethod 11943 0x000001f3185edb90 code [0x000001f3185edd40, 0x000001f3185edea8]
Event: 3280.405 Thread 0x000001f37100a130 11944   !   3       java.util.logging.LogManager::ensureLogManagerInitialized (144 bytes)
Event: 3280.426 Thread 0x000001f37100a130 nmethod 11944 0x000001f3185edf90 code [0x000001f3185ee2a0, 0x000001f3185ef3c0]
Event: 3515.783 Thread 0x000001f37100a130 11945       1       org.eclipse.osgi.internal.location.BasicLocation::isReadOnly (5 bytes)
Event: 3515.802 Thread 0x000001f37100a130 nmethod 11945 0x000001f31ef46990 code [0x000001f31ef46b20, 0x000001f31ef46bf0]

GC Heap History (20 events):
Event: 19.915 GC heap before
{Heap before GC invocations=61 (full 3):
 PSYoungGen      total 19968K, used 19520K [0x00000000d5580000, 0x00000000d6a80000, 0x0000000100000000)
  eden space 18944K, 100% used [0x00000000d5580000,0x00000000d6800000,0x00000000d6800000)
  from space 1024K, 56% used [0x00000000d6800000,0x00000000d6890000,0x00000000d6900000)
  to   space 1024K, 0% used [0x00000000d6980000,0x00000000d6980000,0x00000000d6a80000)
 ParOldGen       total 68608K, used 54139K [0x0000000080000000, 0x0000000084300000, 0x00000000d5580000)
  object space 68608K, 78% used [0x0000000080000000,0x00000000834ded58,0x0000000084300000)
 Metaspace       used 59221K, committed 60672K, reserved 1114112K
  class space    used 6327K, committed 6976K, reserved 1048576K
}
Event: 19.917 GC heap after
{Heap after GC invocations=61 (full 3):
 PSYoungGen      total 19968K, used 576K [0x00000000d5580000, 0x00000000d6a80000, 0x0000000100000000)
  eden space 18944K, 0% used [0x00000000d5580000,0x00000000d5580000,0x00000000d6800000)
  from space 1024K, 56% used [0x00000000d6980000,0x00000000d6a10000,0x00000000d6a80000)
  to   space 1024K, 0% used [0x00000000d6800000,0x00000000d6800000,0x00000000d6900000)
 ParOldGen       total 68608K, used 54584K [0x0000000080000000, 0x0000000084300000, 0x00000000d5580000)
  object space 68608K, 79% used [0x0000000080000000,0x000000008354e048,0x0000000084300000)
 Metaspace       used 59221K, committed 60672K, reserved 1114112K
  class space    used 6327K, committed 6976K, reserved 1048576K
}
Event: 19.974 GC heap before
{Heap before GC invocations=62 (full 3):
 PSYoungGen      total 19968K, used 19520K [0x00000000d5580000, 0x00000000d6a80000, 0x0000000100000000)
  eden space 18944K, 100% used [0x00000000d5580000,0x00000000d6800000,0x00000000d6800000)
  from space 1024K, 56% used [0x00000000d6980000,0x00000000d6a10000,0x00000000d6a80000)
  to   space 1024K, 0% used [0x00000000d6800000,0x00000000d6800000,0x00000000d6900000)
 ParOldGen       total 68608K, used 54584K [0x0000000080000000, 0x0000000084300000, 0x00000000d5580000)
  object space 68608K, 79% used [0x0000000080000000,0x000000008354e048,0x0000000084300000)
 Metaspace       used 59230K, committed 60672K, reserved 1114112K
  class space    used 6327K, committed 6976K, reserved 1048576K
}
Event: 19.986 GC heap after
{Heap after GC invocations=62 (full 3):
 PSYoungGen      total 19968K, used 822K [0x00000000d5580000, 0x00000000d6a00000, 0x0000000100000000)
  eden space 18944K, 0% used [0x00000000d5580000,0x00000000d5580000,0x00000000d6800000)
  from space 1024K, 80% used [0x00000000d6800000,0x00000000d68cd920,0x00000000d6900000)
  to   space 1024K, 0% used [0x00000000d6900000,0x00000000d6900000,0x00000000d6a00000)
 ParOldGen       total 68608K, used 55040K [0x0000000080000000, 0x0000000084300000, 0x00000000d5580000)
  object space 68608K, 80% used [0x0000000080000000,0x00000000835c0048,0x0000000084300000)
 Metaspace       used 59230K, committed 60672K, reserved 1114112K
  class space    used 6327K, committed 6976K, reserved 1048576K
}
Event: 20.046 GC heap before
{Heap before GC invocations=63 (full 3):
 PSYoungGen      total 19968K, used 19766K [0x00000000d5580000, 0x00000000d6a00000, 0x0000000100000000)
  eden space 18944K, 100% used [0x00000000d5580000,0x00000000d6800000,0x00000000d6800000)
  from space 1024K, 80% used [0x00000000d6800000,0x00000000d68cd920,0x00000000d6900000)
  to   space 1024K, 0% used [0x00000000d6900000,0x00000000d6900000,0x00000000d6a00000)
 ParOldGen       total 68608K, used 55040K [0x0000000080000000, 0x0000000084300000, 0x00000000d5580000)
  object space 68608K, 80% used [0x0000000080000000,0x00000000835c0048,0x0000000084300000)
 Metaspace       used 59230K, committed 60672K, reserved 1114112K
  class space    used 6327K, committed 6976K, reserved 1048576K
}
Event: 20.048 GC heap after
{Heap after GC invocations=63 (full 3):
 PSYoungGen      total 19968K, used 744K [0x00000000d5580000, 0x00000000d6a00000, 0x0000000100000000)
  eden space 18944K, 0% used [0x00000000d5580000,0x00000000d5580000,0x00000000d6800000)
  from space 1024K, 72% used [0x00000000d6900000,0x00000000d69ba368,0x00000000d6a00000)
  to   space 1024K, 0% used [0x00000000d6800000,0x00000000d6800000,0x00000000d6900000)
 ParOldGen       total 68608K, used 55687K [0x0000000080000000, 0x0000000084300000, 0x00000000d5580000)
  object space 68608K, 81% used [0x0000000080000000,0x0000000083661f08,0x0000000084300000)
 Metaspace       used 59230K, committed 60672K, reserved 1114112K
  class space    used 6327K, committed 6976K, reserved 1048576K
}
Event: 20.525 GC heap before
{Heap before GC invocations=64 (full 3):
 PSYoungGen      total 19968K, used 19688K [0x00000000d5580000, 0x00000000d6a00000, 0x0000000100000000)
  eden space 18944K, 100% used [0x00000000d5580000,0x00000000d6800000,0x00000000d6800000)
  from space 1024K, 72% used [0x00000000d6900000,0x00000000d69ba368,0x00000000d6a00000)
  to   space 1024K, 0% used [0x00000000d6800000,0x00000000d6800000,0x00000000d6900000)
 ParOldGen       total 68608K, used 55687K [0x0000000080000000, 0x0000000084300000, 0x00000000d5580000)
  object space 68608K, 81% used [0x0000000080000000,0x0000000083661f08,0x0000000084300000)
 Metaspace       used 60690K, committed 62144K, reserved 1114112K
  class space    used 6486K, committed 7104K, reserved 1048576K
}
Event: 20.528 GC heap after
{Heap after GC invocations=64 (full 3):
 PSYoungGen      total 19968K, used 1023K [0x00000000d5580000, 0x00000000d6d00000, 0x0000000100000000)
  eden space 18944K, 0% used [0x00000000d5580000,0x00000000d5580000,0x00000000d6800000)
  from space 1024K, 99% used [0x00000000d6800000,0x00000000d68fff70,0x00000000d6900000)
  to   space 2560K, 0% used [0x00000000d6a80000,0x00000000d6a80000,0x00000000d6d00000)
 ParOldGen       total 68608K, used 56594K [0x0000000080000000, 0x0000000084300000, 0x00000000d5580000)
  object space 68608K, 82% used [0x0000000080000000,0x0000000083744910,0x0000000084300000)
 Metaspace       used 60690K, committed 62144K, reserved 1114112K
  class space    used 6486K, committed 7104K, reserved 1048576K
}
Event: 20.893 GC heap before
{Heap before GC invocations=65 (full 3):
 PSYoungGen      total 19968K, used 19967K [0x00000000d5580000, 0x00000000d6d00000, 0x0000000100000000)
  eden space 18944K, 100% used [0x00000000d5580000,0x00000000d6800000,0x00000000d6800000)
  from space 1024K, 99% used [0x00000000d6800000,0x00000000d68fff70,0x00000000d6900000)
  to   space 2560K, 0% used [0x00000000d6a80000,0x00000000d6a80000,0x00000000d6d00000)
 ParOldGen       total 68608K, used 56594K [0x0000000080000000, 0x0000000084300000, 0x00000000d5580000)
  object space 68608K, 82% used [0x0000000080000000,0x0000000083744910,0x0000000084300000)
 Metaspace       used 61191K, committed 62656K, reserved 1114112K
  class space    used 6515K, committed 7168K, reserved 1048576K
}
Event: 20.897 GC heap after
{Heap after GC invocations=65 (full 3):
 PSYoungGen      total 19456K, used 2530K [0x00000000d5580000, 0x00000000d7100000, 0x0000000100000000)
  eden space 16896K, 0% used [0x00000000d5580000,0x00000000d5580000,0x00000000d6600000)
  from space 2560K, 98% used [0x00000000d6a80000,0x00000000d6cf8ba8,0x00000000d6d00000)
  to   space 4608K, 0% used [0x00000000d6600000,0x00000000d6600000,0x00000000d6a80000)
 ParOldGen       total 68608K, used 57958K [0x0000000080000000, 0x0000000084300000, 0x00000000d5580000)
  object space 68608K, 84% used [0x0000000080000000,0x0000000083899b40,0x0000000084300000)
 Metaspace       used 61191K, committed 62656K, reserved 1114112K
  class space    used 6515K, committed 7168K, reserved 1048576K
}
Event: 21.992 GC heap before
{Heap before GC invocations=66 (full 3):
 PSYoungGen      total 19456K, used 19426K [0x00000000d5580000, 0x00000000d7100000, 0x0000000100000000)
  eden space 16896K, 100% used [0x00000000d5580000,0x00000000d6600000,0x00000000d6600000)
  from space 2560K, 98% used [0x00000000d6a80000,0x00000000d6cf8ba8,0x00000000d6d00000)
  to   space 4608K, 0% used [0x00000000d6600000,0x00000000d6600000,0x00000000d6a80000)
 ParOldGen       total 68608K, used 57958K [0x0000000080000000, 0x0000000084300000, 0x00000000d5580000)
  object space 68608K, 84% used [0x0000000080000000,0x0000000083899b40,0x0000000084300000)
 Metaspace       used 61970K, committed 63424K, reserved 1114112K
  class space    used 6526K, committed 7168K, reserved 1048576K
}
Event: 21.996 GC heap after
{Heap after GC invocations=66 (full 3):
 PSYoungGen      total 17920K, used 947K [0x00000000d5580000, 0x00000000d6b00000, 0x0000000100000000)
  eden space 16896K, 0% used [0x00000000d5580000,0x00000000d5580000,0x00000000d6600000)
  from space 1024K, 92% used [0x00000000d6600000,0x00000000d66eccb0,0x00000000d6700000)
  to   space 2048K, 0% used [0x00000000d6900000,0x00000000d6900000,0x00000000d6b00000)
 ParOldGen       total 68608K, used 59855K [0x0000000080000000, 0x0000000084300000, 0x00000000d5580000)
  object space 68608K, 87% used [0x0000000080000000,0x0000000083a73f68,0x0000000084300000)
 Metaspace       used 61970K, committed 63424K, reserved 1114112K
  class space    used 6526K, committed 7168K, reserved 1048576K
}
Event: 22.606 GC heap before
{Heap before GC invocations=67 (full 3):
 PSYoungGen      total 17920K, used 17843K [0x00000000d5580000, 0x00000000d6b00000, 0x0000000100000000)
  eden space 16896K, 100% used [0x00000000d5580000,0x00000000d6600000,0x00000000d6600000)
  from space 1024K, 92% used [0x00000000d6600000,0x00000000d66eccb0,0x00000000d6700000)
  to   space 2048K, 0% used [0x00000000d6900000,0x00000000d6900000,0x00000000d6b00000)
 ParOldGen       total 68608K, used 59855K [0x0000000080000000, 0x0000000084300000, 0x00000000d5580000)
  object space 68608K, 87% used [0x0000000080000000,0x0000000083a73f68,0x0000000084300000)
 Metaspace       used 62233K, committed 63616K, reserved 1114112K
  class space    used 6538K, committed 7168K, reserved 1048576K
}
Event: 22.617 GC heap after
{Heap after GC invocations=67 (full 3):
 PSYoungGen      total 18432K, used 1129K [0x00000000d5580000, 0x00000000d6a80000, 0x0000000100000000)
  eden space 16896K, 0% used [0x00000000d5580000,0x00000000d5580000,0x00000000d6600000)
  from space 1536K, 73% used [0x00000000d6900000,0x00000000d6a1a400,0x00000000d6a80000)
  to   space 1536K, 0% used [0x00000000d6780000,0x00000000d6780000,0x00000000d6900000)
 ParOldGen       total 68608K, used 60583K [0x0000000080000000, 0x0000000084300000, 0x00000000d5580000)
  object space 68608K, 88% used [0x0000000080000000,0x0000000083b29fa0,0x0000000084300000)
 Metaspace       used 62233K, committed 63616K, reserved 1114112K
  class space    used 6538K, committed 7168K, reserved 1048576K
}
Event: 22.837 GC heap before
{Heap before GC invocations=68 (full 3):
 PSYoungGen      total 18432K, used 18025K [0x00000000d5580000, 0x00000000d6a80000, 0x0000000100000000)
  eden space 16896K, 100% used [0x00000000d5580000,0x00000000d6600000,0x00000000d6600000)
  from space 1536K, 73% used [0x00000000d6900000,0x00000000d6a1a400,0x00000000d6a80000)
  to   space 1536K, 0% used [0x00000000d6780000,0x00000000d6780000,0x00000000d6900000)
 ParOldGen       total 68608K, used 60583K [0x0000000080000000, 0x0000000084300000, 0x00000000d5580000)
  object space 68608K, 88% used [0x0000000080000000,0x0000000083b29fa0,0x0000000084300000)
 Metaspace       used 62337K, committed 63808K, reserved 1114112K
  class space    used 6538K, committed 7168K, reserved 1048576K
}
Event: 22.839 GC heap after
{Heap after GC invocations=68 (full 3):
 PSYoungGen      total 17920K, used 570K [0x00000000d5580000, 0x00000000d6980000, 0x0000000100000000)
  eden space 16896K, 0% used [0x00000000d5580000,0x00000000d5580000,0x00000000d6600000)
  from space 1024K, 55% used [0x00000000d6780000,0x00000000d680e900,0x00000000d6880000)
  to   space 1024K, 0% used [0x00000000d6880000,0x00000000d6880000,0x00000000d6980000)
 ParOldGen       total 68608K, used 61212K [0x0000000080000000, 0x0000000084300000, 0x00000000d5580000)
  object space 68608K, 89% used [0x0000000080000000,0x0000000083bc71b0,0x0000000084300000)
 Metaspace       used 62337K, committed 63808K, reserved 1114112K
  class space    used 6538K, committed 7168K, reserved 1048576K
}
Event: 276.065 GC heap before
{Heap before GC invocations=69 (full 3):
 PSYoungGen      total 17920K, used 17454K [0x00000000d5580000, 0x00000000d6980000, 0x0000000100000000)
  eden space 16896K, 99% used [0x00000000d5580000,0x00000000d65fd170,0x00000000d6600000)
  from space 1024K, 55% used [0x00000000d6780000,0x00000000d680e900,0x00000000d6880000)
  to   space 1024K, 0% used [0x00000000d6880000,0x00000000d6880000,0x00000000d6980000)
 ParOldGen       total 68608K, used 61212K [0x0000000080000000, 0x0000000084300000, 0x00000000d5580000)
  object space 68608K, 89% used [0x0000000080000000,0x0000000083bc71b0,0x0000000084300000)
 Metaspace       used 63044K, committed 64512K, reserved 1114112K
  class space    used 6593K, committed 7232K, reserved 1048576K
}
Event: 276.114 GC heap after
{Heap after GC invocations=69 (full 3):
 PSYoungGen      total 17408K, used 1018K [0x00000000d5580000, 0x00000000d6c00000, 0x0000000100000000)
  eden space 16384K, 0% used [0x00000000d5580000,0x00000000d5580000,0x00000000d6580000)
  from space 1024K, 99% used [0x00000000d6880000,0x00000000d697e9a8,0x00000000d6980000)
  to   space 3072K, 0% used [0x00000000d6580000,0x00000000d6580000,0x00000000d6880000)
 ParOldGen       total 68608K, used 62679K [0x0000000080000000, 0x0000000084300000, 0x00000000d5580000)
  object space 68608K, 91% used [0x0000000080000000,0x0000000083d35de8,0x0000000084300000)
 Metaspace       used 63044K, committed 64512K, reserved 1114112K
  class space    used 6593K, committed 7232K, reserved 1048576K
}
Event: 3266.268 GC heap before
{Heap before GC invocations=70 (full 3):
 PSYoungGen      total 17408K, used 17402K [0x00000000d5580000, 0x00000000d6c00000, 0x0000000100000000)
  eden space 16384K, 100% used [0x00000000d5580000,0x00000000d6580000,0x00000000d6580000)
  from space 1024K, 99% used [0x00000000d6880000,0x00000000d697e9a8,0x00000000d6980000)
  to   space 3072K, 0% used [0x00000000d6580000,0x00000000d6580000,0x00000000d6880000)
 ParOldGen       total 68608K, used 62679K [0x0000000080000000, 0x0000000084300000, 0x00000000d5580000)
  object space 68608K, 91% used [0x0000000080000000,0x0000000083d35de8,0x0000000084300000)
 Metaspace       used 63317K, committed 64768K, reserved 1114112K
  class space    used 6633K, committed 7232K, reserved 1048576K
}
Event: 3266.611 GC heap after
{Heap after GC invocations=70 (full 3):
 PSYoungGen      total 17920K, used 1440K [0x00000000d5580000, 0x00000000d6980000, 0x0000000100000000)
  eden space 16384K, 0% used [0x00000000d5580000,0x00000000d5580000,0x00000000d6580000)
  from space 1536K, 93% used [0x00000000d6580000,0x00000000d66e8000,0x00000000d6700000)
  to   space 2048K, 0% used [0x00000000d6780000,0x00000000d6780000,0x00000000d6980000)
 ParOldGen       total 68608K, used 63288K [0x0000000080000000, 0x0000000084300000, 0x00000000d5580000)
  object space 68608K, 92% used [0x0000000080000000,0x0000000083dce3e0,0x0000000084300000)
 Metaspace       used 63317K, committed 64768K, reserved 1114112K
  class space    used 6633K, committed 7232K, reserved 1048576K
}

Dll operation events (10 events):
Event: 0.016 Loaded shared library c:\Users\HP\.antigravity\extensions\redhat.java-1.53.0-win32-x64\jre\21.0.10-win32-x86_64\bin\java.dll
Event: 0.133 Loaded shared library c:\Users\HP\.antigravity\extensions\redhat.java-1.53.0-win32-x64\jre\21.0.10-win32-x86_64\bin\zip.dll
Event: 0.158 Loaded shared library C:\Users\HP\.antigravity\extensions\redhat.java-1.53.0-win32-x64\jre\21.0.10-win32-x86_64\bin\instrument.dll
Event: 0.165 Loaded shared library C:\Users\HP\.antigravity\extensions\redhat.java-1.53.0-win32-x64\jre\21.0.10-win32-x86_64\bin\net.dll
Event: 0.168 Loaded shared library C:\Users\HP\.antigravity\extensions\redhat.java-1.53.0-win32-x64\jre\21.0.10-win32-x86_64\bin\nio.dll
Event: 0.172 Loaded shared library C:\Users\HP\.antigravity\extensions\redhat.java-1.53.0-win32-x64\jre\21.0.10-win32-x86_64\bin\zip.dll
Event: 0.195 Loaded shared library C:\Users\HP\.antigravity\extensions\redhat.java-1.53.0-win32-x64\jre\21.0.10-win32-x86_64\bin\jimage.dll
Event: 0.304 Loaded shared library c:\Users\HP\.antigravity\extensions\redhat.java-1.53.0-win32-x64\jre\21.0.10-win32-x86_64\bin\verify.dll
Event: 2.082 Loaded shared library C:\Users\HP\AppData\Roaming\Antigravity\User\globalStorage\redhat.java\1.53.0\config_win\org.eclipse.equinox.launcher\org.eclipse.equinox.launcher.win32.win32.x86_64_1.3.0.v20260203-2149\eclipse_11919.dll
Event: 5.248 Loaded shared library C:\Users\HP\AppData\Local\Temp\jna-2312\jna15239703206893837741.dll

Deoptimization events (20 events):
Event: 275.879 Thread 0x000001f373b9cdb0 DEOPT PACKING pc=0x000001f31eeb66c4 sp=0x00000060bd3fd5d0
Event: 275.879 Thread 0x000001f373b9cdb0 DEOPT UNPACKING pc=0x000001f31e413aa2 sp=0x00000060bd3fd548 mode 2
Event: 275.879 Thread 0x000001f373b9cdb0 Uncommon trap: trap_request=0xffffffd6 fr.pc=0x000001f31eeb66c4 relative=0x0000000000005524
Event: 275.880 Thread 0x000001f373b9cdb0 Uncommon trap: reason=array_check action=maybe_recompile pc=0x000001f31eeb66c4 method=org.eclipse.jdt.internal.compiler.classfmt.ModuleInfo.readModuleAttribute(I)V @ 1029 c2
Event: 275.880 Thread 0x000001f373b9cdb0 DEOPT PACKING pc=0x000001f31eeb66c4 sp=0x00000060bd3fd5d0
Event: 275.880 Thread 0x000001f373b9cdb0 DEOPT UNPACKING pc=0x000001f31e413aa2 sp=0x00000060bd3fd548 mode 2
Event: 275.880 Thread 0x000001f373b9cdb0 Uncommon trap: trap_request=0xffffffd6 fr.pc=0x000001f31eeb66c4 relative=0x0000000000005524
Event: 275.880 Thread 0x000001f373b9cdb0 Uncommon trap: reason=array_check action=maybe_recompile pc=0x000001f31eeb66c4 method=org.eclipse.jdt.internal.compiler.classfmt.ModuleInfo.readModuleAttribute(I)V @ 1029 c2
Event: 275.880 Thread 0x000001f373b9cdb0 DEOPT PACKING pc=0x000001f31eeb66c4 sp=0x00000060bd3fd5d0
Event: 275.880 Thread 0x000001f373b9cdb0 DEOPT UNPACKING pc=0x000001f31e413aa2 sp=0x00000060bd3fd548 mode 2
Event: 275.921 Thread 0x000001f373b9cdb0 DEOPT PACKING pc=0x000001f317e5c9e2 sp=0x00000060bd3fd520
Event: 275.921 Thread 0x000001f373b9cdb0 DEOPT UNPACKING pc=0x000001f31e414242 sp=0x00000060bd3fca98 mode 0
Event: 276.744 Thread 0x000001f373b9cdb0 Uncommon trap: trap_request=0xffffff45 fr.pc=0x000001f31ee56d28 relative=0x0000000000001ce8
Event: 276.744 Thread 0x000001f373b9cdb0 Uncommon trap: reason=unstable_if action=reinterpret pc=0x000001f31ee56d28 method=org.eclipse.jdt.internal.core.JavaModelCache.getInfo(Lorg/eclipse/jdt/core/IJavaElement;)Lorg/eclipse/jdt/internal/compiler/env/IElementInfo; @ 6 c2
Event: 276.744 Thread 0x000001f373b9cdb0 DEOPT PACKING pc=0x000001f31ee56d28 sp=0x00000060bd3fd5c0
Event: 276.744 Thread 0x000001f373b9cdb0 DEOPT UNPACKING pc=0x000001f31e413aa2 sp=0x00000060bd3fd598 mode 2
Event: 1524.365 Thread 0x000001f373b9ee80 Uncommon trap: trap_request=0xffffff45 fr.pc=0x000001f31edb94c8 relative=0x0000000000000388
Event: 1524.365 Thread 0x000001f373b9ee80 Uncommon trap: reason=unstable_if action=reinterpret pc=0x000001f31edb94c8 method=org.eclipse.core.runtime.Path.equals(Ljava/lang/Object;)Z @ 120 c2
Event: 1524.365 Thread 0x000001f373b9ee80 DEOPT PACKING pc=0x000001f31edb94c8 sp=0x00000060bd1ff2c0
Event: 1524.367 Thread 0x000001f373b9ee80 DEOPT UNPACKING pc=0x000001f31e413aa2 sp=0x00000060bd1ff250 mode 2

Classes loaded (20 events):
Event: 32.379 Loading class sun/util/resources/TimeZoneNamesBundle done
Event: 32.379 Loading class sun/util/resources/cldr/TimeZoneNames done
Event: 32.379 Loading class sun/util/resources/cldr/TimeZoneNames_en
Event: 32.412 Loading class sun/util/resources/cldr/TimeZoneNames_en done
Event: 32.412 Loading class sun/util/resources/cldr/TimeZoneNames_en_US
Event: 32.412 Loading class sun/util/resources/cldr/TimeZoneNames_en_US done
Event: 32.451 Loading class sun/util/cldr/CLDRBaseLocaleDataMetaInfo$TZCanonicalIDMapHolder
Event: 32.467 Loading class sun/util/cldr/CLDRBaseLocaleDataMetaInfo$TZCanonicalIDMapHolder done
Event: 32.489 Loading class sun/util/resources/TimeZoneNames
Event: 32.498 Loading class sun/util/resources/TimeZoneNames done
Event: 32.499 Loading class sun/util/resources/TimeZoneNames_en
Event: 32.500 Loading class sun/util/resources/TimeZoneNames_en done
Event: 276.914 Loading class java/nio/file/Files$2
Event: 276.916 Loading class java/nio/file/Files$2 done
Event: 1523.883 Loading class java/util/stream/DistinctOps
Event: 1523.906 Loading class java/util/stream/DistinctOps done
Event: 1523.908 Loading class java/util/stream/DistinctOps$1
Event: 1523.971 Loading class java/util/stream/DistinctOps$1 done
Event: 1524.241 Loading class java/util/stream/DistinctOps$1$2
Event: 1524.253 Loading class java/util/stream/DistinctOps$1$2 done

Classes unloaded (9 events):
Event: 6.724 Thread 0x000001f32a6e44d0 Unloading class 0x000001f32c1a9400 'java/lang/invoke/LambdaForm$MH+0x000001f32c1a9400'
Event: 6.724 Thread 0x000001f32a6e44d0 Unloading class 0x000001f32c1a9000 'java/lang/invoke/LambdaForm$MH+0x000001f32c1a9000'
Event: 6.724 Thread 0x000001f32a6e44d0 Unloading class 0x000001f32c1a8c00 'java/lang/invoke/LambdaForm$MH+0x000001f32c1a8c00'
Event: 6.724 Thread 0x000001f32a6e44d0 Unloading class 0x000001f32c1a8800 'java/lang/invoke/LambdaForm$MH+0x000001f32c1a8800'
Event: 6.724 Thread 0x000001f32a6e44d0 Unloading class 0x000001f32c1a8400 'java/lang/invoke/LambdaForm$BMH+0x000001f32c1a8400'
Event: 6.724 Thread 0x000001f32a6e44d0 Unloading class 0x000001f32c1a8000 'java/lang/invoke/LambdaForm$DMH+0x000001f32c1a8000'
Event: 6.724 Thread 0x000001f32a6e44d0 Unloading class 0x000001f32c1a6c00 'java/lang/invoke/LambdaForm$DMH+0x000001f32c1a6c00'
Event: 17.463 Thread 0x000001f32a6e44d0 Unloading class 0x000001f32c5f9400 'java/lang/invoke/LambdaForm$DMH+0x000001f32c5f9400'
Event: 17.463 Thread 0x000001f32a6e44d0 Unloading class 0x000001f32c5f9000 'java/lang/invoke/LambdaForm$DMH+0x000001f32c5f9000'

Classes redefined (0 events):
No events

Internal exceptions (20 events):
Event: 14.911 Thread 0x000001f373b9e7f0 Exception <a 'sun/nio/fs/WindowsException'{0x00000000d61e0688}> (0x00000000d61e0688) 
thrown [s\src\hotspot\share\prims\jni.cpp, line 520]
Event: 14.912 Thread 0x000001f373b9e7f0 Exception <a 'sun/nio/fs/WindowsException'{0x00000000d61e20a8}> (0x00000000d61e20a8) 
thrown [s\src\hotspot\share\prims\jni.cpp, line 520]
Event: 14.912 Thread 0x000001f373b9e7f0 Exception <a 'sun/nio/fs/WindowsException'{0x00000000d61e2a30}> (0x00000000d61e2a30) 
thrown [s\src\hotspot\share\prims\jni.cpp, line 520]
Event: 14.918 Thread 0x000001f373b9e7f0 Exception <a 'sun/nio/fs/WindowsException'{0x00000000d655c6e0}> (0x00000000d655c6e0) 
thrown [s\src\hotspot\share\prims\jni.cpp, line 520]
Event: 14.918 Thread 0x000001f373b9e7f0 Exception <a 'sun/nio/fs/WindowsException'{0x00000000d6561998}> (0x00000000d6561998) 
thrown [s\src\hotspot\share\prims\jni.cpp, line 520]
Event: 16.061 Thread 0x000001f37211b690 Exception <a 'java/lang/NoSuchMethodError'{0x00000000d6332dd8}: 'java.lang.Object java.lang.invoke.DirectMethodHandle$Holder.invokeVirtual(java.lang.Object, java.lang.Object, int)'> (0x00000000d6332dd8) 
thrown [s\src\hotspot\share\interpreter\linkResolver.cpp, line 773]
Event: 17.660 Thread 0x000001f37211b690 Exception <a 'java/lang/NoSuchMethodError'{0x00000000d5688128}: 'java.lang.Object java.lang.invoke.DirectMethodHandle$Holder.invokeStatic(java.lang.Object, java.lang.Object, int, java.lang.Object)'> (0x00000000d5688128) 
thrown [s\src\hotspot\share\interpreter\linkResolver.cpp, line 773]
Event: 17.660 Thread 0x000001f37211b690 Exception <a 'java/lang/NoSuchMethodError'{0x00000000d568e838}: 'java.lang.Object java.lang.invoke.DirectMethodHandle$Holder.newInvokeSpecial(java.lang.Object, java.lang.Object, int)'> (0x00000000d568e838) 
thrown [s\src\hotspot\share\interpreter\linkResolver.cpp, line 773]
Event: 17.673 Thread 0x000001f373b9e160 Exception <a 'java/io/FileNotFoundException'{0x00000000d57b5478}> (0x00000000d57b5478) 
thrown [s\src\hotspot\share\prims\jni.cpp, line 520]
Event: 17.674 Thread 0x000001f373b9e160 Exception <a 'java/io/FileNotFoundException'{0x00000000d57b6898}> (0x00000000d57b6898) 
thrown [s\src\hotspot\share\prims\jni.cpp, line 520]
Event: 18.372 Thread 0x000001f37211ca40 Exception <a 'java/lang/NoSuchMethodError'{0x00000000d5e2f040}: 'java.lang.Object java.lang.invoke.DirectMethodHandle$Holder.invokeSpecial(java.lang.Object, java.lang.Object, int, long)'> (0x00000000d5e2f040) 
thrown [s\src\hotspot\share\interpreter\linkResolver.cpp, line 773]
Event: 20.166 Thread 0x000001f37211ddf0 Exception <a 'java/lang/NoSuchMethodError'{0x00000000d5b9cf58}: 'int java.lang.invoke.DirectMethodHandle$Holder.invokeSpecialIFC(java.lang.Object, java.lang.Object, java.lang.Object)'> (0x00000000d5b9cf58) 
thrown [s\src\hotspot\share\interpreter\linkResolver.cpp, line 773]
Event: 20.200 Thread 0x000001f37211ddf0 Implicit null exception at 0x000001f31edd7dcb to 0x000001f31edd7f24
Event: 20.429 Thread 0x000001f37211ddf0 Exception <a 'java/lang/NoSuchMethodError'{0x00000000d6404f18}: 'void java.lang.invoke.DirectMethodHandle$Holder.invokeStatic(java.lang.Object, int, java.lang.Object)'> (0x00000000d6404f18) 
thrown [s\src\hotspot\share\interpreter\linkResolver.cpp, line 773]
Event: 20.490 Thread 0x000001f37211ddf0 Exception <a 'java/io/FileNotFoundException'{0x00000000d6570968}> (0x00000000d6570968) 
thrown [s\src\hotspot\share\prims\jni.cpp, line 520]
Event: 20.490 Thread 0x000001f37211ddf0 Exception <a 'java/io/FileNotFoundException'{0x00000000d6571a78}> (0x00000000d6571a78) 
thrown [s\src\hotspot\share\prims\jni.cpp, line 520]
Event: 20.491 Thread 0x000001f37211ddf0 Exception <a 'java/io/FileNotFoundException'{0x00000000d6572be8}> (0x00000000d6572be8) 
thrown [s\src\hotspot\share\prims\jni.cpp, line 520]
Event: 22.499 Thread 0x000001f37211ddf0 Implicit null exception at 0x000001f31ee47346 to 0x000001f31ee473b4
Event: 27.258 Thread 0x000001f373b9e160 Exception <a 'java/lang/IncompatibleClassChangeError'{0x00000000d592bf58}: Found class java.lang.Object, but interface was expected> (0x00000000d592bf58) 
thrown [s\src\hotspot\share\interpreter\linkResolver.cpp, line 840]
Event: 275.861 Thread 0x000001f373b9cdb0 Exception <a 'java/lang/IncompatibleClassChangeError'{0x00000000d5f99ac8}: Found class java.lang.Object, but interface was expected> (0x00000000d5f99ac8) 
thrown [s\src\hotspot\share\interpreter\linkResolver.cpp, line 840]

ZGC Phase Switch (0 events):
No events

VM Operations (20 events):
Event: 3428.457 Executing non-safepoint VM operation: HandshakeAllThreads (HandshakeForDeflation)
Event: 3428.457 Executing non-safepoint VM operation: HandshakeAllThreads (HandshakeForDeflation) done
Event: 3428.457 Executing non-safepoint VM operation: RendezvousGCThreads
Event: 3428.457 Executing non-safepoint VM operation: RendezvousGCThreads done
Event: 3488.536 Executing non-safepoint VM operation: HandshakeAllThreads (HandshakeForDeflation)
Event: 3488.536 Executing non-safepoint VM operation: HandshakeAllThreads (HandshakeForDeflation) done
Event: 3488.536 Executing non-safepoint VM operation: RendezvousGCThreads
Event: 3488.536 Executing non-safepoint VM operation: RendezvousGCThreads done
Event: 3548.794 Executing non-safepoint VM operation: HandshakeAllThreads (HandshakeForDeflation)
Event: 3548.794 Executing non-safepoint VM operation: HandshakeAllThreads (HandshakeForDeflation) done
Event: 3548.794 Executing non-safepoint VM operation: RendezvousGCThreads
Event: 3548.794 Executing non-safepoint VM operation: RendezvousGCThreads done
Event: 3608.816 Executing non-safepoint VM operation: HandshakeAllThreads (HandshakeForDeflation)
Event: 3608.817 Executing non-safepoint VM operation: HandshakeAllThreads (HandshakeForDeflation) done
Event: 3608.817 Executing non-safepoint VM operation: RendezvousGCThreads
Event: 3608.817 Executing non-safepoint VM operation: RendezvousGCThreads done
Event: 3668.946 Executing non-safepoint VM operation: HandshakeAllThreads (HandshakeForDeflation)
Event: 3668.946 Executing non-safepoint VM operation: HandshakeAllThreads (HandshakeForDeflation) done
Event: 3668.947 Executing non-safepoint VM operation: RendezvousGCThreads
Event: 3668.947 Executing non-safepoint VM operation: RendezvousGCThreads done

Memory protections (0 events):
No events

Nmethod flushes (20 events):
Event: 17.519 Thread 0x000001f32a6e44d0 flushing  nmethod 0x000001f31776b810
Event: 17.519 Thread 0x000001f32a6e44d0 flushing  nmethod 0x000001f31778f390
Event: 17.519 Thread 0x000001f32a6e44d0 flushing  nmethod 0x000001f31778fa90
Event: 17.519 Thread 0x000001f32a6e44d0 flushing  nmethod 0x000001f317790090
Event: 17.519 Thread 0x000001f32a6e44d0 flushing  nmethod 0x000001f317790f90
Event: 17.519 Thread 0x000001f32a6e44d0 flushing  nmethod 0x000001f317792790
Event: 17.519 Thread 0x000001f32a6e44d0 flushing  nmethod 0x000001f317794490
Event: 17.519 Thread 0x000001f32a6e44d0 flushing  nmethod 0x000001f31779e610
Event: 17.519 Thread 0x000001f32a6e44d0 flushing  nmethod 0x000001f3177a6490
Event: 17.519 Thread 0x000001f32a6e44d0 flushing  nmethod 0x000001f3177cbd90
Event: 17.519 Thread 0x000001f32a6e44d0 flushing  nmethod 0x000001f3177ccd90
Event: 17.519 Thread 0x000001f32a6e44d0 flushing  nmethod 0x000001f3177ce210
Event: 17.519 Thread 0x000001f32a6e44d0 flushing  nmethod 0x000001f3177d5b10
Event: 17.519 Thread 0x000001f32a6e44d0 flushing  nmethod 0x000001f3177d5e90
Event: 17.519 Thread 0x000001f32a6e44d0 flushing  nmethod 0x000001f3177dfc90
Event: 17.519 Thread 0x000001f32a6e44d0 flushing  nmethod 0x000001f3177e0090
Event: 17.519 Thread 0x000001f32a6e44d0 flushing  nmethod 0x000001f3177e0510
Event: 17.519 Thread 0x000001f32a6e44d0 flushing  nmethod 0x000001f3177e0b10
Event: 17.519 Thread 0x000001f32a6e44d0 flushing  nmethod 0x000001f3177e0f10
Event: 17.519 Thread 0x000001f32a6e44d0 flushing  nmethod 0x000001f3177e3390

Events (20 events):
Event: 14.050 Thread 0x000001f37211b690 Thread added: 0x000001f373ba1c70
Event: 14.050 Thread 0x000001f37211b690 Thread added: 0x000001f373b9ba00
Event: 14.051 Thread 0x000001f37211b690 Thread added: 0x000001f373ba3020
Event: 14.073 Thread 0x000001f37211b690 Thread added: 0x000001f373b9c090
Event: 14.073 Thread 0x000001f37211b690 Thread added: 0x000001f373b9c720
Event: 14.340 Thread 0x000001f373b9ba00 Thread exited: 0x000001f373b9ba00
Event: 14.340 Thread 0x000001f373ba3020 Thread exited: 0x000001f373ba3020
Event: 14.340 Thread 0x000001f373b9c720 Thread exited: 0x000001f373b9c720
Event: 14.340 Thread 0x000001f373b9c090 Thread exited: 0x000001f373b9c090
Event: 14.341 Thread 0x000001f373ba1c70 Thread exited: 0x000001f373ba1c70
Event: 78.469 Thread 0x000001f37211b690 Thread exited: 0x000001f37211b690
Event: 78.470 Thread 0x000001f374120550 Thread exited: 0x000001f374120550
Event: 79.011 Thread 0x000001f37211ca40 Thread exited: 0x000001f37211ca40
Event: 80.214 Thread 0x000001f373b9e7f0 Thread exited: 0x000001f373b9e7f0
Event: 140.234 Thread 0x000001f373b9f510 Thread exited: 0x000001f373b9f510
Event: 200.250 Thread 0x000001f373ba0230 Thread exited: 0x000001f373ba0230
Event: 260.258 Thread 0x000001f373b9fba0 Thread exited: 0x000001f373b9fba0
Event: 337.056 Thread 0x000001f373b9cdb0 Thread exited: 0x000001f373b9cdb0
Event: 397.151 Thread 0x000001f373ba2300 Thread exited: 0x000001f373ba2300
Event: 457.133 Thread 0x000001f373ba2990 Thread exited: 0x000001f373ba2990


Dynamic libraries:
0x00007ff66cb80000 - 0x00007ff66cb8e000 	c:\Users\HP\.antigravity\extensions\redhat.java-1.53.0-win32-x64\jre\21.0.10-win32-x86_64\bin\java.exe
0x00007fff032f0000 - 0x00007fff03508000 	C:\WINDOWS\SYSTEM32\ntdll.dll
0x00007fff02260000 - 0x00007fff02324000 	C:\WINDOWS\System32\KERNEL32.DLL
0x00007fff00430000 - 0x00007fff00803000 	C:\WINDOWS\System32\KERNELBASE.dll
0x00007fff00db0000 - 0x00007fff00ec1000 	C:\WINDOWS\System32\ucrtbase.dll
0x00007ffe7ce00000 - 0x00007ffe7ce1e000 	c:\Users\HP\.antigravity\extensions\redhat.java-1.53.0-win32-x64\jre\21.0.10-win32-x86_64\bin\VCRUNTIME140.dll
0x00007ffe78f50000 - 0x00007ffe78f68000 	c:\Users\HP\.antigravity\extensions\redhat.java-1.53.0-win32-x64\jre\21.0.10-win32-x86_64\bin\jli.dll
0x00007ffedffc0000 - 0x00007ffee025c000 	C:\WINDOWS\WinSxS\amd64_microsoft.windows.common-controls_6595b64144ccf1df_6.0.22621.6060_none_2712eda17382d24b\COMCTL32.dll
0x00007fff02400000 - 0x00007fff025b2000 	C:\WINDOWS\System32\USER32.dll
0x00007fff03090000 - 0x00007fff03137000 	C:\WINDOWS\System32\msvcrt.dll
0x00007fff02ea0000 - 0x00007fff02ec9000 	C:\WINDOWS\System32\GDI32.dll
0x00007fff00c10000 - 0x00007fff00c36000 	C:\WINDOWS\System32\win32u.dll
0x00007fff00af0000 - 0x00007fff00c0b000 	C:\WINDOWS\System32\gdi32full.dll
0x00007fff00890000 - 0x00007fff0092a000 	C:\WINDOWS\System32\msvcp_win.dll
0x00007fff01b00000 - 0x00007fff01b31000 	C:\WINDOWS\System32\IMM32.DLL
0x00007ffeaec90000 - 0x00007ffeaec9c000 	c:\Users\HP\.antigravity\extensions\redhat.java-1.53.0-win32-x64\jre\21.0.10-win32-x86_64\bin\vcruntime140_1.dll
0x00007ffe78ec0000 - 0x00007ffe78f4d000 	c:\Users\HP\.antigravity\extensions\redhat.java-1.53.0-win32-x64\jre\21.0.10-win32-x86_64\bin\msvcp140.dll
0x00007ffe6e760000 - 0x00007ffe6f501000 	c:\Users\HP\.antigravity\extensions\redhat.java-1.53.0-win32-x64\jre\21.0.10-win32-x86_64\bin\server\jvm.dll
0x00007fff03140000 - 0x00007fff031f1000 	C:\WINDOWS\System32\ADVAPI32.dll
0x00007fff02ed0000 - 0x00007fff02f78000 	C:\WINDOWS\System32\sechost.dll
0x00007fff00400000 - 0x00007fff00428000 	C:\WINDOWS\System32\bcrypt.dll
0x00007fff019e0000 - 0x00007fff01af8000 	C:\WINDOWS\System32\RPCRT4.dll
0x00007fff025c0000 - 0x00007fff02631000 	C:\WINDOWS\System32\WS2_32.dll
0x00007ffef6960000 - 0x00007ffef6994000 	C:\WINDOWS\SYSTEM32\WINMM.dll
0x00007ffef29f0000 - 0x00007ffef29fa000 	C:\WINDOWS\SYSTEM32\VERSION.dll
0x00007fff002d0000 - 0x00007fff0031d000 	C:\WINDOWS\SYSTEM32\POWRPROF.dll
0x00007fff002b0000 - 0x00007fff002c3000 	C:\WINDOWS\SYSTEM32\UMPDC.dll
0x00007ffeff3a0000 - 0x00007ffeff3b8000 	C:\WINDOWS\SYSTEM32\kernel.appcore.dll
0x00007ffea42c0000 - 0x00007ffea42ca000 	c:\Users\HP\.antigravity\extensions\redhat.java-1.53.0-win32-x64\jre\21.0.10-win32-x86_64\bin\jimage.dll
0x00007ffefddb0000 - 0x00007ffefdfe3000 	C:\WINDOWS\SYSTEM32\DBGHELP.DLL
0x00007fff02710000 - 0x00007fff02aa1000 	C:\WINDOWS\System32\combase.dll
0x00007fff02180000 - 0x00007fff02258000 	C:\WINDOWS\System32\OLEAUT32.dll
0x00007ffedf2a0000 - 0x00007ffedf2d2000 	C:\WINDOWS\SYSTEM32\dbgcore.DLL
0x00007fff00810000 - 0x00007fff0088b000 	C:\WINDOWS\System32\bcryptPrimitives.dll
0x00007ffe96340000 - 0x00007ffe9634f000 	c:\Users\HP\.antigravity\extensions\redhat.java-1.53.0-win32-x64\jre\21.0.10-win32-x86_64\bin\instrument.dll
0x00007ffe78a00000 - 0x00007ffe78a20000 	c:\Users\HP\.antigravity\extensions\redhat.java-1.53.0-win32-x64\jre\21.0.10-win32-x86_64\bin\java.dll
0x00007fff00f90000 - 0x00007fff0182c000 	C:\WINDOWS\System32\SHELL32.dll
0x00007fff00930000 - 0x00007fff00a6f000 	C:\WINDOWS\System32\wintypes.dll
0x00007ffefe2b0000 - 0x00007ffefebca000 	C:\WINDOWS\SYSTEM32\windows.storage.dll
0x00007fff02f80000 - 0x00007fff03084000 	C:\WINDOWS\System32\SHCORE.dll
0x00007fff02640000 - 0x00007fff026a9000 	C:\WINDOWS\System32\shlwapi.dll
0x00007fff00330000 - 0x00007fff00355000 	C:\WINDOWS\SYSTEM32\profapi.dll
0x00007ffe789e0000 - 0x00007ffe789f8000 	c:\Users\HP\.antigravity\extensions\redhat.java-1.53.0-win32-x64\jre\21.0.10-win32-x86_64\bin\zip.dll
0x00007ffe79040000 - 0x00007ffe79050000 	C:\Users\HP\.antigravity\extensions\redhat.java-1.53.0-win32-x64\jre\21.0.10-win32-x86_64\bin\net.dll
0x00007ffef99c0000 - 0x00007ffef9aec000 	C:\WINDOWS\SYSTEM32\WINHTTP.dll
0x00007ffeff860000 - 0x00007ffeff8c9000 	C:\WINDOWS\system32\mswsock.dll
0x00007ffe789c0000 - 0x00007ffe789d6000 	C:\Users\HP\.antigravity\extensions\redhat.java-1.53.0-win32-x64\jre\21.0.10-win32-x86_64\bin\nio.dll
0x00007ffe78eb0000 - 0x00007ffe78ec0000 	c:\Users\HP\.antigravity\extensions\redhat.java-1.53.0-win32-x64\jre\21.0.10-win32-x86_64\bin\verify.dll
0x00007ffe701d0000 - 0x00007ffe70215000 	C:\Users\HP\AppData\Roaming\Antigravity\User\globalStorage\redhat.java\1.53.0\config_win\org.eclipse.equinox.launcher\org.eclipse.equinox.launcher.win32.win32.x86_64_1.3.0.v20260203-2149\eclipse_11919.dll
0x00007fff02ab0000 - 0x00007fff02c51000 	C:\WINDOWS\System32\ole32.dll
0x00007ffeffbb0000 - 0x00007ffeffbcb000 	C:\WINDOWS\SYSTEM32\CRYPTSP.dll
0x00007ffeff300000 - 0x00007ffeff337000 	C:\WINDOWS\system32\rsaenh.dll
0x00007ffeff900000 - 0x00007ffeff928000 	C:\WINDOWS\SYSTEM32\USERENV.dll
0x00007ffeffb90000 - 0x00007ffeffb9c000 	C:\WINDOWS\SYSTEM32\CRYPTBASE.dll
0x00007ffefee30000 - 0x00007ffefee5d000 	C:\WINDOWS\SYSTEM32\IPHLPAPI.DLL
0x00007fff019d0000 - 0x00007fff019d9000 	C:\WINDOWS\System32\NSI.dll
0x00007ffe6f7e0000 - 0x00007ffe6f829000 	C:\Users\HP\AppData\Local\Temp\jna-2312\jna15239703206893837741.dll
0x00007fff01b40000 - 0x00007fff01b48000 	C:\WINDOWS\System32\PSAPI.DLL
0x00007ffef6450000 - 0x00007ffef6469000 	C:\WINDOWS\SYSTEM32\dhcpcsvc6.DLL
0x00007ffef63a0000 - 0x00007ffef63bf000 	C:\WINDOWS\SYSTEM32\dhcpcsvc.DLL

JVMTI agents:
c:\Users\HP\.antigravity\extensions\redhat.java-1.53.0-win32-x64\lombok\lombok-1.18.39-4050.jar path:c:\Users\HP\.antigravity\extensions\redhat.java-1.53.0-win32-x64\jre\21.0.10-win32-x86_64\bin\instrument.dll, loaded, initialized, instrumentlib options:none

dbghelp: loaded successfully - version: 4.0.5 - missing functions: none
symbol engine: initialized successfully - sym options: 0x614 - pdb path: .;c:\Users\HP\.antigravity\extensions\redhat.java-1.53.0-win32-x64\jre\21.0.10-win32-x86_64\bin;C:\WINDOWS\SYSTEM32;C:\WINDOWS\WinSxS\amd64_microsoft.windows.common-controls_6595b64144ccf1df_6.0.22621.6060_none_2712eda17382d24b;c:\Users\HP\.antigravity\extensions\redhat.java-1.53.0-win32-x64\jre\21.0.10-win32-x86_64\bin\server;C:\Users\HP\AppData\Roaming\Antigravity\User\globalStorage\redhat.java\1.53.0\config_win\org.eclipse.equinox.launcher\org.eclipse.equinox.launcher.win32.win32.x86_64_1.3.0.v20260203-2149;C:\Users\HP\AppData\Local\Temp\jna-2312

VM Arguments:
jvm_args: --add-modules=ALL-SYSTEM --add-opens=java.base/java.util=ALL-UNNAMED --add-opens=java.base/java.lang=ALL-UNNAMED --add-opens=java.base/sun.nio.fs=ALL-UNNAMED -Declipse.application=org.eclipse.jdt.ls.core.id1 -Dosgi.bundles.defaultStartLevel=4 -Declipse.product=org.eclipse.jdt.ls.core.product -Djava.import.generatesMetadataFilesAtProjectRoot=false -DDetectVMInstallationsJob.disabled=true -Dfile.encoding=utf8 -XX:+UseParallelGC -XX:GCTimeRatio=4 -XX:AdaptiveSizePolicyWeight=90 -Dsun.zip.disableMemoryMapping=true -Xmx2G -Xms100m -Xlog:disable -javaagent:c:\Users\HP\.antigravity\extensions\redhat.java-1.53.0-win32-x64\lombok\lombok-1.18.39-4050.jar -XX:+HeapDumpOnOutOfMemoryError -XX:HeapDumpPath=c:\Users\HP\AppData\Roaming\Antigravity\User\workspaceStorage\ec30be9fa44441caa41ccff467e32948\redhat.java -Daether.dependencyCollector.impl=bf 
java_command: c:\Users\HP\.antigravity\extensions\redhat.java-1.53.0-win32-x64\server\plugins\org.eclipse.equinox.launcher_1.7.100.v20251111-0406.jar -configuration c:\Users\HP\AppData\Roaming\Antigravity\User\globalStorage\redhat.java\1.53.0\config_win -data c:\Users\HP\AppData\Roaming\Antigravity\User\workspaceStorage\ec30be9fa44441caa41ccff467e32948\redhat.java\jdt_ws --pipe=\\.\pipe\lsp-d9b71e3229fd0cb5b2b8b3cbf07cb3c5-sock
java_class_path (initial): c:\Users\HP\.antigravity\extensions\redhat.java-1.53.0-win32-x64\server\plugins\org.eclipse.equinox.launcher_1.7.100.v20251111-0406.jar
Launcher Type: SUN_STANDARD

[Global flags]
    uintx AdaptiveSizePolicyWeight                 = 90                                        {product} {command line}
     intx CICompilerCount                          = 4                                         {product} {ergonomic}
    uintx GCTimeRatio                              = 4                                         {product} {command line}
     bool HeapDumpOnOutOfMemoryError               = true                                   {manageable} {command line}
    ccstr HeapDumpPath                             = c:\Users\HP\AppData\Roaming\Antigravity\User\workspaceStorage\ec30be9fa44441caa41ccff467e32948\redhat.java         {manageable} {command line}
   size_t InitialHeapSize                          = 104857600                                 {product} {command line}
   size_t MaxHeapSize                              = 2147483648                                {product} {command line}
   size_t MaxNewSize                               = 715653120                                 {product} {ergonomic}
   size_t MinHeapDeltaBytes                        = 524288                                    {product} {ergonomic}
   size_t MinHeapSize                              = 104857600                                 {product} {command line}
   size_t NewSize                                  = 34603008                                  {product} {ergonomic}
    uintx NonNMethodCodeHeapSize                   = 5839372                                {pd product} {ergonomic}
    uintx NonProfiledCodeHeapSize                  = 122909434                              {pd product} {ergonomic}
   size_t OldSize                                  = 70254592                                  {product} {ergonomic}
    uintx ProfiledCodeHeapSize                     = 122909434                              {pd product} {ergonomic}
    uintx ReservedCodeCacheSize                    = 251658240                              {pd product} {ergonomic}
     bool SegmentedCodeCache                       = true                                      {product} {ergonomic}
   size_t SoftMaxHeapSize                          = 2147483648                             {manageable} {ergonomic}
     bool UseCompressedOops                        = true                           {product lp64_product} {ergonomic}
     bool UseLargePagesIndividualAllocation        = false                                  {pd product} {ergonomic}
     bool UseParallelGC                            = true                                      {product} {command line}

Logging:
Log output configuration:
 #0: stdout all=off uptime,level,tags foldmultilines=false
 #1: stderr all=off uptime,level,tags foldmultilines=false

Release file:
JAVA_VERSION="21.0.10" 
MODULES="java.base java.compiler java.datatransfer java.xml java.prefs java.desktop java.instrument java.logging java.management java.security.sasl java.naming java.rmi java.management.rmi java.net.http java.scripting java.security.jgss java.transaction.xa java.sql java.sql.rowset java.xml.crypto java.se java.smartcardio jdk.accessibility jdk.internal.jvmstat jdk.attach jdk.charsets jdk.internal.opt jdk.zipfs jdk.compiler jdk.crypto.ec jdk.crypto.cryptoki jdk.crypto.mscapi jdk.dynalink jdk.internal.ed jdk.editpad jdk.hotspot.agent jdk.httpserver jdk.internal.le jdk.internal.vm.ci jdk.internal.vm.compiler jdk.internal.vm.compiler.management jdk.jartool jdk.javadoc jdk.jcmd jdk.management jdk.management.agent jdk.jconsole jdk.jdeps jdk.jdwp.agent jdk.jdi jdk.jfr jdk.jshell jdk.jsobject jdk.jstatd jdk.localedata jdk.management.jfr jdk.naming.dns jdk.naming.rmi jdk.net jdk.nio.mapmode jdk.random jdk.sctp jdk.security.auth jdk.security.jgss jdk.unsupported jdk.unsupported.desktop jdk.xml.dom" 

Environment Variables:
JAVA_HOME=C:\Program Files\Microsoft\jdk-17.0.18.8-hotspot\
PATH=C:\Program Files\Microsoft\jdk-17.0.18.8-hotspot\bin;C:\Python314\Scripts\;C:\Python314\;C:\oraclexe\app\oracle\product\10.2.0\server\bin;C:\app\HP\product\21c\dbhomeXE\bin;C:\Users\HP\Downloads\WINDOWS.X64_193000_grid_home\bin;C:\WINDOWS\system32;C:\WINDOWS;C:\WINDOWS\System32\Wbem;C:\WINDOWS\System32\WindowsPowerShell\v1.0\;C:\WINDOWS\System32\OpenSSH\;C:\Program Files\PuTTY\;C:\Program Files (x86)\;C:\Program Files\Git\cmd;C:\Program Files (x86)\Windows Kits\10\Windows Performance Toolkit\;C:\Program Files\MongoDB\Server\8.2\bin;C:\Program Files\nodejs\;C:\ProgramData\chocolatey\bin;C:\Users\HP\AppData\Local\Programs\Python\Python313\Scripts\;C:\Users\HP\AppData\Local\Programs\Python\Python313\;C:\Users\HP\AppData\Local\Programs\Python\Launcher\;C:\Users\HP\AppData\Local\Microsoft\WindowsApps;;C:\Users\HP\AppData\Local\Programs\Microsoft VS Code\bin;C:\Users\HP\Desktop\Antigravity\bin;C:\Users\HP\AppData\Roaming\npm
USERNAME=HP
OS=Windows_NT
PROCESSOR_IDENTIFIER=Intel64 Family 6 Model 154 Stepping 4, GenuineIntel
TMP=C:\Users\HP\AppData\Local\Temp
TEMP=C:\Users\HP\AppData\Local\Temp




Periodic native trim disabled

---------------  S Y S T E M  ---------------

OS:
 Windows 11 , 64 bit Build 22621 (10.0.22621.5415)
OS uptime: 2 days 23:37 hours
Hyper-V role detected

CPU: total 8 (initial active 8) (4 cores per cpu, 2 threads per core) family 6 model 154 stepping 4 microcode 0x42c, cx8, cmov, fxsr, ht, mmx, 3dnowpref, sse, sse2, sse3, ssse3, sse4.1, sse4.2, popcnt, lzcnt, tsc, tscinvbit, avx, avx2, aes, erms, clmul, bmi1, bmi2, adx, sha, fma, vzeroupper, clflush, clflushopt, clwb, hv, serialize, rdtscp, rdpid, fsrm, f16c, cet_ibt, cet_ss
Processor Information for processor 0
  Max Mhz: 1200, Current Mhz: 1200, Mhz Limit: 1200
Processor Information for processor 1
  Max Mhz: 1200, Current Mhz: 1200, Mhz Limit: 1200
Processor Information for processor 2
  Max Mhz: 1200, Current Mhz: 1200, Mhz Limit: 1200
Processor Information for processor 3
  Max Mhz: 1200, Current Mhz: 1200, Mhz Limit: 1200
Processor Information for processor 4
  Max Mhz: 1200, Current Mhz: 900, Mhz Limit: 900
Processor Information for processor 5
  Max Mhz: 1200, Current Mhz: 900, Mhz Limit: 900
Processor Information for processor 6
  Max Mhz: 1200, Current Mhz: 900, Mhz Limit: 900
Processor Information for processor 7
  Max Mhz: 1200, Current Mhz: 900, Mhz Limit: 900

Memory: 4k page, system-wide physical 3767M (44M free)
TotalPageFile size 15543M (AvailPageFile size 96M)
current process WorkingSet (physical memory assigned to process): 5M, peak: 248M
current process commit charge ("private bytes"): 336M, peak: 377M

vm_info: OpenJDK 64-Bit Server VM (21.0.10+7-LTS) for windows-amd64 JRE (21.0.10+7-LTS), built on 2026-01-20T00:00:00Z by "admin" with MS VC++ 17.12 (VS2022)

END.
