#
# There is insufficient memory for the Java Runtime Environment to continue.
# Native memory allocation (malloc) failed to allocate 1680464 bytes. Error detail: Chunk::new
# Possible reasons:
#   The system is out of physical RAM or swap space
#   This process is running with CompressedOops enabled, and the Java Heap may be blocking the growth of the native heap
# Possible solutions:
#   Reduce memory load on the system
#   Increase physical memory or swap space
#   Check if swap backing store is full
#   Decrease Java heap size (-Xmx/-Xms)
#   Decrease number of Java threads
#   Decrease Java thread stack sizes (-Xss)
#   Set larger code cache with -XX:ReservedCodeCacheSize=
#   JVM is running with Unscaled Compressed Oops mode in which the Java heap is
#     placed in the first 4GB address space. The Java Heap base address is the
#     maximum limit for the native heap growth. Please use -XX:HeapBaseMinAddress
#     to set the Java Heap base and to place the Java Heap above 4GB virtual address.
# This output file may be truncated or incomplete.
#
#  Out of Memory Error (arena.cpp:168), pid=9152, tid=10212
#
# JRE version: OpenJDK Runtime Environment Temurin-21.0.10+7 (21.0.10+7) (build 21.0.10+7-LTS)
# Java VM: OpenJDK 64-Bit Server VM Temurin-21.0.10+7 (21.0.10+7-LTS, mixed mode, sharing, tiered, compressed oops, compressed class ptrs, parallel gc, windows-amd64)
# No core dump will be written. Minidumps are not enabled by default on client versions of Windows
#

---------------  S U M M A R Y ------------

Command Line: --add-modules=ALL-SYSTEM --add-opens=java.base/java.util=ALL-UNNAMED --add-opens=java.base/java.lang=ALL-UNNAMED --add-opens=java.base/sun.nio.fs=ALL-UNNAMED -Declipse.application=org.eclipse.jdt.ls.core.id1 -Dosgi.bundles.defaultStartLevel=4 -Declipse.product=org.eclipse.jdt.ls.core.product -Djava.import.generatesMetadataFilesAtProjectRoot=false -DDetectVMInstallationsJob.disabled=true -Dfile.encoding=utf8 -XX:+UseParallelGC -XX:GCTimeRatio=4 -XX:AdaptiveSizePolicyWeight=90 -Dsun.zip.disableMemoryMapping=true -Xmx2G -Xms100m -Xlog:disable -javaagent:c:\Users\HP\.antigravity\extensions\redhat.java-1.54.0-win32-x64\lombok\lombok-1.18.39-4050.jar -XX:+HeapDumpOnOutOfMemoryError -XX:HeapDumpPath=c:\Users\HP\AppData\Roaming\Antigravity\User\workspaceStorage\ec30be9fa44441caa41ccff467e32948\redhat.java -Daether.dependencyCollector.impl=bf c:\Users\HP\.antigravity\extensions\redhat.java-1.54.0-win32-x64\server\plugins\org.eclipse.equinox.launcher_1.7.100.v20251111-0406.jar -configuration c:\Users\HP\AppData\Roaming\Antigravity\User\globalStorage\redhat.java\1.54.0\config_win -data c:\Users\HP\AppData\Roaming\Antigravity\User\workspaceStorage\ec30be9fa44441caa41ccff467e32948\redhat.java\jdt_ws --pipe=\\.\pipe\lsp-30adc05c14835a183422f9092bcd1ed6-sock

Host: 12th Gen Intel(R) Core(TM) i3-1215U, 8 cores, 3G,  Windows 11 , 64 bit Build 22621 (10.0.22621.5415)
Time: Sat May  2 19:25:12 2026 Afr. centrale Ouest elapsed time: 17.464385 seconds (0d 0h 0m 17s)

---------------  T H R E A D  ---------------

Current thread (0x0000028e8e2900b0):  JavaThread "C2 CompilerThread2" daemon [_thread_in_native, id=10212, stack(0x000000ac2f500000,0x000000ac2f600000) (1024K)]


Current CompileTask:
C2:17464 5677   !   4       org.eclipse.osgi.internal.loader.BundleLoader::findClass0 (490 bytes)

Stack: [0x000000ac2f500000,0x000000ac2f600000]
Native frames: (J=compiled Java code, j=interpreted, Vv=VM code, C=native code)
V  [jvm.dll+0x6d7a39]
V  [jvm.dll+0x8b4b26]
V  [jvm.dll+0x8b70de]
V  [jvm.dll+0x8b77c3]
V  [jvm.dll+0x284346]
V  [jvm.dll+0xc66ed]
V  [jvm.dll+0xc6c31]
V  [jvm.dll+0x3bec3b]
V  [jvm.dll+0x38b162]
V  [jvm.dll+0x38a5aa]
V  [jvm.dll+0x24c560]
V  [jvm.dll+0x24bb40]
V  [jvm.dll+0x1cb34e]
V  [jvm.dll+0x25b85d]
V  [jvm.dll+0x259dea]
V  [jvm.dll+0x3f857e]
V  [jvm.dll+0x85f59d]
V  [jvm.dll+0x6d626d]
C  [ucrtbase.dll+0x29333]
C  [KERNEL32.DLL+0x1259d]
C  [ntdll.dll+0x5af78]


---------------  P R O C E S S  ---------------

Threads class SMR info:
_java_thread_list=0x0000028e8ffbcb00, length=46, elements={
0x0000028e2f6b30b0, 0x0000028e2f76a000, 0x0000028e2f76c030, 0x0000028e871c40e0,
0x0000028e871c5c70, 0x0000028e871c7ac0, 0x0000028e871ccfb0, 0x0000028e871d11c0,
0x0000028e871dd450, 0x0000028e88cca560, 0x0000028e88d8b310, 0x0000028e8d3c9ef0,
0x0000028e8d3cb2a0, 0x0000028e8d3cb930, 0x0000028e8d3cbfc0, 0x0000028e8d3c91d0,
0x0000028e8d3c9860, 0x0000028e8d3ca580, 0x0000028e88a95620, 0x0000028e88a96340,
0x0000028e88a900d0, 0x0000028e88aea7a0, 0x0000028e8e2900b0, 0x0000028e88a969d0,
0x0000028e88a921a0, 0x0000028e88a92ec0, 0x0000028e88a95cb0, 0x0000028e88a97060,
0x0000028e88a94f90, 0x0000028e88a91b10, 0x0000028e88a976f0, 0x0000028e88a93be0,
0x0000028e88a90760, 0x0000028e88a90df0, 0x0000028e88a92830, 0x0000028e88a94900,
0x0000028e88a94270, 0x0000028e88a91480, 0x0000028e90ad1950, 0x0000028e90ad05a0,
0x0000028e90ad0c30, 0x0000028e90ad6810, 0x0000028e90acff10, 0x0000028e90ad12c0,
0x0000028e90ad6180, 0x0000028e90ad6ea0
}

Java Threads: ( => current thread )
  0x0000028e2f6b30b0 JavaThread "main"                              [_thread_blocked, id=15056, stack(0x000000ac2d500000,0x000000ac2d600000) (1024K)]
  0x0000028e2f76a000 JavaThread "Reference Handler"          daemon [_thread_blocked, id=7716, stack(0x000000ac2d900000,0x000000ac2da00000) (1024K)]
  0x0000028e2f76c030 JavaThread "Finalizer"                  daemon [_thread_blocked, id=8292, stack(0x000000ac2da00000,0x000000ac2db00000) (1024K)]
  0x0000028e871c40e0 JavaThread "Signal Dispatcher"          daemon [_thread_blocked, id=15520, stack(0x000000ac2db00000,0x000000ac2dc00000) (1024K)]
  0x0000028e871c5c70 JavaThread "Attach Listener"            daemon [_thread_blocked, id=2640, stack(0x000000ac2dc00000,0x000000ac2dd00000) (1024K)]
  0x0000028e871c7ac0 JavaThread "Service Thread"             daemon [_thread_blocked, id=4036, stack(0x000000ac2dd00000,0x000000ac2de00000) (1024K)]
  0x0000028e871ccfb0 JavaThread "Monitor Deflation Thread"   daemon [_thread_blocked, id=16084, stack(0x000000ac2de00000,0x000000ac2df00000) (1024K)]
  0x0000028e871d11c0 JavaThread "C2 CompilerThread0"         daemon [_thread_in_native, id=16112, stack(0x000000ac2df00000,0x000000ac2e000000) (1024K)]
  0x0000028e871dd450 JavaThread "C1 CompilerThread0"         daemon [_thread_blocked, id=14656, stack(0x000000ac2e000000,0x000000ac2e100000) (1024K)]
  0x0000028e88cca560 JavaThread "Common-Cleaner"             daemon [_thread_blocked, id=6824, stack(0x000000ac2e100000,0x000000ac2e200000) (1024K)]
  0x0000028e88d8b310 JavaThread "Notification Thread"        daemon [_thread_blocked, id=7236, stack(0x000000ac2e200000,0x000000ac2e300000) (1024K)]
  0x0000028e8d3c9ef0 JavaThread "Active Thread: Equinox Container: 4334a26c-f097-4b73-8ff5-5f6f50783a27"        [_thread_blocked, id=4320, stack(0x000000ac2e900000,0x000000ac2ea00000) (1024K)]
  0x0000028e8d3cb2a0 JavaThread "Refresh Thread: Equinox Container: 4334a26c-f097-4b73-8ff5-5f6f50783a27" daemon [_thread_blocked, id=14004, stack(0x000000ac2eb00000,0x000000ac2ec00000) (1024K)]
  0x0000028e8d3cb930 JavaThread "Framework Event Dispatcher: Equinox Container: 4334a26c-f097-4b73-8ff5-5f6f50783a27" daemon [_thread_blocked, id=11184, stack(0x000000ac2ec00000,0x000000ac2ed00000) (1024K)]
  0x0000028e8d3cbfc0 JavaThread "Start Level: Equinox Container: 4334a26c-f097-4b73-8ff5-5f6f50783a27" daemon [_thread_blocked, id=5988, stack(0x000000ac2ed00000,0x000000ac2ee00000) (1024K)]
  0x0000028e8d3c91d0 JavaThread "Bundle File Closer"         daemon [_thread_blocked, id=5772, stack(0x000000ac2ee00000,0x000000ac2ef00000) (1024K)]
  0x0000028e8d3c9860 JavaThread "SCR Component Actor"        daemon [_thread_blocked, id=14828, stack(0x000000ac2ef00000,0x000000ac2f000000) (1024K)]
  0x0000028e8d3ca580 JavaThread "Worker-JM"                         [_thread_blocked, id=11700, stack(0x000000ac2f000000,0x000000ac2f100000) (1024K)]
  0x0000028e88a95620 JavaThread "JNA Cleaner"                daemon [_thread_blocked, id=15280, stack(0x000000ac2f100000,0x000000ac2f200000) (1024K)]
  0x0000028e88a96340 JavaThread "Worker-0"                          [_thread_blocked, id=16272, stack(0x000000ac2f200000,0x000000ac2f300000) (1024K)]
  0x0000028e88a900d0 JavaThread "Worker-1: Repository registry initialization"        [_thread_in_vm, id=3748, stack(0x000000ac2f300000,0x000000ac2f400000) (1024K)]
  0x0000028e88aea7a0 JavaThread "C2 CompilerThread1"         daemon [_thread_in_vm, id=5764, stack(0x000000ac2f400000,0x000000ac2f500000) (1024K)]
=>0x0000028e8e2900b0 JavaThread "C2 CompilerThread2"         daemon [_thread_in_native, id=10212, stack(0x000000ac2f500000,0x000000ac2f600000) (1024K)]
  0x0000028e88a969d0 JavaThread "Java indexing"              daemon [_thread_blocked, id=15880, stack(0x000000ac2f600000,0x000000ac2f700000) (1024K)]
  0x0000028e88a921a0 JavaThread "Worker-2"                          [_thread_blocked, id=7432, stack(0x000000ac2f900000,0x000000ac2fa00000) (1024K)]
  0x0000028e88a92ec0 JavaThread "Worker-3"                          [_thread_blocked, id=9560, stack(0x000000ac2fa00000,0x000000ac2fb00000) (1024K)]
  0x0000028e88a95cb0 JavaThread "Worker-4"                          [_thread_blocked, id=9776, stack(0x000000ac2fb00000,0x000000ac2fc00000) (1024K)]
  0x0000028e88a97060 JavaThread "Thread-1"                   daemon [_thread_in_native, id=4168, stack(0x000000ac2fc00000,0x000000ac2fd00000) (1024K)]
  0x0000028e88a94f90 JavaThread "Thread-2"                   daemon [_thread_in_native, id=15556, stack(0x000000ac2fd00000,0x000000ac2fe00000) (1024K)]
  0x0000028e88a91b10 JavaThread "Thread-3"                   daemon [_thread_in_native, id=2952, stack(0x000000ac2fe00000,0x000000ac2ff00000) (1024K)]
  0x0000028e88a976f0 JavaThread "Thread-4"                   daemon [_thread_in_native, id=5840, stack(0x000000ac2ff00000,0x000000ac30000000) (1024K)]
  0x0000028e88a93be0 JavaThread "Thread-5"                   daemon [_thread_in_native, id=14808, stack(0x000000ac30000000,0x000000ac30100000) (1024K)]
  0x0000028e88a90760 JavaThread "Thread-6"                   daemon [_thread_in_native, id=14372, stack(0x000000ac30100000,0x000000ac30200000) (1024K)]
  0x0000028e88a90df0 JavaThread "Thread-7"                   daemon [_thread_in_native, id=2676, stack(0x000000ac30200000,0x000000ac30300000) (1024K)]
  0x0000028e88a92830 JavaThread "Thread-8"                   daemon [_thread_in_native, id=15832, stack(0x000000ac30300000,0x000000ac30400000) (1024K)]
  0x0000028e88a94900 JavaThread "Thread-9"                   daemon [_thread_in_native, id=7268, stack(0x000000ac30400000,0x000000ac30500000) (1024K)]
  0x0000028e88a94270 JavaThread "pool-2-thread-1"                   [_thread_blocked, id=13188, stack(0x000000ac30500000,0x000000ac30600000) (1024K)]
  0x0000028e88a91480 JavaThread "WorkspaceEventsHandler"            [_thread_blocked, id=9468, stack(0x000000ac30600000,0x000000ac30700000) (1024K)]
  0x0000028e90ad1950 JavaThread "pool-1-thread-1"                   [_thread_blocked, id=1996, stack(0x000000ac30700000,0x000000ac30800000) (1024K)]
  0x0000028e90ad05a0 JavaThread "ForkJoinPool.commonPool-worker-1" daemon [_thread_blocked, id=6792, stack(0x000000ac30800000,0x000000ac30900000) (1024K)]
  0x0000028e90ad0c30 JavaThread "ForkJoinPool.commonPool-worker-2" daemon [_thread_blocked, id=7188, stack(0x000000ac30900000,0x000000ac30a00000) (1024K)]
  0x0000028e90ad6810 JavaThread "ForkJoinPool.commonPool-worker-3" daemon [_thread_blocked, id=1540, stack(0x000000ac30a00000,0x000000ac30b00000) (1024K)]
  0x0000028e90acff10 JavaThread "ForkJoinPool.commonPool-worker-4" daemon [_thread_blocked, id=292, stack(0x000000ac30b00000,0x000000ac30c00000) (1024K)]
  0x0000028e90ad12c0 JavaThread "ForkJoinPool.commonPool-worker-5" daemon [_thread_blocked, id=11040, stack(0x000000ac30c00000,0x000000ac30d00000) (1024K)]
  0x0000028e90ad6180 JavaThread "ForkJoinPool.commonPool-worker-6" daemon [_thread_blocked, id=5320, stack(0x000000ac30d00000,0x000000ac30e00000) (1024K)]
  0x0000028e90ad6ea0 JavaThread "ForkJoinPool.commonPool-worker-7" daemon [_thread_blocked, id=12088, stack(0x000000ac30e00000,0x000000ac30f00000) (1024K)]
Total: 46

Other Threads:
  0x0000028e2d38ec00 VMThread "VM Thread"                           [id=2848, stack(0x000000ac2d800000,0x000000ac2d900000) (1024K)]
  0x0000028e870dca10 WatcherThread "VM Periodic Task Thread"        [id=13252, stack(0x000000ac2d700000,0x000000ac2d800000) (1024K)]
  0x0000028e2f6d2510 WorkerThread "GC Thread#0"                     [id=7252, stack(0x000000ac2d600000,0x000000ac2d700000) (1024K)]
  0x0000028e88dd3a30 WorkerThread "GC Thread#1"                     [id=3468, stack(0x000000ac2e300000,0x000000ac2e400000) (1024K)]
  0x0000028e8d1b08b0 WorkerThread "GC Thread#2"                     [id=15976, stack(0x000000ac2e400000,0x000000ac2e500000) (1024K)]
  0x0000028e88de0830 WorkerThread "GC Thread#3"                     [id=11404, stack(0x000000ac2e500000,0x000000ac2e600000) (1024K)]
  0x0000028e8d174860 WorkerThread "GC Thread#4"                     [id=14196, stack(0x000000ac2e600000,0x000000ac2e700000) (1024K)]
  0x0000028e8d1753b0 WorkerThread "GC Thread#5"                     [id=3084, stack(0x000000ac2e700000,0x000000ac2e800000) (1024K)]
  0x0000028e8d175760 WorkerThread "GC Thread#6"                     [id=9664, stack(0x000000ac2e800000,0x000000ac2e900000) (1024K)]
  0x0000028e8d19c400 WorkerThread "GC Thread#7"                     [id=16292, stack(0x000000ac2ea00000,0x000000ac2eb00000) (1024K)]
Total: 10

Threads with active compile tasks:
C2 CompilerThread0  17502 5776       4       jdk.internal.org.objectweb.asm.SymbolTable::addConstantMemberReference (147 bytes)
C2 CompilerThread2  17502 5677   !   4       org.eclipse.osgi.internal.loader.BundleLoader::findClass0 (490 bytes)
Total: 2

VM state: not at safepoint (normal execution)

VM Mutex/Monitor currently owned by a thread: None

Heap address: 0x0000000080000000, size: 2048 MB, Compressed Oops mode: 32-bit

CDS archive(s) mapped at: [0x0000028e46000000-0x0000028e46ba0000-0x0000028e46ba0000), size 12189696, SharedBaseAddress: 0x0000028e46000000, ArchiveRelocationMode: 1.
Compressed class space mapped at: 0x0000028e47000000-0x0000028e87000000, reserved size: 1073741824
Narrow klass base: 0x0000028e46000000, Narrow klass shift: 0, Narrow klass range: 0x100000000

GC Precious Log:
 CardTable entry size: 512
 CPUs: 8 total, 8 available
 Memory: 3767M
 Large Page Support: Disabled
 NUMA Support: Disabled
 Compressed Oops: Enabled (32-bit)
 Alignments: Space 512K, Generation 512K, Heap 2M
 Heap Min Capacity: 100M
 Heap Initial Capacity: 100M
 Heap Max Capacity: 2G
 Pre-touch: Disabled
 Parallel Workers: 8

Heap:
 PSYoungGen      total 23552K, used 22294K [0x00000000d5580000, 0x00000000d7500000, 0x0000000100000000)
  eden space 22016K, 94% used [0x00000000d5580000,0x00000000d69c9838,0x00000000d6b00000)
  from space 1536K, 98% used [0x00000000d6e80000,0x00000000d6ffc010,0x00000000d7000000)
  to   space 5120K, 0% used [0x00000000d7000000,0x00000000d7000000,0x00000000d7500000)
 ParOldGen       total 68608K, used 30647K [0x0000000080000000, 0x0000000084300000, 0x00000000d5580000)
  object space 68608K, 44% used [0x0000000080000000,0x0000000081dedff8,0x0000000084300000)
 Metaspace       used 43219K, committed 44544K, reserved 1114112K
  class space    used 4658K, committed 5248K, reserved 1048576K

Card table byte_map: [0x0000028e2f060000,0x0000028e2f470000] _byte_map_base: 0x0000028e2ec60000

Marking Bits: (ParMarkBitMap*) 0x00007ffbb3bb3450
 Begin Bits: [0x0000028e41b60000, 0x0000028e43b60000)
 End Bits:   [0x0000028e43b60000, 0x0000028e45b60000)

Polling page: 0x0000028e2d6a0000

Metaspace:

Usage:
  Non-class:     37.66 MB used.
      Class:      4.55 MB used.
       Both:     42.21 MB used.

Virtual space:
  Non-class space:       64.00 MB reserved,      38.38 MB ( 60%) committed,  1 nodes.
      Class space:        1.00 GB reserved,       5.12 MB ( <1%) committed,  1 nodes.
             Both:        1.06 GB reserved,      43.50 MB (  4%) committed. 

Chunk freelists:
   Non-Class:  8.91 MB
       Class:  10.86 MB
        Both:  19.77 MB

MaxMetaspaceSize: unlimited
CompressedClassSpaceSize: 1.00 GB
Initial GC threshold: 21.00 MB
Current GC threshold: 58.38 MB
CDS: on
 - commit_granule_bytes: 65536.
 - commit_granule_words: 8192.
 - virtual_space_node_default_size: 8388608.
 - enlarge_chunks_in_place: 1.
 - use_allocation_guard: 0.


Internal statistics:

num_allocs_failed_limit: 8.
num_arena_births: 958.
num_arena_deaths: 14.
num_vsnodes_births: 2.
num_vsnodes_deaths: 0.
num_space_committed: 696.
num_space_uncommitted: 0.
num_chunks_returned_to_freelist: 22.
num_chunks_taken_from_freelist: 2928.
num_chunk_merges: 13.
num_chunk_splits: 1798.
num_chunks_enlarged: 984.
num_inconsistent_stats: 0.

CodeHeap 'non-profiled nmethods': size=120000Kb used=2560Kb max_used=2560Kb free=117439Kb
 bounds [0x0000028e3a380000, 0x0000028e3a610000, 0x0000028e418b0000]
CodeHeap 'profiled nmethods': size=120000Kb used=11046Kb max_used=11046Kb free=108953Kb
 bounds [0x0000028e328b0000, 0x0000028e33380000, 0x0000028e39de0000]
CodeHeap 'non-nmethods': size=5760Kb used=1363Kb max_used=1427Kb free=4397Kb
 bounds [0x0000028e39de0000, 0x0000028e3a050000, 0x0000028e3a380000]
CodeCache: size=245760Kb, used=14969Kb, max_used=15033Kb, free=230789Kb
 total_blobs=5931, nmethods=5272, adapters=565, full_count=0
Compilation: enabled, stopped_count=0, restarted_count=0

Compilation events (20 events):
Event: 17.457 Thread 0x0000028e871dd450 nmethod 5738 0x0000028e33351b10 code [0x0000028e33351d20, 0x0000028e333522f8]
Event: 17.457 Thread 0x0000028e871dd450 5737       3       com.google.common.cache.LocalCache$Segment::postReadCleanup (18 bytes)
Event: 17.457 Thread 0x0000028e871dd450 nmethod 5737 0x0000028e33352510 code [0x0000028e333526c0, 0x0000028e33352878]
Event: 17.457 Thread 0x0000028e871dd450 5739       3       sun.reflect.annotation.AnnotatedTypeFactory::nestingForType (125 bytes)
Event: 17.458 Thread 0x0000028e871dd450 nmethod 5739 0x0000028e33352990 code [0x0000028e33352cc0, 0x0000028e333541a8]
Event: 17.458 Thread 0x0000028e871dd450 5740       3       com.google.inject.spi.InjectionPoint$$Lambda/0x0000028e474bf9a8::<init> (10 bytes)
Event: 17.458 Thread 0x0000028e871dd450 nmethod 5740 0x0000028e33354590 code [0x0000028e33354740, 0x0000028e333548c8]
Event: 17.458 Thread 0x0000028e871dd450 5741       3       com.google.common.collect.Iterables::getOnlyElement (11 bytes)
Event: 17.458 Thread 0x0000028e871d11c0 5742       4       java.lang.ClassLoader::getPackage (36 bytes)
Event: 17.458 Thread 0x0000028e871dd450 nmethod 5741 0x0000028e33354990 code [0x0000028e33354b80, 0x0000028e33354f08]
Event: 17.458 Thread 0x0000028e871dd450 5743       3       sun.reflect.annotation.AnnotatedTypeFactory::buildAnnotatedType (156 bytes)
Event: 17.459 Thread 0x0000028e871dd450 nmethod 5743 0x0000028e33355090 code [0x0000028e33355460, 0x0000028e33356f18]
Event: 17.459 Thread 0x0000028e871dd450 5744       3       java.util.HashMap::keysToArray (81 bytes)
Event: 17.459 Thread 0x0000028e871dd450 nmethod 5744 0x0000028e33357610 code [0x0000028e333577e0, 0x0000028e33357c30]
Event: 17.459 Thread 0x0000028e871dd450 5745       3       java.lang.Class::createAnnotationData (185 bytes)
Event: 17.459 Thread 0x0000028e871dd450 nmethod 5745 0x0000028e33357e10 code [0x0000028e33358160, 0x0000028e333594a8]
Event: 17.460 Thread 0x0000028e871dd450 5746       3       java.lang.Class$Atomic::casAnnotationData (13 bytes)
Event: 17.460 Thread 0x0000028e871dd450 nmethod 5746 0x0000028e33359a90 code [0x0000028e33359c20, 0x0000028e33359d40]
Event: 17.460 Thread 0x0000028e871dd450 5747       3       sun.reflect.generics.reflectiveObjects.ParameterizedTypeImpl::make (11 bytes)
Event: 17.460 Thread 0x0000028e871dd450 nmethod 5747 0x0000028e33359e10 code [0x0000028e33359fe0, 0x0000028e3335a2f8]

GC Heap History (20 events):
Event: 16.094 GC heap before
{Heap before GC invocations=10 (full 1):
 PSYoungGen      total 25600K, used 25148K [0x00000000d5580000, 0x00000000d7400000, 0x0000000100000000)
  eden space 24064K, 100% used [0x00000000d5580000,0x00000000d6d00000,0x00000000d6d00000)
  from space 1536K, 70% used [0x00000000d7280000,0x00000000d738f278,0x00000000d7400000)
  to   space 2560K, 0% used [0x00000000d6f00000,0x00000000d6f00000,0x00000000d7180000)
 ParOldGen       total 68608K, used 13286K [0x0000000080000000, 0x0000000084300000, 0x00000000d5580000)
  object space 68608K, 19% used [0x0000000080000000,0x0000000080cf9b50,0x0000000084300000)
 Metaspace       used 26411K, committed 27392K, reserved 1114112K
  class space    used 2654K, committed 3072K, reserved 1048576K
}
Event: 16.095 GC heap after
{Heap after GC invocations=10 (full 1):
 PSYoungGen      total 26112K, used 1212K [0x00000000d5580000, 0x00000000d7300000, 0x0000000100000000)
  eden space 23552K, 0% used [0x00000000d5580000,0x00000000d5580000,0x00000000d6c80000)
  from space 2560K, 47% used [0x00000000d6f00000,0x00000000d702f278,0x00000000d7180000)
  to   space 1536K, 0% used [0x00000000d7180000,0x00000000d7180000,0x00000000d7300000)
 ParOldGen       total 68608K, used 13294K [0x0000000080000000, 0x0000000084300000, 0x00000000d5580000)
  object space 68608K, 19% used [0x0000000080000000,0x0000000080cfbb50,0x0000000084300000)
 Metaspace       used 26411K, committed 27392K, reserved 1114112K
  class space    used 2654K, committed 3072K, reserved 1048576K
}
Event: 16.260 GC heap before
{Heap before GC invocations=11 (full 1):
 PSYoungGen      total 26112K, used 24764K [0x00000000d5580000, 0x00000000d7300000, 0x0000000100000000)
  eden space 23552K, 100% used [0x00000000d5580000,0x00000000d6c80000,0x00000000d6c80000)
  from space 2560K, 47% used [0x00000000d6f00000,0x00000000d702f278,0x00000000d7180000)
  to   space 1536K, 0% used [0x00000000d7180000,0x00000000d7180000,0x00000000d7300000)
 ParOldGen       total 68608K, used 13294K [0x0000000080000000, 0x0000000084300000, 0x00000000d5580000)
  object space 68608K, 19% used [0x0000000080000000,0x0000000080cfbb50,0x0000000084300000)
 Metaspace       used 28058K, committed 29056K, reserved 1114112K
  class space    used 2777K, committed 3200K, reserved 1048576K
}
Event: 16.263 GC heap after
{Heap after GC invocations=11 (full 1):
 PSYoungGen      total 24576K, used 1038K [0x00000000d5580000, 0x00000000d7300000, 0x0000000100000000)
  eden space 23040K, 0% used [0x00000000d5580000,0x00000000d5580000,0x00000000d6c00000)
  from space 1536K, 67% used [0x00000000d7180000,0x00000000d7283890,0x00000000d7300000)
  to   space 1536K, 0% used [0x00000000d7000000,0x00000000d7000000,0x00000000d7180000)
 ParOldGen       total 68608K, used 15787K [0x0000000080000000, 0x0000000084300000, 0x00000000d5580000)
  object space 68608K, 23% used [0x0000000080000000,0x0000000080f6ad60,0x0000000084300000)
 Metaspace       used 28058K, committed 29056K, reserved 1114112K
  class space    used 2777K, committed 3200K, reserved 1048576K
}
Event: 16.527 GC heap before
{Heap before GC invocations=12 (full 1):
 PSYoungGen      total 24576K, used 24078K [0x00000000d5580000, 0x00000000d7300000, 0x0000000100000000)
  eden space 23040K, 100% used [0x00000000d5580000,0x00000000d6c00000,0x00000000d6c00000)
  from space 1536K, 67% used [0x00000000d7180000,0x00000000d7283890,0x00000000d7300000)
  to   space 1536K, 0% used [0x00000000d7000000,0x00000000d7000000,0x00000000d7180000)
 ParOldGen       total 68608K, used 15787K [0x0000000080000000, 0x0000000084300000, 0x00000000d5580000)
  object space 68608K, 23% used [0x0000000080000000,0x0000000080f6ad60,0x0000000084300000)
 Metaspace       used 31181K, committed 32320K, reserved 1114112K
  class space    used 3127K, committed 3648K, reserved 1048576K
}
Event: 16.530 GC heap after
{Heap after GC invocations=12 (full 1):
 PSYoungGen      total 24064K, used 1528K [0x00000000d5580000, 0x00000000d7280000, 0x0000000100000000)
  eden space 22528K, 0% used [0x00000000d5580000,0x00000000d5580000,0x00000000d6b80000)
  from space 1536K, 99% used [0x00000000d7000000,0x00000000d717e110,0x00000000d7180000)
  to   space 1024K, 0% used [0x00000000d7180000,0x00000000d7180000,0x00000000d7280000)
 ParOldGen       total 68608K, used 17066K [0x0000000080000000, 0x0000000084300000, 0x00000000d5580000)
  object space 68608K, 24% used [0x0000000080000000,0x00000000810aa908,0x0000000084300000)
 Metaspace       used 31181K, committed 32320K, reserved 1114112K
  class space    used 3127K, committed 3648K, reserved 1048576K
}
Event: 16.636 GC heap before
{Heap before GC invocations=13 (full 1):
 PSYoungGen      total 24064K, used 24056K [0x00000000d5580000, 0x00000000d7280000, 0x0000000100000000)
  eden space 22528K, 100% used [0x00000000d5580000,0x00000000d6b80000,0x00000000d6b80000)
  from space 1536K, 99% used [0x00000000d7000000,0x00000000d717e110,0x00000000d7180000)
  to   space 1024K, 0% used [0x00000000d7180000,0x00000000d7180000,0x00000000d7280000)
 ParOldGen       total 68608K, used 17066K [0x0000000080000000, 0x0000000084300000, 0x00000000d5580000)
  object space 68608K, 24% used [0x0000000080000000,0x00000000810aa908,0x0000000084300000)
 Metaspace       used 34179K, committed 35264K, reserved 1114112K
  class space    used 3501K, committed 3968K, reserved 1048576K
}
Event: 16.639 GC heap after
{Heap after GC invocations=13 (full 1):
 PSYoungGen      total 23040K, used 1015K [0x00000000d5580000, 0x00000000d7280000, 0x0000000100000000)
  eden space 22016K, 0% used [0x00000000d5580000,0x00000000d5580000,0x00000000d6b00000)
  from space 1024K, 99% used [0x00000000d7180000,0x00000000d727dcd0,0x00000000d7280000)
  to   space 3072K, 0% used [0x00000000d6c80000,0x00000000d6c80000,0x00000000d6f80000)
 ParOldGen       total 68608K, used 18902K [0x0000000080000000, 0x0000000084300000, 0x00000000d5580000)
  object space 68608K, 27% used [0x0000000080000000,0x00000000812758d8,0x0000000084300000)
 Metaspace       used 34179K, committed 35264K, reserved 1114112K
  class space    used 3501K, committed 3968K, reserved 1048576K
}
Event: 16.665 GC heap before
{Heap before GC invocations=14 (full 1):
 PSYoungGen      total 23040K, used 6246K [0x00000000d5580000, 0x00000000d7280000, 0x0000000100000000)
  eden space 22016K, 23% used [0x00000000d5580000,0x00000000d5a9bc08,0x00000000d6b00000)
  from space 1024K, 99% used [0x00000000d7180000,0x00000000d727dcd0,0x00000000d7280000)
  to   space 3072K, 0% used [0x00000000d6c80000,0x00000000d6c80000,0x00000000d6f80000)
 ParOldGen       total 68608K, used 18902K [0x0000000080000000, 0x0000000084300000, 0x00000000d5580000)
  object space 68608K, 27% used [0x0000000080000000,0x00000000812758d8,0x0000000084300000)
 Metaspace       used 34715K, committed 35840K, reserved 1114112K
  class space    used 3578K, committed 4096K, reserved 1048576K
}
Event: 16.667 GC heap after
{Heap after GC invocations=14 (full 1):
 PSYoungGen      total 25088K, used 992K [0x00000000d5580000, 0x00000000d7200000, 0x0000000100000000)
  eden space 22016K, 0% used [0x00000000d5580000,0x00000000d5580000,0x00000000d6b00000)
  from space 3072K, 32% used [0x00000000d6c80000,0x00000000d6d78000,0x00000000d6f80000)
  to   space 2048K, 0% used [0x00000000d7000000,0x00000000d7000000,0x00000000d7200000)
 ParOldGen       total 68608K, used 19494K [0x0000000080000000, 0x0000000084300000, 0x00000000d5580000)
  object space 68608K, 28% used [0x0000000080000000,0x00000000813098f8,0x0000000084300000)
 Metaspace       used 34715K, committed 35840K, reserved 1114112K
  class space    used 3578K, committed 4096K, reserved 1048576K
}
Event: 16.667 GC heap before
{Heap before GC invocations=15 (full 2):
 PSYoungGen      total 25088K, used 992K [0x00000000d5580000, 0x00000000d7200000, 0x0000000100000000)
  eden space 22016K, 0% used [0x00000000d5580000,0x00000000d5580000,0x00000000d6b00000)
  from space 3072K, 32% used [0x00000000d6c80000,0x00000000d6d78000,0x00000000d6f80000)
  to   space 2048K, 0% used [0x00000000d7000000,0x00000000d7000000,0x00000000d7200000)
 ParOldGen       total 68608K, used 19494K [0x0000000080000000, 0x0000000084300000, 0x00000000d5580000)
  object space 68608K, 28% used [0x0000000080000000,0x00000000813098f8,0x0000000084300000)
 Metaspace       used 34715K, committed 35840K, reserved 1114112K
  class space    used 3578K, committed 4096K, reserved 1048576K
}
Event: 16.693 GC heap after
{Heap after GC invocations=15 (full 2):
 PSYoungGen      total 25088K, used 0K [0x00000000d5580000, 0x00000000d7200000, 0x0000000100000000)
  eden space 22016K, 0% used [0x00000000d5580000,0x00000000d5580000,0x00000000d6b00000)
  from space 3072K, 0% used [0x00000000d6c80000,0x00000000d6c80000,0x00000000d6f80000)
  to   space 2048K, 0% used [0x00000000d7000000,0x00000000d7000000,0x00000000d7200000)
 ParOldGen       total 68608K, used 19512K [0x0000000080000000, 0x0000000084300000, 0x00000000d5580000)
  object space 68608K, 28% used [0x0000000080000000,0x000000008130e200,0x0000000084300000)
 Metaspace       used 34715K, committed 35840K, reserved 1114112K
  class space    used 3578K, committed 4096K, reserved 1048576K
}
Event: 16.850 GC heap before
{Heap before GC invocations=16 (full 2):
 PSYoungGen      total 25088K, used 22016K [0x00000000d5580000, 0x00000000d7200000, 0x0000000100000000)
  eden space 22016K, 100% used [0x00000000d5580000,0x00000000d6b00000,0x00000000d6b00000)
  from space 3072K, 0% used [0x00000000d6c80000,0x00000000d6c80000,0x00000000d6f80000)
  to   space 2048K, 0% used [0x00000000d7000000,0x00000000d7000000,0x00000000d7200000)
 ParOldGen       total 68608K, used 19512K [0x0000000080000000, 0x0000000084300000, 0x00000000d5580000)
  object space 68608K, 28% used [0x0000000080000000,0x000000008130e200,0x0000000084300000)
 Metaspace       used 37070K, committed 38336K, reserved 1114112K
  class space    used 3898K, committed 4480K, reserved 1048576K
}
Event: 16.852 GC heap after
{Heap after GC invocations=16 (full 2):
 PSYoungGen      total 23552K, used 1392K [0x00000000d5580000, 0x00000000d7180000, 0x0000000100000000)
  eden space 22016K, 0% used [0x00000000d5580000,0x00000000d5580000,0x00000000d6b00000)
  from space 1536K, 90% used [0x00000000d7000000,0x00000000d715c010,0x00000000d7180000)
  to   space 1536K, 0% used [0x00000000d6e80000,0x00000000d6e80000,0x00000000d7000000)
 ParOldGen       total 68608K, used 19520K [0x0000000080000000, 0x0000000084300000, 0x00000000d5580000)
  object space 68608K, 28% used [0x0000000080000000,0x0000000081310200,0x0000000084300000)
 Metaspace       used 37070K, committed 38336K, reserved 1114112K
  class space    used 3898K, committed 4480K, reserved 1048576K
}
Event: 17.001 GC heap before
{Heap before GC invocations=17 (full 2):
 PSYoungGen      total 23552K, used 23408K [0x00000000d5580000, 0x00000000d7180000, 0x0000000100000000)
  eden space 22016K, 100% used [0x00000000d5580000,0x00000000d6b00000,0x00000000d6b00000)
  from space 1536K, 90% used [0x00000000d7000000,0x00000000d715c010,0x00000000d7180000)
  to   space 1536K, 0% used [0x00000000d6e80000,0x00000000d6e80000,0x00000000d7000000)
 ParOldGen       total 68608K, used 19520K [0x0000000080000000, 0x0000000084300000, 0x00000000d5580000)
  object space 68608K, 28% used [0x0000000080000000,0x0000000081310200,0x0000000084300000)
 Metaspace       used 38536K, committed 39808K, reserved 1114112K
  class space    used 4069K, committed 4608K, reserved 1048576K
}
Event: 17.003 GC heap after
{Heap after GC invocations=17 (full 2):
 PSYoungGen      total 23552K, used 1520K [0x00000000d5580000, 0x00000000d7080000, 0x0000000100000000)
  eden space 22016K, 0% used [0x00000000d5580000,0x00000000d5580000,0x00000000d6b00000)
  from space 1536K, 98% used [0x00000000d6e80000,0x00000000d6ffc010,0x00000000d7000000)
  to   space 512K, 0% used [0x00000000d7000000,0x00000000d7000000,0x00000000d7080000)
 ParOldGen       total 68608K, used 20700K [0x0000000080000000, 0x0000000084300000, 0x00000000d5580000)
  object space 68608K, 30% used [0x0000000080000000,0x00000000814370e8,0x0000000084300000)
 Metaspace       used 38536K, committed 39808K, reserved 1114112K
  class space    used 4069K, committed 4608K, reserved 1048576K
}
Event: 17.092 GC heap before
{Heap before GC invocations=18 (full 2):
 PSYoungGen      total 23552K, used 23536K [0x00000000d5580000, 0x00000000d7080000, 0x0000000100000000)
  eden space 22016K, 100% used [0x00000000d5580000,0x00000000d6b00000,0x00000000d6b00000)
  from space 1536K, 98% used [0x00000000d6e80000,0x00000000d6ffc010,0x00000000d7000000)
  to   space 512K, 0% used [0x00000000d7000000,0x00000000d7000000,0x00000000d7080000)
 ParOldGen       total 68608K, used 20700K [0x0000000080000000, 0x0000000084300000, 0x00000000d5580000)
  object space 68608K, 30% used [0x0000000080000000,0x00000000814370e8,0x0000000084300000)
 Metaspace       used 38974K, committed 40192K, reserved 1114112K
  class space    used 4124K, committed 4672K, reserved 1048576K
}
Event: 17.099 GC heap after
{Heap after GC invocations=18 (full 2):
 PSYoungGen      total 22528K, used 512K [0x00000000d5580000, 0x00000000d7080000, 0x0000000100000000)
  eden space 22016K, 0% used [0x00000000d5580000,0x00000000d5580000,0x00000000d6b00000)
  from space 512K, 100% used [0x00000000d7000000,0x00000000d7080000,0x00000000d7080000)
  to   space 1536K, 0% used [0x00000000d6e80000,0x00000000d6e80000,0x00000000d7000000)
 ParOldGen       total 68608K, used 30139K [0x0000000080000000, 0x0000000084300000, 0x00000000d5580000)
  object space 68608K, 43% used [0x0000000080000000,0x0000000081d6ef80,0x0000000084300000)
 Metaspace       used 38974K, committed 40192K, reserved 1114112K
  class space    used 4124K, committed 4672K, reserved 1048576K
}
Event: 17.283 GC heap before
{Heap before GC invocations=19 (full 2):
 PSYoungGen      total 22528K, used 22528K [0x00000000d5580000, 0x00000000d7080000, 0x0000000100000000)
  eden space 22016K, 100% used [0x00000000d5580000,0x00000000d6b00000,0x00000000d6b00000)
  from space 512K, 100% used [0x00000000d7000000,0x00000000d7080000,0x00000000d7080000)
  to   space 1536K, 0% used [0x00000000d6e80000,0x00000000d6e80000,0x00000000d7000000)
 ParOldGen       total 68608K, used 30139K [0x0000000080000000, 0x0000000084300000, 0x00000000d5580000)
  object space 68608K, 43% used [0x0000000080000000,0x0000000081d6ef80,0x0000000084300000)
 Metaspace       used 40833K, committed 42112K, reserved 1114112K
  class space    used 4366K, committed 4928K, reserved 1048576K
}
Event: 17.285 GC heap after
{Heap after GC invocations=19 (full 2):
 PSYoungGen      total 23552K, used 1520K [0x00000000d5580000, 0x00000000d7500000, 0x0000000100000000)
  eden space 22016K, 0% used [0x00000000d5580000,0x00000000d5580000,0x00000000d6b00000)
  from space 1536K, 98% used [0x00000000d6e80000,0x00000000d6ffc010,0x00000000d7000000)
  to   space 5120K, 0% used [0x00000000d7000000,0x00000000d7000000,0x00000000d7500000)
 ParOldGen       total 68608K, used 30647K [0x0000000080000000, 0x0000000084300000, 0x00000000d5580000)
  object space 68608K, 44% used [0x0000000080000000,0x0000000081dedff8,0x0000000084300000)
 Metaspace       used 40833K, committed 42112K, reserved 1114112K
  class space    used 4366K, committed 4928K, reserved 1048576K
}

Dll operation events (10 events):
Event: 0.051 Loaded shared library c:\Users\HP\.antigravity\extensions\redhat.java-1.54.0-win32-x64\jre\21.0.10-win32-x86_64\bin\java.dll
Event: 0.216 Loaded shared library c:\Users\HP\.antigravity\extensions\redhat.java-1.54.0-win32-x64\jre\21.0.10-win32-x86_64\bin\zip.dll
Event: 0.245 Loaded shared library C:\Users\HP\.antigravity\extensions\redhat.java-1.54.0-win32-x64\jre\21.0.10-win32-x86_64\bin\instrument.dll
Event: 0.256 Loaded shared library C:\Users\HP\.antigravity\extensions\redhat.java-1.54.0-win32-x64\jre\21.0.10-win32-x86_64\bin\net.dll
Event: 0.262 Loaded shared library C:\Users\HP\.antigravity\extensions\redhat.java-1.54.0-win32-x64\jre\21.0.10-win32-x86_64\bin\nio.dll
Event: 0.267 Loaded shared library C:\Users\HP\.antigravity\extensions\redhat.java-1.54.0-win32-x64\jre\21.0.10-win32-x86_64\bin\zip.dll
Event: 0.296 Loaded shared library C:\Users\HP\.antigravity\extensions\redhat.java-1.54.0-win32-x64\jre\21.0.10-win32-x86_64\bin\jimage.dll
Event: 0.390 Loaded shared library c:\Users\HP\.antigravity\extensions\redhat.java-1.54.0-win32-x64\jre\21.0.10-win32-x86_64\bin\verify.dll
Event: 2.141 Loaded shared library C:\Users\HP\AppData\Roaming\Antigravity\User\globalStorage\redhat.java\1.54.0\config_win\org.eclipse.equinox.launcher\org.eclipse.equinox.launcher.win32.win32.x86_64_1.3.0.v20260203-2149\eclipse_11919.dll
Event: 11.498 Loaded shared library C:\Users\HP\AppData\Local\Temp\jna-2312\jna1682663531732150341.dll

Deoptimization events (20 events):
Event: 17.197 Thread 0x0000028e88a900d0 Uncommon trap: trap_request=0xffffffde fr.pc=0x0000028e3a5d0138 relative=0x0000000000000498
Event: 17.197 Thread 0x0000028e88a900d0 Uncommon trap: reason=class_check action=maybe_recompile pc=0x0000028e3a5d0138 method=java.lang.reflect.Executable.declaredAnnotations()Ljava/util/Map; @ 23 c2
Event: 17.197 Thread 0x0000028e88a900d0 DEOPT PACKING pc=0x0000028e3a5d0138 sp=0x000000ac2f3fdc80
Event: 17.197 Thread 0x0000028e88a900d0 DEOPT UNPACKING pc=0x0000028e39e33aa2 sp=0x000000ac2f3fdc50 mode 2
Event: 17.319 Thread 0x0000028e88a900d0 Uncommon trap: trap_request=0xffffffd6 fr.pc=0x0000028e3a5e94e8 relative=0x00000000000000c8
Event: 17.319 Thread 0x0000028e88a900d0 Uncommon trap: reason=array_check action=maybe_recompile pc=0x0000028e3a5e94e8 method=java.util.stream.Nodes$FixedNodeBuilder.accept(Ljava/lang/Object;)V @ 28 c2
Event: 17.319 Thread 0x0000028e88a900d0 DEOPT PACKING pc=0x0000028e3a5e94e8 sp=0x000000ac2f3fdf70
Event: 17.319 Thread 0x0000028e88a900d0 DEOPT UNPACKING pc=0x0000028e39e33aa2 sp=0x000000ac2f3fdef0 mode 2
Event: 17.319 Thread 0x0000028e88a900d0 Uncommon trap: trap_request=0xffffffd6 fr.pc=0x0000028e3a5e94e8 relative=0x00000000000000c8
Event: 17.319 Thread 0x0000028e88a900d0 Uncommon trap: reason=array_check action=maybe_recompile pc=0x0000028e3a5e94e8 method=java.util.stream.Nodes$FixedNodeBuilder.accept(Ljava/lang/Object;)V @ 28 c2
Event: 17.320 Thread 0x0000028e88a900d0 DEOPT PACKING pc=0x0000028e3a5e94e8 sp=0x000000ac2f3fdf70
Event: 17.320 Thread 0x0000028e88a900d0 DEOPT UNPACKING pc=0x0000028e39e33aa2 sp=0x000000ac2f3fdef0 mode 2
Event: 17.320 Thread 0x0000028e88a900d0 Uncommon trap: trap_request=0xffffffd6 fr.pc=0x0000028e3a5e94e8 relative=0x00000000000000c8
Event: 17.320 Thread 0x0000028e88a900d0 Uncommon trap: reason=array_check action=maybe_recompile pc=0x0000028e3a5e94e8 method=java.util.stream.Nodes$FixedNodeBuilder.accept(Ljava/lang/Object;)V @ 28 c2
Event: 17.320 Thread 0x0000028e88a900d0 DEOPT PACKING pc=0x0000028e3a5e94e8 sp=0x000000ac2f3fdf70
Event: 17.320 Thread 0x0000028e88a900d0 DEOPT UNPACKING pc=0x0000028e39e33aa2 sp=0x000000ac2f3fdef0 mode 2
Event: 17.320 Thread 0x0000028e88a900d0 Uncommon trap: trap_request=0xffffffd6 fr.pc=0x0000028e3a5e94e8 relative=0x00000000000000c8
Event: 17.320 Thread 0x0000028e88a900d0 Uncommon trap: reason=array_check action=maybe_recompile pc=0x0000028e3a5e94e8 method=java.util.stream.Nodes$FixedNodeBuilder.accept(Ljava/lang/Object;)V @ 28 c2
Event: 17.320 Thread 0x0000028e88a900d0 DEOPT PACKING pc=0x0000028e3a5e94e8 sp=0x000000ac2f3fdf30
Event: 17.320 Thread 0x0000028e88a900d0 DEOPT UNPACKING pc=0x0000028e39e33aa2 sp=0x000000ac2f3fdeb0 mode 2

Classes loaded (20 events):
Event: 16.936 Loading class java/time/format/DateTimeParseContext
Event: 16.937 Loading class java/time/format/DateTimeParseContext done
Event: 16.937 Loading class java/time/format/Parsed
Event: 16.938 Loading class java/time/format/Parsed done
Event: 17.024 Loading class java/util/concurrent/ForkJoinTask$AdaptedCallable
Event: 17.024 Loading class java/util/concurrent/ForkJoinTask$AdaptedCallable done
Event: 17.143 Loading class java/lang/invoke/MethodHandleImpl$CountingWrapper
Event: 17.143 Loading class java/lang/invoke/MethodHandleImpl$CountingWrapper done
Event: 17.188 Loading class sun/reflect/annotation/AnnotatedTypeFactory$AnnotatedParameterizedTypeImpl
Event: 17.188 Loading class java/lang/reflect/AnnotatedParameterizedType
Event: 17.188 Loading class java/lang/reflect/AnnotatedParameterizedType done
Event: 17.188 Loading class sun/reflect/annotation/AnnotatedTypeFactory$AnnotatedParameterizedTypeImpl done
Event: 17.321 Loading class sun/reflect/generics/scope/ConstructorScope
Event: 17.321 Loading class sun/reflect/generics/scope/ConstructorScope done
Event: 17.321 Loading class sun/reflect/generics/tree/VoidDescriptor
Event: 17.321 Loading class sun/reflect/generics/tree/VoidDescriptor done
Event: 17.365 Loading class java/util/concurrent/CompletionService
Event: 17.366 Loading class java/util/concurrent/CompletionService done
Event: 17.378 Loading class java/nio/channels/ServerSocketChannel
Event: 17.378 Loading class java/nio/channels/ServerSocketChannel done

Classes unloaded (7 events):
Event: 12.824 Thread 0x0000028e2d38ec00 Unloading class 0x0000028e471a5000 'java/lang/invoke/LambdaForm$MH+0x0000028e471a5000'
Event: 12.848 Thread 0x0000028e2d38ec00 Unloading class 0x0000028e471a4c00 'java/lang/invoke/LambdaForm$MH+0x0000028e471a4c00'
Event: 12.848 Thread 0x0000028e2d38ec00 Unloading class 0x0000028e471a4800 'java/lang/invoke/LambdaForm$MH+0x0000028e471a4800'
Event: 12.848 Thread 0x0000028e2d38ec00 Unloading class 0x0000028e471a4400 'java/lang/invoke/LambdaForm$MH+0x0000028e471a4400'
Event: 12.848 Thread 0x0000028e2d38ec00 Unloading class 0x0000028e471a4000 'java/lang/invoke/LambdaForm$BMH+0x0000028e471a4000'
Event: 12.848 Thread 0x0000028e2d38ec00 Unloading class 0x0000028e471a3c00 'java/lang/invoke/LambdaForm$DMH+0x0000028e471a3c00'
Event: 12.848 Thread 0x0000028e2d38ec00 Unloading class 0x0000028e471a2800 'java/lang/invoke/LambdaForm$DMH+0x0000028e471a2800'

Classes redefined (0 events):
No events

Internal exceptions (20 events):
Event: 16.709 Thread 0x0000028e88a96340 Exception <a 'java/lang/NoSuchMethodError'{0x00000000d57914e0}: 'int java.lang.invoke.DirectMethodHandle$Holder.invokeSpecial(java.lang.Object, java.lang.Object, java.lang.Object, java.lang.Object)'> (0x00000000d57914e0) 
thrown [s\src\hotspot\share\interpreter\linkResolver.cpp, line 773]
Event: 16.730 Thread 0x0000028e88a96340 Exception <a 'sun/nio/fs/WindowsException'{0x00000000d5ab9070}> (0x00000000d5ab9070) 
thrown [s\src\hotspot\share\prims\jni.cpp, line 520]
Event: 16.730 Thread 0x0000028e88a96340 Exception <a 'sun/nio/fs/WindowsException'{0x00000000d5ab9748}> (0x00000000d5ab9748) 
thrown [s\src\hotspot\share\prims\jni.cpp, line 520]
Event: 16.741 Thread 0x0000028e88a96340 Exception <a 'sun/nio/fs/WindowsException'{0x00000000d5b98540}> (0x00000000d5b98540) 
thrown [s\src\hotspot\share\prims\jni.cpp, line 520]
Event: 16.741 Thread 0x0000028e88a96340 Exception <a 'sun/nio/fs/WindowsException'{0x00000000d5bcfd18}> (0x00000000d5bcfd18) 
thrown [s\src\hotspot\share\prims\jni.cpp, line 520]
Event: 16.819 Thread 0x0000028e2f6b30b0 Exception <a 'java/lang/NoSuchMethodError'{0x00000000d6704338}: 'void java.lang.invoke.DirectMethodHandle$Holder.invokeSpecial(java.lang.Object, java.lang.Object, java.lang.Object, java.lang.Object, java.lang.Object, java.lang.Object)'> (0x00000000d6704338) 
thrown [s\src\hotspot\share\interpreter\linkResolver.cpp, line 773]
Event: 16.820 Thread 0x0000028e2f6b30b0 Exception <a 'java/lang/IncompatibleClassChangeError'{0x00000000d670c838}: Found class java.lang.Object, but interface was expected> (0x00000000d670c838) 
thrown [s\src\hotspot\share\interpreter\linkResolver.cpp, line 840]
Event: 16.820 Thread 0x0000028e2f6b30b0 Exception <a 'java/lang/IncompatibleClassChangeError'{0x00000000d670e518}: Found class java.lang.Object, but interface was expected> (0x00000000d670e518) 
thrown [s\src\hotspot\share\interpreter\linkResolver.cpp, line 840]
Event: 16.832 Thread 0x0000028e88a900d0 Exception <a 'java/lang/NoClassDefFoundError'{0x00000000d68c1958}: javax/enterprise/inject/Typed> (0x00000000d68c1958) 
thrown [s\src\hotspot\share\classfile\systemDictionary.cpp, line 301]
Event: 16.878 Thread 0x0000028e88a96340 Exception <a 'java/io/FileNotFoundException'{0x00000000d5955160}> (0x00000000d5955160) 
thrown [s\src\hotspot\share\prims\jni.cpp, line 520]
Event: 16.879 Thread 0x0000028e88a96340 Exception <a 'java/io/FileNotFoundException'{0x00000000d5956728}> (0x00000000d5956728) 
thrown [s\src\hotspot\share\prims\jni.cpp, line 520]
Event: 16.880 Thread 0x0000028e88a96340 Exception <a 'java/lang/NoSuchMethodError'{0x00000000d59a9ae8}: 'java.lang.Object java.lang.invoke.DirectMethodHandle$Holder.newInvokeSpecial(java.lang.Object, java.lang.Object, java.lang.Object, int)'> (0x00000000d59a9ae8) 
thrown [s\src\hotspot\share\interpreter\linkResolver.cpp, line 773]
Event: 16.881 Thread 0x0000028e88a96340 Exception <a 'java/lang/NoSuchMethodError'{0x00000000d59ad760}: 'java.lang.Object java.lang.invoke.DirectMethodHandle$Holder.invokeSpecial(java.lang.Object, java.lang.Object, java.lang.Object, java.lang.Object, int)'> (0x00000000d59ad760) 
thrown [s\src\hotspot\share\interpreter\linkResolver.cpp, line 773]
Event: 16.881 Thread 0x0000028e88a96340 Exception <a 'java/lang/NoSuchMethodError'{0x00000000d59b0c08}: 'java.lang.Object java.lang.invoke.Invokers$Holder.linkToTargetMethod(java.lang.Object, java.lang.Object, int, java.lang.Object)'> (0x00000000d59b0c08) 
thrown [s\src\hotspot\share\interpreter\linkResolver.cpp, line 773]
Event: 16.883 Thread 0x0000028e88a96340 Exception <a 'java/lang/NoSuchMethodError'{0x00000000d5a379c0}: 'void java.lang.invoke.DirectMethodHandle$Holder.invokeStaticInit(java.lang.Object, java.lang.Object, java.lang.Object)'> (0x00000000d5a379c0) 
thrown [s\src\hotspot\share\interpreter\linkResolver.cpp, line 773]
Event: 17.118 Thread 0x0000028e90ad1950 Exception <a 'java/io/FileNotFoundException'{0x00000000d5b0dbe8}> (0x00000000d5b0dbe8) 
thrown [s\src\hotspot\share\prims\jni.cpp, line 520]
Event: 17.143 Thread 0x0000028e90ad1950 Exception <a 'java/lang/NoSuchMethodError'{0x00000000d5ebda40}: 'java.lang.Object java.lang.invoke.DirectMethodHandle$Holder.invokeStatic(java.lang.Object, int, java.lang.Object, java.lang.Object)'> (0x00000000d5ebda40) 
thrown [s\src\hotspot\share\interpreter\linkResolver.cpp, line 773]
Event: 17.143 Thread 0x0000028e90ad1950 Exception <a 'java/lang/NoSuchMethodError'{0x00000000d5ec1240}: 'java.lang.Object java.lang.invoke.DelegatingMethodHandle$Holder.delegate(java.lang.Object, int, java.lang.Object, java.lang.Object)'> (0x00000000d5ec1240) 
thrown [s\src\hotspot\share\interpreter\linkResolver.cpp, line 773]
Event: 17.144 Thread 0x0000028e90ad1950 Implicit null exception at 0x0000028e3a5170f6 to 0x0000028e3a517418
Event: 17.145 Thread 0x0000028e90ad1950 Exception <a 'java/lang/NoSuchMethodError'{0x00000000d5f07f90}: 'int java.lang.invoke.Invokers$Holder.linkToTargetMethod(java.lang.Object, java.lang.Object, java.lang.Object)'> (0x00000000d5f07f90) 
thrown [s\src\hotspot\share\interpreter\linkResolver.cpp, line 773]

ZGC Phase Switch (0 events):
No events

VM Operations (20 events):
Event: 16.665 Executing safepoint VM operation: CollectForMetadataAllocation (Metadata GC Threshold)
Event: 16.693 Executing safepoint VM operation: CollectForMetadataAllocation (Metadata GC Threshold) done
Event: 16.693 Executing safepoint VM operation: CollectForMetadataAllocation (Metadata GC Threshold)
Event: 16.693 Executing safepoint VM operation: CollectForMetadataAllocation (Metadata GC Threshold) done
Event: 16.807 Executing non-safepoint VM operation: HandshakeAllThreads (Deoptimize)
Event: 16.823 Executing non-safepoint VM operation: HandshakeAllThreads (Deoptimize) done
Event: 16.850 Executing safepoint VM operation: ParallelGCFailedAllocation (Allocation Failure)
Event: 16.852 Executing safepoint VM operation: ParallelGCFailedAllocation (Allocation Failure) done
Event: 17.001 Executing safepoint VM operation: ParallelGCFailedAllocation (Allocation Failure)
Event: 17.003 Executing safepoint VM operation: ParallelGCFailedAllocation (Allocation Failure) done
Event: 17.092 Executing safepoint VM operation: ParallelGCFailedAllocation (Allocation Failure)
Event: 17.099 Executing safepoint VM operation: ParallelGCFailedAllocation (Allocation Failure) done
Event: 17.111 Executing non-safepoint VM operation: HandshakeAllThreads (Deoptimize)
Event: 17.111 Executing non-safepoint VM operation: HandshakeAllThreads (Deoptimize) done
Event: 17.218 Executing non-safepoint VM operation: HandshakeAllThreads (Deoptimize)
Event: 17.218 Executing non-safepoint VM operation: HandshakeAllThreads (Deoptimize) done
Event: 17.264 Executing non-safepoint VM operation: HandshakeAllThreads (Deoptimize)
Event: 17.264 Executing non-safepoint VM operation: HandshakeAllThreads (Deoptimize) done
Event: 17.283 Executing safepoint VM operation: ParallelGCFailedAllocation (Allocation Failure)
Event: 17.285 Executing safepoint VM operation: ParallelGCFailedAllocation (Allocation Failure) done

Memory protections (0 events):
No events

Nmethod flushes (20 events):
Event: 16.681 Thread 0x0000028e2d38ec00 flushing  nmethod 0x0000028e32ea4b90
Event: 16.681 Thread 0x0000028e2d38ec00 flushing  nmethod 0x0000028e32ea4e90
Event: 16.681 Thread 0x0000028e2d38ec00 flushing  nmethod 0x0000028e32ef6390
Event: 16.681 Thread 0x0000028e2d38ec00 flushing  nmethod 0x0000028e32ef7810
Event: 16.681 Thread 0x0000028e2d38ec00 flushing  nmethod 0x0000028e32ef8110
Event: 16.681 Thread 0x0000028e2d38ec00 flushing  nmethod 0x0000028e32ef9310
Event: 16.681 Thread 0x0000028e2d38ec00 flushing  nmethod 0x0000028e32ef9f90
Event: 16.681 Thread 0x0000028e2d38ec00 flushing  nmethod 0x0000028e32efbc90
Event: 16.681 Thread 0x0000028e2d38ec00 flushing  nmethod 0x0000028e32efd510
Event: 16.681 Thread 0x0000028e2d38ec00 flushing  nmethod 0x0000028e32eff110
Event: 16.681 Thread 0x0000028e2d38ec00 flushing  nmethod 0x0000028e32effd90
Event: 16.681 Thread 0x0000028e2d38ec00 flushing  nmethod 0x0000028e32f00590
Event: 16.681 Thread 0x0000028e2d38ec00 flushing  nmethod 0x0000028e32f01410
Event: 16.681 Thread 0x0000028e2d38ec00 flushing  nmethod 0x0000028e32f26810
Event: 16.681 Thread 0x0000028e2d38ec00 flushing  nmethod 0x0000028e32f51d90
Event: 16.681 Thread 0x0000028e2d38ec00 flushing  nmethod 0x0000028e32f58290
Event: 16.681 Thread 0x0000028e2d38ec00 flushing  nmethod 0x0000028e32f5ec90
Event: 16.681 Thread 0x0000028e2d38ec00 flushing  nmethod 0x0000028e33016610
Event: 16.681 Thread 0x0000028e2d38ec00 flushing  nmethod 0x0000028e33016a90
Event: 16.681 Thread 0x0000028e2d38ec00 flushing  nmethod 0x0000028e33035a90

Events (20 events):
Event: 16.549 Thread 0x0000028e88a92ec0 Thread added: 0x0000028e88a95cb0
Event: 16.582 Thread 0x0000028e2f6b30b0 Thread added: 0x0000028e88a97060
Event: 16.583 Thread 0x0000028e2f6b30b0 Thread added: 0x0000028e88a94f90
Event: 16.583 Thread 0x0000028e2f6b30b0 Thread added: 0x0000028e88a91b10
Event: 16.583 Thread 0x0000028e2f6b30b0 Thread added: 0x0000028e88a976f0
Event: 16.583 Thread 0x0000028e2f6b30b0 Thread added: 0x0000028e88a93be0
Event: 16.583 Thread 0x0000028e2f6b30b0 Thread added: 0x0000028e88a90760
Event: 16.583 Thread 0x0000028e2f6b30b0 Thread added: 0x0000028e88a90df0
Event: 16.583 Thread 0x0000028e2f6b30b0 Thread added: 0x0000028e88a92830
Event: 16.583 Thread 0x0000028e2f6b30b0 Thread added: 0x0000028e88a94900
Event: 16.611 Thread 0x0000028e2f6b30b0 Thread added: 0x0000028e88a94270
Event: 16.841 Thread 0x0000028e2f6b30b0 Thread added: 0x0000028e88a91480
Event: 16.841 Thread 0x0000028e2f6b30b0 Thread added: 0x0000028e90ad1950
Event: 17.025 Thread 0x0000028e88a96340 Thread added: 0x0000028e90ad05a0
Event: 17.025 Thread 0x0000028e88a96340 Thread added: 0x0000028e90ad0c30
Event: 17.026 Thread 0x0000028e90ad05a0 Thread added: 0x0000028e90ad6810
Event: 17.026 Thread 0x0000028e90ad0c30 Thread added: 0x0000028e90acff10
Event: 17.026 Thread 0x0000028e90acff10 Thread added: 0x0000028e90ad12c0
Event: 17.027 Thread 0x0000028e90ad6810 Thread added: 0x0000028e90ad6180
Event: 17.028 Thread 0x0000028e90ad12c0 Thread added: 0x0000028e90ad6ea0


Dynamic libraries:
0x00007ff7c4570000 - 0x00007ff7c457e000 	c:\Users\HP\.antigravity\extensions\redhat.java-1.54.0-win32-x64\jre\21.0.10-win32-x86_64\bin\java.exe
0x00007ffc79830000 - 0x00007ffc79a48000 	C:\WINDOWS\SYSTEM32\ntdll.dll
0x00007ffc796c0000 - 0x00007ffc79784000 	C:\WINDOWS\System32\KERNEL32.DLL
0x00007ffc770f0000 - 0x00007ffc774c3000 	C:\WINDOWS\System32\KERNELBASE.dll
0x00007ffc76970000 - 0x00007ffc76a81000 	C:\WINDOWS\System32\ucrtbase.dll
0x00007ffc5f490000 - 0x00007ffc5f4ae000 	c:\Users\HP\.antigravity\extensions\redhat.java-1.54.0-win32-x64\jre\21.0.10-win32-x86_64\bin\VCRUNTIME140.dll
0x00007ffc636e0000 - 0x00007ffc636f8000 	c:\Users\HP\.antigravity\extensions\redhat.java-1.54.0-win32-x64\jre\21.0.10-win32-x86_64\bin\jli.dll
0x00007ffc77ae0000 - 0x00007ffc77c92000 	C:\WINDOWS\System32\USER32.dll
0x00007ffc56d70000 - 0x00007ffc5700c000 	C:\WINDOWS\WinSxS\amd64_microsoft.windows.common-controls_6595b64144ccf1df_6.0.22621.6060_none_2712eda17382d24b\COMCTL32.dll
0x00007ffc76940000 - 0x00007ffc76966000 	C:\WINDOWS\System32\win32u.dll
0x00007ffc78400000 - 0x00007ffc78429000 	C:\WINDOWS\System32\GDI32.dll
0x00007ffc780a0000 - 0x00007ffc78147000 	C:\WINDOWS\System32\msvcrt.dll
0x00007ffc76a90000 - 0x00007ffc76bab000 	C:\WINDOWS\System32\gdi32full.dll
0x00007ffc76d20000 - 0x00007ffc76dba000 	C:\WINDOWS\System32\msvcp_win.dll
0x00007ffc785d0000 - 0x00007ffc78601000 	C:\WINDOWS\System32\IMM32.DLL
0x00007ffc6ef90000 - 0x00007ffc6ef9c000 	c:\Users\HP\.antigravity\extensions\redhat.java-1.54.0-win32-x64\jre\21.0.10-win32-x86_64\bin\vcruntime140_1.dll
0x00007ffc2cb30000 - 0x00007ffc2cbbd000 	c:\Users\HP\.antigravity\extensions\redhat.java-1.54.0-win32-x64\jre\21.0.10-win32-x86_64\bin\msvcp140.dll
0x00007ffbb2ef0000 - 0x00007ffbb3c91000 	c:\Users\HP\.antigravity\extensions\redhat.java-1.54.0-win32-x64\jre\21.0.10-win32-x86_64\bin\server\jvm.dll
0x00007ffc78330000 - 0x00007ffc783e1000 	C:\WINDOWS\System32\ADVAPI32.dll
0x00007ffc784a0000 - 0x00007ffc78548000 	C:\WINDOWS\System32\sechost.dll
0x00007ffc76f00000 - 0x00007ffc76f28000 	C:\WINDOWS\System32\bcrypt.dll
0x00007ffc78d00000 - 0x00007ffc78e18000 	C:\WINDOWS\System32\RPCRT4.dll
0x00007ffc78aa0000 - 0x00007ffc78b11000 	C:\WINDOWS\System32\WS2_32.dll
0x00007ffc76810000 - 0x00007ffc7685d000 	C:\WINDOWS\SYSTEM32\POWRPROF.dll
0x00007ffc6c9b0000 - 0x00007ffc6c9e4000 	C:\WINDOWS\SYSTEM32\WINMM.dll
0x00007ffc63250000 - 0x00007ffc6325a000 	C:\WINDOWS\SYSTEM32\VERSION.dll
0x00007ffc767f0000 - 0x00007ffc76803000 	C:\WINDOWS\SYSTEM32\UMPDC.dll
0x00007ffc758e0000 - 0x00007ffc758f8000 	C:\WINDOWS\SYSTEM32\kernel.appcore.dll
0x00007ffc6d5f0000 - 0x00007ffc6d5fa000 	c:\Users\HP\.antigravity\extensions\redhat.java-1.54.0-win32-x64\jre\21.0.10-win32-x86_64\bin\jimage.dll
0x00007ffc73e50000 - 0x00007ffc74083000 	C:\WINDOWS\SYSTEM32\DBGHELP.DLL
0x00007ffc77d00000 - 0x00007ffc78091000 	C:\WINDOWS\System32\combase.dll
0x00007ffc778a0000 - 0x00007ffc77978000 	C:\WINDOWS\System32\OLEAUT32.dll
0x00007ffc56140000 - 0x00007ffc56172000 	C:\WINDOWS\SYSTEM32\dbgcore.DLL
0x00007ffc76e80000 - 0x00007ffc76efb000 	C:\WINDOWS\System32\bcryptPrimitives.dll
0x00007ffc6d420000 - 0x00007ffc6d42f000 	c:\Users\HP\.antigravity\extensions\redhat.java-1.54.0-win32-x64\jre\21.0.10-win32-x86_64\bin\instrument.dll
0x00007ffc59230000 - 0x00007ffc59250000 	c:\Users\HP\.antigravity\extensions\redhat.java-1.54.0-win32-x64\jre\21.0.10-win32-x86_64\bin\java.dll
0x00007ffc78e20000 - 0x00007ffc796bc000 	C:\WINDOWS\System32\SHELL32.dll
0x00007ffc76f30000 - 0x00007ffc7706f000 	C:\WINDOWS\System32\wintypes.dll
0x00007ffc747f0000 - 0x00007ffc7510a000 	C:\WINDOWS\SYSTEM32\windows.storage.dll
0x00007ffc77690000 - 0x00007ffc77794000 	C:\WINDOWS\System32\SHCORE.dll
0x00007ffc777a0000 - 0x00007ffc77809000 	C:\WINDOWS\System32\shlwapi.dll
0x00007ffc76870000 - 0x00007ffc76895000 	C:\WINDOWS\SYSTEM32\profapi.dll
0x00007ffc4dca0000 - 0x00007ffc4dcb8000 	c:\Users\HP\.antigravity\extensions\redhat.java-1.54.0-win32-x64\jre\21.0.10-win32-x86_64\bin\zip.dll
0x00007ffc6cbc0000 - 0x00007ffc6cbd0000 	C:\Users\HP\.antigravity\extensions\redhat.java-1.54.0-win32-x64\jre\21.0.10-win32-x86_64\bin\net.dll
0x00007ffc72610000 - 0x00007ffc7273c000 	C:\WINDOWS\SYSTEM32\WINHTTP.dll
0x00007ffc75da0000 - 0x00007ffc75e09000 	C:\WINDOWS\system32\mswsock.dll
0x00007ffc4b810000 - 0x00007ffc4b826000 	C:\Users\HP\.antigravity\extensions\redhat.java-1.54.0-win32-x64\jre\21.0.10-win32-x86_64\bin\nio.dll
0x00007ffc62020000 - 0x00007ffc62030000 	c:\Users\HP\.antigravity\extensions\redhat.java-1.54.0-win32-x64\jre\21.0.10-win32-x86_64\bin\verify.dll
0x00007ffc4b7c0000 - 0x00007ffc4b805000 	C:\Users\HP\AppData\Roaming\Antigravity\User\globalStorage\redhat.java\1.54.0\config_win\org.eclipse.equinox.launcher\org.eclipse.equinox.launcher.win32.win32.x86_64_1.3.0.v20260203-2149\eclipse_11919.dll
0x00007ffc78b50000 - 0x00007ffc78cf1000 	C:\WINDOWS\System32\ole32.dll
0x00007ffc760f0000 - 0x00007ffc7610b000 	C:\WINDOWS\SYSTEM32\CRYPTSP.dll
0x00007ffc75840000 - 0x00007ffc75877000 	C:\WINDOWS\system32\rsaenh.dll
0x00007ffc75e40000 - 0x00007ffc75e68000 	C:\WINDOWS\SYSTEM32\USERENV.dll
0x00007ffc760d0000 - 0x00007ffc760dc000 	C:\WINDOWS\SYSTEM32\CRYPTBASE.dll
0x00007ffc753b0000 - 0x00007ffc753dd000 	C:\WINDOWS\SYSTEM32\IPHLPAPI.DLL
0x00007ffc783f0000 - 0x00007ffc783f9000 	C:\WINDOWS\System32\NSI.dll
0x00007ffc4b770000 - 0x00007ffc4b7b9000 	C:\Users\HP\AppData\Local\Temp\jna-2312\jna1682663531732150341.dll
0x00007ffc78610000 - 0x00007ffc78618000 	C:\WINDOWS\System32\PSAPI.DLL
0x00007ffc6c880000 - 0x00007ffc6c899000 	C:\WINDOWS\SYSTEM32\dhcpcsvc6.DLL
0x00007ffc6c860000 - 0x00007ffc6c87f000 	C:\WINDOWS\SYSTEM32\dhcpcsvc.DLL

JVMTI agents:
c:\Users\HP\.antigravity\extensions\redhat.java-1.54.0-win32-x64\lombok\lombok-1.18.39-4050.jar path:c:\Users\HP\.antigravity\extensions\redhat.java-1.54.0-win32-x64\jre\21.0.10-win32-x86_64\bin\instrument.dll, loaded, initialized, instrumentlib options:none

dbghelp: loaded successfully - version: 4.0.5 - missing functions: none
symbol engine: initialized successfully - sym options: 0x614 - pdb path: .;c:\Users\HP\.antigravity\extensions\redhat.java-1.54.0-win32-x64\jre\21.0.10-win32-x86_64\bin;C:\WINDOWS\SYSTEM32;C:\WINDOWS\WinSxS\amd64_microsoft.windows.common-controls_6595b64144ccf1df_6.0.22621.6060_none_2712eda17382d24b;c:\Users\HP\.antigravity\extensions\redhat.java-1.54.0-win32-x64\jre\21.0.10-win32-x86_64\bin\server;C:\Users\HP\AppData\Roaming\Antigravity\User\globalStorage\redhat.java\1.54.0\config_win\org.eclipse.equinox.launcher\org.eclipse.equinox.launcher.win32.win32.x86_64_1.3.0.v20260203-2149;C:\Users\HP\AppData\Local\Temp\jna-2312

VM Arguments:
jvm_args: --add-modules=ALL-SYSTEM --add-opens=java.base/java.util=ALL-UNNAMED --add-opens=java.base/java.lang=ALL-UNNAMED --add-opens=java.base/sun.nio.fs=ALL-UNNAMED -Declipse.application=org.eclipse.jdt.ls.core.id1 -Dosgi.bundles.defaultStartLevel=4 -Declipse.product=org.eclipse.jdt.ls.core.product -Djava.import.generatesMetadataFilesAtProjectRoot=false -DDetectVMInstallationsJob.disabled=true -Dfile.encoding=utf8 -XX:+UseParallelGC -XX:GCTimeRatio=4 -XX:AdaptiveSizePolicyWeight=90 -Dsun.zip.disableMemoryMapping=true -Xmx2G -Xms100m -Xlog:disable -javaagent:c:\Users\HP\.antigravity\extensions\redhat.java-1.54.0-win32-x64\lombok\lombok-1.18.39-4050.jar -XX:+HeapDumpOnOutOfMemoryError -XX:HeapDumpPath=c:\Users\HP\AppData\Roaming\Antigravity\User\workspaceStorage\ec30be9fa44441caa41ccff467e32948\redhat.java -Daether.dependencyCollector.impl=bf 
java_command: c:\Users\HP\.antigravity\extensions\redhat.java-1.54.0-win32-x64\server\plugins\org.eclipse.equinox.launcher_1.7.100.v20251111-0406.jar -configuration c:\Users\HP\AppData\Roaming\Antigravity\User\globalStorage\redhat.java\1.54.0\config_win -data c:\Users\HP\AppData\Roaming\Antigravity\User\workspaceStorage\ec30be9fa44441caa41ccff467e32948\redhat.java\jdt_ws --pipe=\\.\pipe\lsp-30adc05c14835a183422f9092bcd1ed6-sock
java_class_path (initial): c:\Users\HP\.antigravity\extensions\redhat.java-1.54.0-win32-x64\server\plugins\org.eclipse.equinox.launcher_1.7.100.v20251111-0406.jar
Launcher Type: SUN_STANDARD

[Global flags]
    uintx AdaptiveSizePolicyWeight                 = 90                                        {product} {command line}
     intx CICompilerCount                          = 4                                         {product} {ergonomic}
    uintx GCTimeRatio                              = 4                                         {product} {command line}
     bool HeapDumpOnOutOfMemoryError               = true                                   {manageable} {command line}
    ccstr HeapDumpPath                             = c:\Users\HP\AppData\Roaming\Antigravity\User\workspaceStorage\ec30be9fa44441caa41ccff467e32948\redhat.java         {manageable} {command line}
   size_t InitialHeapSize                          = 104857600                                 {product} {command line}
   size_t MaxHeapSize                              = 2147483648                                {product} {command line}
   size_t MaxNewSize                               = 715653120                                 {product} {ergonomic}
   size_t MinHeapDeltaBytes                        = 524288                                    {product} {ergonomic}
   size_t MinHeapSize                              = 104857600                                 {product} {command line}
   size_t NewSize                                  = 34603008                                  {product} {ergonomic}
    uintx NonNMethodCodeHeapSize                   = 5839372                                {pd product} {ergonomic}
    uintx NonProfiledCodeHeapSize                  = 122909434                              {pd product} {ergonomic}
   size_t OldSize                                  = 70254592                                  {product} {ergonomic}
    uintx ProfiledCodeHeapSize                     = 122909434                              {pd product} {ergonomic}
    uintx ReservedCodeCacheSize                    = 251658240                              {pd product} {ergonomic}
     bool SegmentedCodeCache                       = true                                      {product} {ergonomic}
   size_t SoftMaxHeapSize                          = 2147483648                             {manageable} {ergonomic}
     bool UseCompressedOops                        = true                           {product lp64_product} {ergonomic}
     bool UseLargePagesIndividualAllocation        = false                                  {pd product} {ergonomic}
     bool UseParallelGC                            = true                                      {product} {command line}

Logging:
Log output configuration:
 #0: stdout all=off uptime,level,tags foldmultilines=false
 #1: stderr all=off uptime,level,tags foldmultilines=false

Release file:
JAVA_VERSION="21.0.10" 
MODULES="java.base java.compiler java.datatransfer java.xml java.prefs java.desktop java.instrument java.logging java.management java.security.sasl java.naming java.rmi java.management.rmi java.net.http java.scripting java.security.jgss java.transaction.xa java.sql java.sql.rowset java.xml.crypto java.se java.smartcardio jdk.accessibility jdk.internal.jvmstat jdk.attach jdk.charsets jdk.internal.opt jdk.zipfs jdk.compiler jdk.crypto.ec jdk.crypto.cryptoki jdk.crypto.mscapi jdk.dynalink jdk.internal.ed jdk.editpad jdk.hotspot.agent jdk.httpserver jdk.internal.le jdk.internal.vm.ci jdk.internal.vm.compiler jdk.internal.vm.compiler.management jdk.jartool jdk.javadoc jdk.jcmd jdk.management jdk.management.agent jdk.jconsole jdk.jdeps jdk.jdwp.agent jdk.jdi jdk.jfr jdk.jshell jdk.jsobject jdk.jstatd jdk.localedata jdk.management.jfr jdk.naming.dns jdk.naming.rmi jdk.net jdk.nio.mapmode jdk.random jdk.sctp jdk.security.auth jdk.security.jgss jdk.unsupported jdk.unsupported.desktop jdk.xml.dom" 

Environment Variables:
JAVA_HOME=C:\Program Files\Microsoft\jdk-17.0.18.8-hotspot\
PATH=C:\Program Files\Microsoft\jdk-17.0.18.8-hotspot\bin;C:\Python314\Scripts\;C:\Python314\;C:\oraclexe\app\oracle\product\10.2.0\server\bin;C:\app\HP\product\21c\dbhomeXE\bin;C:\Users\HP\Downloads\WINDOWS.X64_193000_grid_home\bin;C:\WINDOWS\system32;C:\WINDOWS;C:\WINDOWS\System32\Wbem;C:\WINDOWS\System32\WindowsPowerShell\v1.0\;C:\WINDOWS\System32\OpenSSH\;C:\Program Files\PuTTY\;C:\Program Files (x86)\;C:\Program Files\Git\cmd;C:\Program Files (x86)\Windows Kits\10\Windows Performance Toolkit\;C:\Program Files\MongoDB\Server\8.2\bin;C:\Program Files\nodejs\;C:\ProgramData\chocolatey\bin;C:\Users\HP\AppData\Local\Programs\Python\Python313\Scripts\;C:\Users\HP\AppData\Local\Programs\Python\Python313\;C:\Users\HP\AppData\Local\Programs\Python\Launcher\;C:\Users\HP\AppData\Local\Microsoft\WindowsApps;;C:\Users\HP\AppData\Local\Programs\Microsoft VS Code\bin;C:\Users\HP\Desktop\Antigravity\bin;C:\Users\HP\AppData\Roaming\npm;C:\Users\HP\AppData\Local\Microsoft\WinGet\Packages\Ngrok.Ngrok_Microsoft.Winget.Source_8wekyb3d8bbwe;
USERNAME=HP
OS=Windows_NT
PROCESSOR_IDENTIFIER=Intel64 Family 6 Model 154 Stepping 4, GenuineIntel
TMP=C:\Users\HP\AppData\Local\Temp
TEMP=C:\Users\HP\AppData\Local\Temp




Periodic native trim disabled

---------------  S Y S T E M  ---------------

OS:
 Windows 11 , 64 bit Build 22621 (10.0.22621.5415)
OS uptime: 0 days 21:30 hours
Hyper-V role detected

CPU: total 8 (initial active 8) (4 cores per cpu, 2 threads per core) family 6 model 154 stepping 4 microcode 0x42c, cx8, cmov, fxsr, ht, mmx, 3dnowpref, sse, sse2, sse3, ssse3, sse4.1, sse4.2, popcnt, lzcnt, tsc, tscinvbit, avx, avx2, aes, erms, clmul, bmi1, bmi2, adx, sha, fma, vzeroupper, clflush, clflushopt, clwb, hv, serialize, rdtscp, rdpid, fsrm, f16c, cet_ibt, cet_ss
Processor Information for processor 0
  Max Mhz: 1200, Current Mhz: 1200, Mhz Limit: 1200
Processor Information for processor 1
  Max Mhz: 1200, Current Mhz: 1200, Mhz Limit: 1200
Processor Information for processor 2
  Max Mhz: 1200, Current Mhz: 1200, Mhz Limit: 1200
Processor Information for processor 3
  Max Mhz: 1200, Current Mhz: 1200, Mhz Limit: 1200
Processor Information for processor 4
  Max Mhz: 1200, Current Mhz: 900, Mhz Limit: 900
Processor Information for processor 5
  Max Mhz: 1200, Current Mhz: 900, Mhz Limit: 900
Processor Information for processor 6
  Max Mhz: 1200, Current Mhz: 900, Mhz Limit: 900
Processor Information for processor 7
  Max Mhz: 1200, Current Mhz: 900, Mhz Limit: 900

Memory: 4k page, system-wide physical 3767M (528M free)
TotalPageFile size 15543M (AvailPageFile size 0M)
current process WorkingSet (physical memory assigned to process): 206M, peak: 206M
current process commit charge ("private bytes"): 339M, peak: 347M

vm_info: OpenJDK 64-Bit Server VM (21.0.10+7-LTS) for windows-amd64 JRE (21.0.10+7-LTS), built on 2026-01-20T00:00:00Z by "admin" with MS VC++ 17.12 (VS2022)

END.
