#
# There is insufficient memory for the Java Runtime Environment to continue.
# Native memory allocation (malloc) failed to allocate 1198736 bytes. Error detail: Chunk::new
# Possible reasons:
#   The system is out of physical RAM or swap space
#   This process is running with CompressedOops enabled, and the Java Heap may be blocking the growth of the native heap
# Possible solutions:
#   Reduce memory load on the system
#   Increase physical memory or swap space
#   Check if swap backing store is full
#   Decrease Java heap size (-Xmx/-Xms)
#   Decrease number of Java threads
#   Decrease Java thread stack sizes (-Xss)
#   Set larger code cache with -XX:ReservedCodeCacheSize=
#   JVM is running with Unscaled Compressed Oops mode in which the Java heap is
#     placed in the first 4GB address space. The Java Heap base address is the
#     maximum limit for the native heap growth. Please use -XX:HeapBaseMinAddress
#     to set the Java Heap base and to place the Java Heap above 4GB virtual address.
# This output file may be truncated or incomplete.
#
#  Out of Memory Error (arena.cpp:168), pid=1204, tid=11668
#
# JRE version: OpenJDK Runtime Environment Temurin-21.0.10+7 (21.0.10+7) (build 21.0.10+7-LTS)
# Java VM: OpenJDK 64-Bit Server VM Temurin-21.0.10+7 (21.0.10+7-LTS, mixed mode, sharing, tiered, compressed oops, compressed class ptrs, parallel gc, windows-amd64)
# No core dump will be written. Minidumps are not enabled by default on client versions of Windows
#

---------------  S U M M A R Y ------------

Command Line: --add-modules=ALL-SYSTEM --add-opens=java.base/java.util=ALL-UNNAMED --add-opens=java.base/java.lang=ALL-UNNAMED --add-opens=java.base/sun.nio.fs=ALL-UNNAMED -Declipse.application=org.eclipse.jdt.ls.core.id1 -Dosgi.bundles.defaultStartLevel=4 -Declipse.product=org.eclipse.jdt.ls.core.product -Djava.import.generatesMetadataFilesAtProjectRoot=false -DDetectVMInstallationsJob.disabled=true -Dfile.encoding=utf8 -XX:+UseParallelGC -XX:GCTimeRatio=4 -XX:AdaptiveSizePolicyWeight=90 -Dsun.zip.disableMemoryMapping=true -Xmx2G -Xms100m -Xlog:disable -javaagent:c:\Users\HP\.antigravity\extensions\redhat.java-1.54.0-win32-x64\lombok\lombok-1.18.39-4050.jar -XX:+HeapDumpOnOutOfMemoryError -XX:HeapDumpPath=c:\Users\HP\AppData\Roaming\Antigravity\User\workspaceStorage\ec30be9fa44441caa41ccff467e32948\redhat.java -Daether.dependencyCollector.impl=bf c:\Users\HP\.antigravity\extensions\redhat.java-1.54.0-win32-x64\server\plugins\org.eclipse.equinox.launcher_1.7.100.v20251111-0406.jar -configuration c:\Users\HP\AppData\Roaming\Antigravity\User\globalStorage\redhat.java\1.54.0\config_win -data c:\Users\HP\AppData\Roaming\Antigravity\User\workspaceStorage\ec30be9fa44441caa41ccff467e32948\redhat.java\jdt_ws --pipe=\\.\pipe\lsp-5c109a6addb6a600a0724a5f29c0bd62-sock

Host: 12th Gen Intel(R) Core(TM) i3-1215U, 8 cores, 3G,  Windows 11 , 64 bit Build 22621 (10.0.22621.5415)
Time: Sat May  2 19:25:17 2026 Afr. centrale Ouest elapsed time: 4.577359 seconds (0d 0h 0m 4s)

---------------  T H R E A D  ---------------

Current thread (0x000001f24699aa00):  JavaThread "C2 CompilerThread0" daemon [_thread_in_native, id=11668, stack(0x000000af01c00000,0x000000af01d00000) (1024K)]


Current CompileTask:
C2:4577 3990       4       org.lombokweb.asm.ClassReader::readMethod (1070 bytes)

Stack: [0x000000af01c00000,0x000000af01d00000]
Native frames: (J=compiled Java code, j=interpreted, Vv=VM code, C=native code)
V  [jvm.dll+0x6d7a39]
V  [jvm.dll+0x8b4b26]
V  [jvm.dll+0x8b70de]
V  [jvm.dll+0x8b77c3]
V  [jvm.dll+0x284346]
V  [jvm.dll+0xc66ed]
V  [jvm.dll+0xc6c31]
V  [jvm.dll+0x3bec01]
V  [jvm.dll+0x38b162]
V  [jvm.dll+0x38a5aa]
V  [jvm.dll+0x24c560]
V  [jvm.dll+0x24bb40]
V  [jvm.dll+0x1cb34e]
V  [jvm.dll+0x25b85d]
V  [jvm.dll+0x259dea]
V  [jvm.dll+0x3f857e]
V  [jvm.dll+0x85f59d]
V  [jvm.dll+0x6d626d]
C  [ucrtbase.dll+0x29333]
C  [KERNEL32.DLL+0x1259d]
C  [ntdll.dll+0x5af78]


---------------  P R O C E S S  ---------------

Threads class SMR info:
_java_thread_list=0x000001f28ec66100, length=22, elements={
0x000001f22dba84d0, 0x000001f22ffcb4a0, 0x000001f22ffcc2c0, 0x000001f246983f80,
0x000001f246984ea0, 0x000001f246987f20, 0x000001f2469893d0, 0x000001f24699aa00,
0x000001f2469bc920, 0x000001f289550c50, 0x000001f28964c6b0, 0x000001f289ee21e0,
0x000001f289e970b0, 0x000001f289ec7850, 0x000001f289ec4e00, 0x000001f28e594fb0,
0x000001f28e636d10, 0x000001f28e570320, 0x000001f28e5709b0, 0x000001f28e56fc90,
0x000001f28e1fdb80, 0x000001f28e1fe210
}

Java Threads: ( => current thread )
  0x000001f22dba84d0 JavaThread "main"                              [_thread_blocked, id=10348, stack(0x000000af01200000,0x000000af01300000) (1024K)]
  0x000001f22ffcb4a0 JavaThread "Reference Handler"          daemon [_thread_blocked, id=6324, stack(0x000000af01600000,0x000000af01700000) (1024K)]
  0x000001f22ffcc2c0 JavaThread "Finalizer"                  daemon [_thread_blocked, id=7916, stack(0x000000af01700000,0x000000af01800000) (1024K)]
  0x000001f246983f80 JavaThread "Signal Dispatcher"          daemon [_thread_blocked, id=10812, stack(0x000000af01800000,0x000000af01900000) (1024K)]
  0x000001f246984ea0 JavaThread "Attach Listener"            daemon [_thread_blocked, id=5104, stack(0x000000af01900000,0x000000af01a00000) (1024K)]
  0x000001f246987f20 JavaThread "Service Thread"             daemon [_thread_blocked, id=5476, stack(0x000000af01a00000,0x000000af01b00000) (1024K)]
  0x000001f2469893d0 JavaThread "Monitor Deflation Thread"   daemon [_thread_blocked, id=10600, stack(0x000000af01b00000,0x000000af01c00000) (1024K)]
=>0x000001f24699aa00 JavaThread "C2 CompilerThread0"         daemon [_thread_in_native, id=11668, stack(0x000000af01c00000,0x000000af01d00000) (1024K)]
  0x000001f2469bc920 JavaThread "C1 CompilerThread0"         daemon [_thread_in_vm, id=9292, stack(0x000000af01d00000,0x000000af01e00000) (1024K)]
  0x000001f289550c50 JavaThread "Common-Cleaner"             daemon [_thread_blocked, id=10660, stack(0x000000af01f00000,0x000000af02000000) (1024K)]
  0x000001f28964c6b0 JavaThread "Notification Thread"        daemon [_thread_blocked, id=3844, stack(0x000000af02000000,0x000000af02100000) (1024K)]
  0x000001f289ee21e0 JavaThread "Active Thread: Equinox Container: 70169caa-618b-43e2-9696-e49be3523d61"        [_thread_blocked, id=7872, stack(0x000000af02800000,0x000000af02900000) (1024K)]
  0x000001f289e970b0 JavaThread "Refresh Thread: Equinox Container: 70169caa-618b-43e2-9696-e49be3523d61" daemon [_thread_blocked, id=12532, stack(0x000000af02a00000,0x000000af02b00000) (1024K)]
  0x000001f289ec7850 JavaThread "Framework Event Dispatcher: Equinox Container: 70169caa-618b-43e2-9696-e49be3523d61" daemon [_thread_blocked, id=13452, stack(0x000000af02b00000,0x000000af02c00000) (1024K)]
  0x000001f289ec4e00 JavaThread "Start Level: Equinox Container: 70169caa-618b-43e2-9696-e49be3523d61" daemon [_thread_in_vm, id=10376, stack(0x000000af02c00000,0x000000af02d00000) (1024K)]
  0x000001f28e594fb0 JavaThread "Bundle File Closer"         daemon [_thread_blocked, id=14792, stack(0x000000af02d00000,0x000000af02e00000) (1024K)]
  0x000001f28e636d10 JavaThread "SCR Component Actor"        daemon [_thread_blocked, id=3364, stack(0x000000af01e00000,0x000000af01f00000) (1024K)]
  0x000001f28e570320 JavaThread "Worker-JM"                         [_thread_blocked, id=9100, stack(0x000000af02100000,0x000000af02200000) (1024K)]
  0x000001f28e5709b0 JavaThread "JNA Cleaner"                daemon [_thread_blocked, id=11600, stack(0x000000af02e00000,0x000000af02f00000) (1024K)]
  0x000001f28e56fc90 JavaThread "Worker-0"                          [_thread_blocked, id=10404, stack(0x000000af02f00000,0x000000af03000000) (1024K)]
  0x000001f28e1fdb80 JavaThread "Worker-1"                          [_thread_blocked, id=15272, stack(0x000000af03000000,0x000000af03100000) (1024K)]
  0x000001f28e1fe210 JavaThread "Java indexing"              daemon [_thread_blocked, id=9616, stack(0x000000af03100000,0x000000af03200000) (1024K)]
Total: 22

Other Threads:
  0x000001f246983810 VMThread "VM Thread"                           [id=12308, stack(0x000000af01500000,0x000000af01600000) (1024K)]
  0x000001f24689ca10 WatcherThread "VM Periodic Task Thread"        [id=10468, stack(0x000000af01400000,0x000000af01500000) (1024K)]
  0x000001f22ff2d8a0 WorkerThread "GC Thread#0"                     [id=12744, stack(0x000000af01300000,0x000000af01400000) (1024K)]
  0x000001f289e03f50 WorkerThread "GC Thread#1"                     [id=1572, stack(0x000000af02200000,0x000000af02300000) (1024K)]
  0x000001f289e1bd90 WorkerThread "GC Thread#2"                     [id=6932, stack(0x000000af02300000,0x000000af02400000) (1024K)]
  0x000001f28e037c60 WorkerThread "GC Thread#3"                     [id=4316, stack(0x000000af02400000,0x000000af02500000) (1024K)]
  0x000001f28e038010 WorkerThread "GC Thread#4"                     [id=14352, stack(0x000000af02500000,0x000000af02600000) (1024K)]
  0x000001f289e16450 WorkerThread "GC Thread#5"                     [id=14800, stack(0x000000af02600000,0x000000af02700000) (1024K)]
  0x000001f289940470 WorkerThread "GC Thread#6"                     [id=5628, stack(0x000000af02700000,0x000000af02800000) (1024K)]
  0x000001f28e103560 WorkerThread "GC Thread#7"                     [id=8384, stack(0x000000af02900000,0x000000af02a00000) (1024K)]
Total: 10

Threads with active compile tasks:
C2 CompilerThread0  4589 3990       4       org.lombokweb.asm.ClassReader::readMethod (1070 bytes)
Total: 1

VM state: not at safepoint (normal execution)

VM Mutex/Monitor currently owned by a thread: None

Heap address: 0x0000000080000000, size: 2048 MB, Compressed Oops mode: 32-bit

CDS archive(s) mapped at: [0x000001f247000000-0x000001f247ba0000-0x000001f247ba0000), size 12189696, SharedBaseAddress: 0x000001f247000000, ArchiveRelocationMode: 1.
Compressed class space mapped at: 0x000001f248000000-0x000001f288000000, reserved size: 1073741824
Narrow klass base: 0x000001f247000000, Narrow klass shift: 0, Narrow klass range: 0x100000000

GC Precious Log:
 CardTable entry size: 512
 CPUs: 8 total, 8 available
 Memory: 3767M
 Large Page Support: Disabled
 NUMA Support: Disabled
 Compressed Oops: Enabled (32-bit)
 Alignments: Space 512K, Generation 512K, Heap 2M
 Heap Min Capacity: 100M
 Heap Initial Capacity: 100M
 Heap Max Capacity: 2G
 Pre-touch: Disabled
 Parallel Workers: 8

Heap:
 PSYoungGen      total 25088K, used 5808K [0x00000000d5580000, 0x00000000d7300000, 0x0000000100000000)
  eden space 23552K, 18% used [0x00000000d5580000,0x00000000d59ad3f0,0x00000000d6c80000)
  from space 1536K, 99% used [0x00000000d7180000,0x00000000d72feda0,0x00000000d7300000)
  to   space 2560K, 0% used [0x00000000d6f00000,0x00000000d6f00000,0x00000000d7180000)
 ParOldGen       total 68608K, used 15170K [0x0000000080000000, 0x0000000084300000, 0x00000000d5580000)
  object space 68608K, 22% used [0x0000000080000000,0x0000000080ed0990,0x0000000084300000)
 Metaspace       used 28628K, committed 29632K, reserved 1114112K
  class space    used 2821K, committed 3200K, reserved 1048576K

Card table byte_map: [0x000001f22f8b0000,0x000001f22fcc0000] _byte_map_base: 0x000001f22f4b0000

Marking Bits: (ParMarkBitMap*) 0x00007ffbb3bb3450
 Begin Bits: [0x000001f2423c0000, 0x000001f2443c0000)
 End Bits:   [0x000001f2443c0000, 0x000001f2463c0000)

Polling page: 0x000001f22dd90000

Metaspace:

Usage:
  Non-class:     25.20 MB used.
      Class:      2.76 MB used.
       Both:     27.96 MB used.

Virtual space:
  Non-class space:       64.00 MB reserved,      25.81 MB ( 40%) committed,  1 nodes.
      Class space:        1.00 GB reserved,       3.12 MB ( <1%) committed,  1 nodes.
             Both:        1.06 GB reserved,      28.94 MB (  3%) committed. 

Chunk freelists:
   Non-Class:  6.06 MB
       Class:  12.82 MB
        Both:  18.88 MB

MaxMetaspaceSize: unlimited
CompressedClassSpaceSize: 1.00 GB
Initial GC threshold: 21.00 MB
Current GC threshold: 35.00 MB
CDS: on
 - commit_granule_bytes: 65536.
 - commit_granule_words: 8192.
 - virtual_space_node_default_size: 8388608.
 - enlarge_chunks_in_place: 1.
 - use_allocation_guard: 0.


Internal statistics:

num_allocs_failed_limit: 3.
num_arena_births: 830.
num_arena_deaths: 14.
num_vsnodes_births: 2.
num_vsnodes_deaths: 0.
num_space_committed: 463.
num_space_uncommitted: 0.
num_chunks_returned_to_freelist: 17.
num_chunks_taken_from_freelist: 2015.
num_chunk_merges: 9.
num_chunk_splits: 1295.
num_chunks_enlarged: 776.
num_inconsistent_stats: 0.

CodeHeap 'non-profiled nmethods': size=120000Kb used=1742Kb max_used=1742Kb free=118257Kb
 bounds [0x000001f23abe0000, 0x000001f23ae50000, 0x000001f242110000]
CodeHeap 'profiled nmethods': size=120000Kb used=8702Kb max_used=8702Kb free=111297Kb
 bounds [0x000001f233110000, 0x000001f233990000, 0x000001f23a640000]
CodeHeap 'non-nmethods': size=5760Kb used=1341Kb max_used=1367Kb free=4418Kb
 bounds [0x000001f23a640000, 0x000001f23a8b0000, 0x000001f23abe0000]
CodeCache: size=245760Kb, used=11785Kb, max_used=11811Kb, free=233972Kb
 total_blobs=4779, nmethods=4149, adapters=536, full_count=0
Compilation: enabled, stopped_count=0, restarted_count=0

Compilation events (20 events):
Event: 4.569 Thread 0x000001f2469bc920 4148       3       sun.util.locale.InternalLocaleBuilder::setExtensions (202 bytes)
Event: 4.570 Thread 0x000001f2469bc920 nmethod 4148 0x000001f233982f10 code [0x000001f233983400, 0x000001f233985b60]
Event: 4.571 Thread 0x000001f2469bc920 4149       3       sun.util.locale.LocaleUtils::isEmpty (19 bytes)
Event: 4.571 Thread 0x000001f2469bc920 nmethod 4149 0x000001f233986990 code [0x000001f233986b40, 0x000001f233986d78]
Event: 4.571 Thread 0x000001f2469bc920 4150       3       sun.util.locale.InternalLocaleBuilder::getBaseLocale (187 bytes)
Event: 4.572 Thread 0x000001f2469bc920 nmethod 4150 0x000001f233986e10 code [0x000001f233987140, 0x000001f2339880d8]
Event: 4.572 Thread 0x000001f2469bc920 4151       3       sun.util.locale.InternalLocaleBuilder::getLocaleExtensions (65 bytes)
Event: 4.572 Thread 0x000001f2469bc920 nmethod 4151 0x000001f233988790 code [0x000001f2339889e0, 0x000001f2339891d8]
Event: 4.572 Thread 0x000001f2469bc920 4152       3       sun.util.locale.LocaleUtils::isEmpty (19 bytes)
Event: 4.572 Thread 0x000001f2469bc920 nmethod 4152 0x000001f233989410 code [0x000001f2339895c0, 0x000001f2339897f8]
Event: 4.572 Thread 0x000001f2469bc920 4153       3       sun.util.locale.LanguageTag::parseExtlangs (114 bytes)
Event: 4.573 Thread 0x000001f2469bc920 nmethod 4153 0x000001f233989890 code [0x000001f233989b00, 0x000001f23398a538]
Event: 4.573 Thread 0x000001f2469bc920 4154       3       sun.util.locale.LanguageTag::parseScript (55 bytes)
Event: 4.573 Thread 0x000001f2469bc920 nmethod 4154 0x000001f23398a890 code [0x000001f23398aaa0, 0x000001f23398b038]
Event: 4.573 Thread 0x000001f2469bc920 4155       3       sun.util.locale.LanguageTag::parseRegion (55 bytes)
Event: 4.573 Thread 0x000001f2469bc920 nmethod 4155 0x000001f23398b290 code [0x000001f23398b460, 0x000001f23398b808]
Event: 4.573 Thread 0x000001f2469bc920 4157       3       sun.util.locale.LanguageTag::parseExtensions (208 bytes)
Event: 4.574 Thread 0x000001f2469bc920 nmethod 4157 0x000001f23398b990 code [0x000001f23398bd60, 0x000001f23398d3b8]
Event: 4.574 Thread 0x000001f2469bc920 4158       3       sun.util.locale.provider.LocaleProviderAdapter::lambda$toLocaleArray$0 (135 bytes)
Event: 4.574 Thread 0x000001f2469bc920 nmethod 4158 0x000001f23398dc90 code [0x000001f23398dec0, 0x000001f23398e580]

GC Heap History (20 events):
Event: 0.743 GC heap before
{Heap before GC invocations=2 (full 0):
 PSYoungGen      total 29696K, used 28935K [0x00000000d5580000, 0x00000000d7680000, 0x0000000100000000)
  eden space 25600K, 100% used [0x00000000d5580000,0x00000000d6e80000,0x00000000d6e80000)
  from space 4096K, 81% used [0x00000000d6e80000,0x00000000d71c1e98,0x00000000d7280000)
  to   space 4096K, 0% used [0x00000000d7280000,0x00000000d7280000,0x00000000d7680000)
 ParOldGen       total 68608K, used 16K [0x0000000080000000, 0x0000000084300000, 0x00000000d5580000)
  object space 68608K, 0% used [0x0000000080000000,0x0000000080004000,0x0000000084300000)
 Metaspace       used 7967K, committed 8256K, reserved 1114112K
  class space    used 829K, committed 960K, reserved 1048576K
}
Event: 0.748 GC heap after
{Heap after GC invocations=2 (full 0):
 PSYoungGen      total 29696K, used 4086K [0x00000000d5580000, 0x00000000d7680000, 0x0000000100000000)
  eden space 25600K, 0% used [0x00000000d5580000,0x00000000d5580000,0x00000000d6e80000)
  from space 4096K, 99% used [0x00000000d7280000,0x00000000d767d810,0x00000000d7680000)
  to   space 4096K, 0% used [0x00000000d6e80000,0x00000000d6e80000,0x00000000d7280000)
 ParOldGen       total 68608K, used 2045K [0x0000000080000000, 0x0000000084300000, 0x00000000d5580000)
  object space 68608K, 2% used [0x0000000080000000,0x00000000801ff658,0x0000000084300000)
 Metaspace       used 7967K, committed 8256K, reserved 1114112K
  class space    used 829K, committed 960K, reserved 1048576K
}
Event: 0.990 GC heap before
{Heap before GC invocations=3 (full 0):
 PSYoungGen      total 29696K, used 29686K [0x00000000d5580000, 0x00000000d7680000, 0x0000000100000000)
  eden space 25600K, 100% used [0x00000000d5580000,0x00000000d6e80000,0x00000000d6e80000)
  from space 4096K, 99% used [0x00000000d7280000,0x00000000d767d810,0x00000000d7680000)
  to   space 4096K, 0% used [0x00000000d6e80000,0x00000000d6e80000,0x00000000d7280000)
 ParOldGen       total 68608K, used 2045K [0x0000000080000000, 0x0000000084300000, 0x00000000d5580000)
  object space 68608K, 2% used [0x0000000080000000,0x00000000801ff658,0x0000000084300000)
 Metaspace       used 9415K, committed 9728K, reserved 1114112K
  class space    used 1008K, committed 1152K, reserved 1048576K
}
Event: 0.994 GC heap after
{Heap after GC invocations=3 (full 0):
 PSYoungGen      total 29696K, used 4077K [0x00000000d5580000, 0x00000000d7680000, 0x0000000100000000)
  eden space 25600K, 0% used [0x00000000d5580000,0x00000000d5580000,0x00000000d6e80000)
  from space 4096K, 99% used [0x00000000d6e80000,0x00000000d727b4f0,0x00000000d7280000)
  to   space 4096K, 0% used [0x00000000d7280000,0x00000000d7280000,0x00000000d7680000)
 ParOldGen       total 68608K, used 4745K [0x0000000080000000, 0x0000000084300000, 0x00000000d5580000)
  object space 68608K, 6% used [0x0000000080000000,0x00000000804a2428,0x0000000084300000)
 Metaspace       used 9415K, committed 9728K, reserved 1114112K
  class space    used 1008K, committed 1152K, reserved 1048576K
}
Event: 3.168 GC heap before
{Heap before GC invocations=4 (full 0):
 PSYoungGen      total 29696K, used 29677K [0x00000000d5580000, 0x00000000d7680000, 0x0000000100000000)
  eden space 25600K, 100% used [0x00000000d5580000,0x00000000d6e80000,0x00000000d6e80000)
  from space 4096K, 99% used [0x00000000d6e80000,0x00000000d727b4f0,0x00000000d7280000)
  to   space 4096K, 0% used [0x00000000d7280000,0x00000000d7280000,0x00000000d7680000)
 ParOldGen       total 68608K, used 4745K [0x0000000080000000, 0x0000000084300000, 0x00000000d5580000)
  object space 68608K, 6% used [0x0000000080000000,0x00000000804a2428,0x0000000084300000)
 Metaspace       used 11605K, committed 11968K, reserved 1114112K
  class space    used 1225K, committed 1408K, reserved 1048576K
}
Event: 3.173 GC heap after
{Heap after GC invocations=4 (full 0):
 PSYoungGen      total 29696K, used 4075K [0x00000000d5580000, 0x00000000d7680000, 0x0000000100000000)
  eden space 25600K, 0% used [0x00000000d5580000,0x00000000d5580000,0x00000000d6e80000)
  from space 4096K, 99% used [0x00000000d7280000,0x00000000d767ad40,0x00000000d7680000)
  to   space 4096K, 0% used [0x00000000d6e80000,0x00000000d6e80000,0x00000000d7280000)
 ParOldGen       total 68608K, used 6763K [0x0000000080000000, 0x0000000084300000, 0x00000000d5580000)
  object space 68608K, 9% used [0x0000000080000000,0x000000008069ae28,0x0000000084300000)
 Metaspace       used 11605K, committed 11968K, reserved 1114112K
  class space    used 1225K, committed 1408K, reserved 1048576K
}
Event: 3.457 GC heap before
{Heap before GC invocations=5 (full 0):
 PSYoungGen      total 29696K, used 29675K [0x00000000d5580000, 0x00000000d7680000, 0x0000000100000000)
  eden space 25600K, 100% used [0x00000000d5580000,0x00000000d6e80000,0x00000000d6e80000)
  from space 4096K, 99% used [0x00000000d7280000,0x00000000d767ad40,0x00000000d7680000)
  to   space 4096K, 0% used [0x00000000d6e80000,0x00000000d6e80000,0x00000000d7280000)
 ParOldGen       total 68608K, used 6763K [0x0000000080000000, 0x0000000084300000, 0x00000000d5580000)
  object space 68608K, 9% used [0x0000000080000000,0x000000008069ae28,0x0000000084300000)
 Metaspace       used 15477K, committed 16064K, reserved 1114112K
  class space    used 1601K, committed 1856K, reserved 1048576K
}
Event: 3.460 GC heap after
{Heap after GC invocations=5 (full 0):
 PSYoungGen      total 29184K, used 4094K [0x00000000d5580000, 0x00000000d7900000, 0x0000000100000000)
  eden space 25088K, 0% used [0x00000000d5580000,0x00000000d5580000,0x00000000d6e00000)
  from space 4096K, 99% used [0x00000000d6e80000,0x00000000d727f920,0x00000000d7280000)
  to   space 5632K, 0% used [0x00000000d7380000,0x00000000d7380000,0x00000000d7900000)
 ParOldGen       total 68608K, used 7856K [0x0000000080000000, 0x0000000084300000, 0x00000000d5580000)
  object space 68608K, 11% used [0x0000000080000000,0x00000000807ac038,0x0000000084300000)
 Metaspace       used 15477K, committed 16064K, reserved 1114112K
  class space    used 1601K, committed 1856K, reserved 1048576K
}
Event: 3.991 GC heap before
{Heap before GC invocations=6 (full 0):
 PSYoungGen      total 29184K, used 29182K [0x00000000d5580000, 0x00000000d7900000, 0x0000000100000000)
  eden space 25088K, 100% used [0x00000000d5580000,0x00000000d6e00000,0x00000000d6e00000)
  from space 4096K, 99% used [0x00000000d6e80000,0x00000000d727f920,0x00000000d7280000)
  to   space 5632K, 0% used [0x00000000d7380000,0x00000000d7380000,0x00000000d7900000)
 ParOldGen       total 68608K, used 7856K [0x0000000080000000, 0x0000000084300000, 0x00000000d5580000)
  object space 68608K, 11% used [0x0000000080000000,0x00000000807ac038,0x0000000084300000)
 Metaspace       used 18638K, committed 19520K, reserved 1114112K
  class space    used 1962K, committed 2304K, reserved 1048576K
}
Event: 3.995 GC heap after
{Heap after GC invocations=6 (full 0):
 PSYoungGen      total 29696K, used 5023K [0x00000000d5580000, 0x00000000d7880000, 0x0000000100000000)
  eden space 24576K, 0% used [0x00000000d5580000,0x00000000d5580000,0x00000000d6d80000)
  from space 5120K, 98% used [0x00000000d7380000,0x00000000d7867f80,0x00000000d7880000)
  to   space 5632K, 0% used [0x00000000d6d80000,0x00000000d6d80000,0x00000000d7300000)
 ParOldGen       total 68608K, used 7864K [0x0000000080000000, 0x0000000084300000, 0x00000000d5580000)
  object space 68608K, 11% used [0x0000000080000000,0x00000000807ae038,0x0000000084300000)
 Metaspace       used 18638K, committed 19520K, reserved 1114112K
  class space    used 1962K, committed 2304K, reserved 1048576K
}
Event: 4.117 GC heap before
{Heap before GC invocations=7 (full 0):
 PSYoungGen      total 29696K, used 25214K [0x00000000d5580000, 0x00000000d7880000, 0x0000000100000000)
  eden space 24576K, 82% used [0x00000000d5580000,0x00000000d6937970,0x00000000d6d80000)
  from space 5120K, 98% used [0x00000000d7380000,0x00000000d7867f80,0x00000000d7880000)
  to   space 5632K, 0% used [0x00000000d6d80000,0x00000000d6d80000,0x00000000d7300000)
 ParOldGen       total 68608K, used 7864K [0x0000000080000000, 0x0000000084300000, 0x00000000d5580000)
  object space 68608K, 11% used [0x0000000080000000,0x00000000807ae038,0x0000000084300000)
 Metaspace       used 20626K, committed 21504K, reserved 1114112K
  class space    used 2202K, committed 2560K, reserved 1048576K
}
Event: 4.122 GC heap after
{Heap after GC invocations=7 (full 0):
 PSYoungGen      total 29696K, used 4651K [0x00000000d5580000, 0x00000000d7780000, 0x0000000100000000)
  eden space 24576K, 0% used [0x00000000d5580000,0x00000000d5580000,0x00000000d6d80000)
  from space 5120K, 90% used [0x00000000d6d80000,0x00000000d720ad98,0x00000000d7280000)
  to   space 5120K, 0% used [0x00000000d7280000,0x00000000d7280000,0x00000000d7780000)
 ParOldGen       total 68608K, used 9284K [0x0000000080000000, 0x0000000084300000, 0x00000000d5580000)
  object space 68608K, 13% used [0x0000000080000000,0x0000000080911010,0x0000000084300000)
 Metaspace       used 20626K, committed 21504K, reserved 1114112K
  class space    used 2202K, committed 2560K, reserved 1048576K
}
Event: 4.122 GC heap before
{Heap before GC invocations=8 (full 1):
 PSYoungGen      total 29696K, used 4651K [0x00000000d5580000, 0x00000000d7780000, 0x0000000100000000)
  eden space 24576K, 0% used [0x00000000d5580000,0x00000000d5580000,0x00000000d6d80000)
  from space 5120K, 90% used [0x00000000d6d80000,0x00000000d720ad98,0x00000000d7280000)
  to   space 5120K, 0% used [0x00000000d7280000,0x00000000d7280000,0x00000000d7780000)
 ParOldGen       total 68608K, used 9284K [0x0000000080000000, 0x0000000084300000, 0x00000000d5580000)
  object space 68608K, 13% used [0x0000000080000000,0x0000000080911010,0x0000000084300000)
 Metaspace       used 20626K, committed 21504K, reserved 1114112K
  class space    used 2202K, committed 2560K, reserved 1048576K
}
Event: 4.146 GC heap after
{Heap after GC invocations=8 (full 1):
 PSYoungGen      total 29696K, used 0K [0x00000000d5580000, 0x00000000d7780000, 0x0000000100000000)
  eden space 24576K, 0% used [0x00000000d5580000,0x00000000d5580000,0x00000000d6d80000)
  from space 5120K, 0% used [0x00000000d6d80000,0x00000000d6d80000,0x00000000d7280000)
  to   space 5120K, 0% used [0x00000000d7280000,0x00000000d7280000,0x00000000d7780000)
 ParOldGen       total 68608K, used 13275K [0x0000000080000000, 0x0000000084300000, 0x00000000d5580000)
  object space 68608K, 19% used [0x0000000080000000,0x0000000080cf6fd8,0x0000000084300000)
 Metaspace       used 20613K, committed 21504K, reserved 1114112K
  class space    used 2199K, committed 2560K, reserved 1048576K
}
Event: 4.278 GC heap before
{Heap before GC invocations=9 (full 1):
 PSYoungGen      total 29696K, used 24576K [0x00000000d5580000, 0x00000000d7780000, 0x0000000100000000)
  eden space 24576K, 100% used [0x00000000d5580000,0x00000000d6d80000,0x00000000d6d80000)
  from space 5120K, 0% used [0x00000000d6d80000,0x00000000d6d80000,0x00000000d7280000)
  to   space 5120K, 0% used [0x00000000d7280000,0x00000000d7280000,0x00000000d7780000)
 ParOldGen       total 68608K, used 13275K [0x0000000080000000, 0x0000000084300000, 0x00000000d5580000)
  object space 68608K, 19% used [0x0000000080000000,0x0000000080cf6fd8,0x0000000084300000)
 Metaspace       used 22734K, committed 23744K, reserved 1114112K
  class space    used 2387K, committed 2752K, reserved 1048576K
}
Event: 4.279 GC heap after
{Heap after GC invocations=9 (full 1):
 PSYoungGen      total 25600K, used 1062K [0x00000000d5580000, 0x00000000d7400000, 0x0000000100000000)
  eden space 24064K, 0% used [0x00000000d5580000,0x00000000d5580000,0x00000000d6d00000)
  from space 1536K, 69% used [0x00000000d7280000,0x00000000d7389920,0x00000000d7400000)
  to   space 2560K, 0% used [0x00000000d6f00000,0x00000000d6f00000,0x00000000d7180000)
 ParOldGen       total 68608K, used 13283K [0x0000000080000000, 0x0000000084300000, 0x00000000d5580000)
  object space 68608K, 19% used [0x0000000080000000,0x0000000080cf8fd8,0x0000000084300000)
 Metaspace       used 22734K, committed 23744K, reserved 1114112K
  class space    used 2387K, committed 2752K, reserved 1048576K
}
Event: 4.407 GC heap before
{Heap before GC invocations=10 (full 1):
 PSYoungGen      total 25600K, used 25126K [0x00000000d5580000, 0x00000000d7400000, 0x0000000100000000)
  eden space 24064K, 100% used [0x00000000d5580000,0x00000000d6d00000,0x00000000d6d00000)
  from space 1536K, 69% used [0x00000000d7280000,0x00000000d7389920,0x00000000d7400000)
  to   space 2560K, 0% used [0x00000000d6f00000,0x00000000d6f00000,0x00000000d7180000)
 ParOldGen       total 68608K, used 13283K [0x0000000080000000, 0x0000000084300000, 0x00000000d5580000)
  object space 68608K, 19% used [0x0000000080000000,0x0000000080cf8fd8,0x0000000084300000)
 Metaspace       used 26371K, committed 27456K, reserved 1114112K
  class space    used 2652K, committed 3072K, reserved 1048576K
}
Event: 4.408 GC heap after
{Heap after GC invocations=10 (full 1):
 PSYoungGen      total 26112K, used 1304K [0x00000000d5580000, 0x00000000d7300000, 0x0000000100000000)
  eden space 23552K, 0% used [0x00000000d5580000,0x00000000d5580000,0x00000000d6c80000)
  from space 2560K, 50% used [0x00000000d6f00000,0x00000000d70462d8,0x00000000d7180000)
  to   space 1536K, 0% used [0x00000000d7180000,0x00000000d7180000,0x00000000d7300000)
 ParOldGen       total 68608K, used 13283K [0x0000000080000000, 0x0000000084300000, 0x00000000d5580000)
  object space 68608K, 19% used [0x0000000080000000,0x0000000080cf8fd8,0x0000000084300000)
 Metaspace       used 26371K, committed 27456K, reserved 1114112K
  class space    used 2652K, committed 3072K, reserved 1048576K
}
Event: 4.537 GC heap before
{Heap before GC invocations=11 (full 1):
 PSYoungGen      total 26112K, used 24856K [0x00000000d5580000, 0x00000000d7300000, 0x0000000100000000)
  eden space 23552K, 100% used [0x00000000d5580000,0x00000000d6c80000,0x00000000d6c80000)
  from space 2560K, 50% used [0x00000000d6f00000,0x00000000d70462d8,0x00000000d7180000)
  to   space 1536K, 0% used [0x00000000d7180000,0x00000000d7180000,0x00000000d7300000)
 ParOldGen       total 68608K, used 13283K [0x0000000080000000, 0x0000000084300000, 0x00000000d5580000)
  object space 68608K, 19% used [0x0000000080000000,0x0000000080cf8fd8,0x0000000084300000)
 Metaspace       used 28061K, committed 29120K, reserved 1114112K
  class space    used 2778K, committed 3200K, reserved 1048576K
}
Event: 4.540 GC heap after
{Heap after GC invocations=11 (full 1):
 PSYoungGen      total 25088K, used 1531K [0x00000000d5580000, 0x00000000d7300000, 0x0000000100000000)
  eden space 23552K, 0% used [0x00000000d5580000,0x00000000d5580000,0x00000000d6c80000)
  from space 1536K, 99% used [0x00000000d7180000,0x00000000d72feda0,0x00000000d7300000)
  to   space 2560K, 0% used [0x00000000d6f00000,0x00000000d6f00000,0x00000000d7180000)
 ParOldGen       total 68608K, used 15170K [0x0000000080000000, 0x0000000084300000, 0x00000000d5580000)
  object space 68608K, 22% used [0x0000000080000000,0x0000000080ed0990,0x0000000084300000)
 Metaspace       used 28061K, committed 29120K, reserved 1114112K
  class space    used 2778K, committed 3200K, reserved 1048576K
}

Dll operation events (10 events):
Event: 0.013 Loaded shared library c:\Users\HP\.antigravity\extensions\redhat.java-1.54.0-win32-x64\jre\21.0.10-win32-x86_64\bin\java.dll
Event: 0.051 Loaded shared library c:\Users\HP\.antigravity\extensions\redhat.java-1.54.0-win32-x64\jre\21.0.10-win32-x86_64\bin\zip.dll
Event: 0.061 Loaded shared library C:\Users\HP\.antigravity\extensions\redhat.java-1.54.0-win32-x64\jre\21.0.10-win32-x86_64\bin\instrument.dll
Event: 0.064 Loaded shared library C:\Users\HP\.antigravity\extensions\redhat.java-1.54.0-win32-x64\jre\21.0.10-win32-x86_64\bin\net.dll
Event: 0.065 Loaded shared library C:\Users\HP\.antigravity\extensions\redhat.java-1.54.0-win32-x64\jre\21.0.10-win32-x86_64\bin\nio.dll
Event: 0.067 Loaded shared library C:\Users\HP\.antigravity\extensions\redhat.java-1.54.0-win32-x64\jre\21.0.10-win32-x86_64\bin\zip.dll
Event: 0.077 Loaded shared library C:\Users\HP\.antigravity\extensions\redhat.java-1.54.0-win32-x64\jre\21.0.10-win32-x86_64\bin\jimage.dll
Event: 0.117 Loaded shared library c:\Users\HP\.antigravity\extensions\redhat.java-1.54.0-win32-x64\jre\21.0.10-win32-x86_64\bin\verify.dll
Event: 0.765 Loaded shared library C:\Users\HP\AppData\Roaming\Antigravity\User\globalStorage\redhat.java\1.54.0\config_win\org.eclipse.equinox.launcher\org.eclipse.equinox.launcher.win32.win32.x86_64_1.3.0.v20260203-2149\eclipse_11919.dll
Event: 3.809 Loaded shared library C:\Users\HP\AppData\Local\Temp\jna-2312\jna14438611395998137113.dll

Deoptimization events (20 events):
Event: 4.199 Thread 0x000001f28e56fc90 DEOPT PACKING pc=0x000001f23ac9faec sp=0x000000af02ffe350
Event: 4.199 Thread 0x000001f28e56fc90 DEOPT UNPACKING pc=0x000001f23a693aa2 sp=0x000000af02ffe2d8 mode 2
Event: 4.449 Thread 0x000001f289ec4e00 DEOPT PACKING pc=0x000001f2336b0439 sp=0x000000af02cf7ed0
Event: 4.449 Thread 0x000001f289ec4e00 DEOPT UNPACKING pc=0x000001f23a694242 sp=0x000000af02cf73d0 mode 0
Event: 4.565 Thread 0x000001f289ec4e00 Uncommon trap: trap_request=0xffffffc6 fr.pc=0x000001f23ac94fd4 relative=0x0000000000000a74
Event: 4.565 Thread 0x000001f289ec4e00 Uncommon trap: reason=bimorphic_or_optimized_type_check action=maybe_recompile pc=0x000001f23ac94fd4 method=java.util.HashMap.putVal(ILjava/lang/Object;Ljava/lang/Object;ZZ)Ljava/lang/Object; @ 56 c2
Event: 4.565 Thread 0x000001f289ec4e00 DEOPT PACKING pc=0x000001f23ac94fd4 sp=0x000000af02cfdd20
Event: 4.565 Thread 0x000001f289ec4e00 DEOPT UNPACKING pc=0x000001f23a693aa2 sp=0x000000af02cfdc20 mode 2
Event: 4.565 Thread 0x000001f289ec4e00 Uncommon trap: trap_request=0xffffffc6 fr.pc=0x000001f23ac94fd4 relative=0x0000000000000a74
Event: 4.565 Thread 0x000001f289ec4e00 Uncommon trap: reason=bimorphic_or_optimized_type_check action=maybe_recompile pc=0x000001f23ac94fd4 method=java.util.HashMap.putVal(ILjava/lang/Object;Ljava/lang/Object;ZZ)Ljava/lang/Object; @ 56 c2
Event: 4.565 Thread 0x000001f289ec4e00 DEOPT PACKING pc=0x000001f23ac94fd4 sp=0x000000af02cfdd20
Event: 4.565 Thread 0x000001f289ec4e00 DEOPT UNPACKING pc=0x000001f23a693aa2 sp=0x000000af02cfdc20 mode 2
Event: 4.565 Thread 0x000001f289ec4e00 Uncommon trap: trap_request=0xffffffc6 fr.pc=0x000001f23ac9502c relative=0x0000000000000acc
Event: 4.565 Thread 0x000001f289ec4e00 Uncommon trap: reason=bimorphic_or_optimized_type_check action=maybe_recompile pc=0x000001f23ac9502c method=java.util.HashMap.putVal(ILjava/lang/Object;Ljava/lang/Object;ZZ)Ljava/lang/Object; @ 152 c2
Event: 4.565 Thread 0x000001f289ec4e00 DEOPT PACKING pc=0x000001f23ac9502c sp=0x000000af02cfdd20
Event: 4.565 Thread 0x000001f289ec4e00 DEOPT UNPACKING pc=0x000001f23a693aa2 sp=0x000000af02cfdc28 mode 2
Event: 4.565 Thread 0x000001f289ec4e00 Uncommon trap: trap_request=0xffffffc6 fr.pc=0x000001f23ac94fd4 relative=0x0000000000000a74
Event: 4.565 Thread 0x000001f289ec4e00 Uncommon trap: reason=bimorphic_or_optimized_type_check action=maybe_recompile pc=0x000001f23ac94fd4 method=java.util.HashMap.putVal(ILjava/lang/Object;Ljava/lang/Object;ZZ)Ljava/lang/Object; @ 56 c2
Event: 4.565 Thread 0x000001f289ec4e00 DEOPT PACKING pc=0x000001f23ac94fd4 sp=0x000000af02cfdd20
Event: 4.565 Thread 0x000001f289ec4e00 DEOPT UNPACKING pc=0x000001f23a693aa2 sp=0x000000af02cfdc20 mode 2

Classes loaded (20 events):
Event: 4.528 Loading class com/sun/org/apache/xerces/internal/impl/msg/XMLMessages_fr
Event: 4.528 Loading class com/sun/org/apache/xerces/internal/impl/msg/XMLMessages_fr done
Event: 4.529 Loading class com/sun/org/apache/xerces/internal/impl/msg/XMLMessages_fr_BE
Event: 4.529 Loading class com/sun/org/apache/xerces/internal/impl/msg/XMLMessages_fr_BE done
Event: 4.529 Loading class com/sun/org/apache/xerces/internal/impl/msg/XMLMessages_fr_BE
Event: 4.529 Loading class com/sun/org/apache/xerces/internal/impl/msg/XMLMessages_fr_BE done
Event: 4.564 Loading class java/lang/ProcessEnvironment
Event: 4.564 Loading class java/lang/ProcessEnvironment done
Event: 4.565 Loading class java/lang/ProcessEnvironment$NameComparator
Event: 4.565 Loading class java/lang/ProcessEnvironment$NameComparator done
Event: 4.565 Loading class java/lang/ProcessEnvironment$EntryComparator
Event: 4.565 Loading class java/lang/ProcessEnvironment$EntryComparator done
Event: 4.565 Loading class java/lang/ProcessEnvironment$CheckedEntrySet
Event: 4.565 Loading class java/lang/ProcessEnvironment$CheckedEntrySet done
Event: 4.565 Loading class java/lang/ProcessEnvironment$CheckedEntrySet$1
Event: 4.565 Loading class java/lang/ProcessEnvironment$CheckedEntrySet$1 done
Event: 4.565 Loading class java/lang/ProcessEnvironment$CheckedEntry
Event: 4.565 Loading class java/lang/ProcessEnvironment$CheckedEntry done
Event: 4.574 Loading class java/util/UUID$Holder
Event: 4.574 Loading class java/util/UUID$Holder done

Classes unloaded (7 events):
Event: 4.127 Thread 0x000001f246983810 Unloading class 0x000001f2481b2c00 'java/lang/invoke/LambdaForm$MH+0x000001f2481b2c00'
Event: 4.127 Thread 0x000001f246983810 Unloading class 0x000001f2481b2800 'java/lang/invoke/LambdaForm$MH+0x000001f2481b2800'
Event: 4.127 Thread 0x000001f246983810 Unloading class 0x000001f2481b2400 'java/lang/invoke/LambdaForm$MH+0x000001f2481b2400'
Event: 4.127 Thread 0x000001f246983810 Unloading class 0x000001f2481b2000 'java/lang/invoke/LambdaForm$MH+0x000001f2481b2000'
Event: 4.127 Thread 0x000001f246983810 Unloading class 0x000001f2481b1c00 'java/lang/invoke/LambdaForm$BMH+0x000001f2481b1c00'
Event: 4.127 Thread 0x000001f246983810 Unloading class 0x000001f2481b1800 'java/lang/invoke/LambdaForm$DMH+0x000001f2481b1800'
Event: 4.127 Thread 0x000001f246983810 Unloading class 0x000001f2481b0400 'java/lang/invoke/LambdaForm$DMH+0x000001f2481b0400'

Classes redefined (0 events):
No events

Internal exceptions (20 events):
Event: 4.106 Thread 0x000001f289ec4e00 Exception <a 'java/lang/NoSuchMethodError'{0x00000000d67ff110}: 'int java.lang.invoke.DirectMethodHandle$Holder.invokeStaticInit(java.lang.Object, double, double)'> (0x00000000d67ff110) 
thrown [s\src\hotspot\share\interpreter\linkResolver.cpp, line 773]
Event: 4.106 Thread 0x000001f289ec4e00 Exception <a 'java/lang/NoSuchMethodError'{0x00000000d6804698}: 'int java.lang.invoke.DirectMethodHandle$Holder.invokeStatic(java.lang.Object, long)'> (0x00000000d6804698) 
thrown [s\src\hotspot\share\interpreter\linkResolver.cpp, line 773]
Event: 4.107 Thread 0x000001f289ec4e00 Exception <a 'java/lang/NoSuchMethodError'{0x00000000d6823b80}: 'int java.lang.invoke.Invokers$Holder.linkToTargetMethod(java.lang.Object, java.lang.Object)'> (0x00000000d6823b80) 
thrown [s\src\hotspot\share\interpreter\linkResolver.cpp, line 773]
Event: 4.149 Thread 0x000001f289ec4e00 Exception <a 'java/lang/NoSuchMethodError'{0x00000000d558aa00}: 'java.lang.Object java.lang.invoke.Invokers$Holder.invoke_MT(java.lang.Object, java.lang.Object, java.lang.Object, java.lang.Object, java.lang.Object, java.lang.Object, java.lang.Object, java.lang.Object, java.lang.Object, java.lang.Object, java.lang.Object)'> (0x00000000d558aa00) 
thrown [s\src\hotspot\share\interpreter\linkResolver.cpp, line 773]
Event: 4.156 Thread 0x000001f289ec4e00 Exception <a 'java/lang/NoSuchMethodError'{0x00000000d562cc60}: 'java.lang.Object java.lang.invoke.Invokers$Holder.invoke_MT(java.lang.Object, java.lang.Object, java.lang.Object, java.lang.Object, java.lang.Object, java.lang.Object, java.lang.Object, java.lang.Object, java.lang.Object, java.lang.Object)'> (0x00000000d562cc60) 
thrown [s\src\hotspot\share\interpreter\linkResolver.cpp, line 773]
Event: 4.162 Thread 0x000001f289ec4e00 Exception <a 'java/lang/NoSuchMethodError'{0x00000000d56c5db8}: 'java.lang.Object java.lang.invoke.DirectMethodHandle$Holder.newInvokeSpecial(java.lang.Object, java.lang.Object, java.lang.Object, java.lang.Object, java.lang.Object, java.lang.Object, java.lang.Object)'> (0x00000000d56c5db8) 
thrown [s\src\hotspot\share\interpreter\linkResolver.cpp, line 773]
Event: 4.166 Thread 0x000001f289ec4e00 Exception <a 'java/lang/NoSuchMethodError'{0x00000000d573dd08}: 'java.lang.Object java.lang.invoke.Invokers$Holder.invoker(java.lang.Object, java.lang.Object, java.lang.Object, java.lang.Object, java.lang.Object, java.lang.Object, java.lang.Object, java.lang.Object, java.lang.Object, java.lang.Object, java.lang.Object, java.lang.Object, java.lang.Object)'> (0x00000000d573dd08) 
thrown [s\src\hotspot\share\interpreter\linkResolver.cpp, line 773]
Event: 4.166 Thread 0x000001f289ec4e00 Exception <a 'java/lang/NoSuchMethodError'{0x00000000d57481a0}: 'java.lang.Object java.lang.invoke.DelegatingMethodHandle$Holder.delegate(java.lang.Object, java.lang.Object, java.lang.Object, java.lang.Object, java.lang.Object, java.lang.Object, java.lang.Object, java.lang.Object, java.lang.Object, java.lang.Object, java.lang.Object, java.lang.Object, java.lang.Object)'> (0x00000000d57481a0) 
thrown [s\src\hotspot\share\interpreter\linkResolver.cpp, line 773]
Event: 4.169 Thread 0x000001f289ec4e00 Exception <a 'java/lang/NoSuchMethodError'{0x00000000d57b3ef0}: static Lorg/eclipse/m2e/core/internal/lifecyclemapping/model/PluginExecutionMetadata;.<clinit>()V> (0x00000000d57b3ef0) 
thrown [s\src\hotspot\share\prims\jni.cpp, line 1111]
Event: 4.170 Thread 0x000001f289ec4e00 Implicit null exception at 0x000001f23ad33024 to 0x000001f23ad33a54
Event: 4.173 Thread 0x000001f289ec4e00 Exception <a 'java/lang/NoSuchMethodError'{0x00000000d58140a0}: static Lorg/eclipse/m2e/core/internal/lifecyclemapping/model/PluginExecutionFilter;.<clinit>()V> (0x00000000d58140a0) 
thrown [s\src\hotspot\share\prims\jni.cpp, line 1111]
Event: 4.176 Thread 0x000001f289ec4e00 Exception <a 'java/lang/NoSuchMethodError'{0x00000000d5843ce8}: static Lorg/eclipse/m2e/core/internal/project/registry/MavenProjectFacade$MavenProjectConfiguration;.<clinit>()V> (0x00000000d5843ce8) 
thrown [s\src\hotspot\share\prims\jni.cpp, line 1111]
Event: 4.211 Thread 0x000001f289ec4e00 Exception <a 'java/lang/NoSuchMethodError'{0x00000000d5cc1ac0}: 'double java.lang.invoke.DirectMethodHandle$Holder.invokeStatic(java.lang.Object, java.lang.Object)'> (0x00000000d5cc1ac0) 
thrown [s\src\hotspot\share\interpreter\linkResolver.cpp, line 773]
Event: 4.211 Thread 0x000001f289ec4e00 Exception <a 'java/lang/NoSuchMethodError'{0x00000000d5cc5180}: 'double java.lang.invoke.DirectMethodHandle$Holder.invokeStaticInit(java.lang.Object, java.lang.Object)'> (0x00000000d5cc5180) 
thrown [s\src\hotspot\share\interpreter\linkResolver.cpp, line 773]
Event: 4.436 Thread 0x000001f289ec4e00 Exception <a 'java/lang/NoSuchMethodError'{0x00000000d6258668}: 'java.lang.Object java.lang.invoke.DirectMethodHandle$Holder.newInvokeSpecial(java.lang.Object, int, java.lang.Object, java.lang.Object)'> (0x00000000d6258668) 
thrown [s\src\hotspot\share\interpreter\linkResolver.cpp, line 773]
Event: 4.438 Thread 0x000001f289ec4e00 Exception <a 'java/io/FileNotFoundException'{0x00000000d626e430}> (0x00000000d626e430) 
thrown [s\src\hotspot\share\prims\jni.cpp, line 520]
Event: 4.438 Thread 0x000001f289ec4e00 Exception <a 'java/io/FileNotFoundException'{0x00000000d626f820}> (0x00000000d626f820) 
thrown [s\src\hotspot\share\prims\jni.cpp, line 520]
Event: 4.525 Thread 0x000001f289ec4e00 Exception <a 'java/lang/ClassNotFoundException'{0x00000000d6b376a8}: com/sun/org/apache/xerces/internal/impl/msg/spi/DOMMessagesProvider> (0x00000000d6b376a8) 
thrown [s\src\hotspot\share\classfile\systemDictionary.cpp, line 312]
Event: 4.527 Thread 0x000001f289ec4e00 Exception <a 'java/lang/ClassNotFoundException'{0x00000000d6b5be00}: com/sun/org/apache/xerces/internal/impl/msg/spi/XMLSerializerMessagesProvider> (0x00000000d6b5be00) 
thrown [s\src\hotspot\share\classfile\systemDictionary.cpp, line 312]
Event: 4.527 Thread 0x000001f289ec4e00 Exception <a 'java/lang/ClassNotFoundException'{0x00000000d6b74480}: com/sun/org/apache/xerces/internal/impl/msg/spi/XMLMessagesProvider> (0x00000000d6b74480) 
thrown [s\src\hotspot\share\classfile\systemDictionary.cpp, line 312]

ZGC Phase Switch (0 events):
No events

VM Operations (20 events):
Event: 3.934 Executing non-safepoint VM operation: HandshakeAllThreads (Deoptimize) done
Event: 3.938 Executing non-safepoint VM operation: HandshakeAllThreads (Deoptimize)
Event: 3.938 Executing non-safepoint VM operation: HandshakeAllThreads (Deoptimize) done
Event: 3.959 Executing safepoint VM operation: ICBufferFull
Event: 3.959 Executing safepoint VM operation: ICBufferFull done
Event: 3.991 Executing safepoint VM operation: ParallelGCFailedAllocation (Allocation Failure)
Event: 3.995 Executing safepoint VM operation: ParallelGCFailedAllocation (Allocation Failure) done
Event: 4.097 Executing non-safepoint VM operation: HandshakeAllThreads (Deoptimize)
Event: 4.097 Executing non-safepoint VM operation: HandshakeAllThreads (Deoptimize) done
Event: 4.117 Executing safepoint VM operation: CollectForMetadataAllocation (Metadata GC Threshold)
Event: 4.146 Executing safepoint VM operation: CollectForMetadataAllocation (Metadata GC Threshold) done
Event: 4.278 Executing safepoint VM operation: ParallelGCFailedAllocation (Allocation Failure)
Event: 4.279 Executing safepoint VM operation: ParallelGCFailedAllocation (Allocation Failure) done
Event: 4.407 Executing safepoint VM operation: ParallelGCFailedAllocation (Allocation Failure)
Event: 4.408 Executing safepoint VM operation: ParallelGCFailedAllocation (Allocation Failure) done
Event: 4.537 Executing safepoint VM operation: ParallelGCFailedAllocation (Allocation Failure)
Event: 4.540 Executing safepoint VM operation: ParallelGCFailedAllocation (Allocation Failure) done
Event: 4.565 Executing non-safepoint VM operation: HandshakeAllThreads (Deoptimize)
Event: 4.565 Executing non-safepoint VM operation: HandshakeAllThreads (Deoptimize) done
Event: 4.576 Executing non-safepoint VM operation: HandshakeAllThreads (Deoptimize)

Memory protections (0 events):
No events

Nmethod flushes (0 events):
No events

Events (20 events):
Event: 0.035 Thread 0x000001f22dba84d0 Thread added: 0x000001f2469893d0
Event: 0.035 Thread 0x000001f22dba84d0 Thread added: 0x000001f24699aa00
Event: 0.035 Thread 0x000001f22dba84d0 Thread added: 0x000001f2469bc920
Event: 0.054 Thread 0x000001f2469bc920 Thread added: 0x000001f289424770
Event: 0.062 Thread 0x000001f22dba84d0 Thread added: 0x000001f289550c50
Event: 0.155 Thread 0x000001f22dba84d0 Thread added: 0x000001f28964c6b0
Event: 0.226 Thread 0x000001f2469bc920 Thread added: 0x000001f289696880
Event: 0.623 Thread 0x000001f22dba84d0 Thread added: 0x000001f289ee21e0
Event: 0.757 Thread 0x000001f22dba84d0 Thread added: 0x000001f289e970b0
Event: 0.781 Thread 0x000001f289e970b0 Thread added: 0x000001f289ec7850
Event: 0.782 Thread 0x000001f22dba84d0 Thread added: 0x000001f289ec4e00
Event: 1.028 Thread 0x000001f289ec4e00 Thread added: 0x000001f28e594fb0
Event: 1.235 Thread 0x000001f289696880 Thread exited: 0x000001f289696880
Event: 1.235 Thread 0x000001f289424770 Thread exited: 0x000001f289424770
Event: 3.153 Thread 0x000001f289ec4e00 Thread added: 0x000001f28e636d10
Event: 3.352 Thread 0x000001f289ec4e00 Thread added: 0x000001f28e570320
Event: 3.822 Thread 0x000001f289ec4e00 Thread added: 0x000001f28e5709b0
Event: 3.843 Thread 0x000001f289ec4e00 Thread added: 0x000001f28e56fc90
Event: 3.861 Thread 0x000001f289ec4e00 Thread added: 0x000001f28e1fdb80
Event: 4.549 Thread 0x000001f289ec4e00 Thread added: 0x000001f28e1fe210


Dynamic libraries:
0x00007ff7c4570000 - 0x00007ff7c457e000 	c:\Users\HP\.antigravity\extensions\redhat.java-1.54.0-win32-x64\jre\21.0.10-win32-x86_64\bin\java.exe
0x00007ffc79830000 - 0x00007ffc79a48000 	C:\WINDOWS\SYSTEM32\ntdll.dll
0x00007ffc796c0000 - 0x00007ffc79784000 	C:\WINDOWS\System32\KERNEL32.DLL
0x00007ffc770f0000 - 0x00007ffc774c3000 	C:\WINDOWS\System32\KERNELBASE.dll
0x00007ffc76970000 - 0x00007ffc76a81000 	C:\WINDOWS\System32\ucrtbase.dll
0x00007ffc636e0000 - 0x00007ffc636f8000 	c:\Users\HP\.antigravity\extensions\redhat.java-1.54.0-win32-x64\jre\21.0.10-win32-x86_64\bin\jli.dll
0x00007ffc5f490000 - 0x00007ffc5f4ae000 	c:\Users\HP\.antigravity\extensions\redhat.java-1.54.0-win32-x64\jre\21.0.10-win32-x86_64\bin\VCRUNTIME140.dll
0x00007ffc77ae0000 - 0x00007ffc77c92000 	C:\WINDOWS\System32\USER32.dll
0x00007ffc56d70000 - 0x00007ffc5700c000 	C:\WINDOWS\WinSxS\amd64_microsoft.windows.common-controls_6595b64144ccf1df_6.0.22621.6060_none_2712eda17382d24b\COMCTL32.dll
0x00007ffc76940000 - 0x00007ffc76966000 	C:\WINDOWS\System32\win32u.dll
0x00007ffc780a0000 - 0x00007ffc78147000 	C:\WINDOWS\System32\msvcrt.dll
0x00007ffc78400000 - 0x00007ffc78429000 	C:\WINDOWS\System32\GDI32.dll
0x00007ffc76a90000 - 0x00007ffc76bab000 	C:\WINDOWS\System32\gdi32full.dll
0x00007ffc76d20000 - 0x00007ffc76dba000 	C:\WINDOWS\System32\msvcp_win.dll
0x00007ffc785d0000 - 0x00007ffc78601000 	C:\WINDOWS\System32\IMM32.DLL
0x00007ffc6ef90000 - 0x00007ffc6ef9c000 	c:\Users\HP\.antigravity\extensions\redhat.java-1.54.0-win32-x64\jre\21.0.10-win32-x86_64\bin\vcruntime140_1.dll
0x00007ffc2cb30000 - 0x00007ffc2cbbd000 	c:\Users\HP\.antigravity\extensions\redhat.java-1.54.0-win32-x64\jre\21.0.10-win32-x86_64\bin\msvcp140.dll
0x00007ffbb2ef0000 - 0x00007ffbb3c91000 	c:\Users\HP\.antigravity\extensions\redhat.java-1.54.0-win32-x64\jre\21.0.10-win32-x86_64\bin\server\jvm.dll
0x00007ffc78330000 - 0x00007ffc783e1000 	C:\WINDOWS\System32\ADVAPI32.dll
0x00007ffc784a0000 - 0x00007ffc78548000 	C:\WINDOWS\System32\sechost.dll
0x00007ffc76f00000 - 0x00007ffc76f28000 	C:\WINDOWS\System32\bcrypt.dll
0x00007ffc78d00000 - 0x00007ffc78e18000 	C:\WINDOWS\System32\RPCRT4.dll
0x00007ffc78aa0000 - 0x00007ffc78b11000 	C:\WINDOWS\System32\WS2_32.dll
0x00007ffc76810000 - 0x00007ffc7685d000 	C:\WINDOWS\SYSTEM32\POWRPROF.dll
0x00007ffc63250000 - 0x00007ffc6325a000 	C:\WINDOWS\SYSTEM32\VERSION.dll
0x00007ffc6c9b0000 - 0x00007ffc6c9e4000 	C:\WINDOWS\SYSTEM32\WINMM.dll
0x00007ffc767f0000 - 0x00007ffc76803000 	C:\WINDOWS\SYSTEM32\UMPDC.dll
0x00007ffc758e0000 - 0x00007ffc758f8000 	C:\WINDOWS\SYSTEM32\kernel.appcore.dll
0x00007ffc6d5f0000 - 0x00007ffc6d5fa000 	c:\Users\HP\.antigravity\extensions\redhat.java-1.54.0-win32-x64\jre\21.0.10-win32-x86_64\bin\jimage.dll
0x00007ffc73e50000 - 0x00007ffc74083000 	C:\WINDOWS\SYSTEM32\DBGHELP.DLL
0x00007ffc77d00000 - 0x00007ffc78091000 	C:\WINDOWS\System32\combase.dll
0x00007ffc778a0000 - 0x00007ffc77978000 	C:\WINDOWS\System32\OLEAUT32.dll
0x00007ffc56140000 - 0x00007ffc56172000 	C:\WINDOWS\SYSTEM32\dbgcore.DLL
0x00007ffc76e80000 - 0x00007ffc76efb000 	C:\WINDOWS\System32\bcryptPrimitives.dll
0x00007ffc6d420000 - 0x00007ffc6d42f000 	c:\Users\HP\.antigravity\extensions\redhat.java-1.54.0-win32-x64\jre\21.0.10-win32-x86_64\bin\instrument.dll
0x00007ffc59230000 - 0x00007ffc59250000 	c:\Users\HP\.antigravity\extensions\redhat.java-1.54.0-win32-x64\jre\21.0.10-win32-x86_64\bin\java.dll
0x00007ffc78e20000 - 0x00007ffc796bc000 	C:\WINDOWS\System32\SHELL32.dll
0x00007ffc76f30000 - 0x00007ffc7706f000 	C:\WINDOWS\System32\wintypes.dll
0x00007ffc747f0000 - 0x00007ffc7510a000 	C:\WINDOWS\SYSTEM32\windows.storage.dll
0x00007ffc77690000 - 0x00007ffc77794000 	C:\WINDOWS\System32\SHCORE.dll
0x00007ffc777a0000 - 0x00007ffc77809000 	C:\WINDOWS\System32\shlwapi.dll
0x00007ffc76870000 - 0x00007ffc76895000 	C:\WINDOWS\SYSTEM32\profapi.dll
0x00007ffc4dca0000 - 0x00007ffc4dcb8000 	c:\Users\HP\.antigravity\extensions\redhat.java-1.54.0-win32-x64\jre\21.0.10-win32-x86_64\bin\zip.dll
0x00007ffc6cbc0000 - 0x00007ffc6cbd0000 	C:\Users\HP\.antigravity\extensions\redhat.java-1.54.0-win32-x64\jre\21.0.10-win32-x86_64\bin\net.dll
0x00007ffc72610000 - 0x00007ffc7273c000 	C:\WINDOWS\SYSTEM32\WINHTTP.dll
0x00007ffc75da0000 - 0x00007ffc75e09000 	C:\WINDOWS\system32\mswsock.dll
0x00007ffc4b810000 - 0x00007ffc4b826000 	C:\Users\HP\.antigravity\extensions\redhat.java-1.54.0-win32-x64\jre\21.0.10-win32-x86_64\bin\nio.dll
0x00007ffc62020000 - 0x00007ffc62030000 	c:\Users\HP\.antigravity\extensions\redhat.java-1.54.0-win32-x64\jre\21.0.10-win32-x86_64\bin\verify.dll
0x00007ffc4b7c0000 - 0x00007ffc4b805000 	C:\Users\HP\AppData\Roaming\Antigravity\User\globalStorage\redhat.java\1.54.0\config_win\org.eclipse.equinox.launcher\org.eclipse.equinox.launcher.win32.win32.x86_64_1.3.0.v20260203-2149\eclipse_11919.dll
0x00007ffc78b50000 - 0x00007ffc78cf1000 	C:\WINDOWS\System32\ole32.dll
0x00007ffc760f0000 - 0x00007ffc7610b000 	C:\WINDOWS\SYSTEM32\CRYPTSP.dll
0x00007ffc75840000 - 0x00007ffc75877000 	C:\WINDOWS\system32\rsaenh.dll
0x00007ffc75e40000 - 0x00007ffc75e68000 	C:\WINDOWS\SYSTEM32\USERENV.dll
0x00007ffc760d0000 - 0x00007ffc760dc000 	C:\WINDOWS\SYSTEM32\CRYPTBASE.dll
0x00007ffc753b0000 - 0x00007ffc753dd000 	C:\WINDOWS\SYSTEM32\IPHLPAPI.DLL
0x00007ffc783f0000 - 0x00007ffc783f9000 	C:\WINDOWS\System32\NSI.dll
0x00007ffc4b770000 - 0x00007ffc4b7b9000 	C:\Users\HP\AppData\Local\Temp\jna-2312\jna14438611395998137113.dll
0x00007ffc78610000 - 0x00007ffc78618000 	C:\WINDOWS\System32\PSAPI.DLL

JVMTI agents:
c:\Users\HP\.antigravity\extensions\redhat.java-1.54.0-win32-x64\lombok\lombok-1.18.39-4050.jar path:c:\Users\HP\.antigravity\extensions\redhat.java-1.54.0-win32-x64\jre\21.0.10-win32-x86_64\bin\instrument.dll, loaded, initialized, instrumentlib options:none

dbghelp: loaded successfully - version: 4.0.5 - missing functions: none
symbol engine: initialized successfully - sym options: 0x614 - pdb path: .;c:\Users\HP\.antigravity\extensions\redhat.java-1.54.0-win32-x64\jre\21.0.10-win32-x86_64\bin;C:\WINDOWS\SYSTEM32;C:\WINDOWS\WinSxS\amd64_microsoft.windows.common-controls_6595b64144ccf1df_6.0.22621.6060_none_2712eda17382d24b;c:\Users\HP\.antigravity\extensions\redhat.java-1.54.0-win32-x64\jre\21.0.10-win32-x86_64\bin\server;C:\Users\HP\AppData\Roaming\Antigravity\User\globalStorage\redhat.java\1.54.0\config_win\org.eclipse.equinox.launcher\org.eclipse.equinox.launcher.win32.win32.x86_64_1.3.0.v20260203-2149;C:\Users\HP\AppData\Local\Temp\jna-2312

VM Arguments:
jvm_args: --add-modules=ALL-SYSTEM --add-opens=java.base/java.util=ALL-UNNAMED --add-opens=java.base/java.lang=ALL-UNNAMED --add-opens=java.base/sun.nio.fs=ALL-UNNAMED -Declipse.application=org.eclipse.jdt.ls.core.id1 -Dosgi.bundles.defaultStartLevel=4 -Declipse.product=org.eclipse.jdt.ls.core.product -Djava.import.generatesMetadataFilesAtProjectRoot=false -DDetectVMInstallationsJob.disabled=true -Dfile.encoding=utf8 -XX:+UseParallelGC -XX:GCTimeRatio=4 -XX:AdaptiveSizePolicyWeight=90 -Dsun.zip.disableMemoryMapping=true -Xmx2G -Xms100m -Xlog:disable -javaagent:c:\Users\HP\.antigravity\extensions\redhat.java-1.54.0-win32-x64\lombok\lombok-1.18.39-4050.jar -XX:+HeapDumpOnOutOfMemoryError -XX:HeapDumpPath=c:\Users\HP\AppData\Roaming\Antigravity\User\workspaceStorage\ec30be9fa44441caa41ccff467e32948\redhat.java -Daether.dependencyCollector.impl=bf 
java_command: c:\Users\HP\.antigravity\extensions\redhat.java-1.54.0-win32-x64\server\plugins\org.eclipse.equinox.launcher_1.7.100.v20251111-0406.jar -configuration c:\Users\HP\AppData\Roaming\Antigravity\User\globalStorage\redhat.java\1.54.0\config_win -data c:\Users\HP\AppData\Roaming\Antigravity\User\workspaceStorage\ec30be9fa44441caa41ccff467e32948\redhat.java\jdt_ws --pipe=\\.\pipe\lsp-5c109a6addb6a600a0724a5f29c0bd62-sock
java_class_path (initial): c:\Users\HP\.antigravity\extensions\redhat.java-1.54.0-win32-x64\server\plugins\org.eclipse.equinox.launcher_1.7.100.v20251111-0406.jar
Launcher Type: SUN_STANDARD

[Global flags]
    uintx AdaptiveSizePolicyWeight                 = 90                                        {product} {command line}
     intx CICompilerCount                          = 4                                         {product} {ergonomic}
    uintx GCTimeRatio                              = 4                                         {product} {command line}
     bool HeapDumpOnOutOfMemoryError               = true                                   {manageable} {command line}
    ccstr HeapDumpPath                             = c:\Users\HP\AppData\Roaming\Antigravity\User\workspaceStorage\ec30be9fa44441caa41ccff467e32948\redhat.java         {manageable} {command line}
   size_t InitialHeapSize                          = 104857600                                 {product} {command line}
   size_t MaxHeapSize                              = 2147483648                                {product} {command line}
   size_t MaxNewSize                               = 715653120                                 {product} {ergonomic}
   size_t MinHeapDeltaBytes                        = 524288                                    {product} {ergonomic}
   size_t MinHeapSize                              = 104857600                                 {product} {command line}
   size_t NewSize                                  = 34603008                                  {product} {ergonomic}
    uintx NonNMethodCodeHeapSize                   = 5839372                                {pd product} {ergonomic}
    uintx NonProfiledCodeHeapSize                  = 122909434                              {pd product} {ergonomic}
   size_t OldSize                                  = 70254592                                  {product} {ergonomic}
    uintx ProfiledCodeHeapSize                     = 122909434                              {pd product} {ergonomic}
    uintx ReservedCodeCacheSize                    = 251658240                              {pd product} {ergonomic}
     bool SegmentedCodeCache                       = true                                      {product} {ergonomic}
   size_t SoftMaxHeapSize                          = 2147483648                             {manageable} {ergonomic}
     bool UseCompressedOops                        = true                           {product lp64_product} {ergonomic}
     bool UseLargePagesIndividualAllocation        = false                                  {pd product} {ergonomic}
     bool UseParallelGC                            = true                                      {product} {command line}

Logging:
Log output configuration:
 #0: stdout all=off uptime,level,tags foldmultilines=false
 #1: stderr all=off uptime,level,tags foldmultilines=false

Release file:
JAVA_VERSION="21.0.10" 
MODULES="java.base java.compiler java.datatransfer java.xml java.prefs java.desktop java.instrument java.logging java.management java.security.sasl java.naming java.rmi java.management.rmi java.net.http java.scripting java.security.jgss java.transaction.xa java.sql java.sql.rowset java.xml.crypto java.se java.smartcardio jdk.accessibility jdk.internal.jvmstat jdk.attach jdk.charsets jdk.internal.opt jdk.zipfs jdk.compiler jdk.crypto.ec jdk.crypto.cryptoki jdk.crypto.mscapi jdk.dynalink jdk.internal.ed jdk.editpad jdk.hotspot.agent jdk.httpserver jdk.internal.le jdk.internal.vm.ci jdk.internal.vm.compiler jdk.internal.vm.compiler.management jdk.jartool jdk.javadoc jdk.jcmd jdk.management jdk.management.agent jdk.jconsole jdk.jdeps jdk.jdwp.agent jdk.jdi jdk.jfr jdk.jshell jdk.jsobject jdk.jstatd jdk.localedata jdk.management.jfr jdk.naming.dns jdk.naming.rmi jdk.net jdk.nio.mapmode jdk.random jdk.sctp jdk.security.auth jdk.security.jgss jdk.unsupported jdk.unsupported.desktop jdk.xml.dom" 

Environment Variables:
JAVA_HOME=C:\Program Files\Microsoft\jdk-17.0.18.8-hotspot\
PATH=C:\Program Files\Microsoft\jdk-17.0.18.8-hotspot\bin;C:\Python314\Scripts\;C:\Python314\;C:\oraclexe\app\oracle\product\10.2.0\server\bin;C:\app\HP\product\21c\dbhomeXE\bin;C:\Users\HP\Downloads\WINDOWS.X64_193000_grid_home\bin;C:\WINDOWS\system32;C:\WINDOWS;C:\WINDOWS\System32\Wbem;C:\WINDOWS\System32\WindowsPowerShell\v1.0\;C:\WINDOWS\System32\OpenSSH\;C:\Program Files\PuTTY\;C:\Program Files (x86)\;C:\Program Files\Git\cmd;C:\Program Files (x86)\Windows Kits\10\Windows Performance Toolkit\;C:\Program Files\MongoDB\Server\8.2\bin;C:\Program Files\nodejs\;C:\ProgramData\chocolatey\bin;C:\Users\HP\AppData\Local\Programs\Python\Python313\Scripts\;C:\Users\HP\AppData\Local\Programs\Python\Python313\;C:\Users\HP\AppData\Local\Programs\Python\Launcher\;C:\Users\HP\AppData\Local\Microsoft\WindowsApps;;C:\Users\HP\AppData\Local\Programs\Microsoft VS Code\bin;C:\Users\HP\Desktop\Antigravity\bin;C:\Users\HP\AppData\Roaming\npm;C:\Users\HP\AppData\Local\Microsoft\WinGet\Packages\Ngrok.Ngrok_Microsoft.Winget.Source_8wekyb3d8bbwe;
USERNAME=HP
OS=Windows_NT
PROCESSOR_IDENTIFIER=Intel64 Family 6 Model 154 Stepping 4, GenuineIntel
TMP=C:\Users\HP\AppData\Local\Temp
TEMP=C:\Users\HP\AppData\Local\Temp




Periodic native trim disabled

---------------  S Y S T E M  ---------------

OS:
 Windows 11 , 64 bit Build 22621 (10.0.22621.5415)
OS uptime: 0 days 21:30 hours
Hyper-V role detected

CPU: total 8 (initial active 8) (4 cores per cpu, 2 threads per core) family 6 model 154 stepping 4 microcode 0x42c, cx8, cmov, fxsr, ht, mmx, 3dnowpref, sse, sse2, sse3, ssse3, sse4.1, sse4.2, popcnt, lzcnt, tsc, tscinvbit, avx, avx2, aes, erms, clmul, bmi1, bmi2, adx, sha, fma, vzeroupper, clflush, clflushopt, clwb, hv, serialize, rdtscp, rdpid, fsrm, f16c, cet_ibt, cet_ss
Processor Information for processor 0
  Max Mhz: 1200, Current Mhz: 1200, Mhz Limit: 1200
Processor Information for processor 1
  Max Mhz: 1200, Current Mhz: 1200, Mhz Limit: 1200
Processor Information for processor 2
  Max Mhz: 1200, Current Mhz: 1200, Mhz Limit: 1200
Processor Information for processor 3
  Max Mhz: 1200, Current Mhz: 1200, Mhz Limit: 1200
Processor Information for processor 4
  Max Mhz: 1200, Current Mhz: 900, Mhz Limit: 900
Processor Information for processor 5
  Max Mhz: 1200, Current Mhz: 900, Mhz Limit: 900
Processor Information for processor 6
  Max Mhz: 1200, Current Mhz: 900, Mhz Limit: 900
Processor Information for processor 7
  Max Mhz: 1200, Current Mhz: 900, Mhz Limit: 900

Memory: 4k page, system-wide physical 3767M (264M free)
TotalPageFile size 15543M (AvailPageFile size 0M)
current process WorkingSet (physical memory assigned to process): 163M, peak: 163M
current process commit charge ("private bytes"): 292M, peak: 293M

vm_info: OpenJDK 64-Bit Server VM (21.0.10+7-LTS) for windows-amd64 JRE (21.0.10+7-LTS), built on 2026-01-20T00:00:00Z by "admin" with MS VC++ 17.12 (VS2022)

END.
