#
# There is insufficient memory for the Java Runtime Environment to continue.
# Native memory allocation (malloc) failed to allocate 32744 bytes. Error detail: Chunk::new
# Possible reasons:
#   The system is out of physical RAM or swap space
#   This process is running with CompressedOops enabled, and the Java Heap may be blocking the growth of the native heap
# Possible solutions:
#   Reduce memory load on the system
#   Increase physical memory or swap space
#   Check if swap backing store is full
#   Decrease Java heap size (-Xmx/-Xms)
#   Decrease number of Java threads
#   Decrease Java thread stack sizes (-Xss)
#   Set larger code cache with -XX:ReservedCodeCacheSize=
#   JVM is running with Unscaled Compressed Oops mode in which the Java heap is
#     placed in the first 4GB address space. The Java Heap base address is the
#     maximum limit for the native heap growth. Please use -XX:HeapBaseMinAddress
#     to set the Java Heap base and to place the Java Heap above 4GB virtual address.
# This output file may be truncated or incomplete.
#
#  Out of Memory Error (arena.cpp:168), pid=16628, tid=16556
#
# JRE version: OpenJDK Runtime Environment Temurin-21.0.10+7 (21.0.10+7) (build 21.0.10+7-LTS)
# Java VM: OpenJDK 64-Bit Server VM Temurin-21.0.10+7 (21.0.10+7-LTS, mixed mode, sharing, tiered, compressed oops, compressed class ptrs, parallel gc, windows-amd64)
# No core dump will be written. Minidumps are not enabled by default on client versions of Windows
#

---------------  S U M M A R Y ------------

Command Line: --add-modules=ALL-SYSTEM --add-opens=java.base/java.util=ALL-UNNAMED --add-opens=java.base/java.lang=ALL-UNNAMED --add-opens=java.base/sun.nio.fs=ALL-UNNAMED -Declipse.application=org.eclipse.jdt.ls.core.id1 -Dosgi.bundles.defaultStartLevel=4 -Declipse.product=org.eclipse.jdt.ls.core.product -Djava.import.generatesMetadataFilesAtProjectRoot=false -DDetectVMInstallationsJob.disabled=true -Dfile.encoding=utf8 -XX:+UseParallelGC -XX:GCTimeRatio=4 -XX:AdaptiveSizePolicyWeight=90 -Dsun.zip.disableMemoryMapping=true -Xmx2G -Xms100m -Xlog:disable -javaagent:c:\Users\HP\.antigravity\extensions\redhat.java-1.54.0-win32-x64\lombok\lombok-1.18.39-4050.jar -XX:+HeapDumpOnOutOfMemoryError -XX:HeapDumpPath=c:\Users\HP\AppData\Roaming\Antigravity\User\workspaceStorage\ec30be9fa44441caa41ccff467e32948\redhat.java -Daether.dependencyCollector.impl=bf c:\Users\HP\.antigravity\extensions\redhat.java-1.54.0-win32-x64\server\plugins\org.eclipse.equinox.launcher_1.7.100.v20251111-0406.jar -configuration c:\Users\HP\AppData\Roaming\Antigravity\User\globalStorage\redhat.java\1.54.0\config_win -data c:\Users\HP\AppData\Roaming\Antigravity\User\workspaceStorage\ec30be9fa44441caa41ccff467e32948\redhat.java\jdt_ws --pipe=\\.\pipe\lsp-b648b8c540949b4954d0ca48820b50e4-sock

Host: 12th Gen Intel(R) Core(TM) i3-1215U, 8 cores, 3G,  Windows 11 , 64 bit Build 22621 (10.0.22621.5415)
Time: Fri Apr 24 12:07:38 2026 Afr. centrale Ouest elapsed time: 103.387515 seconds (0d 0h 1m 43s)

---------------  T H R E A D  ---------------

Current thread (0x000001498315f7a0):  JavaThread "C1 CompilerThread0" daemon [_thread_in_vm, id=16556, stack(0x000000213b100000,0x000000213b200000) (1024K)]


Current CompileTask:
C1:103388 11048       3       org.eclipse.jdt.internal.compiler.ast.Annotation::resolveType (1555 bytes)

Stack: [0x000000213b100000,0x000000213b200000]
Native frames: (J=compiled Java code, j=interpreted, Vv=VM code, C=native code)
V  [jvm.dll+0x6d7a39]
V  [jvm.dll+0x8b4b26]
V  [jvm.dll+0x8b70de]
V  [jvm.dll+0x8b77c3]
V  [jvm.dll+0x284346]
V  [jvm.dll+0xc66ed]
V  [jvm.dll+0xc6c31]
V  [jvm.dll+0x26d4d8]
V  [jvm.dll+0x6c3af9]
V  [jvm.dll+0x6c3895]
V  [jvm.dll+0x22f95c]
V  [jvm.dll+0x261953]
V  [jvm.dll+0x6a8f5b]
V  [jvm.dll+0x6ac6d1]
V  [jvm.dll+0x1ee6a0]
V  [jvm.dll+0x156fa0]
V  [jvm.dll+0x15629c]
V  [jvm.dll+0x15802d]
V  [jvm.dll+0x25b85d]
V  [jvm.dll+0x259dea]
V  [jvm.dll+0x3f857e]
V  [jvm.dll+0x85f59d]
V  [jvm.dll+0x6d626d]
C  [ucrtbase.dll+0x29333]
C  [KERNEL32.DLL+0x1259d]
C  [ntdll.dll+0x5af78]


---------------  P R O C E S S  ---------------

Threads class SMR info:
_java_thread_list=0x000001498a2ba650, length=42, elements={
0x0000014929e0f630, 0x0000014929ecb1c0, 0x0000014929ecc9d0, 0x0000014929d84b00,
0x0000014929d85ca0, 0x0000014929d86bc0, 0x0000014929d88830, 0x0000014929d8b6d0,
0x000001498315f7a0, 0x00000149832b2a00, 0x000001498336e350, 0x000001498345bdf0,
0x0000014983950980, 0x0000014983ab49d0, 0x0000014983bc02f0, 0x00000149883592f0,
0x000001498320d580, 0x000001498830c4c0, 0x000001498830d1e0, 0x000001498830be30,
0x000001498830e590, 0x000001498830b110, 0x000001498830b7a0, 0x00000149888f53c0,
0x00000149888f6770, 0x00000149888f4d30, 0x00000149888f6e00, 0x00000149888f7b20,
0x00000149888f81b0, 0x00000149888f5a50, 0x00000149888f60e0, 0x000001498a4af050,
0x000001498a4ae330, 0x000001498a4a9470, 0x000001498a4ad610, 0x000001498a4aa190,
0x000001498a4afd70, 0x000001498a4abbd0, 0x000001498a4adca0, 0x000001498a4ae9c0,
0x000001498a4ac260, 0x000001498a4af6e0
}

Java Threads: ( => current thread )
  0x0000014929e0f630 JavaThread "main"                              [_thread_blocked, id=14936, stack(0x000000213a600000,0x000000213a700000) (1024K)]
  0x0000014929ecb1c0 JavaThread "Reference Handler"          daemon [_thread_blocked, id=17700, stack(0x000000213aa00000,0x000000213ab00000) (1024K)]
  0x0000014929ecc9d0 JavaThread "Finalizer"                  daemon [_thread_blocked, id=7340, stack(0x000000213ab00000,0x000000213ac00000) (1024K)]
  0x0000014929d84b00 JavaThread "Signal Dispatcher"          daemon [_thread_blocked, id=17660, stack(0x000000213ac00000,0x000000213ad00000) (1024K)]
  0x0000014929d85ca0 JavaThread "Attach Listener"            daemon [_thread_blocked, id=10760, stack(0x000000213ad00000,0x000000213ae00000) (1024K)]
  0x0000014929d86bc0 JavaThread "Service Thread"             daemon [_thread_blocked, id=10392, stack(0x000000213ae00000,0x000000213af00000) (1024K)]
  0x0000014929d88830 JavaThread "Monitor Deflation Thread"   daemon [_thread_blocked, id=20316, stack(0x000000213af00000,0x000000213b000000) (1024K)]
  0x0000014929d8b6d0 JavaThread "C2 CompilerThread0"         daemon [_thread_blocked, id=7352, stack(0x000000213b000000,0x000000213b100000) (1024K)]
=>0x000001498315f7a0 JavaThread "C1 CompilerThread0"         daemon [_thread_in_vm, id=16556, stack(0x000000213b100000,0x000000213b200000) (1024K)]
  0x00000149832b2a00 JavaThread "Common-Cleaner"             daemon [_thread_blocked, id=12472, stack(0x000000213b200000,0x000000213b300000) (1024K)]
  0x000001498336e350 JavaThread "Notification Thread"        daemon [_thread_blocked, id=6596, stack(0x000000213b300000,0x000000213b400000) (1024K)]
  0x000001498345bdf0 JavaThread "Active Thread: Equinox Container: 4a850129-2d31-44ef-b650-73110c1c304c"        [_thread_blocked, id=13656, stack(0x000000213ba00000,0x000000213bb00000) (1024K)]
  0x0000014983950980 JavaThread "Refresh Thread: Equinox Container: 4a850129-2d31-44ef-b650-73110c1c304c" daemon [_thread_blocked, id=10632, stack(0x000000213bc00000,0x000000213bd00000) (1024K)]
  0x0000014983ab49d0 JavaThread "Framework Event Dispatcher: Equinox Container: 4a850129-2d31-44ef-b650-73110c1c304c" daemon [_thread_blocked, id=7692, stack(0x000000213bd00000,0x000000213be00000) (1024K)]
  0x0000014983bc02f0 JavaThread "Start Level: Equinox Container: 4a850129-2d31-44ef-b650-73110c1c304c" daemon [_thread_blocked, id=18532, stack(0x000000213be00000,0x000000213bf00000) (1024K)]
  0x00000149883592f0 JavaThread "Bundle File Closer"         daemon [_thread_blocked, id=3432, stack(0x000000213bf00000,0x000000213c000000) (1024K)]
  0x000001498320d580 JavaThread "SCR Component Actor"        daemon [_thread_blocked, id=14640, stack(0x000000213c000000,0x000000213c100000) (1024K)]
  0x000001498830c4c0 JavaThread "Worker-JM"                         [_thread_blocked, id=12560, stack(0x000000213c100000,0x000000213c200000) (1024K)]
  0x000001498830d1e0 JavaThread "JNA Cleaner"                daemon [_thread_blocked, id=16540, stack(0x000000213c200000,0x000000213c300000) (1024K)]
  0x000001498830be30 JavaThread "Worker-0: Initialize workspace"        [_thread_blocked, id=3676, stack(0x000000213c300000,0x000000213c400000) (1024K)]
  0x000001498830e590 JavaThread "Worker-2"                          [_thread_blocked, id=18300, stack(0x000000213c500000,0x000000213c600000) (1024K)]
  0x000001498830b110 JavaThread "Java indexing"              daemon [_thread_blocked, id=13856, stack(0x000000213c600000,0x000000213c700000) (1024K)]
  0x000001498830b7a0 JavaThread "Worker-3: Publish Diagnostics"        [_thread_blocked, id=1244, stack(0x000000213c900000,0x000000213ca00000) (1024K)]
  0x00000149888f53c0 JavaThread "Thread-1"                   daemon [_thread_in_native, id=7944, stack(0x000000213cb00000,0x000000213cc00000) (1024K)]
  0x00000149888f6770 JavaThread "Thread-2"                   daemon [_thread_in_native, id=10000, stack(0x000000213cc00000,0x000000213cd00000) (1024K)]
  0x00000149888f4d30 JavaThread "Thread-3"                   daemon [_thread_in_native, id=13876, stack(0x000000213cd00000,0x000000213ce00000) (1024K)]
  0x00000149888f6e00 JavaThread "Thread-4"                   daemon [_thread_in_native, id=11232, stack(0x000000213ce00000,0x000000213cf00000) (1024K)]
  0x00000149888f7b20 JavaThread "Thread-5"                   daemon [_thread_in_native, id=19284, stack(0x000000213cf00000,0x000000213d000000) (1024K)]
  0x00000149888f81b0 JavaThread "Thread-6"                   daemon [_thread_in_native, id=1492, stack(0x000000213d000000,0x000000213d100000) (1024K)]
  0x00000149888f5a50 JavaThread "Thread-7"                   daemon [_thread_in_native, id=14260, stack(0x000000213d100000,0x000000213d200000) (1024K)]
  0x00000149888f60e0 JavaThread "Thread-8"                   daemon [_thread_in_native, id=19184, stack(0x000000213d200000,0x000000213d300000) (1024K)]
  0x000001498a4af050 JavaThread "Thread-9"                   daemon [_thread_in_native, id=17804, stack(0x000000213d300000,0x000000213d400000) (1024K)]
  0x000001498a4ae330 JavaThread "pool-2-thread-1"                   [_thread_blocked, id=6868, stack(0x000000213d400000,0x000000213d500000) (1024K)]
  0x000001498a4a9470 JavaThread "WorkspaceEventsHandler"            [_thread_blocked, id=15460, stack(0x000000213d500000,0x000000213d600000) (1024K)]
  0x000001498a4ad610 JavaThread "pool-1-thread-1"                   [_thread_blocked, id=10452, stack(0x000000213d600000,0x000000213d700000) (1024K)]
  0x000001498a4aa190 JavaThread "ForkJoinPool.commonPool-worker-1" daemon [_thread_blocked, id=16504, stack(0x000000213d700000,0x000000213d800000) (1024K)]
  0x000001498a4afd70 JavaThread "ForkJoinPool.commonPool-worker-2" daemon [_thread_blocked, id=19052, stack(0x000000213d800000,0x000000213d900000) (1024K)]
  0x000001498a4abbd0 JavaThread "ForkJoinPool.commonPool-worker-4" daemon [_thread_blocked, id=9832, stack(0x000000213d900000,0x000000213da00000) (1024K)]
  0x000001498a4adca0 JavaThread "ForkJoinPool.commonPool-worker-3" daemon [_thread_blocked, id=19192, stack(0x000000213da00000,0x000000213db00000) (1024K)]
  0x000001498a4ae9c0 JavaThread "ForkJoinPool.commonPool-worker-6" daemon [_thread_blocked, id=18244, stack(0x000000213dc00000,0x000000213dd00000) (1024K)]
  0x000001498a4ac260 JavaThread "ForkJoinPool.commonPool-worker-7" daemon [_thread_blocked, id=15388, stack(0x000000213dd00000,0x000000213de00000) (1024K)]
  0x000001498a4af6e0 JavaThread "Worker-5"                          [_thread_blocked, id=14236, stack(0x000000213a400000,0x000000213a500000) (1024K)]
Total: 42

Other Threads:
  0x0000014929eb0cd0 VMThread "VM Thread"                           [id=17444, stack(0x000000213a900000,0x000000213aa00000) (1024K)]
  0x0000014929c9ca10 WatcherThread "VM Periodic Task Thread"        [id=10272, stack(0x000000213a800000,0x000000213a900000) (1024K)]
  0x0000014929e2e9c0 WorkerThread "GC Thread#0"                     [id=12324, stack(0x000000213a700000,0x000000213a800000) (1024K)]
  0x0000014983739280 WorkerThread "GC Thread#1"                     [id=10284, stack(0x000000213b400000,0x000000213b500000) (1024K)]
  0x0000014983739dd0 WorkerThread "GC Thread#2"                     [id=20360, stack(0x000000213b500000,0x000000213b600000) (1024K)]
  0x000001498373a180 WorkerThread "GC Thread#3"                     [id=1856, stack(0x000000213b600000,0x000000213b700000) (1024K)]
  0x000001498373a530 WorkerThread "GC Thread#4"                     [id=19020, stack(0x000000213b700000,0x000000213b800000) (1024K)]
  0x00000149834df4a0 WorkerThread "GC Thread#5"                     [id=18520, stack(0x000000213b800000,0x000000213b900000) (1024K)]
  0x00000149834df850 WorkerThread "GC Thread#6"                     [id=12632, stack(0x000000213b900000,0x000000213ba00000) (1024K)]
  0x0000014983bf03a0 WorkerThread "GC Thread#7"                     [id=17980, stack(0x000000213bb00000,0x000000213bc00000) (1024K)]
Total: 10

Threads with active compile tasks:
C2 CompilerThread0  103473 11037   !   4       org.eclipse.jdt.internal.core.NameLookup::seekModule (267 bytes)
C1 CompilerThread0  103473 11048       3       org.eclipse.jdt.internal.compiler.ast.Annotation::resolveType (1555 bytes)
Total: 2

VM state: not at safepoint (normal execution)

VM Mutex/Monitor currently owned by a thread:  ([mutex/lock_event])
[0x00007ff93973d060] MethodCompileQueue_lock - owner thread: 0x000001498315f7a0
[0x00007ff93973e460] CodeCache_lock - owner thread: 0x000001498315f7a0
[0x00007ff93973e5e0] Compile_lock - owner thread: 0x000001498315f7a0

Heap address: 0x0000000080000000, size: 2048 MB, Compressed Oops mode: 32-bit

CDS archive(s) mapped at: [0x0000014941000000-0x0000014941ba0000-0x0000014941ba0000), size 12189696, SharedBaseAddress: 0x0000014941000000, ArchiveRelocationMode: 1.
Compressed class space mapped at: 0x0000014942000000-0x0000014982000000, reserved size: 1073741824
Narrow klass base: 0x0000014941000000, Narrow klass shift: 0, Narrow klass range: 0x100000000

GC Precious Log:
 CardTable entry size: 512
 CPUs: 8 total, 8 available
 Memory: 3767M
 Large Page Support: Disabled
 NUMA Support: Disabled
 Compressed Oops: Enabled (32-bit)
 Alignments: Space 512K, Generation 512K, Heap 2M
 Heap Min Capacity: 100M
 Heap Initial Capacity: 100M
 Heap Max Capacity: 2G
 Pre-touch: Disabled
 Parallel Workers: 8

Heap:
 PSYoungGen      total 17920K, used 4132K [0x00000000d5580000, 0x00000000d6900000, 0x0000000100000000)
  eden space 16896K, 19% used [0x00000000d5580000,0x00000000d58c6710,0x00000000d6600000)
  from space 1024K, 76% used [0x00000000d6600000,0x00000000d66c2910,0x00000000d6700000)
  to   space 1536K, 0% used [0x00000000d6780000,0x00000000d6780000,0x00000000d6900000)
 ParOldGen       total 68608K, used 54483K [0x0000000080000000, 0x0000000084300000, 0x00000000d5580000)
  object space 68608K, 79% used [0x0000000080000000,0x0000000083534c40,0x0000000084300000)
 Metaspace       used 60436K, committed 61824K, reserved 1114112K
  class space    used 6305K, committed 6912K, reserved 1048576K

Card table byte_map: [0x00000149297b0000,0x0000014929bc0000] _byte_map_base: 0x00000149293b0000

Marking Bits: (ParMarkBitMap*) 0x00007ff939743450
 Begin Bits: [0x000001493c2c0000, 0x000001493e2c0000)
 End Bits:   [0x000001493e2c0000, 0x00000149402c0000)

Polling page: 0x0000014927c40000

Metaspace:

Usage:
  Non-class:     52.86 MB used.
      Class:      6.16 MB used.
       Both:     59.02 MB used.

Virtual space:
  Non-class space:       64.00 MB reserved,      53.62 MB ( 84%) committed,  1 nodes.
      Class space:        1.00 GB reserved,       6.75 MB ( <1%) committed,  1 nodes.
             Both:        1.06 GB reserved,      60.38 MB (  6%) committed. 

Chunk freelists:
   Non-Class:  9.52 MB
       Class:  9.20 MB
        Both:  18.72 MB

MaxMetaspaceSize: unlimited
CompressedClassSpaceSize: 1.00 GB
Initial GC threshold: 21.00 MB
Current GC threshold: 97.31 MB
CDS: on
 - commit_granule_bytes: 65536.
 - commit_granule_words: 8192.
 - virtual_space_node_default_size: 8388608.
 - enlarge_chunks_in_place: 1.
 - use_allocation_guard: 0.


Internal statistics:

num_allocs_failed_limit: 11.
num_arena_births: 1160.
num_arena_deaths: 14.
num_vsnodes_births: 2.
num_vsnodes_deaths: 0.
num_space_committed: 966.
num_space_uncommitted: 0.
num_chunks_returned_to_freelist: 25.
num_chunks_taken_from_freelist: 3964.
num_chunk_merges: 13.
num_chunk_splits: 2446.
num_chunks_enlarged: 1405.
num_inconsistent_stats: 0.

CodeHeap 'non-profiled nmethods': size=120000Kb used=5891Kb max_used=5891Kb free=114108Kb
 bounds [0x0000014934ae0000, 0x00000149350b0000, 0x000001493c010000]
CodeHeap 'profiled nmethods': size=120000Kb used=23649Kb max_used=23649Kb free=96350Kb
 bounds [0x000001492d010000, 0x000001492e730000, 0x0000014934540000]
CodeHeap 'non-nmethods': size=5760Kb used=1417Kb max_used=1483Kb free=4342Kb
 bounds [0x0000014934540000, 0x00000149347b0000, 0x0000014934ae0000]
CodeCache: size=245760Kb, used=30957Kb, max_used=31023Kb, free=214800Kb
 total_blobs=11035, nmethods=10306, adapters=632, full_count=0
Compilation: enabled, stopped_count=0, restarted_count=0

Compilation events (20 events):
Event: 103.143 Thread 0x000001498315f7a0 nmethod 11039 0x000001492e71bf90 code [0x000001492e71c140, 0x000001492e71c358]
Event: 103.143 Thread 0x000001498315f7a0 11040       3       java.util.stream.ReduceOps$4::makeSink (5 bytes)
Event: 103.143 Thread 0x000001498315f7a0 nmethod 11040 0x000001492e71c490 code [0x000001492e71c640, 0x000001492e71c798]
Event: 103.143 Thread 0x000001498315f7a0 11041       3       java.util.stream.ReduceOps$4::makeSink (20 bytes)
Event: 103.144 Thread 0x000001498315f7a0 nmethod 11041 0x000001492e71c890 code [0x000001492e71ca40, 0x000001492e71cd10]
Event: 103.144 Thread 0x000001498315f7a0 11042       3       java.util.stream.ReduceOps$4ReducingSink::<init> (20 bytes)
Event: 103.144 Thread 0x000001498315f7a0 nmethod 11042 0x000001492e71ce10 code [0x000001492e71cfc0, 0x000001492e71d1c8]
Event: 103.144 Thread 0x000001498315f7a0 11043       3       java.util.stream.ReduceOps$4ReducingSink::begin (14 bytes)
Event: 103.145 Thread 0x000001498315f7a0 nmethod 11043 0x000001492e71d310 code [0x000001492e71d4c0, 0x000001492e71d6c0]
Event: 103.145 Thread 0x000001498315f7a0 11044       3       org.eclipse.jdt.internal.compiler.lookup.ModuleBinding$$Lambda/0x00000149426959b0::get (8 bytes)
Event: 103.146 Thread 0x000001498315f7a0 nmethod 11044 0x000001492e71d790 code [0x000001492e71d960, 0x000001492e71dde8]
Event: 103.147 Thread 0x000001498315f7a0 11045       3       java.util.stream.ReduceOps::makeRef (29 bytes)
Event: 103.149 Thread 0x000001498315f7a0 nmethod 11045 0x000001492e71df90 code [0x000001492e71e1a0, 0x000001492e71e868]
Event: 103.162 Thread 0x0000014929d8b6d0 nmethod 11026 0x000001493509c610 code [0x000001493509caa0, 0x000001493509ec00]
Event: 103.163 Thread 0x0000014929d8b6d0 11028       4       sun.nio.fs.WindowsPath::compareTo (118 bytes)
Event: 103.164 Thread 0x000001498315f7a0 11046       3       org.eclipse.jdt.internal.compiler.ast.ThisReference::<init> (20 bytes)
Event: 103.166 Thread 0x000001498315f7a0 nmethod 11046 0x000001492e71eb10 code [0x000001492e71ece0, 0x000001492e71efe0]
Event: 103.173 Thread 0x0000014929d8b6d0 nmethod 11028 0x00000149350a0390 code [0x00000149350a0580, 0x00000149350a0a60]
Event: 103.173 Thread 0x0000014929d8b6d0 11037   !   4       org.eclipse.jdt.internal.core.NameLookup::seekModule (267 bytes)
Event: 103.175 Thread 0x000001498315f7a0 11048       3       org.eclipse.jdt.internal.compiler.ast.Annotation::resolveType (1555 bytes)

GC Heap History (20 events):
Event: 28.818 GC heap before
{Heap before GC invocations=51 (full 2):
 PSYoungGen      total 18944K, used 18432K [0x00000000d5580000, 0x00000000d6900000, 0x0000000100000000)
  eden space 17920K, 100% used [0x00000000d5580000,0x00000000d6700000,0x00000000d6700000)
  from space 1024K, 50% used [0x00000000d6800000,0x00000000d6880000,0x00000000d6900000)
  to   space 1024K, 0% used [0x00000000d6700000,0x00000000d6700000,0x00000000d6800000)
 ParOldGen       total 68608K, used 58885K [0x0000000080000000, 0x0000000084300000, 0x00000000d5580000)
  object space 68608K, 85% used [0x0000000080000000,0x00000000839815b8,0x0000000084300000)
 Metaspace       used 56445K, committed 57856K, reserved 1114112K
  class space    used 6053K, committed 6656K, reserved 1048576K
}
Event: 28.820 GC heap after
{Heap after GC invocations=51 (full 2):
 PSYoungGen      total 18944K, used 648K [0x00000000d5580000, 0x00000000d6900000, 0x0000000100000000)
  eden space 17920K, 0% used [0x00000000d5580000,0x00000000d5580000,0x00000000d6700000)
  from space 1024K, 63% used [0x00000000d6700000,0x00000000d67a2368,0x00000000d6800000)
  to   space 1024K, 0% used [0x00000000d6800000,0x00000000d6800000,0x00000000d6900000)
 ParOldGen       total 68608K, used 59293K [0x0000000080000000, 0x0000000084300000, 0x00000000d5580000)
  object space 68608K, 86% used [0x0000000080000000,0x00000000839e75b8,0x0000000084300000)
 Metaspace       used 56445K, committed 57856K, reserved 1114112K
  class space    used 6053K, committed 6656K, reserved 1048576K
}
Event: 31.567 GC heap before
{Heap before GC invocations=52 (full 2):
 PSYoungGen      total 18944K, used 18568K [0x00000000d5580000, 0x00000000d6900000, 0x0000000100000000)
  eden space 17920K, 99% used [0x00000000d5580000,0x00000000d66ffed0,0x00000000d6700000)
  from space 1024K, 63% used [0x00000000d6700000,0x00000000d67a2368,0x00000000d6800000)
  to   space 1024K, 0% used [0x00000000d6800000,0x00000000d6800000,0x00000000d6900000)
 ParOldGen       total 68608K, used 59293K [0x0000000080000000, 0x0000000084300000, 0x00000000d5580000)
  object space 68608K, 86% used [0x0000000080000000,0x00000000839e75b8,0x0000000084300000)
 Metaspace       used 57245K, committed 58624K, reserved 1114112K
  class space    used 6137K, committed 6720K, reserved 1048576K
}
Event: 31.571 GC heap after
{Heap after GC invocations=52 (full 2):
 PSYoungGen      total 17920K, used 1011K [0x00000000d5580000, 0x00000000d6b00000, 0x0000000100000000)
  eden space 16896K, 0% used [0x00000000d5580000,0x00000000d5580000,0x00000000d6600000)
  from space 1024K, 98% used [0x00000000d6800000,0x00000000d68fcd90,0x00000000d6900000)
  to   space 2048K, 0% used [0x00000000d6600000,0x00000000d6600000,0x00000000d6800000)
 ParOldGen       total 68608K, used 59693K [0x0000000080000000, 0x0000000084300000, 0x00000000d5580000)
  object space 68608K, 87% used [0x0000000080000000,0x0000000083a4b5b8,0x0000000084300000)
 Metaspace       used 57245K, committed 58624K, reserved 1114112K
  class space    used 6137K, committed 6720K, reserved 1048576K
}
Event: 33.002 GC heap before
{Heap before GC invocations=53 (full 2):
 PSYoungGen      total 17920K, used 17892K [0x00000000d5580000, 0x00000000d6b00000, 0x0000000100000000)
  eden space 16896K, 99% used [0x00000000d5580000,0x00000000d65fc350,0x00000000d6600000)
  from space 1024K, 98% used [0x00000000d6800000,0x00000000d68fcd90,0x00000000d6900000)
  to   space 2048K, 0% used [0x00000000d6600000,0x00000000d6600000,0x00000000d6800000)
 ParOldGen       total 68608K, used 59693K [0x0000000080000000, 0x0000000084300000, 0x00000000d5580000)
  object space 68608K, 87% used [0x0000000080000000,0x0000000083a4b5b8,0x0000000084300000)
 Metaspace       used 58326K, committed 59712K, reserved 1114112K
  class space    used 6241K, committed 6848K, reserved 1048576K
}
Event: 33.147 GC heap after
{Heap after GC invocations=53 (full 2):
 PSYoungGen      total 18944K, used 2027K [0x00000000d5580000, 0x00000000d6d00000, 0x0000000100000000)
  eden space 16896K, 0% used [0x00000000d5580000,0x00000000d5580000,0x00000000d6600000)
  from space 2048K, 99% used [0x00000000d6600000,0x00000000d67faf38,0x00000000d6800000)
  to   space 3584K, 0% used [0x00000000d6980000,0x00000000d6980000,0x00000000d6d00000)
 ParOldGen       total 68608K, used 60647K [0x0000000080000000, 0x0000000084300000, 0x00000000d5580000)
  object space 68608K, 88% used [0x0000000080000000,0x0000000083b39f78,0x0000000084300000)
 Metaspace       used 58326K, committed 59712K, reserved 1114112K
  class space    used 6241K, committed 6848K, reserved 1048576K
}
Event: 33.494 GC heap before
{Heap before GC invocations=54 (full 2):
 PSYoungGen      total 18944K, used 3735K [0x00000000d5580000, 0x00000000d6d00000, 0x0000000100000000)
  eden space 16896K, 10% used [0x00000000d5580000,0x00000000d572aec8,0x00000000d6600000)
  from space 2048K, 99% used [0x00000000d6600000,0x00000000d67faf38,0x00000000d6800000)
  to   space 3584K, 0% used [0x00000000d6980000,0x00000000d6980000,0x00000000d6d00000)
 ParOldGen       total 68608K, used 60647K [0x0000000080000000, 0x0000000084300000, 0x00000000d5580000)
  object space 68608K, 88% used [0x0000000080000000,0x0000000083b39f78,0x0000000084300000)
 Metaspace       used 58422K, committed 59776K, reserved 1114112K
  class space    used 6249K, committed 6848K, reserved 1048576K
}
Event: 33.498 GC heap after
{Heap after GC invocations=54 (full 2):
 PSYoungGen      total 17408K, used 448K [0x00000000d5580000, 0x00000000d6a00000, 0x0000000100000000)
  eden space 16896K, 0% used [0x00000000d5580000,0x00000000d5580000,0x00000000d6600000)
  from space 512K, 87% used [0x00000000d6980000,0x00000000d69f0038,0x00000000d6a00000)
  to   space 1536K, 0% used [0x00000000d6700000,0x00000000d6700000,0x00000000d6880000)
 ParOldGen       total 68608K, used 62529K [0x0000000080000000, 0x0000000084300000, 0x00000000d5580000)
  object space 68608K, 91% used [0x0000000080000000,0x0000000083d105f8,0x0000000084300000)
 Metaspace       used 58422K, committed 59776K, reserved 1114112K
  class space    used 6249K, committed 6848K, reserved 1048576K
}
Event: 33.498 GC heap before
{Heap before GC invocations=55 (full 3):
 PSYoungGen      total 17408K, used 448K [0x00000000d5580000, 0x00000000d6a00000, 0x0000000100000000)
  eden space 16896K, 0% used [0x00000000d5580000,0x00000000d5580000,0x00000000d6600000)
  from space 512K, 87% used [0x00000000d6980000,0x00000000d69f0038,0x00000000d6a00000)
  to   space 1536K, 0% used [0x00000000d6700000,0x00000000d6700000,0x00000000d6880000)
 ParOldGen       total 68608K, used 62529K [0x0000000080000000, 0x0000000084300000, 0x00000000d5580000)
  object space 68608K, 91% used [0x0000000080000000,0x0000000083d105f8,0x0000000084300000)
 Metaspace       used 58422K, committed 59776K, reserved 1114112K
  class space    used 6249K, committed 6848K, reserved 1048576K
}
Event: 34.265 GC heap after
{Heap after GC invocations=55 (full 3):
 PSYoungGen      total 17408K, used 0K [0x00000000d5580000, 0x00000000d6a00000, 0x0000000100000000)
  eden space 16896K, 0% used [0x00000000d5580000,0x00000000d5580000,0x00000000d6600000)
  from space 512K, 0% used [0x00000000d6980000,0x00000000d6980000,0x00000000d6a00000)
  to   space 1536K, 0% used [0x00000000d6700000,0x00000000d6700000,0x00000000d6880000)
 ParOldGen       total 68608K, used 49666K [0x0000000080000000, 0x0000000084300000, 0x00000000d5580000)
  object space 68608K, 72% used [0x0000000080000000,0x00000000830809d0,0x0000000084300000)
 Metaspace       used 58422K, committed 59776K, reserved 1114112K
  class space    used 6249K, committed 6848K, reserved 1048576K
}
Event: 34.786 GC heap before
{Heap before GC invocations=56 (full 3):
 PSYoungGen      total 17408K, used 16896K [0x00000000d5580000, 0x00000000d6a00000, 0x0000000100000000)
  eden space 16896K, 100% used [0x00000000d5580000,0x00000000d6600000,0x00000000d6600000)
  from space 512K, 0% used [0x00000000d6980000,0x00000000d6980000,0x00000000d6a00000)
  to   space 1536K, 0% used [0x00000000d6700000,0x00000000d6700000,0x00000000d6880000)
 ParOldGen       total 68608K, used 49666K [0x0000000080000000, 0x0000000084300000, 0x00000000d5580000)
  object space 68608K, 72% used [0x0000000080000000,0x00000000830809d0,0x0000000084300000)
 Metaspace       used 58986K, committed 60416K, reserved 1114112K
  class space    used 6278K, committed 6912K, reserved 1048576K
}
Event: 34.791 GC heap after
{Heap after GC invocations=56 (full 3):
 PSYoungGen      total 18432K, used 1532K [0x00000000d5580000, 0x00000000d6c00000, 0x0000000100000000)
  eden space 16896K, 0% used [0x00000000d5580000,0x00000000d5580000,0x00000000d6600000)
  from space 1536K, 99% used [0x00000000d6700000,0x00000000d687f0d0,0x00000000d6880000)
  to   space 3072K, 0% used [0x00000000d6900000,0x00000000d6900000,0x00000000d6c00000)
 ParOldGen       total 68608K, used 50773K [0x0000000080000000, 0x0000000084300000, 0x00000000d5580000)
  object space 68608K, 74% used [0x0000000080000000,0x00000000831954b8,0x0000000084300000)
 Metaspace       used 58986K, committed 60416K, reserved 1114112K
  class space    used 6278K, committed 6912K, reserved 1048576K
}
Event: 35.625 GC heap before
{Heap before GC invocations=57 (full 3):
 PSYoungGen      total 18432K, used 18428K [0x00000000d5580000, 0x00000000d6c00000, 0x0000000100000000)
  eden space 16896K, 100% used [0x00000000d5580000,0x00000000d6600000,0x00000000d6600000)
  from space 1536K, 99% used [0x00000000d6700000,0x00000000d687f0d0,0x00000000d6880000)
  to   space 3072K, 0% used [0x00000000d6900000,0x00000000d6900000,0x00000000d6c00000)
 ParOldGen       total 68608K, used 50773K [0x0000000080000000, 0x0000000084300000, 0x00000000d5580000)
  object space 68608K, 74% used [0x0000000080000000,0x00000000831954b8,0x0000000084300000)
 Metaspace       used 59772K, committed 61248K, reserved 1114112K
  class space    used 6285K, committed 6912K, reserved 1048576K
}
Event: 35.629 GC heap after
{Heap after GC invocations=57 (full 3):
 PSYoungGen      total 19968K, used 2738K [0x00000000d5580000, 0x00000000d6c00000, 0x0000000100000000)
  eden space 16896K, 0% used [0x00000000d5580000,0x00000000d5580000,0x00000000d6600000)
  from space 3072K, 89% used [0x00000000d6900000,0x00000000d6bacb40,0x00000000d6c00000)
  to   space 3072K, 0% used [0x00000000d6600000,0x00000000d6600000,0x00000000d6900000)
 ParOldGen       total 68608K, used 52318K [0x0000000080000000, 0x0000000084300000, 0x00000000d5580000)
  object space 68608K, 76% used [0x0000000080000000,0x0000000083317bf0,0x0000000084300000)
 Metaspace       used 59772K, committed 61248K, reserved 1114112K
  class space    used 6285K, committed 6912K, reserved 1048576K
}
Event: 35.907 GC heap before
{Heap before GC invocations=58 (full 3):
 PSYoungGen      total 19968K, used 19634K [0x00000000d5580000, 0x00000000d6c00000, 0x0000000100000000)
  eden space 16896K, 100% used [0x00000000d5580000,0x00000000d6600000,0x00000000d6600000)
  from space 3072K, 89% used [0x00000000d6900000,0x00000000d6bacb40,0x00000000d6c00000)
  to   space 3072K, 0% used [0x00000000d6600000,0x00000000d6600000,0x00000000d6900000)
 ParOldGen       total 68608K, used 52318K [0x0000000080000000, 0x0000000084300000, 0x00000000d5580000)
  object space 68608K, 76% used [0x0000000080000000,0x0000000083317bf0,0x0000000084300000)
 Metaspace       used 60091K, committed 61568K, reserved 1114112K
  class space    used 6287K, committed 6912K, reserved 1048576K
}
Event: 35.910 GC heap after
{Heap after GC invocations=58 (full 3):
 PSYoungGen      total 17920K, used 554K [0x00000000d5580000, 0x00000000d6980000, 0x0000000100000000)
  eden space 16896K, 0% used [0x00000000d5580000,0x00000000d5580000,0x00000000d6600000)
  from space 1024K, 54% used [0x00000000d6600000,0x00000000d668a910,0x00000000d6700000)
  to   space 1536K, 0% used [0x00000000d6800000,0x00000000d6800000,0x00000000d6980000)
 ParOldGen       total 68608K, used 53702K [0x0000000080000000, 0x0000000084300000, 0x00000000d5580000)
  object space 68608K, 78% used [0x0000000080000000,0x0000000083471a30,0x0000000084300000)
 Metaspace       used 60091K, committed 61568K, reserved 1114112K
  class space    used 6287K, committed 6912K, reserved 1048576K
}
Event: 36.230 GC heap before
{Heap before GC invocations=59 (full 3):
 PSYoungGen      total 17920K, used 17450K [0x00000000d5580000, 0x00000000d6980000, 0x0000000100000000)
  eden space 16896K, 100% used [0x00000000d5580000,0x00000000d6600000,0x00000000d6600000)
  from space 1024K, 54% used [0x00000000d6600000,0x00000000d668a910,0x00000000d6700000)
  to   space 1536K, 0% used [0x00000000d6800000,0x00000000d6800000,0x00000000d6980000)
 ParOldGen       total 68608K, used 53702K [0x0000000080000000, 0x0000000084300000, 0x00000000d5580000)
  object space 68608K, 78% used [0x0000000080000000,0x0000000083471a30,0x0000000084300000)
 Metaspace       used 60225K, committed 61696K, reserved 1114112K
  class space    used 6303K, committed 6912K, reserved 1048576K
}
Event: 36.232 GC heap after
{Heap after GC invocations=59 (full 3):
 PSYoungGen      total 18432K, used 1507K [0x00000000d5580000, 0x00000000d6a00000, 0x0000000100000000)
  eden space 16896K, 0% used [0x00000000d5580000,0x00000000d5580000,0x00000000d6600000)
  from space 1536K, 98% used [0x00000000d6800000,0x00000000d6978f88,0x00000000d6980000)
  to   space 2048K, 0% used [0x00000000d6600000,0x00000000d6600000,0x00000000d6800000)
 ParOldGen       total 68608K, used 53758K [0x0000000080000000, 0x0000000084300000, 0x00000000d5580000)
  object space 68608K, 78% used [0x0000000080000000,0x000000008347fa30,0x0000000084300000)
 Metaspace       used 60225K, committed 61696K, reserved 1114112K
  class space    used 6303K, committed 6912K, reserved 1048576K
}
Event: 102.610 GC heap before
{Heap before GC invocations=60 (full 3):
 PSYoungGen      total 18432K, used 18403K [0x00000000d5580000, 0x00000000d6a00000, 0x0000000100000000)
  eden space 16896K, 100% used [0x00000000d5580000,0x00000000d6600000,0x00000000d6600000)
  from space 1536K, 98% used [0x00000000d6800000,0x00000000d6978f88,0x00000000d6980000)
  to   space 2048K, 0% used [0x00000000d6600000,0x00000000d6600000,0x00000000d6800000)
 ParOldGen       total 68608K, used 53758K [0x0000000080000000, 0x0000000084300000, 0x00000000d5580000)
  object space 68608K, 78% used [0x0000000080000000,0x000000008347fa30,0x0000000084300000)
 Metaspace       used 60398K, committed 61760K, reserved 1114112K
  class space    used 6305K, committed 6912K, reserved 1048576K
}
Event: 102.761 GC heap after
{Heap after GC invocations=60 (full 3):
 PSYoungGen      total 17920K, used 778K [0x00000000d5580000, 0x00000000d6900000, 0x0000000100000000)
  eden space 16896K, 0% used [0x00000000d5580000,0x00000000d5580000,0x00000000d6600000)
  from space 1024K, 76% used [0x00000000d6600000,0x00000000d66c2910,0x00000000d6700000)
  to   space 1536K, 0% used [0x00000000d6780000,0x00000000d6780000,0x00000000d6900000)
 ParOldGen       total 68608K, used 54483K [0x0000000080000000, 0x0000000084300000, 0x00000000d5580000)
  object space 68608K, 79% used [0x0000000080000000,0x0000000083534c40,0x0000000084300000)
 Metaspace       used 60398K, committed 61760K, reserved 1114112K
  class space    used 6305K, committed 6912K, reserved 1048576K
}

Dll operation events (10 events):
Event: 0.022 Loaded shared library c:\Users\HP\.antigravity\extensions\redhat.java-1.54.0-win32-x64\jre\21.0.10-win32-x86_64\bin\java.dll
Event: 0.208 Loaded shared library c:\Users\HP\.antigravity\extensions\redhat.java-1.54.0-win32-x64\jre\21.0.10-win32-x86_64\bin\zip.dll
Event: 0.257 Loaded shared library C:\Users\HP\.antigravity\extensions\redhat.java-1.54.0-win32-x64\jre\21.0.10-win32-x86_64\bin\instrument.dll
Event: 0.264 Loaded shared library C:\Users\HP\.antigravity\extensions\redhat.java-1.54.0-win32-x64\jre\21.0.10-win32-x86_64\bin\net.dll
Event: 0.268 Loaded shared library C:\Users\HP\.antigravity\extensions\redhat.java-1.54.0-win32-x64\jre\21.0.10-win32-x86_64\bin\nio.dll
Event: 0.282 Loaded shared library C:\Users\HP\.antigravity\extensions\redhat.java-1.54.0-win32-x64\jre\21.0.10-win32-x86_64\bin\zip.dll
Event: 0.315 Loaded shared library C:\Users\HP\.antigravity\extensions\redhat.java-1.54.0-win32-x64\jre\21.0.10-win32-x86_64\bin\jimage.dll
Event: 0.502 Loaded shared library c:\Users\HP\.antigravity\extensions\redhat.java-1.54.0-win32-x64\jre\21.0.10-win32-x86_64\bin\verify.dll
Event: 3.135 Loaded shared library C:\Users\HP\AppData\Roaming\Antigravity\User\globalStorage\redhat.java\1.54.0\config_win\org.eclipse.equinox.launcher\org.eclipse.equinox.launcher.win32.win32.x86_64_1.3.0.v20260203-2149\eclipse_11919.dll
Event: 10.176 Loaded shared library C:\Users\HP\AppData\Local\Temp\jna-2312\jna15352606687423890082.dll

Deoptimization events (20 events):
Event: 99.210 Thread 0x000001498a4ad610 DEOPT PACKING pc=0x000001492dbcada7 sp=0x000000213d6fe9c0
Event: 99.212 Thread 0x000001498a4ad610 DEOPT UNPACKING pc=0x0000014934594242 sp=0x000000213d6fdeb8 mode 0
Event: 100.767 Thread 0x000001498830b7a0 Uncommon trap: trap_request=0xffffff45 fr.pc=0x0000014934fca3dc relative=0x000000000000055c
Event: 100.767 Thread 0x000001498830b7a0 Uncommon trap: reason=unstable_if action=reinterpret pc=0x0000014934fca3dc method=org.eclipse.jdt.internal.compiler.lookup.TypeSystem.getUnannotatedType(Lorg/eclipse/jdt/internal/compiler/lookup/TypeBinding;)Lorg/eclipse/jdt/internal/compiler/lookup/TypeB
Event: 100.767 Thread 0x000001498830b7a0 DEOPT PACKING pc=0x0000014934fca3dc sp=0x000000213c9fd8f0
Event: 100.767 Thread 0x000001498830b7a0 DEOPT UNPACKING pc=0x0000014934593aa2 sp=0x000000213c9fd878 mode 2
Event: 101.674 Thread 0x000001498830b7a0 DEOPT PACKING pc=0x000001492e1666e9 sp=0x000000213c9fde10
Event: 101.674 Thread 0x000001498830b7a0 DEOPT UNPACKING pc=0x0000014934594242 sp=0x000000213c9fd330 mode 0
Event: 102.408 Thread 0x000001498830b7a0 Uncommon trap: trap_request=0xffffff6e fr.pc=0x00000149350903c0 relative=0x00000000000000a0
Event: 102.408 Thread 0x000001498830b7a0 Uncommon trap: reason=loop_limit_check action=maybe_recompile pc=0x00000149350903c0 method=org.eclipse.jdt.internal.compiler.lookup.BinaryTypeBinding.superInterfaces()[Lorg/eclipse/jdt/internal/compiler/lookup/ReferenceBinding; @ 266 c2
Event: 102.408 Thread 0x000001498830b7a0 DEOPT PACKING pc=0x00000149350903c0 sp=0x000000213c9fdff0
Event: 102.409 Thread 0x000001498830b7a0 DEOPT UNPACKING pc=0x0000014934593aa2 sp=0x000000213c9fdf88 mode 2
Event: 102.435 Thread 0x000001498830b7a0 DEOPT PACKING pc=0x000001492e616278 sp=0x000000213c9fd540
Event: 102.435 Thread 0x000001498830b7a0 DEOPT UNPACKING pc=0x0000014934594242 sp=0x000000213c9fc9c8 mode 0
Event: 102.939 Thread 0x000001498830b7a0 Uncommon trap: trap_request=0xffffff45 fr.pc=0x000001493506f8ec relative=0x0000000000008ccc
Event: 102.939 Thread 0x000001498830b7a0 Uncommon trap: reason=unstable_if action=reinterpret pc=0x000001493506f8ec method=org.eclipse.jdt.internal.compiler.lookup.TypeSystem.getUnannotatedType(Lorg/eclipse/jdt/internal/compiler/lookup/TypeBinding;)Lorg/eclipse/jdt/internal/compiler/lookup/TypeB
Event: 102.940 Thread 0x000001498830b7a0 DEOPT PACKING pc=0x000001493506f8ec sp=0x000000213c9fd540
Event: 102.941 Thread 0x000001498830b7a0 DEOPT UNPACKING pc=0x0000014934593aa2 sp=0x000000213c9fd280 mode 2
Event: 103.106 Thread 0x000001498830b7a0 DEOPT PACKING pc=0x000001492e27c969 sp=0x000000213c9fde30
Event: 103.106 Thread 0x000001498830b7a0 DEOPT UNPACKING pc=0x0000014934594242 sp=0x000000213c9fd360 mode 0

Classes loaded (20 events):
Event: 34.638 Loading class sun/util/locale/provider/TimeZoneNameProviderImpl done
Event: 34.638 Loading class sun/util/cldr/CLDRTimeZoneNameProviderImpl done
Event: 34.643 Loading class sun/util/locale/provider/BaseLocaleDataMetaInfo
Event: 34.644 Loading class sun/util/locale/provider/BaseLocaleDataMetaInfo done
Event: 34.649 Loading class sun/util/resources/cldr/TimeZoneNames
Event: 34.650 Loading class sun/util/resources/TimeZoneNamesBundle
Event: 34.651 Loading class sun/util/resources/OpenListResourceBundle
Event: 34.652 Loading class sun/util/resources/OpenListResourceBundle done
Event: 34.652 Loading class sun/util/resources/TimeZoneNamesBundle done
Event: 34.652 Loading class sun/util/resources/cldr/TimeZoneNames done
Event: 34.655 Loading class sun/util/resources/cldr/TimeZoneNames_en
Event: 34.659 Loading class sun/util/resources/cldr/TimeZoneNames_en done
Event: 34.660 Loading class sun/util/resources/cldr/TimeZoneNames_en_US
Event: 34.660 Loading class sun/util/resources/cldr/TimeZoneNames_en_US done
Event: 34.668 Loading class sun/util/cldr/CLDRBaseLocaleDataMetaInfo$TZCanonicalIDMapHolder
Event: 34.686 Loading class sun/util/cldr/CLDRBaseLocaleDataMetaInfo$TZCanonicalIDMapHolder done
Event: 34.694 Loading class sun/util/resources/TimeZoneNames
Event: 34.702 Loading class sun/util/resources/TimeZoneNames done
Event: 34.703 Loading class sun/util/resources/TimeZoneNames_en
Event: 34.703 Loading class sun/util/resources/TimeZoneNames_en done

Classes unloaded (7 events):
Event: 11.568 Thread 0x0000014929eb0cd0 Unloading class 0x00000149421a9800 'java/lang/invoke/LambdaForm$MH+0x00000149421a9800'
Event: 11.568 Thread 0x0000014929eb0cd0 Unloading class 0x00000149421a9400 'java/lang/invoke/LambdaForm$MH+0x00000149421a9400'
Event: 11.568 Thread 0x0000014929eb0cd0 Unloading class 0x00000149421a9000 'java/lang/invoke/LambdaForm$MH+0x00000149421a9000'
Event: 11.568 Thread 0x0000014929eb0cd0 Unloading class 0x00000149421a8c00 'java/lang/invoke/LambdaForm$MH+0x00000149421a8c00'
Event: 11.568 Thread 0x0000014929eb0cd0 Unloading class 0x00000149421a8800 'java/lang/invoke/LambdaForm$BMH+0x00000149421a8800'
Event: 11.568 Thread 0x0000014929eb0cd0 Unloading class 0x00000149421a8400 'java/lang/invoke/LambdaForm$DMH+0x00000149421a8400'
Event: 11.568 Thread 0x0000014929eb0cd0 Unloading class 0x00000149421a3000 'java/lang/invoke/LambdaForm$DMH+0x00000149421a3000'

Classes redefined (0 events):
No events

Internal exceptions (20 events):
Event: 21.428 Thread 0x000001498a4ad610 Exception <a 'sun/nio/fs/WindowsException'{0x00000000d66d8788}> (0x00000000d66d8788) 
thrown [s\src\hotspot\share\prims\jni.cpp, line 520]
Event: 21.428 Thread 0x000001498a4ad610 Exception <a 'sun/nio/fs/WindowsException'{0x00000000d66d8e60}> (0x00000000d66d8e60) 
thrown [s\src\hotspot\share\prims\jni.cpp, line 520]
Event: 21.448 Thread 0x000001498a4ad610 Exception <a 'java/lang/IncompatibleClassChangeError'{0x00000000d672b868}: Found class java.lang.Object, but interface was expected> (0x00000000d672b868) 
thrown [s\src\hotspot\share\interpreter\linkResolver.cpp, line 840]
Event: 21.898 Thread 0x000001498a4ad610 Implicit null exception at 0x0000014934d4af26 to 0x0000014934d4b1f4
Event: 21.899 Thread 0x000001498a4ad610 Exception <a 'java/lang/NoSuchMethodError'{0x00000000d596a5e8}: 'java.lang.Object java.lang.invoke.DelegatingMethodHandle$Holder.reinvoke_L(java.lang.Object, int, long, java.lang.Object, java.lang.Object, int, java.lang.Object)'> (0x00000000d596a5e8) 
thrown [s\src\hotspot\share\interpreter\linkResolver.cpp, line 773]
Event: 24.159 Thread 0x000001498a4ad610 Exception <a 'java/lang/NoSuchMethodError'{0x00000000d5af7348}: 'java.lang.Object java.lang.invoke.DirectMethodHandle$Holder.invokeVirtual(java.lang.Object, java.lang.Object, int)'> (0x00000000d5af7348) 
thrown [s\src\hotspot\share\interpreter\linkResolver.cpp, line 773]
Event: 25.342 Thread 0x000001498a4ad610 Exception <a 'java/io/FileNotFoundException'{0x00000000d56f5b48}> (0x00000000d56f5b48) 
thrown [s\src\hotspot\share\prims\jni.cpp, line 520]
Event: 25.344 Thread 0x000001498a4ad610 Exception <a 'java/io/FileNotFoundException'{0x00000000d56f6f68}> (0x00000000d56f6f68) 
thrown [s\src\hotspot\share\prims\jni.cpp, line 520]
Event: 25.805 Thread 0x000001498830e590 Exception <a 'java/lang/NoSuchMethodError'{0x00000000d599dfb0}: 'java.lang.Object java.lang.invoke.DirectMethodHandle$Holder.invokeSpecial(java.lang.Object, java.lang.Object, int, long)'> (0x00000000d599dfb0) 
thrown [s\src\hotspot\share\interpreter\linkResolver.cpp, line 773]
Event: 28.136 Thread 0x000001498830b7a0 Implicit null exception at 0x0000014934ecae06 to 0x0000014934ecaf10
Event: 28.137 Thread 0x000001498830b7a0 Implicit null exception at 0x0000014934eca586 to 0x0000014934eca6b1
Event: 29.114 Thread 0x000001498830b7a0 Exception <a 'java/io/FileNotFoundException'{0x00000000d63052a8}> (0x00000000d63052a8) 
thrown [s\src\hotspot\share\prims\jni.cpp, line 520]
Event: 29.114 Thread 0x000001498830b7a0 Exception <a 'java/io/FileNotFoundException'{0x00000000d63062e8}> (0x00000000d63062e8) 
thrown [s\src\hotspot\share\prims\jni.cpp, line 520]
Event: 29.115 Thread 0x000001498830b7a0 Exception <a 'java/io/FileNotFoundException'{0x00000000d6307458}> (0x00000000d6307458) 
thrown [s\src\hotspot\share\prims\jni.cpp, line 520]
Event: 31.642 Thread 0x000001498830e590 Implicit null exception at 0x0000014934f22b4f to 0x0000014934f22ca8
Event: 32.048 Thread 0x000001498830e590 Exception <a 'java/lang/NoSuchMethodError'{0x00000000d5f42730}: 'int java.lang.invoke.DirectMethodHandle$Holder.invokeSpecialIFC(java.lang.Object, java.lang.Object, java.lang.Object)'> (0x00000000d5f42730) 
thrown [s\src\hotspot\share\interpreter\linkResolver.cpp, line 773]
Event: 33.397 Thread 0x000001498830e590 Exception <a 'java/lang/NoSuchMethodError'{0x00000000d56b96b0}: 'java.lang.Object java.lang.invoke.DirectMethodHandle$Holder.invokeStatic(java.lang.Object, java.lang.Object, int, java.lang.Object)'> (0x00000000d56b96b0) 
thrown [s\src\hotspot\share\interpreter\linkResolver.cpp, line 773]
Event: 33.404 Thread 0x000001498830e590 Exception <a 'java/lang/NoSuchMethodError'{0x00000000d56c02d0}: 'java.lang.Object java.lang.invoke.DirectMethodHandle$Holder.newInvokeSpecial(java.lang.Object, java.lang.Object, int)'> (0x00000000d56c02d0) 
thrown [s\src\hotspot\share\interpreter\linkResolver.cpp, line 773]
Event: 34.600 Thread 0x000001498830e590 Implicit null exception at 0x0000014934f63b5b to 0x0000014934f64c48
Event: 35.883 Thread 0x000001498830e590 Implicit null exception at 0x0000014934fbb146 to 0x0000014934fbb1b4

ZGC Phase Switch (0 events):
No events

VM Operations (20 events):
Event: 89.186 Executing safepoint VM operation: Cleanup
Event: 89.284 Executing safepoint VM operation: Cleanup done
Event: 90.286 Executing safepoint VM operation: Cleanup
Event: 90.398 Executing safepoint VM operation: Cleanup done
Event: 91.411 Executing safepoint VM operation: Cleanup
Event: 91.425 Executing safepoint VM operation: Cleanup done
Event: 96.629 Executing safepoint VM operation: Cleanup
Event: 96.743 Executing safepoint VM operation: Cleanup done
Event: 97.753 Executing safepoint VM operation: Cleanup
Event: 97.785 Executing safepoint VM operation: Cleanup done
Event: 98.786 Executing safepoint VM operation: Cleanup
Event: 98.788 Executing safepoint VM operation: Cleanup done
Event: 99.788 Executing safepoint VM operation: Cleanup
Event: 99.789 Executing safepoint VM operation: Cleanup done
Event: 100.798 Executing safepoint VM operation: Cleanup
Event: 100.813 Executing safepoint VM operation: Cleanup done
Event: 101.814 Executing safepoint VM operation: Cleanup
Event: 101.814 Executing safepoint VM operation: Cleanup done
Event: 102.608 Executing safepoint VM operation: ParallelGCFailedAllocation (Allocation Failure)
Event: 102.761 Executing safepoint VM operation: ParallelGCFailedAllocation (Allocation Failure) done

Memory protections (0 events):
No events

Nmethod flushes (20 events):
Event: 34.047 Thread 0x0000014929eb0cd0 flushing  nmethod 0x000001492d954590
Event: 34.047 Thread 0x0000014929eb0cd0 flushing  nmethod 0x000001492d982490
Event: 34.047 Thread 0x0000014929eb0cd0 flushing  nmethod 0x000001492d984690
Event: 34.047 Thread 0x0000014929eb0cd0 flushing  nmethod 0x000001492d984c10
Event: 34.047 Thread 0x0000014929eb0cd0 flushing  nmethod 0x000001492d985c10
Event: 34.047 Thread 0x0000014929eb0cd0 flushing  nmethod 0x000001492d986090
Event: 34.047 Thread 0x0000014929eb0cd0 flushing  nmethod 0x000001492d986610
Event: 34.047 Thread 0x0000014929eb0cd0 flushing  nmethod 0x000001492d987510
Event: 34.047 Thread 0x0000014929eb0cd0 flushing  nmethod 0x000001492d987b10
Event: 34.047 Thread 0x0000014929eb0cd0 flushing  nmethod 0x000001492d988390
Event: 34.047 Thread 0x0000014929eb0cd0 flushing  nmethod 0x000001492d988710
Event: 34.047 Thread 0x0000014929eb0cd0 flushing  nmethod 0x000001492d988c10
Event: 34.047 Thread 0x0000014929eb0cd0 flushing osr nmethod 0x000001492d989490
Event: 34.047 Thread 0x0000014929eb0cd0 flushing  nmethod 0x000001492d98a290
Event: 34.047 Thread 0x0000014929eb0cd0 flushing  nmethod 0x000001492d98ad90
Event: 34.047 Thread 0x0000014929eb0cd0 flushing  nmethod 0x000001492d9a4f90
Event: 34.047 Thread 0x0000014929eb0cd0 flushing  nmethod 0x000001492d9b9390
Event: 34.047 Thread 0x0000014929eb0cd0 flushing  nmethod 0x000001492d9b9b90
Event: 34.047 Thread 0x0000014929eb0cd0 flushing  nmethod 0x000001492d9ba190
Event: 34.047 Thread 0x0000014929eb0cd0 flushing  nmethod 0x000001492d9c5390

Events (20 events):
Event: 14.464 Thread 0x0000014929e0f630 Thread added: 0x00000149888f81b0
Event: 14.464 Thread 0x0000014929e0f630 Thread added: 0x00000149888f5a50
Event: 14.464 Thread 0x0000014929e0f630 Thread added: 0x00000149888f60e0
Event: 14.464 Thread 0x0000014929e0f630 Thread added: 0x000001498a4af050
Event: 14.547 Thread 0x0000014929e0f630 Thread added: 0x000001498a4ae330
Event: 14.827 Thread 0x0000014929e0f630 Thread added: 0x000001498a4a9470
Event: 14.828 Thread 0x0000014929e0f630 Thread added: 0x000001498a4ad610
Event: 15.758 Thread 0x000001498830d870 Thread added: 0x000001498a4aa190
Event: 15.759 Thread 0x000001498830d870 Thread added: 0x000001498a4afd70
Event: 15.764 Thread 0x000001498a4aa190 Thread added: 0x000001498a4abbd0
Event: 15.764 Thread 0x000001498a4afd70 Thread added: 0x000001498a4adca0
Event: 15.777 Thread 0x000001498a4abbd0 Thread added: 0x000001498a4af6e0
Event: 15.780 Thread 0x000001498a4adca0 Thread added: 0x000001498a4ae9c0
Event: 15.785 Thread 0x000001498a4af6e0 Thread added: 0x000001498a4ac260
Event: 18.071 Thread 0x000001498830b7a0 Thread added: 0x000001498a4b0a90
Event: 21.319 Thread 0x000001498a4b0a90 Thread exited: 0x000001498a4b0a90
Event: 86.215 Thread 0x000001498830d870 Thread exited: 0x000001498830d870
Event: 91.602 Thread 0x00000149888f7490 Thread exited: 0x00000149888f7490
Event: 91.679 Thread 0x000001498a4af6e0 Thread exited: 0x000001498a4af6e0
Event: 95.246 Thread 0x000001498830b7a0 Thread added: 0x000001498a4af6e0


Dynamic libraries:
0x00007ff698730000 - 0x00007ff69873e000 	c:\Users\HP\.antigravity\extensions\redhat.java-1.54.0-win32-x64\jre\21.0.10-win32-x86_64\bin\java.exe
0x00007ffa40f50000 - 0x00007ffa41168000 	C:\WINDOWS\SYSTEM32\ntdll.dll
0x00007ffa40280000 - 0x00007ffa40344000 	C:\WINDOWS\System32\KERNEL32.DLL
0x00007ffa3e5b0000 - 0x00007ffa3e983000 	C:\WINDOWS\System32\KERNELBASE.dll
0x00007ffa3e990000 - 0x00007ffa3eaa1000 	C:\WINDOWS\System32\ucrtbase.dll
0x00007ffa1e4c0000 - 0x00007ffa1e4d8000 	c:\Users\HP\.antigravity\extensions\redhat.java-1.54.0-win32-x64\jre\21.0.10-win32-x86_64\bin\jli.dll
0x00007ffa406d0000 - 0x00007ffa40882000 	C:\WINDOWS\System32\USER32.dll
0x00007ffa3e180000 - 0x00007ffa3e1a6000 	C:\WINDOWS\System32\win32u.dll
0x00007ffa40890000 - 0x00007ffa408b9000 	C:\WINDOWS\System32\GDI32.dll
0x00007ffa3e410000 - 0x00007ffa3e52b000 	C:\WINDOWS\System32\gdi32full.dll
0x00007ffa3e060000 - 0x00007ffa3e0fa000 	C:\WINDOWS\System32\msvcp_win.dll
0x00007ffa10650000 - 0x00007ffa1066e000 	c:\Users\HP\.antigravity\extensions\redhat.java-1.54.0-win32-x64\jre\21.0.10-win32-x86_64\bin\VCRUNTIME140.dll
0x00007ffa1e6c0000 - 0x00007ffa1e95c000 	C:\WINDOWS\WinSxS\amd64_microsoft.windows.common-controls_6595b64144ccf1df_6.0.22621.6060_none_2712eda17382d24b\COMCTL32.dll
0x00007ffa3ec30000 - 0x00007ffa3ecd7000 	C:\WINDOWS\System32\msvcrt.dll
0x00007ffa40ed0000 - 0x00007ffa40f01000 	C:\WINDOWS\System32\IMM32.DLL
0x00007ffa2ee60000 - 0x00007ffa2ee6c000 	c:\Users\HP\.antigravity\extensions\redhat.java-1.54.0-win32-x64\jre\21.0.10-win32-x86_64\bin\vcruntime140_1.dll
0x00007ff9f9d30000 - 0x00007ff9f9dbd000 	c:\Users\HP\.antigravity\extensions\redhat.java-1.54.0-win32-x64\jre\21.0.10-win32-x86_64\bin\msvcp140.dll
0x00007ff938a80000 - 0x00007ff939821000 	c:\Users\HP\.antigravity\extensions\redhat.java-1.54.0-win32-x64\jre\21.0.10-win32-x86_64\bin\server\jvm.dll
0x00007ffa3f090000 - 0x00007ffa3f141000 	C:\WINDOWS\System32\ADVAPI32.dll
0x00007ffa3fba0000 - 0x00007ffa3fc48000 	C:\WINDOWS\System32\sechost.dll
0x00007ffa3e320000 - 0x00007ffa3e348000 	C:\WINDOWS\System32\bcrypt.dll
0x00007ffa40460000 - 0x00007ffa40578000 	C:\WINDOWS\System32\RPCRT4.dll
0x00007ffa408c0000 - 0x00007ffa40931000 	C:\WINDOWS\System32\WS2_32.dll
0x00007ffa3df30000 - 0x00007ffa3df7d000 	C:\WINDOWS\SYSTEM32\POWRPROF.dll
0x00007ffa34310000 - 0x00007ffa34344000 	C:\WINDOWS\SYSTEM32\WINMM.dll
0x00007ffa2efc0000 - 0x00007ffa2efca000 	C:\WINDOWS\SYSTEM32\VERSION.dll
0x00007ffa3df10000 - 0x00007ffa3df23000 	C:\WINDOWS\SYSTEM32\UMPDC.dll
0x00007ffa3d000000 - 0x00007ffa3d018000 	C:\WINDOWS\SYSTEM32\kernel.appcore.dll
0x00007ffa20690000 - 0x00007ffa2069a000 	c:\Users\HP\.antigravity\extensions\redhat.java-1.54.0-win32-x64\jre\21.0.10-win32-x86_64\bin\jimage.dll
0x00007ffa3ba60000 - 0x00007ffa3bc93000 	C:\WINDOWS\SYSTEM32\DBGHELP.DLL
0x00007ffa40940000 - 0x00007ffa40cd1000 	C:\WINDOWS\System32\combase.dll
0x00007ffa3fd20000 - 0x00007ffa3fdf8000 	C:\WINDOWS\System32\OLEAUT32.dll
0x00007ffa1d5c0000 - 0x00007ffa1d5f2000 	C:\WINDOWS\SYSTEM32\dbgcore.DLL
0x00007ffa3e530000 - 0x00007ffa3e5ab000 	C:\WINDOWS\System32\bcryptPrimitives.dll
0x00007ffa20510000 - 0x00007ffa2051f000 	c:\Users\HP\.antigravity\extensions\redhat.java-1.54.0-win32-x64\jre\21.0.10-win32-x86_64\bin\instrument.dll
0x00007ffa202f0000 - 0x00007ffa20310000 	c:\Users\HP\.antigravity\extensions\redhat.java-1.54.0-win32-x64\jre\21.0.10-win32-x86_64\bin\java.dll
0x00007ffa3f150000 - 0x00007ffa3f9ec000 	C:\WINDOWS\System32\SHELL32.dll
0x00007ffa3eab0000 - 0x00007ffa3ebef000 	C:\WINDOWS\System32\wintypes.dll
0x00007ffa3bf10000 - 0x00007ffa3c82a000 	C:\WINDOWS\SYSTEM32\windows.storage.dll
0x00007ffa40ce0000 - 0x00007ffa40de4000 	C:\WINDOWS\System32\SHCORE.dll
0x00007ffa405a0000 - 0x00007ffa40609000 	C:\WINDOWS\System32\shlwapi.dll
0x00007ffa3df90000 - 0x00007ffa3dfb5000 	C:\WINDOWS\SYSTEM32\profapi.dll
0x00007ffa13b70000 - 0x00007ffa13b88000 	c:\Users\HP\.antigravity\extensions\redhat.java-1.54.0-win32-x64\jre\21.0.10-win32-x86_64\bin\zip.dll
0x00007ffa20280000 - 0x00007ffa20290000 	C:\Users\HP\.antigravity\extensions\redhat.java-1.54.0-win32-x64\jre\21.0.10-win32-x86_64\bin\net.dll
0x00007ffa35040000 - 0x00007ffa3516c000 	C:\WINDOWS\SYSTEM32\WINHTTP.dll
0x00007ffa3d4c0000 - 0x00007ffa3d529000 	C:\WINDOWS\system32\mswsock.dll
0x00007ffa0e7a0000 - 0x00007ffa0e7b6000 	C:\Users\HP\.antigravity\extensions\redhat.java-1.54.0-win32-x64\jre\21.0.10-win32-x86_64\bin\nio.dll
0x00007ffa1d820000 - 0x00007ffa1d830000 	c:\Users\HP\.antigravity\extensions\redhat.java-1.54.0-win32-x64\jre\21.0.10-win32-x86_64\bin\verify.dll
0x00007ffa0d310000 - 0x00007ffa0d355000 	C:\Users\HP\AppData\Roaming\Antigravity\User\globalStorage\redhat.java\1.54.0\config_win\org.eclipse.equinox.launcher\org.eclipse.equinox.launcher.win32.win32.x86_64_1.3.0.v20260203-2149\eclipse_11919.dll
0x00007ffa3f9f0000 - 0x00007ffa3fb91000 	C:\WINDOWS\System32\ole32.dll
0x00007ffa3d810000 - 0x00007ffa3d82b000 	C:\WINDOWS\SYSTEM32\CRYPTSP.dll
0x00007ffa3cf60000 - 0x00007ffa3cf97000 	C:\WINDOWS\system32\rsaenh.dll
0x00007ffa3d560000 - 0x00007ffa3d588000 	C:\WINDOWS\SYSTEM32\USERENV.dll
0x00007ffa3d7f0000 - 0x00007ffa3d7fc000 	C:\WINDOWS\SYSTEM32\CRYPTBASE.dll
0x00007ffa3ca80000 - 0x00007ffa3caad000 	C:\WINDOWS\SYSTEM32\IPHLPAPI.DLL
0x00007ffa3ec20000 - 0x00007ffa3ec29000 	C:\WINDOWS\System32\NSI.dll
0x00007ffa0d270000 - 0x00007ffa0d2b9000 	C:\Users\HP\AppData\Local\Temp\jna-2312\jna15352606687423890082.dll
0x00007ffa40610000 - 0x00007ffa40618000 	C:\WINDOWS\System32\PSAPI.DLL
0x00007ffa34870000 - 0x00007ffa34889000 	C:\WINDOWS\SYSTEM32\dhcpcsvc6.DLL
0x00007ffa34850000 - 0x00007ffa3486f000 	C:\WINDOWS\SYSTEM32\dhcpcsvc.DLL

JVMTI agents:
c:\Users\HP\.antigravity\extensions\redhat.java-1.54.0-win32-x64\lombok\lombok-1.18.39-4050.jar path:c:\Users\HP\.antigravity\extensions\redhat.java-1.54.0-win32-x64\jre\21.0.10-win32-x86_64\bin\instrument.dll, loaded, initialized, instrumentlib options:none

dbghelp: loaded successfully - version: 4.0.5 - missing functions: none
symbol engine: initialized successfully - sym options: 0x614 - pdb path: .;c:\Users\HP\.antigravity\extensions\redhat.java-1.54.0-win32-x64\jre\21.0.10-win32-x86_64\bin;C:\WINDOWS\SYSTEM32;C:\WINDOWS\WinSxS\amd64_microsoft.windows.common-controls_6595b64144ccf1df_6.0.22621.6060_none_2712eda17382d24b;c:\Users\HP\.antigravity\extensions\redhat.java-1.54.0-win32-x64\jre\21.0.10-win32-x86_64\bin\server;C:\Users\HP\AppData\Roaming\Antigravity\User\globalStorage\redhat.java\1.54.0\config_win\org.eclipse.equinox.launcher\org.eclipse.equinox.launcher.win32.win32.x86_64_1.3.0.v20260203-2149;C:\Users\HP\AppData\Local\Temp\jna-2312

VM Arguments:
jvm_args: --add-modules=ALL-SYSTEM --add-opens=java.base/java.util=ALL-UNNAMED --add-opens=java.base/java.lang=ALL-UNNAMED --add-opens=java.base/sun.nio.fs=ALL-UNNAMED -Declipse.application=org.eclipse.jdt.ls.core.id1 -Dosgi.bundles.defaultStartLevel=4 -Declipse.product=org.eclipse.jdt.ls.core.product -Djava.import.generatesMetadataFilesAtProjectRoot=false -DDetectVMInstallationsJob.disabled=true -Dfile.encoding=utf8 -XX:+UseParallelGC -XX:GCTimeRatio=4 -XX:AdaptiveSizePolicyWeight=90 -Dsun.zip.disableMemoryMapping=true -Xmx2G -Xms100m -Xlog:disable -javaagent:c:\Users\HP\.antigravity\extensions\redhat.java-1.54.0-win32-x64\lombok\lombok-1.18.39-4050.jar -XX:+HeapDumpOnOutOfMemoryError -XX:HeapDumpPath=c:\Users\HP\AppData\Roaming\Antigravity\User\workspaceStorage\ec30be9fa44441caa41ccff467e32948\redhat.java -Daether.dependencyCollector.impl=bf 
java_command: c:\Users\HP\.antigravity\extensions\redhat.java-1.54.0-win32-x64\server\plugins\org.eclipse.equinox.launcher_1.7.100.v20251111-0406.jar -configuration c:\Users\HP\AppData\Roaming\Antigravity\User\globalStorage\redhat.java\1.54.0\config_win -data c:\Users\HP\AppData\Roaming\Antigravity\User\workspaceStorage\ec30be9fa44441caa41ccff467e32948\redhat.java\jdt_ws --pipe=\\.\pipe\lsp-b648b8c540949b4954d0ca48820b50e4-sock
java_class_path (initial): c:\Users\HP\.antigravity\extensions\redhat.java-1.54.0-win32-x64\server\plugins\org.eclipse.equinox.launcher_1.7.100.v20251111-0406.jar
Launcher Type: SUN_STANDARD

[Global flags]
    uintx AdaptiveSizePolicyWeight                 = 90                                        {product} {command line}
     intx CICompilerCount                          = 4                                         {product} {ergonomic}
    uintx GCTimeRatio                              = 4                                         {product} {command line}
     bool HeapDumpOnOutOfMemoryError               = true                                   {manageable} {command line}
    ccstr HeapDumpPath                             = c:\Users\HP\AppData\Roaming\Antigravity\User\workspaceStorage\ec30be9fa44441caa41ccff467e32948\redhat.java         {manageable} {command line}
   size_t InitialHeapSize                          = 104857600                                 {product} {command line}
   size_t MaxHeapSize                              = 2147483648                                {product} {command line}
   size_t MaxNewSize                               = 715653120                                 {product} {ergonomic}
   size_t MinHeapDeltaBytes                        = 524288                                    {product} {ergonomic}
   size_t MinHeapSize                              = 104857600                                 {product} {command line}
   size_t NewSize                                  = 34603008                                  {product} {ergonomic}
    uintx NonNMethodCodeHeapSize                   = 5839372                                {pd product} {ergonomic}
    uintx NonProfiledCodeHeapSize                  = 122909434                              {pd product} {ergonomic}
   size_t OldSize                                  = 70254592                                  {product} {ergonomic}
    uintx ProfiledCodeHeapSize                     = 122909434                              {pd product} {ergonomic}
    uintx ReservedCodeCacheSize                    = 251658240                              {pd product} {ergonomic}
     bool SegmentedCodeCache                       = true                                      {product} {ergonomic}
   size_t SoftMaxHeapSize                          = 2147483648                             {manageable} {ergonomic}
     bool UseCompressedOops                        = true                           {product lp64_product} {ergonomic}
     bool UseLargePagesIndividualAllocation        = false                                  {pd product} {ergonomic}
     bool UseParallelGC                            = true                                      {product} {command line}

Logging:
Log output configuration:
 #0: stdout all=off uptime,level,tags foldmultilines=false
 #1: stderr all=off uptime,level,tags foldmultilines=false

Release file:
JAVA_VERSION="21.0.10" 
MODULES="java.base java.compiler java.datatransfer java.xml java.prefs java.desktop java.instrument java.logging java.management java.security.sasl java.naming java.rmi java.management.rmi java.net.http java.scripting java.security.jgss java.transaction.xa java.sql java.sql.rowset java.xml.crypto java.se java.smartcardio jdk.accessibility jdk.internal.jvmstat jdk.attach jdk.charsets jdk.internal.opt jdk.zipfs jdk.compiler jdk.crypto.ec jdk.crypto.cryptoki jdk.crypto.mscapi jdk.dynalink jdk.internal.ed jdk.editpad jdk.hotspot.agent jdk.httpserver jdk.internal.le jdk.internal.vm.ci jdk.internal.vm.compiler jdk.internal.vm.compiler.management jdk.jartool jdk.javadoc jdk.jcmd jdk.management jdk.management.agent jdk.jconsole jdk.jdeps jdk.jdwp.agent jdk.jdi jdk.jfr jdk.jshell jdk.jsobject jdk.jstatd jdk.localedata jdk.management.jfr jdk.naming.dns jdk.naming.rmi jdk.net jdk.nio.mapmode jdk.random jdk.sctp jdk.security.auth jdk.security.jgss jdk.unsupported jdk.unsupported.desktop jdk.xml.dom" 

Environment Variables:
JAVA_HOME=C:\Program Files\Microsoft\jdk-17.0.18.8-hotspot\
PATH=C:\Program Files\Microsoft\jdk-17.0.18.8-hotspot\bin;C:\Python314\Scripts\;C:\Python314\;C:\oraclexe\app\oracle\product\10.2.0\server\bin;C:\app\HP\product\21c\dbhomeXE\bin;C:\Users\HP\Downloads\WINDOWS.X64_193000_grid_home\bin;C:\WINDOWS\system32;C:\WINDOWS;C:\WINDOWS\System32\Wbem;C:\WINDOWS\System32\WindowsPowerShell\v1.0\;C:\WINDOWS\System32\OpenSSH\;C:\Program Files\PuTTY\;C:\Program Files (x86)\;C:\Program Files\Git\cmd;C:\Program Files (x86)\Windows Kits\10\Windows Performance Toolkit\;C:\Program Files\MongoDB\Server\8.2\bin;C:\Program Files\nodejs\;C:\ProgramData\chocolatey\bin;C:\Users\HP\AppData\Local\Programs\Python\Python313\Scripts\;C:\Users\HP\AppData\Local\Programs\Python\Python313\;C:\Users\HP\AppData\Local\Programs\Python\Launcher\;C:\Users\HP\AppData\Local\Microsoft\WindowsApps;;C:\Users\HP\AppData\Local\Programs\Microsoft VS Code\bin;C:\Users\HP\Desktop\Antigravity\bin;C:\Users\HP\AppData\Roaming\npm;C:\Users\HP\AppData\Local\Microsoft\WinGet\Packages\Ngrok.Ngrok_Microsoft.Winget.Source_8wekyb3d8bbwe;
USERNAME=HP
OS=Windows_NT
PROCESSOR_IDENTIFIER=Intel64 Family 6 Model 154 Stepping 4, GenuineIntel
TMP=C:\Users\HP\AppData\Local\Temp
TEMP=C:\Users\HP\AppData\Local\Temp




Periodic native trim disabled

---------------  S Y S T E M  ---------------

OS:
 Windows 11 , 64 bit Build 22621 (10.0.22621.5415)
OS uptime: 0 days 16:16 hours
Hyper-V role detected

CPU: total 8 (initial active 8) (4 cores per cpu, 2 threads per core) family 6 model 154 stepping 4 microcode 0x42c, cx8, cmov, fxsr, ht, mmx, 3dnowpref, sse, sse2, sse3, ssse3, sse4.1, sse4.2, popcnt, lzcnt, tsc, tscinvbit, avx, avx2, aes, erms, clmul, bmi1, bmi2, adx, sha, fma, vzeroupper, clflush, clflushopt, clwb, hv, serialize, rdtscp, rdpid, fsrm, f16c, cet_ibt, cet_ss
Processor Information for processor 0
  Max Mhz: 1200, Current Mhz: 1200, Mhz Limit: 1200
Processor Information for processor 1
  Max Mhz: 1200, Current Mhz: 1200, Mhz Limit: 1200
Processor Information for processor 2
  Max Mhz: 1200, Current Mhz: 1200, Mhz Limit: 1200
Processor Information for processor 3
  Max Mhz: 1200, Current Mhz: 1200, Mhz Limit: 1200
Processor Information for processor 4
  Max Mhz: 1200, Current Mhz: 900, Mhz Limit: 900
Processor Information for processor 5
  Max Mhz: 1200, Current Mhz: 900, Mhz Limit: 900
Processor Information for processor 6
  Max Mhz: 1200, Current Mhz: 900, Mhz Limit: 900
Processor Information for processor 7
  Max Mhz: 1200, Current Mhz: 900, Mhz Limit: 900

Memory: 4k page, system-wide physical 3767M (23M free)
TotalPageFile size 15543M (AvailPageFile size 3M)
current process WorkingSet (physical memory assigned to process): 74M, peak: 234M
current process commit charge ("private bytes"): 346M, peak: 370M

vm_info: OpenJDK 64-Bit Server VM (21.0.10+7-LTS) for windows-amd64 JRE (21.0.10+7-LTS), built on 2026-01-20T00:00:00Z by "admin" with MS VC++ 17.12 (VS2022)

END.
