#
# There is insufficient memory for the Java Runtime Environment to continue.
# Native memory allocation (malloc) failed to allocate 609856 bytes. Error detail: Chunk::new
# Possible reasons:
#   The system is out of physical RAM or swap space
#   This process is running with CompressedOops enabled, and the Java Heap may be blocking the growth of the native heap
# Possible solutions:
#   Reduce memory load on the system
#   Increase physical memory or swap space
#   Check if swap backing store is full
#   Decrease Java heap size (-Xmx/-Xms)
#   Decrease number of Java threads
#   Decrease Java thread stack sizes (-Xss)
#   Set larger code cache with -XX:ReservedCodeCacheSize=
#   JVM is running with Unscaled Compressed Oops mode in which the Java heap is
#     placed in the first 4GB address space. The Java Heap base address is the
#     maximum limit for the native heap growth. Please use -XX:HeapBaseMinAddress
#     to set the Java Heap base and to place the Java Heap above 4GB virtual address.
# This output file may be truncated or incomplete.
#
#  Out of Memory Error (arena.cpp:168), pid=15708, tid=8140
#
# JRE version: OpenJDK Runtime Environment Temurin-21.0.10+7 (21.0.10+7) (build 21.0.10+7-LTS)
# Java VM: OpenJDK 64-Bit Server VM Temurin-21.0.10+7 (21.0.10+7-LTS, mixed mode, sharing, tiered, compressed oops, compressed class ptrs, parallel gc, windows-amd64)
# No core dump will be written. Minidumps are not enabled by default on client versions of Windows
#

---------------  S U M M A R Y ------------

Command Line: --add-modules=ALL-SYSTEM --add-opens=java.base/java.util=ALL-UNNAMED --add-opens=java.base/java.lang=ALL-UNNAMED --add-opens=java.base/sun.nio.fs=ALL-UNNAMED -Declipse.application=org.eclipse.jdt.ls.core.id1 -Dosgi.bundles.defaultStartLevel=4 -Declipse.product=org.eclipse.jdt.ls.core.product -Djava.import.generatesMetadataFilesAtProjectRoot=false -DDetectVMInstallationsJob.disabled=true -Dfile.encoding=utf8 -XX:+UseParallelGC -XX:GCTimeRatio=4 -XX:AdaptiveSizePolicyWeight=90 -Dsun.zip.disableMemoryMapping=true -Xmx2G -Xms100m -Xlog:disable -javaagent:c:\Users\HP\.antigravity\extensions\redhat.java-1.54.0-win32-x64\lombok\lombok-1.18.39-4050.jar -XX:+HeapDumpOnOutOfMemoryError -XX:HeapDumpPath=c:\Users\HP\AppData\Roaming\Antigravity\User\workspaceStorage\ec30be9fa44441caa41ccff467e32948\redhat.java -Daether.dependencyCollector.impl=bf c:\Users\HP\.antigravity\extensions\redhat.java-1.54.0-win32-x64\server\plugins\org.eclipse.equinox.launcher_1.7.100.v20251111-0406.jar -configuration c:\Users\HP\AppData\Roaming\Antigravity\User\globalStorage\redhat.java\1.54.0\config_win -data c:\Users\HP\AppData\Roaming\Antigravity\User\workspaceStorage\ec30be9fa44441caa41ccff467e32948\redhat.java\jdt_ws --pipe=\\.\pipe\lsp-9b316f1338aae1d37798ba32b7bdc24c-sock

Host: 12th Gen Intel(R) Core(TM) i3-1215U, 8 cores, 3G,  Windows 11 , 64 bit Build 22621 (10.0.22621.5415)
Time: Sat May  2 19:41:11 2026 Afr. centrale Ouest elapsed time: 13.484515 seconds (0d 0h 0m 13s)

---------------  T H R E A D  ---------------

Current thread (0x000001cad9bb7b70):  JavaThread "C2 CompilerThread0" daemon [_thread_in_native, id=8140, stack(0x0000005144b00000,0x0000005144c00000) (1024K)]


Current CompileTask:
C2:13484 6164       4       java.lang.invoke.MethodType::makeImpl (109 bytes)

Stack: [0x0000005144b00000,0x0000005144c00000]
Native frames: (J=compiled Java code, j=interpreted, Vv=VM code, C=native code)
V  [jvm.dll+0x6d7a39]
V  [jvm.dll+0x8b4b26]
V  [jvm.dll+0x8b70de]
V  [jvm.dll+0x8b77c3]
V  [jvm.dll+0x284346]
V  [jvm.dll+0xc66ed]
V  [jvm.dll+0xc6c31]
V  [jvm.dll+0x2fb29e]
V  [jvm.dll+0x5fe884]
V  [jvm.dll+0x255b17]
V  [jvm.dll+0x24dc0b]
V  [jvm.dll+0x24ba42]
V  [jvm.dll+0x1cb34e]
V  [jvm.dll+0x25b85d]
V  [jvm.dll+0x259dea]
V  [jvm.dll+0x3f857e]
V  [jvm.dll+0x85f59d]
V  [jvm.dll+0x6d626d]
C  [ucrtbase.dll+0x29333]
C  [KERNEL32.DLL+0x1259d]
C  [ntdll.dll+0x5af78]


---------------  P R O C E S S  ---------------

Threads class SMR info:
_java_thread_list=0x000001cad9f02b70, length=44, elements={
0x000001ca808850a0, 0x000001ca972ece70, 0x000001ca972ee680, 0x000001cad9bb2cd0,
0x000001cad9bb3fa0, 0x000001cad9bb4ec0, 0x000001cad9bb6b30, 0x000001cad9bb7b70,
0x000001cad9c28a70, 0x000001cad9e68af0, 0x000001cad9f82f20, 0x000001cade641b90,
0x000001cade65afb0, 0x000001cade44bf10, 0x000001cade44c580, 0x000001cadeb38910,
0x000001cadf12d770, 0x000001cade627600, 0x000001cade625530, 0x000001cade624180,
0x000001cade625bc0, 0x000001cade624ea0, 0x000001cade626250, 0x000001cae08ff030,
0x000001cae0902b40, 0x000001cae08ffd50, 0x000001cae0903860, 0x000001cae08fc8d0,
0x000001cae08fd5f0, 0x000001cae0901790, 0x000001cae0903ef0, 0x000001cae0901100,
0x000001cae08fcf60, 0x000001cae0901e20, 0x000001cae08fe310, 0x000001cae09003e0,
0x000001cae09024b0, 0x000001cae08ff6c0, 0x000001cae02eef30, 0x000001cae02f23b0,
0x000001cae02f3760, 0x000001cae02f1d20, 0x000001cae02f4b10, 0x000001cae02f2a40
}

Java Threads: ( => current thread )
  0x000001ca808850a0 JavaThread "main"                              [_thread_blocked, id=3676, stack(0x0000005144100000,0x0000005144200000) (1024K)]
  0x000001ca972ece70 JavaThread "Reference Handler"          daemon [_thread_blocked, id=12780, stack(0x0000005144500000,0x0000005144600000) (1024K)]
  0x000001ca972ee680 JavaThread "Finalizer"                  daemon [_thread_blocked, id=11428, stack(0x0000005144600000,0x0000005144700000) (1024K)]
  0x000001cad9bb2cd0 JavaThread "Signal Dispatcher"          daemon [_thread_blocked, id=11176, stack(0x0000005144700000,0x0000005144800000) (1024K)]
  0x000001cad9bb3fa0 JavaThread "Attach Listener"            daemon [_thread_blocked, id=5276, stack(0x0000005144800000,0x0000005144900000) (1024K)]
  0x000001cad9bb4ec0 JavaThread "Service Thread"             daemon [_thread_blocked, id=2152, stack(0x0000005144900000,0x0000005144a00000) (1024K)]
  0x000001cad9bb6b30 JavaThread "Monitor Deflation Thread"   daemon [_thread_blocked, id=13816, stack(0x0000005144a00000,0x0000005144b00000) (1024K)]
=>0x000001cad9bb7b70 JavaThread "C2 CompilerThread0"         daemon [_thread_in_native, id=8140, stack(0x0000005144b00000,0x0000005144c00000) (1024K)]
  0x000001cad9c28a70 JavaThread "C1 CompilerThread0"         daemon [_thread_blocked, id=12536, stack(0x0000005144c00000,0x0000005144d00000) (1024K)]
  0x000001cad9e68af0 JavaThread "Common-Cleaner"             daemon [_thread_blocked, id=13656, stack(0x0000005144d00000,0x0000005144e00000) (1024K)]
  0x000001cad9f82f20 JavaThread "Notification Thread"        daemon [_thread_blocked, id=12616, stack(0x0000005144e00000,0x0000005144f00000) (1024K)]
  0x000001cade641b90 JavaThread "Active Thread: Equinox Container: 3ddd6229-f8e2-4723-bcad-99245e0acd14"        [_thread_blocked, id=7876, stack(0x0000005145500000,0x0000005145600000) (1024K)]
  0x000001cade65afb0 JavaThread "Refresh Thread: Equinox Container: 3ddd6229-f8e2-4723-bcad-99245e0acd14" daemon [_thread_blocked, id=4256, stack(0x0000005145700000,0x0000005145800000) (1024K)]
  0x000001cade44bf10 JavaThread "Framework Event Dispatcher: Equinox Container: 3ddd6229-f8e2-4723-bcad-99245e0acd14" daemon [_thread_blocked, id=4036, stack(0x0000005145800000,0x0000005145900000) (1024K)]
  0x000001cade44c580 JavaThread "Start Level: Equinox Container: 3ddd6229-f8e2-4723-bcad-99245e0acd14" daemon [_thread_blocked, id=7896, stack(0x0000005145900000,0x0000005145a00000) (1024K)]
  0x000001cadeb38910 JavaThread "Bundle File Closer"         daemon [_thread_blocked, id=14744, stack(0x0000005145a00000,0x0000005145b00000) (1024K)]
  0x000001cadf12d770 JavaThread "SCR Component Actor"        daemon [_thread_blocked, id=16068, stack(0x0000005145b00000,0x0000005145c00000) (1024K)]
  0x000001cade627600 JavaThread "Worker-JM"                         [_thread_blocked, id=14300, stack(0x0000005145c00000,0x0000005145d00000) (1024K)]
  0x000001cade625530 JavaThread "JNA Cleaner"                daemon [_thread_blocked, id=8700, stack(0x0000005145d00000,0x0000005145e00000) (1024K)]
  0x000001cade624180 JavaThread "Worker-0: Repository registry initialization"        [_thread_in_Java, id=5864, stack(0x0000005145e00000,0x0000005145f00000) (1024K)]
  0x000001cade625bc0 JavaThread "Worker-1"                          [_thread_blocked, id=2992, stack(0x0000005145f00000,0x0000005146000000) (1024K)]
  0x000001cade624ea0 JavaThread "Java indexing"              daemon [_thread_blocked, id=14832, stack(0x0000005146000000,0x0000005146100000) (1024K)]
  0x000001cade626250 JavaThread "Worker-2: Initialize After Load"        [_thread_blocked, id=7848, stack(0x0000005146100000,0x0000005146200000) (1024K)]
  0x000001cae08ff030 JavaThread "Worker-3"                          [_thread_blocked, id=8800, stack(0x0000005146400000,0x0000005146500000) (1024K)]
  0x000001cae0902b40 JavaThread "Worker-4"                          [_thread_blocked, id=2012, stack(0x0000005146500000,0x0000005146600000) (1024K)]
  0x000001cae08ffd50 JavaThread "Thread-1"                   daemon [_thread_in_native, id=1136, stack(0x0000005146600000,0x0000005146700000) (1024K)]
  0x000001cae0903860 JavaThread "Thread-2"                   daemon [_thread_in_native, id=8312, stack(0x0000005146700000,0x0000005146800000) (1024K)]
  0x000001cae08fc8d0 JavaThread "Thread-3"                   daemon [_thread_in_native, id=5756, stack(0x0000005146800000,0x0000005146900000) (1024K)]
  0x000001cae08fd5f0 JavaThread "Thread-4"                   daemon [_thread_in_native, id=1144, stack(0x0000005146900000,0x0000005146a00000) (1024K)]
  0x000001cae0901790 JavaThread "Thread-5"                   daemon [_thread_in_native, id=15036, stack(0x0000005146a00000,0x0000005146b00000) (1024K)]
  0x000001cae0903ef0 JavaThread "Thread-6"                   daemon [_thread_in_native, id=12244, stack(0x0000005146b00000,0x0000005146c00000) (1024K)]
  0x000001cae0901100 JavaThread "Thread-7"                   daemon [_thread_in_native, id=14076, stack(0x0000005146c00000,0x0000005146d00000) (1024K)]
  0x000001cae08fcf60 JavaThread "Thread-8"                   daemon [_thread_in_native, id=1864, stack(0x0000005146d00000,0x0000005146e00000) (1024K)]
  0x000001cae0901e20 JavaThread "Thread-9"                   daemon [_thread_in_native, id=8304, stack(0x0000005146e00000,0x0000005146f00000) (1024K)]
  0x000001cae08fe310 JavaThread "pool-2-thread-1"                   [_thread_blocked, id=10156, stack(0x0000005146f00000,0x0000005147000000) (1024K)]
  0x000001cae09003e0 JavaThread "WorkspaceEventsHandler"            [_thread_blocked, id=4272, stack(0x0000005147000000,0x0000005147100000) (1024K)]
  0x000001cae09024b0 JavaThread "pool-1-thread-1"                   [_thread_blocked, id=10276, stack(0x0000005147100000,0x0000005147200000) (1024K)]
  0x000001cae08ff6c0 JavaThread "ForkJoinPool.commonPool-worker-1" daemon [_thread_in_native, id=5288, stack(0x0000005147200000,0x0000005147300000) (1024K)]
  0x000001cae02eef30 JavaThread "ForkJoinPool.commonPool-worker-2" daemon [_thread_in_native, id=5200, stack(0x0000005147300000,0x0000005147400000) (1024K)]
  0x000001cae02f23b0 JavaThread "ForkJoinPool.commonPool-worker-3" daemon [_thread_in_native, id=13628, stack(0x0000005147400000,0x0000005147500000) (1024K)]
  0x000001cae02f3760 JavaThread "ForkJoinPool.commonPool-worker-4" daemon [_thread_in_native, id=11620, stack(0x0000005147500000,0x0000005147600000) (1024K)]
  0x000001cae02f1d20 JavaThread "ForkJoinPool.commonPool-worker-5" daemon [_thread_in_native, id=4652, stack(0x0000005147600000,0x0000005147700000) (1024K)]
  0x000001cae02f4b10 JavaThread "ForkJoinPool.commonPool-worker-6" daemon [_thread_in_native, id=15700, stack(0x0000005147700000,0x0000005147800000) (1024K)]
  0x000001cae02f2a40 JavaThread "ForkJoinPool.commonPool-worker-7" daemon [_thread_in_native, id=14504, stack(0x0000005147800000,0x0000005147900000) (1024K)]
Total: 44

Other Threads:
  0x000001cafe58e940 VMThread "VM Thread"                           [id=1744, stack(0x0000005144400000,0x0000005144500000) (1024K)]
  0x000001ca971cca10 WatcherThread "VM Periodic Task Thread"        [id=12224, stack(0x0000005144300000,0x0000005144400000) (1024K)]
  0x000001ca808a0420 WorkerThread "GC Thread#0"                     [id=5852, stack(0x0000005144200000,0x0000005144300000) (1024K)]
  0x000001cade33f360 WorkerThread "GC Thread#1"                     [id=8388, stack(0x0000005144f00000,0x0000005145000000) (1024K)]
  0x000001cade33f710 WorkerThread "GC Thread#2"                     [id=11200, stack(0x0000005145000000,0x0000005145100000) (1024K)]
  0x000001cade38a270 WorkerThread "GC Thread#3"                     [id=8840, stack(0x0000005145100000,0x0000005145200000) (1024K)]
  0x000001cade38ef20 WorkerThread "GC Thread#4"                     [id=14944, stack(0x0000005145200000,0x0000005145300000) (1024K)]
  0x000001cade0ad130 WorkerThread "GC Thread#5"                     [id=11636, stack(0x0000005145300000,0x0000005145400000) (1024K)]
  0x000001cade0ad4e0 WorkerThread "GC Thread#6"                     [id=6876, stack(0x0000005145400000,0x0000005145500000) (1024K)]
  0x000001cade7eaa10 WorkerThread "GC Thread#7"                     [id=16108, stack(0x0000005145600000,0x0000005145700000) (1024K)]
Total: 10

Threads with active compile tasks:
C2 CompilerThread0  13520 6164       4       java.lang.invoke.MethodType::makeImpl (109 bytes)
Total: 1

VM state: not at safepoint (normal execution)

VM Mutex/Monitor currently owned by a thread: None

Heap address: 0x0000000080000000, size: 2048 MB, Compressed Oops mode: 32-bit

CDS archive(s) mapped at: [0x000001ca98000000-0x000001ca98ba0000-0x000001ca98ba0000), size 12189696, SharedBaseAddress: 0x000001ca98000000, ArchiveRelocationMode: 1.
Compressed class space mapped at: 0x000001ca99000000-0x000001cad9000000, reserved size: 1073741824
Narrow klass base: 0x000001ca98000000, Narrow klass shift: 0, Narrow klass range: 0x100000000

GC Precious Log:
 CardTable entry size: 512
 CPUs: 8 total, 8 available
 Memory: 3767M
 Large Page Support: Disabled
 NUMA Support: Disabled
 Compressed Oops: Enabled (32-bit)
 Alignments: Space 512K, Generation 512K, Heap 2M
 Heap Min Capacity: 100M
 Heap Initial Capacity: 100M
 Heap Max Capacity: 2G
 Pre-touch: Disabled
 Parallel Workers: 8

Heap:
 PSYoungGen      total 24064K, used 17366K [0x00000000d5580000, 0x00000000d6f00000, 0x0000000100000000)
  eden space 22016K, 70% used [0x00000000d5580000,0x00000000d64a5ba8,0x00000000d6b00000)
  from space 2048K, 90% used [0x00000000d6c00000,0x00000000d6dd0000,0x00000000d6e00000)
  to   space 1024K, 0% used [0x00000000d6e00000,0x00000000d6e00000,0x00000000d6f00000)
 ParOldGen       total 68608K, used 23451K [0x0000000080000000, 0x0000000084300000, 0x00000000d5580000)
  object space 68608K, 34% used [0x0000000080000000,0x00000000816e6e08,0x0000000084300000)
 Metaspace       used 44727K, committed 45952K, reserved 1114112K
  class space    used 4873K, committed 5440K, reserved 1048576K

Card table byte_map: [0x000001ca80210000,0x000001ca80620000] _byte_map_base: 0x000001ca7fe10000

Marking Bits: (ParMarkBitMap*) 0x00007ffbb59f3450
 Begin Bits: [0x000001ca92cf0000, 0x000001ca94cf0000)
 End Bits:   [0x000001ca94cf0000, 0x000001ca96cf0000)

Polling page: 0x000001ca80000000

Metaspace:

Usage:
  Non-class:     38.92 MB used.
      Class:      4.76 MB used.
       Both:     43.68 MB used.

Virtual space:
  Non-class space:       64.00 MB reserved,      39.56 MB ( 62%) committed,  1 nodes.
      Class space:        1.00 GB reserved,       5.31 MB ( <1%) committed,  1 nodes.
             Both:        1.06 GB reserved,      44.88 MB (  4%) committed. 

Chunk freelists:
   Non-Class:  8.44 MB
       Class:  10.60 MB
        Both:  19.04 MB

MaxMetaspaceSize: unlimited
CompressedClassSpaceSize: 1.00 GB
Initial GC threshold: 21.00 MB
Current GC threshold: 58.38 MB
CDS: on
 - commit_granule_bytes: 65536.
 - commit_granule_words: 8192.
 - virtual_space_node_default_size: 8388608.
 - enlarge_chunks_in_place: 1.
 - use_allocation_guard: 0.


Internal statistics:

num_allocs_failed_limit: 6.
num_arena_births: 960.
num_arena_deaths: 14.
num_vsnodes_births: 2.
num_vsnodes_deaths: 0.
num_space_committed: 718.
num_space_uncommitted: 0.
num_chunks_returned_to_freelist: 20.
num_chunks_taken_from_freelist: 2997.
num_chunk_merges: 12.
num_chunk_splits: 1849.
num_chunks_enlarged: 1035.
num_inconsistent_stats: 0.

CodeHeap 'non-profiled nmethods': size=120000Kb used=2406Kb max_used=2406Kb free=117594Kb
 bounds [0x000001ca8b510000, 0x000001ca8b780000, 0x000001ca92a40000]
CodeHeap 'profiled nmethods': size=120000Kb used=12134Kb max_used=12134Kb free=107865Kb
 bounds [0x000001ca83a40000, 0x000001ca84620000, 0x000001ca8af70000]
CodeHeap 'non-nmethods': size=5760Kb used=1360Kb max_used=1398Kb free=4399Kb
 bounds [0x000001ca8af70000, 0x000001ca8b1e0000, 0x000001ca8b510000]
CodeCache: size=245760Kb, used=15900Kb, max_used=15938Kb, free=229858Kb
 total_blobs=6279, nmethods=5620, adapters=564, full_count=0
Compilation: enabled, stopped_count=0, restarted_count=0

Compilation events (20 events):
Event: 13.424 Thread 0x000001cad9c28a70 6167       3       java.lang.invoke.MethodHandles::classData (17 bytes)
Event: 13.425 Thread 0x000001cad9c28a70 nmethod 6167 0x000001ca8460e890 code [0x000001ca8460ea80, 0x000001ca8460ee50]
Event: 13.425 Thread 0x000001cad9c28a70 6168       3       java.lang.System$2::classData (5 bytes)
Event: 13.425 Thread 0x000001cad9c28a70 nmethod 6168 0x000001ca8460f010 code [0x000001ca8460f1a0, 0x000001ca8460f2d0]
Event: 13.425 Thread 0x000001cad9c28a70 6169   !   3       java.lang.invoke.InvokerBytecodeGenerator::resolveInvokerMember (43 bytes)
Event: 13.425 Thread 0x000001cad9c28a70 nmethod 6169 0x000001ca8460f390 code [0x000001ca8460f580, 0x000001ca8460f8d8]
Event: 13.425 Thread 0x000001cad9c28a70 6174       3       org.eclipse.jdt.internal.compiler.util.HashtableOfObject::putUnsafely (78 bytes)
Event: 13.425 Thread 0x000001cad9c28a70 nmethod 6174 0x000001ca8460fa10 code [0x000001ca8460fc00, 0x000001ca84610218]
Event: 13.426 Thread 0x000001cad9c28a70 6173       3       java.lang.invoke.InvokerBytecodeGenerator::resolveFrom (81 bytes)
Event: 13.426 Thread 0x000001cad9c28a70 nmethod 6173 0x000001ca84610490 code [0x000001ca84610660, 0x000001ca84610930]
Event: 13.429 Thread 0x000001cad9c28a70 6176       3       jdk.internal.org.objectweb.asm.ByteVector::putShort (52 bytes)
Event: 13.429 Thread 0x000001cad9c28a70 nmethod 6176 0x000001ca84610a90 code [0x000001ca84610c40, 0x000001ca84610e40]
Event: 13.432 Thread 0x000001cad9c28a70 6177       3       org.eclipse.sisu.inject.TypeArguments::isAssignableFrom (161 bytes)
Event: 13.433 Thread 0x000001cad9c28a70 nmethod 6177 0x000001ca84610f90 code [0x000001ca84611320, 0x000001ca84612be0]
Event: 13.438 Thread 0x000001cad9bb7b70 nmethod 6158 0x000001ca8b767c90 code [0x000001ca8b767f00, 0x000001ca8b768ca0]
Event: 13.438 Thread 0x000001cad9bb7b70 6164       4       java.lang.invoke.MethodType::makeImpl (109 bytes)
Event: 13.444 Thread 0x000001cad9c28a70 6179       3       org.eclipse.jdt.internal.core.index.DiskIndex::readStreamBuffer (76 bytes)
Event: 13.444 Thread 0x000001cad9c28a70 nmethod 6179 0x000001ca84613190 code [0x000001ca84613380, 0x000001ca84613810]
Event: 13.465 Thread 0x000001cad9c28a70 6182       3       org.eclipse.jdt.internal.core.index.DiskIndex::readStreamDocumentArray (267 bytes)
Event: 13.466 Thread 0x000001cad9c28a70 nmethod 6182 0x000001ca84613990 code [0x000001ca84613bc0, 0x000001ca846145b8]

GC Heap History (20 events):
Event: 8.112 GC heap before
{Heap before GC invocations=10 (full 1):
 PSYoungGen      total 25088K, used 25033K [0x00000000d5580000, 0x00000000d7380000, 0x0000000100000000)
  eden space 24064K, 99% used [0x00000000d5580000,0x00000000d6cf46d0,0x00000000d6d00000)
  from space 1024K, 99% used [0x00000000d7280000,0x00000000d737dfc8,0x00000000d7380000)
  to   space 2560K, 0% used [0x00000000d6e80000,0x00000000d6e80000,0x00000000d7100000)
 ParOldGen       total 68608K, used 13316K [0x0000000080000000, 0x0000000084300000, 0x00000000d5580000)
  object space 68608K, 19% used [0x0000000080000000,0x0000000080d01078,0x0000000084300000)
 Metaspace       used 26449K, committed 27392K, reserved 1114112K
  class space    used 2660K, committed 3072K, reserved 1048576K
}
Event: 8.113 GC heap after
{Heap after GC invocations=10 (full 1):
 PSYoungGen      total 26112K, used 1211K [0x00000000d5580000, 0x00000000d7300000, 0x0000000100000000)
  eden space 23552K, 0% used [0x00000000d5580000,0x00000000d5580000,0x00000000d6c80000)
  from space 2560K, 47% used [0x00000000d6e80000,0x00000000d6faee60,0x00000000d7100000)
  to   space 1536K, 0% used [0x00000000d7180000,0x00000000d7180000,0x00000000d7300000)
 ParOldGen       total 68608K, used 13324K [0x0000000080000000, 0x0000000084300000, 0x00000000d5580000)
  object space 68608K, 19% used [0x0000000080000000,0x0000000080d03078,0x0000000084300000)
 Metaspace       used 26449K, committed 27392K, reserved 1114112K
  class space    used 2660K, committed 3072K, reserved 1048576K
}
Event: 8.674 GC heap before
{Heap before GC invocations=11 (full 1):
 PSYoungGen      total 26112K, used 24763K [0x00000000d5580000, 0x00000000d7300000, 0x0000000100000000)
  eden space 23552K, 100% used [0x00000000d5580000,0x00000000d6c80000,0x00000000d6c80000)
  from space 2560K, 47% used [0x00000000d6e80000,0x00000000d6faee60,0x00000000d7100000)
  to   space 1536K, 0% used [0x00000000d7180000,0x00000000d7180000,0x00000000d7300000)
 ParOldGen       total 68608K, used 13324K [0x0000000080000000, 0x0000000084300000, 0x00000000d5580000)
  object space 68608K, 19% used [0x0000000080000000,0x0000000080d03078,0x0000000084300000)
 Metaspace       used 28165K, committed 29120K, reserved 1114112K
  class space    used 2783K, committed 3200K, reserved 1048576K
}
Event: 8.678 GC heap after
{Heap after GC invocations=11 (full 1):
 PSYoungGen      total 24576K, used 1531K [0x00000000d5580000, 0x00000000d7400000, 0x0000000100000000)
  eden space 23040K, 0% used [0x00000000d5580000,0x00000000d5580000,0x00000000d6c00000)
  from space 1536K, 99% used [0x00000000d7180000,0x00000000d72feda0,0x00000000d7300000)
  to   space 4096K, 0% used [0x00000000d6c00000,0x00000000d6c00000,0x00000000d7000000)
 ParOldGen       total 68608K, used 15230K [0x0000000080000000, 0x0000000084300000, 0x00000000d5580000)
  object space 68608K, 22% used [0x0000000080000000,0x0000000080edf900,0x0000000084300000)
 Metaspace       used 28165K, committed 29120K, reserved 1114112K
  class space    used 2783K, committed 3200K, reserved 1048576K
}
Event: 10.476 GC heap before
{Heap before GC invocations=12 (full 1):
 PSYoungGen      total 24576K, used 24562K [0x00000000d5580000, 0x00000000d7400000, 0x0000000100000000)
  eden space 23040K, 99% used [0x00000000d5580000,0x00000000d6bfddb0,0x00000000d6c00000)
  from space 1536K, 99% used [0x00000000d7180000,0x00000000d72feda0,0x00000000d7300000)
  to   space 4096K, 0% used [0x00000000d6c00000,0x00000000d6c00000,0x00000000d7000000)
 ParOldGen       total 68608K, used 15230K [0x0000000080000000, 0x0000000084300000, 0x00000000d5580000)
  object space 68608K, 22% used [0x0000000080000000,0x0000000080edf900,0x0000000084300000)
 Metaspace       used 30894K, committed 31872K, reserved 1114112K
  class space    used 3167K, committed 3584K, reserved 1048576K
}
Event: 10.480 GC heap after
{Heap after GC invocations=12 (full 1):
 PSYoungGen      total 24064K, used 1358K [0x00000000d5580000, 0x00000000d7200000, 0x0000000100000000)
  eden space 22528K, 0% used [0x00000000d5580000,0x00000000d5580000,0x00000000d6b80000)
  from space 1536K, 88% used [0x00000000d6c00000,0x00000000d6d53828,0x00000000d6d80000)
  to   space 2560K, 0% used [0x00000000d6f80000,0x00000000d6f80000,0x00000000d7200000)
 ParOldGen       total 68608K, used 16684K [0x0000000080000000, 0x0000000084300000, 0x00000000d5580000)
  object space 68608K, 24% used [0x0000000080000000,0x000000008104b070,0x0000000084300000)
 Metaspace       used 30894K, committed 31872K, reserved 1114112K
  class space    used 3167K, committed 3584K, reserved 1048576K
}
Event: 10.887 GC heap before
{Heap before GC invocations=13 (full 1):
 PSYoungGen      total 24064K, used 23886K [0x00000000d5580000, 0x00000000d7200000, 0x0000000100000000)
  eden space 22528K, 100% used [0x00000000d5580000,0x00000000d6b80000,0x00000000d6b80000)
  from space 1536K, 88% used [0x00000000d6c00000,0x00000000d6d53828,0x00000000d6d80000)
  to   space 2560K, 0% used [0x00000000d6f80000,0x00000000d6f80000,0x00000000d7200000)
 ParOldGen       total 68608K, used 16684K [0x0000000080000000, 0x0000000084300000, 0x00000000d5580000)
  object space 68608K, 24% used [0x0000000080000000,0x000000008104b070,0x0000000084300000)
 Metaspace       used 33045K, committed 34048K, reserved 1114112K
  class space    used 3416K, committed 3840K, reserved 1048576K
}
Event: 10.890 GC heap after
{Heap after GC invocations=13 (full 1):
 PSYoungGen      total 23040K, used 1005K [0x00000000d5580000, 0x00000000d7080000, 0x0000000100000000)
  eden space 22016K, 0% used [0x00000000d5580000,0x00000000d5580000,0x00000000d6b00000)
  from space 1024K, 98% used [0x00000000d6f80000,0x00000000d707b460,0x00000000d7080000)
  to   space 1536K, 0% used [0x00000000d6d80000,0x00000000d6d80000,0x00000000d6f00000)
 ParOldGen       total 68608K, used 17654K [0x0000000080000000, 0x0000000084300000, 0x00000000d5580000)
  object space 68608K, 25% used [0x0000000080000000,0x000000008113d818,0x0000000084300000)
 Metaspace       used 33045K, committed 34048K, reserved 1114112K
  class space    used 3416K, committed 3840K, reserved 1048576K
}
Event: 11.287 GC heap before
{Heap before GC invocations=14 (full 1):
 PSYoungGen      total 23040K, used 21741K [0x00000000d5580000, 0x00000000d7080000, 0x0000000100000000)
  eden space 22016K, 94% used [0x00000000d5580000,0x00000000d69c0040,0x00000000d6b00000)
  from space 1024K, 98% used [0x00000000d6f80000,0x00000000d707b460,0x00000000d7080000)
  to   space 1536K, 0% used [0x00000000d6d80000,0x00000000d6d80000,0x00000000d6f00000)
 ParOldGen       total 68608K, used 17654K [0x0000000080000000, 0x0000000084300000, 0x00000000d5580000)
  object space 68608K, 25% used [0x0000000080000000,0x000000008113d818,0x0000000084300000)
 Metaspace       used 34800K, committed 35840K, reserved 1114112K
  class space    used 3637K, committed 4096K, reserved 1048576K
}
Event: 11.290 GC heap after
{Heap after GC invocations=14 (full 1):
 PSYoungGen      total 23552K, used 1233K [0x00000000d5580000, 0x00000000d7000000, 0x0000000100000000)
  eden space 22016K, 0% used [0x00000000d5580000,0x00000000d5580000,0x00000000d6b00000)
  from space 1536K, 80% used [0x00000000d6d80000,0x00000000d6eb4648,0x00000000d6f00000)
  to   space 1024K, 0% used [0x00000000d6f00000,0x00000000d6f00000,0x00000000d7000000)
 ParOldGen       total 68608K, used 18487K [0x0000000080000000, 0x0000000084300000, 0x00000000d5580000)
  object space 68608K, 26% used [0x0000000080000000,0x000000008120df58,0x0000000084300000)
 Metaspace       used 34800K, committed 35840K, reserved 1114112K
  class space    used 3637K, committed 4096K, reserved 1048576K
}
Event: 11.290 GC heap before
{Heap before GC invocations=15 (full 2):
 PSYoungGen      total 23552K, used 1233K [0x00000000d5580000, 0x00000000d7000000, 0x0000000100000000)
  eden space 22016K, 0% used [0x00000000d5580000,0x00000000d5580000,0x00000000d6b00000)
  from space 1536K, 80% used [0x00000000d6d80000,0x00000000d6eb4648,0x00000000d6f00000)
  to   space 1024K, 0% used [0x00000000d6f00000,0x00000000d6f00000,0x00000000d7000000)
 ParOldGen       total 68608K, used 18487K [0x0000000080000000, 0x0000000084300000, 0x00000000d5580000)
  object space 68608K, 26% used [0x0000000080000000,0x000000008120df58,0x0000000084300000)
 Metaspace       used 34800K, committed 35840K, reserved 1114112K
  class space    used 3637K, committed 4096K, reserved 1048576K
}
Event: 11.380 GC heap after
{Heap after GC invocations=15 (full 2):
 PSYoungGen      total 23552K, used 0K [0x00000000d5580000, 0x00000000d7000000, 0x0000000100000000)
  eden space 22016K, 0% used [0x00000000d5580000,0x00000000d5580000,0x00000000d6b00000)
  from space 1536K, 0% used [0x00000000d6d80000,0x00000000d6d80000,0x00000000d6f00000)
  to   space 1024K, 0% used [0x00000000d6f00000,0x00000000d6f00000,0x00000000d7000000)
 ParOldGen       total 68608K, used 18587K [0x0000000080000000, 0x0000000084300000, 0x00000000d5580000)
  object space 68608K, 27% used [0x0000000080000000,0x0000000081226fd8,0x0000000084300000)
 Metaspace       used 34800K, committed 35840K, reserved 1114112K
  class space    used 3637K, committed 4096K, reserved 1048576K
}
Event: 11.643 GC heap before
{Heap before GC invocations=16 (full 2):
 PSYoungGen      total 23552K, used 22016K [0x00000000d5580000, 0x00000000d7000000, 0x0000000100000000)
  eden space 22016K, 100% used [0x00000000d5580000,0x00000000d6b00000,0x00000000d6b00000)
  from space 1536K, 0% used [0x00000000d6d80000,0x00000000d6d80000,0x00000000d6f00000)
  to   space 1024K, 0% used [0x00000000d6f00000,0x00000000d6f00000,0x00000000d7000000)
 ParOldGen       total 68608K, used 18587K [0x0000000080000000, 0x0000000084300000, 0x00000000d5580000)
  object space 68608K, 27% used [0x0000000080000000,0x0000000081226fd8,0x0000000084300000)
 Metaspace       used 37586K, committed 38656K, reserved 1114112K
  class space    used 3977K, committed 4416K, reserved 1048576K
}
Event: 11.644 GC heap after
{Heap after GC invocations=16 (full 2):
 PSYoungGen      total 23040K, used 999K [0x00000000d5580000, 0x00000000d7000000, 0x0000000100000000)
  eden space 22016K, 0% used [0x00000000d5580000,0x00000000d5580000,0x00000000d6b00000)
  from space 1024K, 97% used [0x00000000d6f00000,0x00000000d6ff9ce0,0x00000000d7000000)
  to   space 1536K, 0% used [0x00000000d6d00000,0x00000000d6d00000,0x00000000d6e80000)
 ParOldGen       total 68608K, used 18643K [0x0000000080000000, 0x0000000084300000, 0x00000000d5580000)
  object space 68608K, 27% used [0x0000000080000000,0x0000000081234fd8,0x0000000084300000)
 Metaspace       used 37586K, committed 38656K, reserved 1114112K
  class space    used 3977K, committed 4416K, reserved 1048576K
}
Event: 11.891 GC heap before
{Heap before GC invocations=17 (full 2):
 PSYoungGen      total 23040K, used 23015K [0x00000000d5580000, 0x00000000d7000000, 0x0000000100000000)
  eden space 22016K, 100% used [0x00000000d5580000,0x00000000d6b00000,0x00000000d6b00000)
  from space 1024K, 97% used [0x00000000d6f00000,0x00000000d6ff9ce0,0x00000000d7000000)
  to   space 1536K, 0% used [0x00000000d6d00000,0x00000000d6d00000,0x00000000d6e80000)
 ParOldGen       total 68608K, used 18643K [0x0000000080000000, 0x0000000084300000, 0x00000000d5580000)
  object space 68608K, 27% used [0x0000000080000000,0x0000000081234fd8,0x0000000084300000)
 Metaspace       used 39752K, committed 40960K, reserved 1114112K
  class space    used 4278K, committed 4800K, reserved 1048576K
}
Event: 11.894 GC heap after
{Heap after GC invocations=17 (full 2):
 PSYoungGen      total 23552K, used 1522K [0x00000000d5580000, 0x00000000d7200000, 0x0000000100000000)
  eden space 22016K, 0% used [0x00000000d5580000,0x00000000d5580000,0x00000000d6b00000)
  from space 1536K, 99% used [0x00000000d6d00000,0x00000000d6e7cac0,0x00000000d6e80000)
  to   space 3584K, 0% used [0x00000000d6e80000,0x00000000d6e80000,0x00000000d7200000)
 ParOldGen       total 68608K, used 20003K [0x0000000080000000, 0x0000000084300000, 0x00000000d5580000)
  object space 68608K, 29% used [0x0000000080000000,0x0000000081388ff8,0x0000000084300000)
 Metaspace       used 39752K, committed 40960K, reserved 1114112K
  class space    used 4278K, committed 4800K, reserved 1048576K
}
Event: 12.158 GC heap before
{Heap before GC invocations=18 (full 2):
 PSYoungGen      total 23552K, used 23538K [0x00000000d5580000, 0x00000000d7200000, 0x0000000100000000)
  eden space 22016K, 100% used [0x00000000d5580000,0x00000000d6b00000,0x00000000d6b00000)
  from space 1536K, 99% used [0x00000000d6d00000,0x00000000d6e7cac0,0x00000000d6e80000)
  to   space 3584K, 0% used [0x00000000d6e80000,0x00000000d6e80000,0x00000000d7200000)
 ParOldGen       total 68608K, used 20003K [0x0000000080000000, 0x0000000084300000, 0x00000000d5580000)
  object space 68608K, 29% used [0x0000000080000000,0x0000000081388ff8,0x0000000084300000)
 Metaspace       used 41313K, committed 42496K, reserved 1114112K
  class space    used 4447K, committed 4992K, reserved 1048576K
}
Event: 12.161 GC heap after
{Heap after GC invocations=18 (full 2):
 PSYoungGen      total 24576K, used 2168K [0x00000000d5580000, 0x00000000d7100000, 0x0000000100000000)
  eden space 22016K, 0% used [0x00000000d5580000,0x00000000d5580000,0x00000000d6b00000)
  from space 2560K, 84% used [0x00000000d6e80000,0x00000000d709e1a8,0x00000000d7100000)
  to   space 2560K, 0% used [0x00000000d6c00000,0x00000000d6c00000,0x00000000d6e80000)
 ParOldGen       total 68608K, used 21454K [0x0000000080000000, 0x0000000084300000, 0x00000000d5580000)
  object space 68608K, 31% used [0x0000000080000000,0x00000000814f3a48,0x0000000084300000)
 Metaspace       used 41313K, committed 42496K, reserved 1114112K
  class space    used 4447K, committed 4992K, reserved 1048576K
}
Event: 12.849 GC heap before
{Heap before GC invocations=19 (full 2):
 PSYoungGen      total 24576K, used 24184K [0x00000000d5580000, 0x00000000d7100000, 0x0000000100000000)
  eden space 22016K, 100% used [0x00000000d5580000,0x00000000d6b00000,0x00000000d6b00000)
  from space 2560K, 84% used [0x00000000d6e80000,0x00000000d709e1a8,0x00000000d7100000)
  to   space 2560K, 0% used [0x00000000d6c00000,0x00000000d6c00000,0x00000000d6e80000)
 ParOldGen       total 68608K, used 21454K [0x0000000080000000, 0x0000000084300000, 0x00000000d5580000)
  object space 68608K, 31% used [0x0000000080000000,0x00000000814f3a48,0x0000000084300000)
 Metaspace       used 43489K, committed 44736K, reserved 1114112K
  class space    used 4699K, committed 5248K, reserved 1048576K
}
Event: 12.854 GC heap after
{Heap after GC invocations=19 (full 2):
 PSYoungGen      total 24064K, used 1856K [0x00000000d5580000, 0x00000000d6f00000, 0x0000000100000000)
  eden space 22016K, 0% used [0x00000000d5580000,0x00000000d5580000,0x00000000d6b00000)
  from space 2048K, 90% used [0x00000000d6c00000,0x00000000d6dd0000,0x00000000d6e00000)
  to   space 1024K, 0% used [0x00000000d6e00000,0x00000000d6e00000,0x00000000d6f00000)
 ParOldGen       total 68608K, used 23451K [0x0000000080000000, 0x0000000084300000, 0x00000000d5580000)
  object space 68608K, 34% used [0x0000000080000000,0x00000000816e6e08,0x0000000084300000)
 Metaspace       used 43489K, committed 44736K, reserved 1114112K
  class space    used 4699K, committed 5248K, reserved 1048576K
}

Dll operation events (10 events):
Event: 0.014 Loaded shared library c:\Users\HP\.antigravity\extensions\redhat.java-1.54.0-win32-x64\jre\21.0.10-win32-x86_64\bin\java.dll
Event: 0.119 Loaded shared library c:\Users\HP\.antigravity\extensions\redhat.java-1.54.0-win32-x64\jre\21.0.10-win32-x86_64\bin\zip.dll
Event: 0.140 Loaded shared library C:\Users\HP\.antigravity\extensions\redhat.java-1.54.0-win32-x64\jre\21.0.10-win32-x86_64\bin\instrument.dll
Event: 0.147 Loaded shared library C:\Users\HP\.antigravity\extensions\redhat.java-1.54.0-win32-x64\jre\21.0.10-win32-x86_64\bin\net.dll
Event: 0.151 Loaded shared library C:\Users\HP\.antigravity\extensions\redhat.java-1.54.0-win32-x64\jre\21.0.10-win32-x86_64\bin\nio.dll
Event: 0.155 Loaded shared library C:\Users\HP\.antigravity\extensions\redhat.java-1.54.0-win32-x64\jre\21.0.10-win32-x86_64\bin\zip.dll
Event: 0.171 Loaded shared library C:\Users\HP\.antigravity\extensions\redhat.java-1.54.0-win32-x64\jre\21.0.10-win32-x86_64\bin\jimage.dll
Event: 0.228 Loaded shared library c:\Users\HP\.antigravity\extensions\redhat.java-1.54.0-win32-x64\jre\21.0.10-win32-x86_64\bin\verify.dll
Event: 1.721 Loaded shared library C:\Users\HP\AppData\Roaming\Antigravity\User\globalStorage\redhat.java\1.54.0\config_win\org.eclipse.equinox.launcher\org.eclipse.equinox.launcher.win32.win32.x86_64_1.3.0.v20260203-2149\eclipse_11919.dll
Event: 6.049 Loaded shared library C:\Users\HP\AppData\Local\Temp\jna-2312\jna5528525082355217683.dll

Deoptimization events (20 events):
Event: 13.296 Thread 0x000001cade624180 Uncommon trap: trap_request=0xffffffde fr.pc=0x000001ca8b5762c0 relative=0x0000000000000400
Event: 13.296 Thread 0x000001cade624180 Uncommon trap: reason=class_check action=maybe_recompile pc=0x000001ca8b5762c0 method=java.util.HashMap.removeNode(ILjava/lang/Object;Ljava/lang/Object;ZZ)Ljava/util/HashMap$Node; @ 283 c2
Event: 13.296 Thread 0x000001cade624180 DEOPT PACKING pc=0x000001ca8b5762c0 sp=0x0000005145efeb80
Event: 13.296 Thread 0x000001cade624180 DEOPT UNPACKING pc=0x000001ca8afc3aa2 sp=0x0000005145efea78 mode 2
Event: 13.296 Thread 0x000001cade624180 Uncommon trap: trap_request=0xffffffde fr.pc=0x000001ca8b5762c0 relative=0x0000000000000400
Event: 13.296 Thread 0x000001cade624180 Uncommon trap: reason=class_check action=maybe_recompile pc=0x000001ca8b5762c0 method=java.util.HashMap.removeNode(ILjava/lang/Object;Ljava/lang/Object;ZZ)Ljava/util/HashMap$Node; @ 283 c2
Event: 13.296 Thread 0x000001cade624180 DEOPT PACKING pc=0x000001ca8b5762c0 sp=0x0000005145efeb80
Event: 13.296 Thread 0x000001cade624180 DEOPT UNPACKING pc=0x000001ca8afc3aa2 sp=0x0000005145efea78 mode 2
Event: 13.296 Thread 0x000001cade624180 Uncommon trap: trap_request=0xffffffde fr.pc=0x000001ca8b624100 relative=0x0000000000000340
Event: 13.296 Thread 0x000001cade624180 Uncommon trap: reason=class_check action=maybe_recompile pc=0x000001ca8b624100 method=java.util.HashMap.removeNode(ILjava/lang/Object;Ljava/lang/Object;ZZ)Ljava/util/HashMap$Node; @ 283 c2
Event: 13.296 Thread 0x000001cade624180 DEOPT PACKING pc=0x000001ca8b624100 sp=0x0000005145efeae0
Event: 13.296 Thread 0x000001cade624180 DEOPT UNPACKING pc=0x000001ca8afc3aa2 sp=0x0000005145efea78 mode 2
Event: 13.410 Thread 0x000001cade624180 Uncommon trap: trap_request=0x00000259 fr.pc=0x000001ca8b710900 relative=0x00000000000000e0
Event: 13.410 Thread 0x000001cade624180 Uncommon trap: reason=unloaded action=reinterpret pc=0x000001ca8b710900 method=org.codehaus.plexus.util.xml.pull.MXParser.more()C @ 22 c2
Event: 13.410 Thread 0x000001cade624180 DEOPT PACKING pc=0x000001ca8b710900 sp=0x0000005145eff0c0
Event: 13.410 Thread 0x000001cade624180 DEOPT UNPACKING pc=0x000001ca8afc3aa2 sp=0x0000005145eff060 mode 2
Event: 13.429 Thread 0x000001cade624180 Uncommon trap: trap_request=0xffffff45 fr.pc=0x000001ca8b56e728 relative=0x0000000000000108
Event: 13.429 Thread 0x000001cade624180 Uncommon trap: reason=unstable_if action=reinterpret pc=0x000001ca8b56e728 method=jdk.internal.org.objectweb.asm.ByteVector.putShort(I)Ljdk/internal/org/objectweb/asm/ByteVector; @ 13 c2
Event: 13.429 Thread 0x000001cade624180 DEOPT PACKING pc=0x000001ca8b56e728 sp=0x0000005145efd440
Event: 13.429 Thread 0x000001cade624180 DEOPT UNPACKING pc=0x000001ca8afc3aa2 sp=0x0000005145efd3c8 mode 2

Classes loaded (20 events):
Event: 12.427 Loading class sun/nio/cs/ThreadLocalCoders$1
Event: 12.427 Loading class sun/nio/cs/ThreadLocalCoders$Cache
Event: 12.427 Loading class sun/nio/cs/ThreadLocalCoders$Cache done
Event: 12.427 Loading class java/lang/ExceptionInInitializerError
Event: 12.427 Loading class sun/nio/cs/ThreadLocalCoders$1 done
Event: 12.428 Loading class sun/nio/cs/ThreadLocalCoders$2
Event: 12.428 Loading class java/lang/ExceptionInInitializerError done
Event: 12.428 Loading class sun/nio/cs/ThreadLocalCoders$2 done
Event: 12.428 Loading class sun/misc/Unsafe
Event: 12.429 Loading class sun/misc/Unsafe done
Event: 12.470 Loading class jdk/internal/org/objectweb/asm/ClassReader
Event: 12.471 Loading class jdk/internal/org/objectweb/asm/ClassReader done
Event: 12.633 Loading class java/io/UTFDataFormatException
Event: 12.633 Loading class java/io/UTFDataFormatException done
Event: 13.361 Loading class java/util/concurrent/ForkJoinTask$AdaptedCallable
Event: 13.365 Loading class java/util/concurrent/ForkJoinTask$AdaptedCallable done
Event: 13.402 Loading class java/lang/ProcessEnvironment$CheckedKeySet
Event: 13.403 Loading class java/lang/ProcessEnvironment$CheckedKeySet done
Event: 13.426 Loading class java/lang/invoke/MethodHandleImpl$CountingWrapper
Event: 13.427 Loading class java/lang/invoke/MethodHandleImpl$CountingWrapper done

Classes unloaded (7 events):
Event: 7.456 Thread 0x000001cafe58e940 Unloading class 0x000001ca991a9400 'java/lang/invoke/LambdaForm$MH+0x000001ca991a9400'
Event: 7.456 Thread 0x000001cafe58e940 Unloading class 0x000001ca991a9000 'java/lang/invoke/LambdaForm$MH+0x000001ca991a9000'
Event: 7.456 Thread 0x000001cafe58e940 Unloading class 0x000001ca991a8c00 'java/lang/invoke/LambdaForm$MH+0x000001ca991a8c00'
Event: 7.456 Thread 0x000001cafe58e940 Unloading class 0x000001ca991a8800 'java/lang/invoke/LambdaForm$MH+0x000001ca991a8800'
Event: 7.456 Thread 0x000001cafe58e940 Unloading class 0x000001ca991a8400 'java/lang/invoke/LambdaForm$BMH+0x000001ca991a8400'
Event: 7.456 Thread 0x000001cafe58e940 Unloading class 0x000001ca991a8000 'java/lang/invoke/LambdaForm$DMH+0x000001ca991a8000'
Event: 7.456 Thread 0x000001cafe58e940 Unloading class 0x000001ca991a6c00 'java/lang/invoke/LambdaForm$DMH+0x000001ca991a6c00'

Classes redefined (0 events):
No events

Internal exceptions (20 events):
Event: 11.806 Thread 0x000001cade626250 Exception <a 'sun/nio/fs/WindowsException'{0x00000000d649df00}> (0x00000000d649df00) 
thrown [s\src\hotspot\share\prims\jni.cpp, line 520]
Event: 11.818 Thread 0x000001cade626250 Exception <a 'sun/nio/fs/WindowsException'{0x00000000d6620d48}> (0x00000000d6620d48) 
thrown [s\src\hotspot\share\prims\jni.cpp, line 520]
Event: 11.818 Thread 0x000001cade626250 Exception <a 'sun/nio/fs/WindowsException'{0x00000000d6621420}> (0x00000000d6621420) 
thrown [s\src\hotspot\share\prims\jni.cpp, line 520]
Event: 11.831 Thread 0x000001ca808850a0 Exception <a 'java/lang/NoSuchMethodError'{0x00000000d67e2e50}: 'void java.lang.invoke.DirectMethodHandle$Holder.invokeSpecial(java.lang.Object, java.lang.Object, java.lang.Object, java.lang.Object, java.lang.Object, java.lang.Object)'> (0x00000000d67e2e50) 
thrown [s\src\hotspot\share\interpreter\linkResolver.cpp, line 773]
Event: 11.833 Thread 0x000001ca808850a0 Exception <a 'java/lang/IncompatibleClassChangeError'{0x00000000d67eb378}: Found class java.lang.Object, but interface was expected> (0x00000000d67eb378) 
thrown [s\src\hotspot\share\interpreter\linkResolver.cpp, line 840]
Event: 11.833 Thread 0x000001ca808850a0 Exception <a 'java/lang/IncompatibleClassChangeError'{0x00000000d67ed058}: Found class java.lang.Object, but interface was expected> (0x00000000d67ed058) 
thrown [s\src\hotspot\share\interpreter\linkResolver.cpp, line 840]
Event: 12.422 Thread 0x000001cade624180 Exception <a 'java/lang/NoSuchMethodError'{0x00000000d62504a0}: 'void java.lang.invoke.DirectMethodHandle$Holder.invokeStaticInit(java.lang.Object, java.lang.Object, java.lang.Object)'> (0x00000000d62504a0) 
thrown [s\src\hotspot\share\interpreter\linkResolver.cpp, line 773]
Event: 12.432 Thread 0x000001cade624180 Exception <a 'java/lang/ExceptionInInitializerError'{0x00000000d629c278}> (0x00000000d629c278) 
thrown [s\src\hotspot\share\oops\instanceKlass.cpp, line 1220]
Event: 12.472 Thread 0x000001cade624180 Implicit null exception at 0x000001ca8b63dc7e to 0x000001ca8b63def0
Event: 12.472 Thread 0x000001cade624180 Implicit null exception at 0x000001ca8b5b661c to 0x000001ca8b5b7538
Event: 12.475 Thread 0x000001cade624180 Exception <a 'java/lang/NoSuchMethodError'{0x00000000d639e9b8}: 'java.lang.Object java.lang.invoke.Invokers$Holder.invokeExact_MT(java.lang.Object, int, java.lang.Object)'> (0x00000000d639e9b8) 
thrown [s\src\hotspot\share\interpreter\linkResolver.cpp, line 773]
Event: 12.568 Thread 0x000001cade626250 Exception <a 'java/io/FileNotFoundException'{0x00000000d6776170}> (0x00000000d6776170) 
thrown [s\src\hotspot\share\prims\jni.cpp, line 520]
Event: 12.568 Thread 0x000001cade626250 Exception <a 'java/io/FileNotFoundException'{0x00000000d6777738}> (0x00000000d6777738) 
thrown [s\src\hotspot\share\prims\jni.cpp, line 520]
Event: 12.570 Thread 0x000001cade626250 Exception <a 'java/lang/NoSuchMethodError'{0x00000000d67ae2b0}: 'java.lang.Object java.lang.invoke.DirectMethodHandle$Holder.newInvokeSpecial(java.lang.Object, java.lang.Object, java.lang.Object, int)'> (0x00000000d67ae2b0) 
thrown [s\src\hotspot\share\interpreter\linkResolver.cpp, line 773]
Event: 12.571 Thread 0x000001cade626250 Exception <a 'java/lang/NoSuchMethodError'{0x00000000d67b1f28}: 'java.lang.Object java.lang.invoke.DirectMethodHandle$Holder.invokeSpecial(java.lang.Object, java.lang.Object, java.lang.Object, java.lang.Object, int)'> (0x00000000d67b1f28) 
thrown [s\src\hotspot\share\interpreter\linkResolver.cpp, line 773]
Event: 12.571 Thread 0x000001cade626250 Exception <a 'java/lang/NoSuchMethodError'{0x00000000d67b53d0}: 'java.lang.Object java.lang.invoke.Invokers$Holder.linkToTargetMethod(java.lang.Object, java.lang.Object, int, java.lang.Object)'> (0x00000000d67b53d0) 
thrown [s\src\hotspot\share\interpreter\linkResolver.cpp, line 773]
Event: 13.334 Thread 0x000001cade624180 Exception <a 'java/lang/NoClassDefFoundError'{0x00000000d5cdfc18}: com/google/inject/servlet/ServletModuleTargetVisitor> (0x00000000d5cdfc18) 
thrown [s\src\hotspot\share\classfile\systemDictionary.cpp, line 301]
Event: 13.425 Thread 0x000001cade624180 Exception <a 'java/lang/NoSuchMethodError'{0x00000000d5ecb650}: 'java.lang.Object java.lang.invoke.DirectMethodHandle$Holder.invokeStatic(java.lang.Object, int, java.lang.Object, java.lang.Object)'> (0x00000000d5ecb650) 
thrown [s\src\hotspot\share\interpreter\linkResolver.cpp, line 773]
Event: 13.426 Thread 0x000001cade624180 Exception <a 'java/lang/NoSuchMethodError'{0x00000000d5ecee50}: 'java.lang.Object java.lang.invoke.DelegatingMethodHandle$Holder.delegate(java.lang.Object, int, java.lang.Object, java.lang.Object)'> (0x00000000d5ecee50) 
thrown [s\src\hotspot\share\interpreter\linkResolver.cpp, line 773]
Event: 13.429 Thread 0x000001cade624180 Exception <a 'java/lang/NoSuchMethodError'{0x00000000d5f2eca0}: 'int java.lang.invoke.Invokers$Holder.linkToTargetMethod(java.lang.Object, java.lang.Object, java.lang.Object)'> (0x00000000d5f2eca0) 
thrown [s\src\hotspot\share\interpreter\linkResolver.cpp, line 773]

ZGC Phase Switch (0 events):
No events

VM Operations (20 events):
Event: 10.779 Executing non-safepoint VM operation: HandshakeAllThreads (Deoptimize)
Event: 10.779 Executing non-safepoint VM operation: HandshakeAllThreads (Deoptimize) done
Event: 10.887 Executing safepoint VM operation: ParallelGCFailedAllocation (Allocation Failure)
Event: 10.890 Executing safepoint VM operation: ParallelGCFailedAllocation (Allocation Failure) done
Event: 10.982 Executing non-safepoint VM operation: HandshakeAllThreads (Deoptimize)
Event: 10.982 Executing non-safepoint VM operation: HandshakeAllThreads (Deoptimize) done
Event: 11.287 Executing safepoint VM operation: CollectForMetadataAllocation (Metadata GC Threshold)
Event: 11.381 Executing safepoint VM operation: CollectForMetadataAllocation (Metadata GC Threshold) done
Event: 11.525 Executing non-safepoint VM operation: HandshakeAllThreads (Deoptimize)
Event: 11.547 Executing non-safepoint VM operation: HandshakeAllThreads (Deoptimize) done
Event: 11.631 Executing safepoint VM operation: ParallelGCFailedAllocation (Allocation Failure)
Event: 11.645 Executing safepoint VM operation: ParallelGCFailedAllocation (Allocation Failure) done
Event: 11.877 Executing safepoint VM operation: ParallelGCFailedAllocation (Allocation Failure)
Event: 11.894 Executing safepoint VM operation: ParallelGCFailedAllocation (Allocation Failure) done
Event: 11.966 Executing non-safepoint VM operation: HandshakeAllThreads (Deoptimize)
Event: 11.966 Executing non-safepoint VM operation: HandshakeAllThreads (Deoptimize) done
Event: 12.158 Executing safepoint VM operation: ParallelGCFailedAllocation (Allocation Failure)
Event: 12.161 Executing safepoint VM operation: ParallelGCFailedAllocation (Allocation Failure) done
Event: 12.849 Executing safepoint VM operation: ParallelGCFailedAllocation (Allocation Failure)
Event: 12.854 Executing safepoint VM operation: ParallelGCFailedAllocation (Allocation Failure) done

Memory protections (0 events):
No events

Nmethod flushes (20 events):
Event: 11.365 Thread 0x000001cafe58e940 flushing  nmethod 0x000001ca840c8810
Event: 11.365 Thread 0x000001cafe58e940 flushing  nmethod 0x000001ca840c8c10
Event: 11.365 Thread 0x000001cafe58e940 flushing  nmethod 0x000001ca840c9510
Event: 11.365 Thread 0x000001cafe58e940 flushing  nmethod 0x000001ca840ca710
Event: 11.365 Thread 0x000001cafe58e940 flushing  nmethod 0x000001ca840cb390
Event: 11.365 Thread 0x000001cafe58e940 flushing  nmethod 0x000001ca840cbb10
Event: 11.365 Thread 0x000001cafe58e940 flushing  nmethod 0x000001ca840cd090
Event: 11.365 Thread 0x000001cafe58e940 flushing  nmethod 0x000001ca840cd590
Event: 11.365 Thread 0x000001cafe58e940 flushing  nmethod 0x000001ca840cde90
Event: 11.365 Thread 0x000001cafe58e940 flushing  nmethod 0x000001ca840cee90
Event: 11.365 Thread 0x000001cafe58e940 flushing  nmethod 0x000001ca840d1810
Event: 11.365 Thread 0x000001cafe58e940 flushing  nmethod 0x000001ca840dab10
Event: 11.365 Thread 0x000001cafe58e940 flushing  nmethod 0x000001ca840e4590
Event: 11.365 Thread 0x000001cafe58e940 flushing  nmethod 0x000001ca84114510
Event: 11.365 Thread 0x000001cafe58e940 flushing  nmethod 0x000001ca84117210
Event: 11.365 Thread 0x000001cafe58e940 flushing  nmethod 0x000001ca84169f90
Event: 11.365 Thread 0x000001cafe58e940 flushing  nmethod 0x000001ca8416ca10
Event: 11.365 Thread 0x000001cafe58e940 flushing  nmethod 0x000001ca84188a90
Event: 11.365 Thread 0x000001cafe58e940 flushing  nmethod 0x000001ca841d8a10
Event: 11.365 Thread 0x000001cafe58e940 flushing  nmethod 0x000001ca841d8e90

Events (20 events):
Event: 11.421 Thread 0x000001cae08ff030 Thread added: 0x000001cae0902b40
Event: 11.488 Thread 0x000001ca808850a0 Thread added: 0x000001cae08ffd50
Event: 11.489 Thread 0x000001ca808850a0 Thread added: 0x000001cae0903860
Event: 11.489 Thread 0x000001ca808850a0 Thread added: 0x000001cae08fc8d0
Event: 11.489 Thread 0x000001ca808850a0 Thread added: 0x000001cae08fd5f0
Event: 11.490 Thread 0x000001ca808850a0 Thread added: 0x000001cae0901790
Event: 11.490 Thread 0x000001ca808850a0 Thread added: 0x000001cae0903ef0
Event: 11.490 Thread 0x000001ca808850a0 Thread added: 0x000001cae0901100
Event: 11.490 Thread 0x000001ca808850a0 Thread added: 0x000001cae08fcf60
Event: 11.490 Thread 0x000001ca808850a0 Thread added: 0x000001cae0901e20
Event: 11.574 Thread 0x000001ca808850a0 Thread added: 0x000001cae08fe310
Event: 11.869 Thread 0x000001ca808850a0 Thread added: 0x000001cae09003e0
Event: 11.870 Thread 0x000001ca808850a0 Thread added: 0x000001cae09024b0
Event: 13.368 Thread 0x000001cade626250 Thread added: 0x000001cae08ff6c0
Event: 13.368 Thread 0x000001cade626250 Thread added: 0x000001cae02eef30
Event: 13.387 Thread 0x000001cae08ff6c0 Thread added: 0x000001cae02f23b0
Event: 13.400 Thread 0x000001cae02eef30 Thread added: 0x000001cae02f3760
Event: 13.408 Thread 0x000001cae02f3760 Thread added: 0x000001cae02f1d20
Event: 13.408 Thread 0x000001cae02f23b0 Thread added: 0x000001cae02f4b10
Event: 13.421 Thread 0x000001cae02f1d20 Thread added: 0x000001cae02f2a40


Dynamic libraries:
0x00007ff6f6730000 - 0x00007ff6f673e000 	c:\Users\HP\.antigravity\extensions\redhat.java-1.54.0-win32-x64\jre\21.0.10-win32-x86_64\bin\java.exe
0x00007ffc79830000 - 0x00007ffc79a48000 	C:\WINDOWS\SYSTEM32\ntdll.dll
0x00007ffc796c0000 - 0x00007ffc79784000 	C:\WINDOWS\System32\KERNEL32.DLL
0x00007ffc770f0000 - 0x00007ffc774c3000 	C:\WINDOWS\System32\KERNELBASE.dll
0x00007ffc76970000 - 0x00007ffc76a81000 	C:\WINDOWS\System32\ucrtbase.dll
0x00007ffc6cbe0000 - 0x00007ffc6cbf8000 	c:\Users\HP\.antigravity\extensions\redhat.java-1.54.0-win32-x64\jre\21.0.10-win32-x86_64\bin\jli.dll
0x00007ffc77ae0000 - 0x00007ffc77c92000 	C:\WINDOWS\System32\USER32.dll
0x00007ffc76940000 - 0x00007ffc76966000 	C:\WINDOWS\System32\win32u.dll
0x00007ffc78400000 - 0x00007ffc78429000 	C:\WINDOWS\System32\GDI32.dll
0x00007ffc76a90000 - 0x00007ffc76bab000 	C:\WINDOWS\System32\gdi32full.dll
0x00007ffc76d20000 - 0x00007ffc76dba000 	C:\WINDOWS\System32\msvcp_win.dll
0x00007ffc636e0000 - 0x00007ffc636fe000 	c:\Users\HP\.antigravity\extensions\redhat.java-1.54.0-win32-x64\jre\21.0.10-win32-x86_64\bin\VCRUNTIME140.dll
0x00007ffc56d70000 - 0x00007ffc5700c000 	C:\WINDOWS\WinSxS\amd64_microsoft.windows.common-controls_6595b64144ccf1df_6.0.22621.6060_none_2712eda17382d24b\COMCTL32.dll
0x00007ffc780a0000 - 0x00007ffc78147000 	C:\WINDOWS\System32\msvcrt.dll
0x00007ffc785d0000 - 0x00007ffc78601000 	C:\WINDOWS\System32\IMM32.DLL
0x00007ffc6d420000 - 0x00007ffc6d42c000 	c:\Users\HP\.antigravity\extensions\redhat.java-1.54.0-win32-x64\jre\21.0.10-win32-x86_64\bin\vcruntime140_1.dll
0x00007ffc3a3d0000 - 0x00007ffc3a45d000 	c:\Users\HP\.antigravity\extensions\redhat.java-1.54.0-win32-x64\jre\21.0.10-win32-x86_64\bin\msvcp140.dll
0x00007ffbb4d30000 - 0x00007ffbb5ad1000 	c:\Users\HP\.antigravity\extensions\redhat.java-1.54.0-win32-x64\jre\21.0.10-win32-x86_64\bin\server\jvm.dll
0x00007ffc78330000 - 0x00007ffc783e1000 	C:\WINDOWS\System32\ADVAPI32.dll
0x00007ffc784a0000 - 0x00007ffc78548000 	C:\WINDOWS\System32\sechost.dll
0x00007ffc76f00000 - 0x00007ffc76f28000 	C:\WINDOWS\System32\bcrypt.dll
0x00007ffc78d00000 - 0x00007ffc78e18000 	C:\WINDOWS\System32\RPCRT4.dll
0x00007ffc78aa0000 - 0x00007ffc78b11000 	C:\WINDOWS\System32\WS2_32.dll
0x00007ffc76810000 - 0x00007ffc7685d000 	C:\WINDOWS\SYSTEM32\POWRPROF.dll
0x00007ffc6c9b0000 - 0x00007ffc6c9e4000 	C:\WINDOWS\SYSTEM32\WINMM.dll
0x00007ffc63250000 - 0x00007ffc6325a000 	C:\WINDOWS\SYSTEM32\VERSION.dll
0x00007ffc767f0000 - 0x00007ffc76803000 	C:\WINDOWS\SYSTEM32\UMPDC.dll
0x00007ffc758e0000 - 0x00007ffc758f8000 	C:\WINDOWS\SYSTEM32\kernel.appcore.dll
0x00007ffc6cbc0000 - 0x00007ffc6cbca000 	c:\Users\HP\.antigravity\extensions\redhat.java-1.54.0-win32-x64\jre\21.0.10-win32-x86_64\bin\jimage.dll
0x00007ffc73e50000 - 0x00007ffc74083000 	C:\WINDOWS\SYSTEM32\DBGHELP.DLL
0x00007ffc77d00000 - 0x00007ffc78091000 	C:\WINDOWS\System32\combase.dll
0x00007ffc778a0000 - 0x00007ffc77978000 	C:\WINDOWS\System32\OLEAUT32.dll
0x00007ffc56140000 - 0x00007ffc56172000 	C:\WINDOWS\SYSTEM32\dbgcore.DLL
0x00007ffc76e80000 - 0x00007ffc76efb000 	C:\WINDOWS\System32\bcryptPrimitives.dll
0x00007ffc6caf0000 - 0x00007ffc6caff000 	c:\Users\HP\.antigravity\extensions\redhat.java-1.54.0-win32-x64\jre\21.0.10-win32-x86_64\bin\instrument.dll
0x00007ffc5f490000 - 0x00007ffc5f4b0000 	c:\Users\HP\.antigravity\extensions\redhat.java-1.54.0-win32-x64\jre\21.0.10-win32-x86_64\bin\java.dll
0x00007ffc78e20000 - 0x00007ffc796bc000 	C:\WINDOWS\System32\SHELL32.dll
0x00007ffc76f30000 - 0x00007ffc7706f000 	C:\WINDOWS\System32\wintypes.dll
0x00007ffc747f0000 - 0x00007ffc7510a000 	C:\WINDOWS\SYSTEM32\windows.storage.dll
0x00007ffc77690000 - 0x00007ffc77794000 	C:\WINDOWS\System32\SHCORE.dll
0x00007ffc777a0000 - 0x00007ffc77809000 	C:\WINDOWS\System32\shlwapi.dll
0x00007ffc76870000 - 0x00007ffc76895000 	C:\WINDOWS\SYSTEM32\profapi.dll
0x00007ffc4dca0000 - 0x00007ffc4dcb8000 	c:\Users\HP\.antigravity\extensions\redhat.java-1.54.0-win32-x64\jre\21.0.10-win32-x86_64\bin\zip.dll
0x00007ffc62020000 - 0x00007ffc62030000 	C:\Users\HP\.antigravity\extensions\redhat.java-1.54.0-win32-x64\jre\21.0.10-win32-x86_64\bin\net.dll
0x00007ffc72610000 - 0x00007ffc7273c000 	C:\WINDOWS\SYSTEM32\WINHTTP.dll
0x00007ffc75da0000 - 0x00007ffc75e09000 	C:\WINDOWS\system32\mswsock.dll
0x00007ffc4b570000 - 0x00007ffc4b586000 	C:\Users\HP\.antigravity\extensions\redhat.java-1.54.0-win32-x64\jre\21.0.10-win32-x86_64\bin\nio.dll
0x00007ffc5b410000 - 0x00007ffc5b420000 	c:\Users\HP\.antigravity\extensions\redhat.java-1.54.0-win32-x64\jre\21.0.10-win32-x86_64\bin\verify.dll
0x00007ffc37600000 - 0x00007ffc37645000 	C:\Users\HP\AppData\Roaming\Antigravity\User\globalStorage\redhat.java\1.54.0\config_win\org.eclipse.equinox.launcher\org.eclipse.equinox.launcher.win32.win32.x86_64_1.3.0.v20260203-2149\eclipse_11919.dll
0x00007ffc78b50000 - 0x00007ffc78cf1000 	C:\WINDOWS\System32\ole32.dll
0x00007ffc760f0000 - 0x00007ffc7610b000 	C:\WINDOWS\SYSTEM32\CRYPTSP.dll
0x00007ffc75840000 - 0x00007ffc75877000 	C:\WINDOWS\system32\rsaenh.dll
0x00007ffc75e40000 - 0x00007ffc75e68000 	C:\WINDOWS\SYSTEM32\USERENV.dll
0x00007ffc760d0000 - 0x00007ffc760dc000 	C:\WINDOWS\SYSTEM32\CRYPTBASE.dll
0x00007ffc753b0000 - 0x00007ffc753dd000 	C:\WINDOWS\SYSTEM32\IPHLPAPI.DLL
0x00007ffc783f0000 - 0x00007ffc783f9000 	C:\WINDOWS\System32\NSI.dll
0x00007ffc36210000 - 0x00007ffc36259000 	C:\Users\HP\AppData\Local\Temp\jna-2312\jna5528525082355217683.dll
0x00007ffc78610000 - 0x00007ffc78618000 	C:\WINDOWS\System32\PSAPI.DLL
0x00007ffc6c880000 - 0x00007ffc6c899000 	C:\WINDOWS\SYSTEM32\dhcpcsvc6.DLL
0x00007ffc6c860000 - 0x00007ffc6c87f000 	C:\WINDOWS\SYSTEM32\dhcpcsvc.DLL

JVMTI agents:
c:\Users\HP\.antigravity\extensions\redhat.java-1.54.0-win32-x64\lombok\lombok-1.18.39-4050.jar path:c:\Users\HP\.antigravity\extensions\redhat.java-1.54.0-win32-x64\jre\21.0.10-win32-x86_64\bin\instrument.dll, loaded, initialized, instrumentlib options:none

dbghelp: loaded successfully - version: 4.0.5 - missing functions: none
symbol engine: initialized successfully - sym options: 0x614 - pdb path: .;c:\Users\HP\.antigravity\extensions\redhat.java-1.54.0-win32-x64\jre\21.0.10-win32-x86_64\bin;C:\WINDOWS\SYSTEM32;C:\WINDOWS\WinSxS\amd64_microsoft.windows.common-controls_6595b64144ccf1df_6.0.22621.6060_none_2712eda17382d24b;c:\Users\HP\.antigravity\extensions\redhat.java-1.54.0-win32-x64\jre\21.0.10-win32-x86_64\bin\server;C:\Users\HP\AppData\Roaming\Antigravity\User\globalStorage\redhat.java\1.54.0\config_win\org.eclipse.equinox.launcher\org.eclipse.equinox.launcher.win32.win32.x86_64_1.3.0.v20260203-2149;C:\Users\HP\AppData\Local\Temp\jna-2312

VM Arguments:
jvm_args: --add-modules=ALL-SYSTEM --add-opens=java.base/java.util=ALL-UNNAMED --add-opens=java.base/java.lang=ALL-UNNAMED --add-opens=java.base/sun.nio.fs=ALL-UNNAMED -Declipse.application=org.eclipse.jdt.ls.core.id1 -Dosgi.bundles.defaultStartLevel=4 -Declipse.product=org.eclipse.jdt.ls.core.product -Djava.import.generatesMetadataFilesAtProjectRoot=false -DDetectVMInstallationsJob.disabled=true -Dfile.encoding=utf8 -XX:+UseParallelGC -XX:GCTimeRatio=4 -XX:AdaptiveSizePolicyWeight=90 -Dsun.zip.disableMemoryMapping=true -Xmx2G -Xms100m -Xlog:disable -javaagent:c:\Users\HP\.antigravity\extensions\redhat.java-1.54.0-win32-x64\lombok\lombok-1.18.39-4050.jar -XX:+HeapDumpOnOutOfMemoryError -XX:HeapDumpPath=c:\Users\HP\AppData\Roaming\Antigravity\User\workspaceStorage\ec30be9fa44441caa41ccff467e32948\redhat.java -Daether.dependencyCollector.impl=bf 
java_command: c:\Users\HP\.antigravity\extensions\redhat.java-1.54.0-win32-x64\server\plugins\org.eclipse.equinox.launcher_1.7.100.v20251111-0406.jar -configuration c:\Users\HP\AppData\Roaming\Antigravity\User\globalStorage\redhat.java\1.54.0\config_win -data c:\Users\HP\AppData\Roaming\Antigravity\User\workspaceStorage\ec30be9fa44441caa41ccff467e32948\redhat.java\jdt_ws --pipe=\\.\pipe\lsp-9b316f1338aae1d37798ba32b7bdc24c-sock
java_class_path (initial): c:\Users\HP\.antigravity\extensions\redhat.java-1.54.0-win32-x64\server\plugins\org.eclipse.equinox.launcher_1.7.100.v20251111-0406.jar
Launcher Type: SUN_STANDARD

[Global flags]
    uintx AdaptiveSizePolicyWeight                 = 90                                        {product} {command line}
     intx CICompilerCount                          = 4                                         {product} {ergonomic}
    uintx GCTimeRatio                              = 4                                         {product} {command line}
     bool HeapDumpOnOutOfMemoryError               = true                                   {manageable} {command line}
    ccstr HeapDumpPath                             = c:\Users\HP\AppData\Roaming\Antigravity\User\workspaceStorage\ec30be9fa44441caa41ccff467e32948\redhat.java         {manageable} {command line}
   size_t InitialHeapSize                          = 104857600                                 {product} {command line}
   size_t MaxHeapSize                              = 2147483648                                {product} {command line}
   size_t MaxNewSize                               = 715653120                                 {product} {ergonomic}
   size_t MinHeapDeltaBytes                        = 524288                                    {product} {ergonomic}
   size_t MinHeapSize                              = 104857600                                 {product} {command line}
   size_t NewSize                                  = 34603008                                  {product} {ergonomic}
    uintx NonNMethodCodeHeapSize                   = 5839372                                {pd product} {ergonomic}
    uintx NonProfiledCodeHeapSize                  = 122909434                              {pd product} {ergonomic}
   size_t OldSize                                  = 70254592                                  {product} {ergonomic}
    uintx ProfiledCodeHeapSize                     = 122909434                              {pd product} {ergonomic}
    uintx ReservedCodeCacheSize                    = 251658240                              {pd product} {ergonomic}
     bool SegmentedCodeCache                       = true                                      {product} {ergonomic}
   size_t SoftMaxHeapSize                          = 2147483648                             {manageable} {ergonomic}
     bool UseCompressedOops                        = true                           {product lp64_product} {ergonomic}
     bool UseLargePagesIndividualAllocation        = false                                  {pd product} {ergonomic}
     bool UseParallelGC                            = true                                      {product} {command line}

Logging:
Log output configuration:
 #0: stdout all=off uptime,level,tags foldmultilines=false
 #1: stderr all=off uptime,level,tags foldmultilines=false

Release file:
JAVA_VERSION="21.0.10" 
MODULES="java.base java.compiler java.datatransfer java.xml java.prefs java.desktop java.instrument java.logging java.management java.security.sasl java.naming java.rmi java.management.rmi java.net.http java.scripting java.security.jgss java.transaction.xa java.sql java.sql.rowset java.xml.crypto java.se java.smartcardio jdk.accessibility jdk.internal.jvmstat jdk.attach jdk.charsets jdk.internal.opt jdk.zipfs jdk.compiler jdk.crypto.ec jdk.crypto.cryptoki jdk.crypto.mscapi jdk.dynalink jdk.internal.ed jdk.editpad jdk.hotspot.agent jdk.httpserver jdk.internal.le jdk.internal.vm.ci jdk.internal.vm.compiler jdk.internal.vm.compiler.management jdk.jartool jdk.javadoc jdk.jcmd jdk.management jdk.management.agent jdk.jconsole jdk.jdeps jdk.jdwp.agent jdk.jdi jdk.jfr jdk.jshell jdk.jsobject jdk.jstatd jdk.localedata jdk.management.jfr jdk.naming.dns jdk.naming.rmi jdk.net jdk.nio.mapmode jdk.random jdk.sctp jdk.security.auth jdk.security.jgss jdk.unsupported jdk.unsupported.desktop jdk.xml.dom" 

Environment Variables:
JAVA_HOME=C:\Program Files\Microsoft\jdk-17.0.18.8-hotspot\
PATH=C:\Program Files\Microsoft\jdk-17.0.18.8-hotspot\bin;C:\Python314\Scripts\;C:\Python314\;C:\oraclexe\app\oracle\product\10.2.0\server\bin;C:\app\HP\product\21c\dbhomeXE\bin;C:\Users\HP\Downloads\WINDOWS.X64_193000_grid_home\bin;C:\WINDOWS\system32;C:\WINDOWS;C:\WINDOWS\System32\Wbem;C:\WINDOWS\System32\WindowsPowerShell\v1.0\;C:\WINDOWS\System32\OpenSSH\;C:\Program Files\PuTTY\;C:\Program Files (x86)\;C:\Program Files\Git\cmd;C:\Program Files (x86)\Windows Kits\10\Windows Performance Toolkit\;C:\Program Files\MongoDB\Server\8.2\bin;C:\Program Files\nodejs\;C:\ProgramData\chocolatey\bin;C:\Users\HP\AppData\Local\Programs\Python\Python313\Scripts\;C:\Users\HP\AppData\Local\Programs\Python\Python313\;C:\Users\HP\AppData\Local\Programs\Python\Launcher\;C:\Users\HP\AppData\Local\Microsoft\WindowsApps;;C:\Users\HP\AppData\Local\Programs\Microsoft VS Code\bin;C:\Users\HP\Desktop\Antigravity\bin;C:\Users\HP\AppData\Roaming\npm;C:\Users\HP\AppData\Local\Microsoft\WinGet\Packages\Ngrok.Ngrok_Microsoft.Winget.Source_8wekyb3d8bbwe;
USERNAME=HP
OS=Windows_NT
PROCESSOR_IDENTIFIER=Intel64 Family 6 Model 154 Stepping 4, GenuineIntel
TMP=C:\Users\HP\AppData\Local\Temp
TEMP=C:\Users\HP\AppData\Local\Temp




Periodic native trim disabled

---------------  S Y S T E M  ---------------

OS:
 Windows 11 , 64 bit Build 22621 (10.0.22621.5415)
OS uptime: 0 days 21:46 hours
Hyper-V role detected

CPU: total 8 (initial active 8) (4 cores per cpu, 2 threads per core) family 6 model 154 stepping 4 microcode 0x42c, cx8, cmov, fxsr, ht, mmx, 3dnowpref, sse, sse2, sse3, ssse3, sse4.1, sse4.2, popcnt, lzcnt, tsc, tscinvbit, avx, avx2, aes, erms, clmul, bmi1, bmi2, adx, sha, fma, vzeroupper, clflush, clflushopt, clwb, hv, serialize, rdtscp, rdpid, fsrm, f16c, cet_ibt, cet_ss
Processor Information for processor 0
  Max Mhz: 1200, Current Mhz: 1200, Mhz Limit: 1200
Processor Information for processor 1
  Max Mhz: 1200, Current Mhz: 1200, Mhz Limit: 1200
Processor Information for processor 2
  Max Mhz: 1200, Current Mhz: 1200, Mhz Limit: 1200
Processor Information for processor 3
  Max Mhz: 1200, Current Mhz: 1200, Mhz Limit: 1200
Processor Information for processor 4
  Max Mhz: 1200, Current Mhz: 900, Mhz Limit: 900
Processor Information for processor 5
  Max Mhz: 1200, Current Mhz: 900, Mhz Limit: 900
Processor Information for processor 6
  Max Mhz: 1200, Current Mhz: 900, Mhz Limit: 900
Processor Information for processor 7
  Max Mhz: 1200, Current Mhz: 900, Mhz Limit: 900

Memory: 4k page, system-wide physical 3767M (13M free)
TotalPageFile size 15543M (AvailPageFile size 2M)
current process WorkingSet (physical memory assigned to process): 167M, peak: 184M
current process commit charge ("private bytes"): 314M, peak: 319M

vm_info: OpenJDK 64-Bit Server VM (21.0.10+7-LTS) for windows-amd64 JRE (21.0.10+7-LTS), built on 2026-01-20T00:00:00Z by "admin" with MS VC++ 17.12 (VS2022)

END.
