#
# There is insufficient memory for the Java Runtime Environment to continue.
# Native memory allocation (malloc) failed to allocate 1048576 bytes. Error detail: AllocateHeap
# Possible reasons:
#   The system is out of physical RAM or swap space
#   This process is running with CompressedOops enabled, and the Java Heap may be blocking the growth of the native heap
# Possible solutions:
#   Reduce memory load on the system
#   Increase physical memory or swap space
#   Check if swap backing store is full
#   Decrease Java heap size (-Xmx/-Xms)
#   Decrease number of Java threads
#   Decrease Java thread stack sizes (-Xss)
#   Set larger code cache with -XX:ReservedCodeCacheSize=
#   JVM is running with Unscaled Compressed Oops mode in which the Java heap is
#     placed in the first 4GB address space. The Java Heap base address is the
#     maximum limit for the native heap growth. Please use -XX:HeapBaseMinAddress
#     to set the Java Heap base and to place the Java Heap above 4GB virtual address.
# This output file may be truncated or incomplete.
#
#  Out of Memory Error (allocation.cpp:44), pid=2732, tid=7380
#
# JRE version: OpenJDK Runtime Environment Temurin-21.0.10+7 (21.0.10+7) (build 21.0.10+7-LTS)
# Java VM: OpenJDK 64-Bit Server VM Temurin-21.0.10+7 (21.0.10+7-LTS, mixed mode, sharing, tiered, compressed oops, compressed class ptrs, parallel gc, windows-amd64)
# No core dump will be written. Minidumps are not enabled by default on client versions of Windows
#

---------------  S U M M A R Y ------------

Command Line: --add-modules=ALL-SYSTEM --add-opens=java.base/java.util=ALL-UNNAMED --add-opens=java.base/java.lang=ALL-UNNAMED --add-opens=java.base/sun.nio.fs=ALL-UNNAMED -Declipse.application=org.eclipse.jdt.ls.core.id1 -Dosgi.bundles.defaultStartLevel=4 -Declipse.product=org.eclipse.jdt.ls.core.product -Djava.import.generatesMetadataFilesAtProjectRoot=false -DDetectVMInstallationsJob.disabled=true -Dfile.encoding=utf8 -XX:+UseParallelGC -XX:GCTimeRatio=4 -XX:AdaptiveSizePolicyWeight=90 -Dsun.zip.disableMemoryMapping=true -Xmx2G -Xms100m -Xlog:disable -javaagent:c:\Users\HP\.antigravity\extensions\redhat.java-1.54.0-win32-x64\lombok\lombok-1.18.39-4050.jar -XX:+HeapDumpOnOutOfMemoryError -XX:HeapDumpPath=c:\Users\HP\AppData\Roaming\Antigravity\User\workspaceStorage\ec30be9fa44441caa41ccff467e32948\redhat.java -Daether.dependencyCollector.impl=bf c:\Users\HP\.antigravity\extensions\redhat.java-1.54.0-win32-x64\server\plugins\org.eclipse.equinox.launcher_1.7.100.v20251111-0406.jar -configuration c:\Users\HP\AppData\Roaming\Antigravity\User\globalStorage\redhat.java\1.54.0\config_win -data c:\Users\HP\AppData\Roaming\Antigravity\User\workspaceStorage\ec30be9fa44441caa41ccff467e32948\redhat.java\jdt_ws --pipe=\\.\pipe\lsp-53e782e059a0151377b0809503764ac3-sock

Host: 12th Gen Intel(R) Core(TM) i3-1215U, 8 cores, 3G,  Windows 11 , 64 bit Build 22621 (10.0.22621.5415)
Time: Thu May  7 15:12:02 2026 Afr. centrale Ouest elapsed time: 528.102516 seconds (0d 0h 8m 48s)

---------------  T H R E A D  ---------------

Current thread (0x00000189decbc220):  JavaThread "Attach Listener" daemon [_thread_in_vm, id=7380, stack(0x0000006d07d00000,0x0000006d07e00000) (1024K)]

Stack: [0x0000006d07d00000,0x0000006d07e00000]
Native frames: (J=compiled Java code, j=interpreted, Vv=VM code, C=native code)
V  [jvm.dll+0x6d7a39]
V  [jvm.dll+0x8b4b26]
V  [jvm.dll+0x8b70de]
V  [jvm.dll+0x8b77c3]
V  [jvm.dll+0x284346]
V  [jvm.dll+0xc1277]
V  [jvm.dll+0x6d82e9]
V  [jvm.dll+0x1334a6]
V  [jvm.dll+0x3f857e]
V  [jvm.dll+0x85f59d]
V  [jvm.dll+0x6d626d]
C  [ucrtbase.dll+0x29333]
C  [KERNEL32.DLL+0x1259d]
C  [ntdll.dll+0x5af78]


---------------  P R O C E S S  ---------------

Threads class SMR info:
_java_thread_list=0x00000189e7865640, length=34, elements={
0x00000189c82439a0, 0x00000189c82fe030, 0x00000189decb4180, 0x00000189decb93f0,
0x00000189decbc220, 0x00000189decb66d0, 0x00000189decb7330, 0x00000189decbb290,
0x00000189e05b3500, 0x00000189e0777a10, 0x00000189e08e0930, 0x00000189e54d3800,
0x00000189e5663a30, 0x00000189e56434b0, 0x00000189e5575f10, 0x00000189e54179b0,
0x00000189e50ed9c0, 0x00000189e5049390, 0x00000189e5048d00, 0x00000189e504a740,
0x00000189e5049a20, 0x00000189e504add0, 0x00000189e63c3590, 0x00000189e63c21e0,
0x00000189e63c5cf0, 0x00000189e63c0110, 0x00000189e63c07a0, 0x00000189e63c3c20,
0x00000189e63c4fd0, 0x00000189e63c5660, 0x00000189e63bfa80, 0x00000189e63c0e30,
0x00000189e63c2f00, 0x00000189e63c70a0
}

Java Threads: ( => current thread )
  0x00000189c82439a0 JavaThread "main"                              [_thread_blocked, id=16480, stack(0x0000006d07600000,0x0000006d07700000) (1024K)]
  0x00000189c82fe030 JavaThread "Reference Handler"          daemon [_thread_blocked, id=9140, stack(0x0000006d07a00000,0x0000006d07b00000) (1024K)]
  0x00000189decb4180 JavaThread "Finalizer"                  daemon [_thread_blocked, id=18020, stack(0x0000006d07b00000,0x0000006d07c00000) (1024K)]
  0x00000189decb93f0 JavaThread "Signal Dispatcher"          daemon [_thread_blocked, id=4952, stack(0x0000006d07c00000,0x0000006d07d00000) (1024K)]
=>0x00000189decbc220 JavaThread "Attach Listener"            daemon [_thread_in_vm, id=7380, stack(0x0000006d07d00000,0x0000006d07e00000) (1024K)]
  0x00000189decb66d0 JavaThread "Service Thread"             daemon [_thread_blocked, id=2092, stack(0x0000006d07e00000,0x0000006d07f00000) (1024K)]
  0x00000189decb7330 JavaThread "Monitor Deflation Thread"   daemon [_thread_blocked, id=4680, stack(0x0000006d07f00000,0x0000006d08000000) (1024K)]
  0x00000189decbb290 JavaThread "C2 CompilerThread0"         daemon [_thread_blocked, id=15108, stack(0x0000006d08000000,0x0000006d08100000) (1024K)]
  0x00000189e05b3500 JavaThread "C1 CompilerThread0"         daemon [_thread_blocked, id=16488, stack(0x0000006d08100000,0x0000006d08200000) (1024K)]
  0x00000189e0777a10 JavaThread "Common-Cleaner"             daemon [_thread_blocked, id=10488, stack(0x0000006d08200000,0x0000006d08300000) (1024K)]
  0x00000189e08e0930 JavaThread "Notification Thread"        daemon [_thread_blocked, id=5300, stack(0x0000006d08300000,0x0000006d08400000) (1024K)]
  0x00000189e54d3800 JavaThread "Active Thread: Equinox Container: 1bb88fc5-cea6-448c-a655-324d660ebfdc"        [_thread_blocked, id=13136, stack(0x0000006d08a00000,0x0000006d08b00000) (1024K)]
  0x00000189e5663a30 JavaThread "Refresh Thread: Equinox Container: 1bb88fc5-cea6-448c-a655-324d660ebfdc" daemon [_thread_blocked, id=16100, stack(0x0000006d08c00000,0x0000006d08d00000) (1024K)]
  0x00000189e56434b0 JavaThread "Framework Event Dispatcher: Equinox Container: 1bb88fc5-cea6-448c-a655-324d660ebfdc" daemon [_thread_blocked, id=8872, stack(0x0000006d08d00000,0x0000006d08e00000) (1024K)]
  0x00000189e5575f10 JavaThread "Start Level: Equinox Container: 1bb88fc5-cea6-448c-a655-324d660ebfdc" daemon [_thread_blocked, id=19028, stack(0x0000006d08e00000,0x0000006d08f00000) (1024K)]
  0x00000189e54179b0 JavaThread "Bundle File Closer"         daemon [_thread_blocked, id=15624, stack(0x0000006d08f00000,0x0000006d09000000) (1024K)]
  0x00000189e50ed9c0 JavaThread "SCR Component Actor"        daemon [_thread_blocked, id=18784, stack(0x0000006d09000000,0x0000006d09100000) (1024K)]
  0x00000189e5049390 JavaThread "Worker-JM"                         [_thread_blocked, id=4172, stack(0x0000006d09100000,0x0000006d09200000) (1024K)]
  0x00000189e5048d00 JavaThread "JNA Cleaner"                daemon [_thread_blocked, id=2592, stack(0x0000006d09200000,0x0000006d09300000) (1024K)]
  0x00000189e504a740 JavaThread "Worker-1"                          [_thread_blocked, id=6528, stack(0x0000006d09400000,0x0000006d09500000) (1024K)]
  0x00000189e5049a20 JavaThread "Java indexing"              daemon [_thread_blocked, id=6700, stack(0x0000006d09600000,0x0000006d09700000) (1024K)]
  0x00000189e504add0 JavaThread "Worker-3"                          [_thread_blocked, id=17116, stack(0x0000006d09900000,0x0000006d09a00000) (1024K)]
  0x00000189e63c3590 JavaThread "Thread-1"                   daemon [_thread_in_native, id=68, stack(0x0000006d09b00000,0x0000006d09c00000) (1024K)]
  0x00000189e63c21e0 JavaThread "Thread-2"                   daemon [_thread_in_native, id=1848, stack(0x0000006d09c00000,0x0000006d09d00000) (1024K)]
  0x00000189e63c5cf0 JavaThread "Thread-3"                   daemon [_thread_in_native, id=7364, stack(0x0000006d09d00000,0x0000006d09e00000) (1024K)]
  0x00000189e63c0110 JavaThread "Thread-4"                   daemon [_thread_in_native, id=1812, stack(0x0000006d09e00000,0x0000006d09f00000) (1024K)]
  0x00000189e63c07a0 JavaThread "Thread-5"                   daemon [_thread_in_native, id=19384, stack(0x0000006d09f00000,0x0000006d0a000000) (1024K)]
  0x00000189e63c3c20 JavaThread "Thread-6"                   daemon [_thread_in_native, id=18652, stack(0x0000006d0a000000,0x0000006d0a100000) (1024K)]
  0x00000189e63c4fd0 JavaThread "Thread-7"                   daemon [_thread_in_native, id=6964, stack(0x0000006d0a100000,0x0000006d0a200000) (1024K)]
  0x00000189e63c5660 JavaThread "Thread-8"                   daemon [_thread_in_native, id=17048, stack(0x0000006d0a200000,0x0000006d0a300000) (1024K)]
  0x00000189e63bfa80 JavaThread "Thread-9"                   daemon [_thread_in_native, id=16828, stack(0x0000006d0a300000,0x0000006d0a400000) (1024K)]
  0x00000189e63c0e30 JavaThread "pool-2-thread-1"                   [_thread_blocked, id=16936, stack(0x0000006d0a400000,0x0000006d0a500000) (1024K)]
  0x00000189e63c2f00 JavaThread "WorkspaceEventsHandler"            [_thread_blocked, id=16680, stack(0x0000006d0a500000,0x0000006d0a600000) (1024K)]
  0x00000189e63c70a0 JavaThread "pool-1-thread-1"                   [_thread_blocked, id=10756, stack(0x0000006d0a600000,0x0000006d0a700000) (1024K)]
Total: 34

Other Threads:
  0x00000189c82e18b0 VMThread "VM Thread"                           [id=16516, stack(0x0000006d07900000,0x0000006d07a00000) (1024K)]
  0x00000189debcca10 WatcherThread "VM Periodic Task Thread"        [id=16816, stack(0x0000006d07800000,0x0000006d07900000) (1024K)]
  0x00000189c8262d30 WorkerThread "GC Thread#0"                     [id=10232, stack(0x0000006d07700000,0x0000006d07800000) (1024K)]
  0x00000189e50e1a30 WorkerThread "GC Thread#1"                     [id=8636, stack(0x0000006d08400000,0x0000006d08500000) (1024K)]
  0x00000189e5274770 WorkerThread "GC Thread#2"                     [id=11728, stack(0x0000006d08500000,0x0000006d08600000) (1024K)]
  0x00000189e50e1de0 WorkerThread "GC Thread#3"                     [id=4948, stack(0x0000006d08600000,0x0000006d08700000) (1024K)]
  0x00000189e08cacf0 WorkerThread "GC Thread#4"                     [id=8176, stack(0x0000006d08700000,0x0000006d08800000) (1024K)]
  0x00000189e08cb0a0 WorkerThread "GC Thread#5"                     [id=18204, stack(0x0000006d08800000,0x0000006d08900000) (1024K)]
  0x00000189e08cb450 WorkerThread "GC Thread#6"                     [id=2100, stack(0x0000006d08900000,0x0000006d08a00000) (1024K)]
  0x00000189e5662e60 WorkerThread "GC Thread#7"                     [id=3576, stack(0x0000006d08b00000,0x0000006d08c00000) (1024K)]
Total: 10

Threads with active compile tasks:
Total: 0

VM state: not at safepoint (normal execution)

VM Mutex/Monitor currently owned by a thread: None

Heap address: 0x0000000080000000, size: 2048 MB, Compressed Oops mode: 32-bit

CDS archive(s) mapped at: [0x0000018980000000-0x0000018980ba0000-0x0000018980ba0000), size 12189696, SharedBaseAddress: 0x0000018980000000, ArchiveRelocationMode: 1.
Compressed class space mapped at: 0x0000018981000000-0x00000189c1000000, reserved size: 1073741824
Narrow klass base: 0x0000018980000000, Narrow klass shift: 0, Narrow klass range: 0x100000000

GC Precious Log:
 CardTable entry size: 512
 CPUs: 8 total, 8 available
 Memory: 3767M
 Large Page Support: Disabled
 NUMA Support: Disabled
 Compressed Oops: Enabled (32-bit)
 Alignments: Space 512K, Generation 512K, Heap 2M
 Heap Min Capacity: 100M
 Heap Initial Capacity: 100M
 Heap Max Capacity: 2G
 Pre-touch: Disabled
 Parallel Workers: 8

Heap:
 PSYoungGen      total 10240K, used 6372K [0x00000000d5580000, 0x00000000d6500000, 0x0000000100000000)
  eden space 9728K, 60% used [0x00000000d5580000,0x00000000d5b3eae8,0x00000000d5f00000)
  from space 512K, 95% used [0x00000000d5f80000,0x00000000d5ffa608,0x00000000d6000000)
  to   space 3072K, 0% used [0x00000000d6200000,0x00000000d6200000,0x00000000d6500000)
 ParOldGen       total 83456K, used 83174K [0x0000000080000000, 0x0000000085180000, 0x00000000d5580000)
  object space 83456K, 99% used [0x0000000080000000,0x0000000085139b28,0x0000000085180000)
 Metaspace       used 64916K, committed 66496K, reserved 1114112K
  class space    used 6707K, committed 7360K, reserved 1048576K

Card table byte_map: [0x00000189c7c10000,0x00000189c8020000] _byte_map_base: 0x00000189c7810000

Marking Bits: (ParMarkBitMap*) 0x00007ffb24ba3450
 Begin Bits: [0x00000189da6f0000, 0x00000189dc6f0000)
 End Bits:   [0x00000189dc6f0000, 0x00000189de6f0000)

Polling page: 0x00000189c7a00000

Metaspace:

Usage:
  Non-class:     56.84 MB used.
      Class:      6.55 MB used.
       Both:     63.39 MB used.

Virtual space:
  Non-class space:       64.00 MB reserved,      57.75 MB ( 90%) committed,  1 nodes.
      Class space:        1.00 GB reserved,       7.19 MB ( <1%) committed,  1 nodes.
             Both:        1.06 GB reserved,      64.94 MB (  6%) committed. 

Chunk freelists:
   Non-Class:  6.23 MB
       Class:  8.79 MB
        Both:  15.03 MB

MaxMetaspaceSize: unlimited
CompressedClassSpaceSize: 1.00 GB
Initial GC threshold: 21.00 MB
Current GC threshold: 97.31 MB
CDS: on
 - commit_granule_bytes: 65536.
 - commit_granule_words: 8192.
 - virtual_space_node_default_size: 8388608.
 - enlarge_chunks_in_place: 1.
 - use_allocation_guard: 0.


Internal statistics:

num_allocs_failed_limit: 9.
num_arena_births: 1220.
num_arena_deaths: 14.
num_vsnodes_births: 2.
num_vsnodes_deaths: 0.
num_space_committed: 1039.
num_space_uncommitted: 0.
num_chunks_returned_to_freelist: 23.
num_chunks_taken_from_freelist: 4313.
num_chunk_merges: 12.
num_chunk_splits: 2652.
num_chunks_enlarged: 1481.
num_inconsistent_stats: 0.

CodeHeap 'non-profiled nmethods': size=120000Kb used=7373Kb max_used=7373Kb free=112626Kb
 bounds [0x00000189d2f10000, 0x00000189d3650000, 0x00000189da440000]
CodeHeap 'profiled nmethods': size=120000Kb used=30213Kb max_used=30213Kb free=89786Kb
 bounds [0x00000189cb440000, 0x00000189cd1d0000, 0x00000189d2970000]
CodeHeap 'non-nmethods': size=5760Kb used=1429Kb max_used=1515Kb free=4330Kb
 bounds [0x00000189d2970000, 0x00000189d2be0000, 0x00000189d2f10000]
CodeCache: size=245760Kb, used=39015Kb, max_used=39101Kb, free=206742Kb
 total_blobs=13388, nmethods=12654, adapters=637, full_count=0
Compilation: enabled, stopped_count=0, restarted_count=0

Compilation events (20 events):
Event: 192.096 Thread 0x00000189decbb290 13372   !   4       java.io.WinNTFileSystem::isInvalid (78 bytes)
Event: 192.100 Thread 0x00000189decbb290 nmethod 13372 0x00000189d3641510 code [0x00000189d36416c0, 0x00000189d3641950]
Event: 192.100 Thread 0x00000189decbb290 13374       4       org.eclipse.core.internal.resources.Project::internalGetDescription (21 bytes)
Event: 192.122 Thread 0x00000189decbb290 nmethod 13374 0x00000189d3641b90 code [0x00000189d3641dc0, 0x00000189d3642810]
Event: 215.162 Thread 0x00000189decbb290 13410       4       java.util.concurrent.locks.ReentrantLock::lock (8 bytes)
Event: 215.173 Thread 0x00000189decbb290 nmethod 13410 0x00000189d3642e90 code [0x00000189d3643040, 0x00000189d36431b0]
Event: 311.062 Thread 0x00000189e05b3500 13411       3       java.util.concurrent.locks.ReentrantLock$NonfairSync::tryAcquire (27 bytes)
Event: 311.069 Thread 0x00000189e05b3500 nmethod 13411 0x00000189cd1bf710 code [0x00000189cd1bf8c0, 0x00000189cd1bfb08]
Event: 325.272 Thread 0x00000189e05b3500 13412       3       java.util.concurrent.Executors$RunnableAdapter::call (14 bytes)
Event: 325.277 Thread 0x00000189e05b3500 nmethod 13412 0x00000189cd1bfc10 code [0x00000189cd1bfdc0, 0x00000189cd1bffa8]
Event: 344.876 Thread 0x00000189e05b3500 13413       3       java.util.concurrent.locks.AbstractQueuedSynchronizer$ConditionObject::canReacquire (38 bytes)
Event: 344.879 Thread 0x00000189e05b3500 nmethod 13413 0x00000189cd1c0090 code [0x00000189cd1c0260, 0x00000189cd1c05a8]
Event: 405.347 Thread 0x00000189decbb290 13414       4       java.util.concurrent.locks.AbstractQueuedSynchronizer$ConditionObject::signal (34 bytes)
Event: 405.428 Thread 0x00000189decbb290 nmethod 13414 0x00000189d3643310 code [0x00000189d36434c0, 0x00000189d36435f8]
Event: 425.355 Thread 0x00000189e05b3500 13415       3       java.util.concurrent.ThreadPoolExecutor$Worker::unlock (7 bytes)
Event: 425.362 Thread 0x00000189e05b3500 nmethod 13415 0x00000189cd1c0710 code [0x00000189cd1c08e0, 0x00000189cd1c0b38]
Event: 425.362 Thread 0x00000189e05b3500 13416       3       java.util.concurrent.ThreadPoolExecutor$Worker::tryRelease (12 bytes)
Event: 425.363 Thread 0x00000189e05b3500 nmethod 13416 0x00000189cd1c0c90 code [0x00000189cd1c0e20, 0x00000189cd1c0f88]
Event: 485.403 Thread 0x00000189e05b3500 13417       3       java.util.concurrent.ThreadPoolExecutor$Worker::tryAcquire (20 bytes)
Event: 485.406 Thread 0x00000189e05b3500 nmethod 13417 0x00000189cd1c1010 code [0x00000189cd1c11c0, 0x00000189cd1c13c8]

GC Heap History (20 events):
Event: 43.064 GC heap before
{Heap before GC invocations=99 (full 3):
 PSYoungGen      total 12288K, used 11956K [0x00000000d5580000, 0x00000000d6300000, 0x0000000100000000)
  eden space 11264K, 100% used [0x00000000d5580000,0x00000000d6080000,0x00000000d6080000)
  from space 1024K, 67% used [0x00000000d6100000,0x00000000d61ad200,0x00000000d6200000)
  to   space 1024K, 0% used [0x00000000d6200000,0x00000000d6200000,0x00000000d6300000)
 ParOldGen       total 75776K, used 75412K [0x0000000080000000, 0x0000000084a00000, 0x00000000d5580000)
  object space 75776K, 99% used [0x0000000080000000,0x00000000849a5348,0x0000000084a00000)
 Metaspace       used 64260K, committed 65728K, reserved 1114112K
  class space    used 6691K, committed 7296K, reserved 1048576K
}
Event: 43.068 GC heap after
{Heap after GC invocations=99 (full 3):
 PSYoungGen      total 10752K, used 1022K [0x00000000d5580000, 0x00000000d6680000, 0x0000000100000000)
  eden space 9728K, 0% used [0x00000000d5580000,0x00000000d5580000,0x00000000d5f00000)
  from space 1024K, 99% used [0x00000000d6200000,0x00000000d62ffbe8,0x00000000d6300000)
  to   space 3072K, 0% used [0x00000000d5f00000,0x00000000d5f00000,0x00000000d6200000)
 ParOldGen       total 77312K, used 76924K [0x0000000080000000, 0x0000000084b80000, 0x00000000d5580000)
  object space 77312K, 99% used [0x0000000080000000,0x0000000084b1f378,0x0000000084b80000)
 Metaspace       used 64260K, committed 65728K, reserved 1114112K
  class space    used 6691K, committed 7296K, reserved 1048576K
}
Event: 43.323 GC heap before
{Heap before GC invocations=100 (full 3):
 PSYoungGen      total 10752K, used 10750K [0x00000000d5580000, 0x00000000d6680000, 0x0000000100000000)
  eden space 9728K, 100% used [0x00000000d5580000,0x00000000d5f00000,0x00000000d5f00000)
  from space 1024K, 99% used [0x00000000d6200000,0x00000000d62ffbe8,0x00000000d6300000)
  to   space 3072K, 0% used [0x00000000d5f00000,0x00000000d5f00000,0x00000000d6200000)
 ParOldGen       total 77312K, used 76924K [0x0000000080000000, 0x0000000084b80000, 0x00000000d5580000)
  object space 77312K, 99% used [0x0000000080000000,0x0000000084b1f378,0x0000000084b80000)
 Metaspace       used 64409K, committed 65984K, reserved 1114112K
  class space    used 6693K, committed 7360K, reserved 1048576K
}
Event: 43.327 GC heap after
{Heap after GC invocations=100 (full 3):
 PSYoungGen      total 11264K, used 1337K [0x00000000d5580000, 0x00000000d6300000, 0x0000000100000000)
  eden space 9728K, 0% used [0x00000000d5580000,0x00000000d5580000,0x00000000d5f00000)
  from space 1536K, 87% used [0x00000000d5f00000,0x00000000d604e420,0x00000000d6080000)
  to   space 2048K, 0% used [0x00000000d6100000,0x00000000d6100000,0x00000000d6300000)
 ParOldGen       total 78336K, used 77937K [0x0000000080000000, 0x0000000084c80000, 0x00000000d5580000)
  object space 78336K, 99% used [0x0000000080000000,0x0000000084c1c418,0x0000000084c80000)
 Metaspace       used 64409K, committed 65984K, reserved 1114112K
  class space    used 6693K, committed 7360K, reserved 1048576K
}
Event: 43.523 GC heap before
{Heap before GC invocations=101 (full 3):
 PSYoungGen      total 11264K, used 11065K [0x00000000d5580000, 0x00000000d6300000, 0x0000000100000000)
  eden space 9728K, 100% used [0x00000000d5580000,0x00000000d5f00000,0x00000000d5f00000)
  from space 1536K, 87% used [0x00000000d5f00000,0x00000000d604e420,0x00000000d6080000)
  to   space 2048K, 0% used [0x00000000d6100000,0x00000000d6100000,0x00000000d6300000)
 ParOldGen       total 78336K, used 77937K [0x0000000080000000, 0x0000000084c80000, 0x00000000d5580000)
  object space 78336K, 99% used [0x0000000080000000,0x0000000084c1c418,0x0000000084c80000)
 Metaspace       used 64472K, committed 66048K, reserved 1114112K
  class space    used 6693K, committed 7360K, reserved 1048576K
}
Event: 43.526 GC heap after
{Heap after GC invocations=101 (full 3):
 PSYoungGen      total 11776K, used 1920K [0x00000000d5580000, 0x00000000d6300000, 0x0000000100000000)
  eden space 9728K, 0% used [0x00000000d5580000,0x00000000d5580000,0x00000000d5f00000)
  from space 2048K, 93% used [0x00000000d6100000,0x00000000d62e0020,0x00000000d6300000)
  to   space 2048K, 0% used [0x00000000d5f00000,0x00000000d5f00000,0x00000000d6100000)
 ParOldGen       total 79360K, used 79129K [0x0000000080000000, 0x0000000084d80000, 0x00000000d5580000)
  object space 79360K, 99% used [0x0000000080000000,0x0000000084d46520,0x0000000084d80000)
 Metaspace       used 64472K, committed 66048K, reserved 1114112K
  class space    used 6693K, committed 7360K, reserved 1048576K
}
Event: 43.683 GC heap before
{Heap before GC invocations=102 (full 3):
 PSYoungGen      total 11776K, used 11648K [0x00000000d5580000, 0x00000000d6300000, 0x0000000100000000)
  eden space 9728K, 100% used [0x00000000d5580000,0x00000000d5f00000,0x00000000d5f00000)
  from space 2048K, 93% used [0x00000000d6100000,0x00000000d62e0020,0x00000000d6300000)
  to   space 2048K, 0% used [0x00000000d5f00000,0x00000000d5f00000,0x00000000d6100000)
 ParOldGen       total 79360K, used 79129K [0x0000000080000000, 0x0000000084d80000, 0x00000000d5580000)
  object space 79360K, 99% used [0x0000000080000000,0x0000000084d46520,0x0000000084d80000)
 Metaspace       used 64531K, committed 66176K, reserved 1114112K
  class space    used 6694K, committed 7360K, reserved 1048576K
}
Event: 43.686 GC heap after
{Heap after GC invocations=102 (full 3):
 PSYoungGen      total 10752K, used 571K [0x00000000d5580000, 0x00000000d6200000, 0x0000000100000000)
  eden space 9728K, 0% used [0x00000000d5580000,0x00000000d5580000,0x00000000d5f00000)
  from space 1024K, 55% used [0x00000000d5f00000,0x00000000d5f8efe0,0x00000000d6000000)
  to   space 1536K, 0% used [0x00000000d6080000,0x00000000d6080000,0x00000000d6200000)
 ParOldGen       total 80384K, used 80302K [0x0000000080000000, 0x0000000084e80000, 0x00000000d5580000)
  object space 80384K, 99% used [0x0000000080000000,0x0000000084e6ba10,0x0000000084e80000)
 Metaspace       used 64531K, committed 66176K, reserved 1114112K
  class space    used 6694K, committed 7360K, reserved 1048576K
}
Event: 43.790 GC heap before
{Heap before GC invocations=103 (full 3):
 PSYoungGen      total 10752K, used 10299K [0x00000000d5580000, 0x00000000d6200000, 0x0000000100000000)
  eden space 9728K, 100% used [0x00000000d5580000,0x00000000d5f00000,0x00000000d5f00000)
  from space 1024K, 55% used [0x00000000d5f00000,0x00000000d5f8efe0,0x00000000d6000000)
  to   space 1536K, 0% used [0x00000000d6080000,0x00000000d6080000,0x00000000d6200000)
 ParOldGen       total 80384K, used 80302K [0x0000000080000000, 0x0000000084e80000, 0x00000000d5580000)
  object space 80384K, 99% used [0x0000000080000000,0x0000000084e6ba10,0x0000000084e80000)
 Metaspace       used 64568K, committed 66176K, reserved 1114112K
  class space    used 6694K, committed 7360K, reserved 1048576K
}
Event: 43.791 GC heap after
{Heap after GC invocations=103 (full 3):
 PSYoungGen      total 10752K, used 914K [0x00000000d5580000, 0x00000000d6180000, 0x0000000100000000)
  eden space 9728K, 0% used [0x00000000d5580000,0x00000000d5580000,0x00000000d5f00000)
  from space 1024K, 89% used [0x00000000d6080000,0x00000000d6164bb0,0x00000000d6180000)
  to   space 1024K, 0% used [0x00000000d5f00000,0x00000000d5f00000,0x00000000d6000000)
 ParOldGen       total 80896K, used 80595K [0x0000000080000000, 0x0000000084f00000, 0x00000000d5580000)
  object space 80896K, 99% used [0x0000000080000000,0x0000000084eb4df0,0x0000000084f00000)
 Metaspace       used 64568K, committed 66176K, reserved 1114112K
  class space    used 6694K, committed 7360K, reserved 1048576K
}
Event: 43.895 GC heap before
{Heap before GC invocations=104 (full 3):
 PSYoungGen      total 10752K, used 10642K [0x00000000d5580000, 0x00000000d6180000, 0x0000000100000000)
  eden space 9728K, 100% used [0x00000000d5580000,0x00000000d5f00000,0x00000000d5f00000)
  from space 1024K, 89% used [0x00000000d6080000,0x00000000d6164bb0,0x00000000d6180000)
  to   space 1024K, 0% used [0x00000000d5f00000,0x00000000d5f00000,0x00000000d6000000)
 ParOldGen       total 80896K, used 80595K [0x0000000080000000, 0x0000000084f00000, 0x00000000d5580000)
  object space 80896K, 99% used [0x0000000080000000,0x0000000084eb4df0,0x0000000084f00000)
 Metaspace       used 64604K, committed 66240K, reserved 1114112K
  class space    used 6694K, committed 7360K, reserved 1048576K
}
Event: 43.896 GC heap after
{Heap after GC invocations=104 (full 3):
 PSYoungGen      total 10752K, used 564K [0x00000000d5580000, 0x00000000d6100000, 0x0000000100000000)
  eden space 9728K, 0% used [0x00000000d5580000,0x00000000d5580000,0x00000000d5f00000)
  from space 1024K, 55% used [0x00000000d5f00000,0x00000000d5f8d200,0x00000000d6000000)
  to   space 1024K, 0% used [0x00000000d6000000,0x00000000d6000000,0x00000000d6100000)
 ParOldGen       total 80896K, used 80691K [0x0000000080000000, 0x0000000084f00000, 0x00000000d5580000)
  object space 80896K, 99% used [0x0000000080000000,0x0000000084eccdf0,0x0000000084f00000)
 Metaspace       used 64604K, committed 66240K, reserved 1114112K
  class space    used 6694K, committed 7360K, reserved 1048576K
}
Event: 43.985 GC heap before
{Heap before GC invocations=105 (full 3):
 PSYoungGen      total 10752K, used 10292K [0x00000000d5580000, 0x00000000d6100000, 0x0000000100000000)
  eden space 9728K, 100% used [0x00000000d5580000,0x00000000d5f00000,0x00000000d5f00000)
  from space 1024K, 55% used [0x00000000d5f00000,0x00000000d5f8d200,0x00000000d6000000)
  to   space 1024K, 0% used [0x00000000d6000000,0x00000000d6000000,0x00000000d6100000)
 ParOldGen       total 80896K, used 80691K [0x0000000080000000, 0x0000000084f00000, 0x00000000d5580000)
  object space 80896K, 99% used [0x0000000080000000,0x0000000084eccdf0,0x0000000084f00000)
 Metaspace       used 64616K, committed 66240K, reserved 1114112K
  class space    used 6694K, committed 7360K, reserved 1048576K
}
Event: 43.986 GC heap after
{Heap after GC invocations=105 (full 3):
 PSYoungGen      total 10752K, used 902K [0x00000000d5580000, 0x00000000d6100000, 0x0000000100000000)
  eden space 9728K, 0% used [0x00000000d5580000,0x00000000d5580000,0x00000000d5f00000)
  from space 1024K, 88% used [0x00000000d6000000,0x00000000d60e1bc0,0x00000000d6100000)
  to   space 1024K, 0% used [0x00000000d5f00000,0x00000000d5f00000,0x00000000d6000000)
 ParOldGen       total 80896K, used 80755K [0x0000000080000000, 0x0000000084f00000, 0x00000000d5580000)
  object space 80896K, 99% used [0x0000000080000000,0x0000000084edcdf0,0x0000000084f00000)
 Metaspace       used 64616K, committed 66240K, reserved 1114112K
  class space    used 6694K, committed 7360K, reserved 1048576K
}
Event: 44.112 GC heap before
{Heap before GC invocations=106 (full 3):
 PSYoungGen      total 10752K, used 10630K [0x00000000d5580000, 0x00000000d6100000, 0x0000000100000000)
  eden space 9728K, 99% used [0x00000000d5580000,0x00000000d5efffe0,0x00000000d5f00000)
  from space 1024K, 88% used [0x00000000d6000000,0x00000000d60e1bc0,0x00000000d6100000)
  to   space 1024K, 0% used [0x00000000d5f00000,0x00000000d5f00000,0x00000000d6000000)
 ParOldGen       total 80896K, used 80755K [0x0000000080000000, 0x0000000084f00000, 0x00000000d5580000)
  object space 80896K, 99% used [0x0000000080000000,0x0000000084edcdf0,0x0000000084f00000)
 Metaspace       used 64713K, committed 66304K, reserved 1114112K
  class space    used 6697K, committed 7360K, reserved 1048576K
}
Event: 44.113 GC heap after
{Heap after GC invocations=106 (full 3):
 PSYoungGen      total 10752K, used 403K [0x00000000d5580000, 0x00000000d6100000, 0x0000000100000000)
  eden space 9728K, 0% used [0x00000000d5580000,0x00000000d5580000,0x00000000d5f00000)
  from space 1024K, 39% used [0x00000000d5f00000,0x00000000d5f64e18,0x00000000d6000000)
  to   space 1024K, 0% used [0x00000000d6000000,0x00000000d6000000,0x00000000d6100000)
 ParOldGen       total 80896K, used 80891K [0x0000000080000000, 0x0000000084f00000, 0x00000000d5580000)
  object space 80896K, 99% used [0x0000000080000000,0x0000000084efedf0,0x0000000084f00000)
 Metaspace       used 64713K, committed 66304K, reserved 1114112K
  class space    used 6697K, committed 7360K, reserved 1048576K
}
Event: 44.325 GC heap before
{Heap before GC invocations=107 (full 3):
 PSYoungGen      total 10752K, used 10131K [0x00000000d5580000, 0x00000000d6100000, 0x0000000100000000)
  eden space 9728K, 100% used [0x00000000d5580000,0x00000000d5f00000,0x00000000d5f00000)
  from space 1024K, 39% used [0x00000000d5f00000,0x00000000d5f64e18,0x00000000d6000000)
  to   space 1024K, 0% used [0x00000000d6000000,0x00000000d6000000,0x00000000d6100000)
 ParOldGen       total 80896K, used 80891K [0x0000000080000000, 0x0000000084f00000, 0x00000000d5580000)
  object space 80896K, 99% used [0x0000000080000000,0x0000000084efedf0,0x0000000084f00000)
 Metaspace       used 64755K, committed 66368K, reserved 1114112K
  class space    used 6697K, committed 7360K, reserved 1048576K
}
Event: 44.327 GC heap after
{Heap after GC invocations=107 (full 3):
 PSYoungGen      total 10240K, used 228K [0x00000000d5580000, 0x00000000d6080000, 0x0000000100000000)
  eden space 9728K, 0% used [0x00000000d5580000,0x00000000d5580000,0x00000000d5f00000)
  from space 512K, 44% used [0x00000000d6000000,0x00000000d6039210,0x00000000d6080000)
  to   space 512K, 0% used [0x00000000d5f80000,0x00000000d5f80000,0x00000000d6000000)
 ParOldGen       total 81408K, used 81297K [0x0000000080000000, 0x0000000084f80000, 0x00000000d5580000)
  object space 81408K, 99% used [0x0000000080000000,0x0000000084f64710,0x0000000084f80000)
 Metaspace       used 64755K, committed 66368K, reserved 1114112K
  class space    used 6697K, committed 7360K, reserved 1048576K
}
Event: 44.508 GC heap before
{Heap before GC invocations=108 (full 3):
 PSYoungGen      total 10240K, used 9956K [0x00000000d5580000, 0x00000000d6080000, 0x0000000100000000)
  eden space 9728K, 100% used [0x00000000d5580000,0x00000000d5f00000,0x00000000d5f00000)
  from space 512K, 44% used [0x00000000d6000000,0x00000000d6039210,0x00000000d6080000)
  to   space 512K, 0% used [0x00000000d5f80000,0x00000000d5f80000,0x00000000d6000000)
 ParOldGen       total 81408K, used 81297K [0x0000000080000000, 0x0000000084f80000, 0x00000000d5580000)
  object space 81408K, 99% used [0x0000000080000000,0x0000000084f64710,0x0000000084f80000)
 Metaspace       used 64836K, committed 66432K, reserved 1114112K
  class space    used 6703K, committed 7360K, reserved 1048576K
}
Event: 44.511 GC heap after
{Heap after GC invocations=108 (full 3):
 PSYoungGen      total 10240K, used 489K [0x00000000d5580000, 0x00000000d6500000, 0x0000000100000000)
  eden space 9728K, 0% used [0x00000000d5580000,0x00000000d5580000,0x00000000d5f00000)
  from space 512K, 95% used [0x00000000d5f80000,0x00000000d5ffa608,0x00000000d6000000)
  to   space 3072K, 0% used [0x00000000d6200000,0x00000000d6200000,0x00000000d6500000)
 ParOldGen       total 83456K, used 83174K [0x0000000080000000, 0x0000000085180000, 0x00000000d5580000)
  object space 83456K, 99% used [0x0000000080000000,0x0000000085139b28,0x0000000085180000)
 Metaspace       used 64836K, committed 66432K, reserved 1114112K
  class space    used 6703K, committed 7360K, reserved 1048576K
}

Dll operation events (10 events):
Event: 0.038 Loaded shared library c:\Users\HP\.antigravity\extensions\redhat.java-1.54.0-win32-x64\jre\21.0.10-win32-x86_64\bin\java.dll
Event: 0.354 Loaded shared library c:\Users\HP\.antigravity\extensions\redhat.java-1.54.0-win32-x64\jre\21.0.10-win32-x86_64\bin\zip.dll
Event: 0.406 Loaded shared library C:\Users\HP\.antigravity\extensions\redhat.java-1.54.0-win32-x64\jre\21.0.10-win32-x86_64\bin\instrument.dll
Event: 0.418 Loaded shared library C:\Users\HP\.antigravity\extensions\redhat.java-1.54.0-win32-x64\jre\21.0.10-win32-x86_64\bin\net.dll
Event: 0.424 Loaded shared library C:\Users\HP\.antigravity\extensions\redhat.java-1.54.0-win32-x64\jre\21.0.10-win32-x86_64\bin\nio.dll
Event: 0.442 Loaded shared library C:\Users\HP\.antigravity\extensions\redhat.java-1.54.0-win32-x64\jre\21.0.10-win32-x86_64\bin\zip.dll
Event: 0.499 Loaded shared library C:\Users\HP\.antigravity\extensions\redhat.java-1.54.0-win32-x64\jre\21.0.10-win32-x86_64\bin\jimage.dll
Event: 0.732 Loaded shared library c:\Users\HP\.antigravity\extensions\redhat.java-1.54.0-win32-x64\jre\21.0.10-win32-x86_64\bin\verify.dll
Event: 4.197 Loaded shared library C:\Users\HP\AppData\Roaming\Antigravity\User\globalStorage\redhat.java\1.54.0\config_win\org.eclipse.equinox.launcher\org.eclipse.equinox.launcher.win32.win32.x86_64_1.3.0.v20260203-2149\eclipse_11919.dll
Event: 9.868 Loaded shared library C:\Users\HP\AppData\Local\Temp\jna-2312\jna1749190966973772683.dll

Deoptimization events (20 events):
Event: 44.446 Thread 0x00000189e504add0 Uncommon trap: trap_request=0xffffffde fr.pc=0x00000189d3597580 relative=0x0000000000000380
Event: 44.446 Thread 0x00000189e504add0 Uncommon trap: reason=class_check action=maybe_recompile pc=0x00000189d3597580 method=org.eclipse.jdt.internal.compiler.lookup.InferenceVariable.hashCode()I @ 4 c2
Event: 44.446 Thread 0x00000189e504add0 DEOPT PACKING pc=0x00000189d3597580 sp=0x0000006d099fd080
Event: 44.446 Thread 0x00000189e504add0 DEOPT UNPACKING pc=0x00000189d29c3aa2 sp=0x0000006d099fd000 mode 2
Event: 44.446 Thread 0x00000189e504add0 Uncommon trap: trap_request=0xffffffde fr.pc=0x00000189d3597580 relative=0x0000000000000380
Event: 44.446 Thread 0x00000189e504add0 Uncommon trap: reason=class_check action=maybe_recompile pc=0x00000189d3597580 method=org.eclipse.jdt.internal.compiler.lookup.InferenceVariable.hashCode()I @ 4 c2
Event: 44.446 Thread 0x00000189e504add0 DEOPT PACKING pc=0x00000189d3597580 sp=0x0000006d099fcf00
Event: 44.446 Thread 0x00000189e504add0 DEOPT UNPACKING pc=0x00000189d29c3aa2 sp=0x0000006d099fce80 mode 2
Event: 44.446 Thread 0x00000189e504add0 Uncommon trap: trap_request=0xffffffde fr.pc=0x00000189d3597580 relative=0x0000000000000380
Event: 44.446 Thread 0x00000189e504add0 Uncommon trap: reason=class_check action=maybe_recompile pc=0x00000189d3597580 method=org.eclipse.jdt.internal.compiler.lookup.InferenceVariable.hashCode()I @ 4 c2
Event: 44.446 Thread 0x00000189e504add0 DEOPT PACKING pc=0x00000189d3597580 sp=0x0000006d099fd070
Event: 44.446 Thread 0x00000189e504add0 DEOPT UNPACKING pc=0x00000189d29c3aa2 sp=0x0000006d099fcff0 mode 2
Event: 44.478 Thread 0x00000189e504add0 Uncommon trap: trap_request=0xffffff45 fr.pc=0x00000189d30ff080 relative=0x0000000000000560
Event: 44.478 Thread 0x00000189e504add0 Uncommon trap: reason=unstable_if action=reinterpret pc=0x00000189d30ff080 method=java.util.HashMap.getNode(Ljava/lang/Object;)Ljava/util/HashMap$Node; @ 131 c2
Event: 44.478 Thread 0x00000189e504add0 DEOPT PACKING pc=0x00000189d30ff080 sp=0x0000006d099fda80
Event: 44.478 Thread 0x00000189e504add0 DEOPT UNPACKING pc=0x00000189d29c3aa2 sp=0x0000006d099fd920 mode 2
Event: 191.416 Thread 0x00000189e63c70a0 Uncommon trap: trap_request=0xffffff45 fr.pc=0x00000189d35db0b8 relative=0x0000000000000278
Event: 191.417 Thread 0x00000189e63c70a0 Uncommon trap: reason=unstable_if action=reinterpret pc=0x00000189d35db0b8 method=org.eclipse.jdt.internal.core.PackageFragment.equals(Ljava/lang/Object;)Z @ 11 c2
Event: 191.417 Thread 0x00000189e63c70a0 DEOPT PACKING pc=0x00000189d35db0b8 sp=0x0000006d0a6fe2e0
Event: 191.418 Thread 0x00000189e63c70a0 DEOPT UNPACKING pc=0x00000189d29c3aa2 sp=0x0000006d0a6fe288 mode 2

Classes loaded (20 events):
Event: 35.748 Loading class sun/util/resources/TimeZoneNames
Event: 35.750 Loading class sun/util/resources/TimeZoneNames done
Event: 35.751 Loading class sun/util/resources/TimeZoneNames_en
Event: 35.751 Loading class sun/util/resources/TimeZoneNames_en done
Event: 39.988 Loading class java/util/stream/ReduceOps$4
Event: 39.989 Loading class java/util/stream/ReduceOps$4 done
Event: 39.989 Loading class java/util/stream/ReduceOps$4ReducingSink
Event: 39.989 Loading class java/util/stream/ReduceOps$4ReducingSink done
Event: 39.991 Loading class java/lang/invoke/MethodHandleImpl$CountingWrapper$1
Event: 39.992 Loading class java/lang/invoke/MethodHandleImpl$CountingWrapper$1 done
Event: 40.055 Loading class java/nio/file/Files$2
Event: 40.056 Loading class java/nio/file/Files$2 done
Event: 40.512 Loading class java/util/Collections$2
Event: 40.523 Loading class java/util/Collections$2 done
Event: 41.629 Loading class java/util/AbstractList$RandomAccessSubList
Event: 41.630 Loading class java/util/AbstractList$SubList
Event: 41.630 Loading class java/util/AbstractList$SubList done
Event: 41.630 Loading class java/util/AbstractList$RandomAccessSubList done
Event: 41.631 Loading class java/util/AbstractList$SubList$1
Event: 41.631 Loading class java/util/AbstractList$SubList$1 done

Classes unloaded (7 events):
Event: 11.609 Thread 0x00000189c82e18b0 Unloading class 0x00000189811a8c00 'java/lang/invoke/LambdaForm$MH+0x00000189811a8c00'
Event: 11.609 Thread 0x00000189c82e18b0 Unloading class 0x00000189811a8800 'java/lang/invoke/LambdaForm$MH+0x00000189811a8800'
Event: 11.609 Thread 0x00000189c82e18b0 Unloading class 0x00000189811a8400 'java/lang/invoke/LambdaForm$MH+0x00000189811a8400'
Event: 11.609 Thread 0x00000189c82e18b0 Unloading class 0x00000189811a8000 'java/lang/invoke/LambdaForm$MH+0x00000189811a8000'
Event: 11.609 Thread 0x00000189c82e18b0 Unloading class 0x00000189811a7c00 'java/lang/invoke/LambdaForm$BMH+0x00000189811a7c00'
Event: 11.609 Thread 0x00000189c82e18b0 Unloading class 0x00000189811a7800 'java/lang/invoke/LambdaForm$DMH+0x00000189811a7800'
Event: 11.609 Thread 0x00000189c82e18b0 Unloading class 0x00000189811a6400 'java/lang/invoke/LambdaForm$DMH+0x00000189811a6400'

Classes redefined (0 events):
No events

Internal exceptions (20 events):
Event: 39.898 Thread 0x00000189e627c670 Exception <a 'java/lang/NoSuchMethodError'{0x00000000d5d5a5f0}: 'void java.lang.invoke.DirectMethodHandle$Holder.invokeSpecial(java.lang.Object, java.lang.Object, java.lang.Object, java.lang.Object, java.lang.Object, java.lang.Object, java.lang.Object, java.lang.Object)'> (0x00000000d5d5a5f0) 
thrown [s\src\hotspot\share\interpreter\linkResolver.cpp, line 773]
Event: 39.899 Thread 0x00000189e62791f0 Exception <a 'java/lang/NoSuchMethodError'{0x00000000d5d94a80}: 'void java.lang.invoke.DirectMethodHandle$Holder.invokeSpecial(java.lang.Object, java.lang.Object, java.lang.Object, java.lang.Object, java.lang.Object, java.lang.Object, java.lang.Object, java.lang.Object)'> (0x00000000d5d94a80) 
thrown [s\src\hotspot\share\interpreter\linkResolver.cpp, line 773]
Event: 39.899 Thread 0x00000189e627e0b0 Exception <a 'java/lang/NoSuchMethodError'{0x00000000d5d705b8}: 'void java.lang.invoke.DirectMethodHandle$Holder.invokeSpecial(java.lang.Object, java.lang.Object, java.lang.Object, java.lang.Object, java.lang.Object, java.lang.Object, java.lang.Object, java.lang.Object)'> (0x00000000d5d705b8) 
thrown [s\src\hotspot\share\interpreter\linkResolver.cpp, line 773]
Event: 39.995 Thread 0x00000189e504add0 Exception <a 'java/lang/NoSuchMethodError'{0x00000000d5801288}: 'int java.lang.invoke.DirectMethodHandle$Holder.invokeSpecialIFC(java.lang.Object, java.lang.Object, java.lang.Object)'> (0x00000000d5801288) 
thrown [s\src\hotspot\share\interpreter\linkResolver.cpp, line 773]
Event: 40.513 Thread 0x00000189e504add0 Exception <a 'java/io/FileNotFoundException'{0x00000000d5aa5078}> (0x00000000d5aa5078) 
thrown [s\src\hotspot\share\prims\jni.cpp, line 520]
Event: 40.514 Thread 0x00000189e504add0 Exception <a 'java/io/FileNotFoundException'{0x00000000d5aa6188}> (0x00000000d5aa6188) 
thrown [s\src\hotspot\share\prims\jni.cpp, line 520]
Event: 40.514 Thread 0x00000189e504add0 Exception <a 'java/io/FileNotFoundException'{0x00000000d5aa72f8}> (0x00000000d5aa72f8) 
thrown [s\src\hotspot\share\prims\jni.cpp, line 520]
Event: 40.524 Thread 0x00000189e504a740 Exception <a 'sun/nio/fs/WindowsException'{0x00000000d5b6ddf8}> (0x00000000d5b6ddf8) 
thrown [s\src\hotspot\share\prims\jni.cpp, line 520]
Event: 40.524 Thread 0x00000189e504a740 Exception <a 'sun/nio/fs/WindowsException'{0x00000000d5b6e4d0}> (0x00000000d5b6e4d0) 
thrown [s\src\hotspot\share\prims\jni.cpp, line 520]
Event: 41.037 Thread 0x00000189e504add0 Exception <a 'java/lang/NoSuchMethodError'{0x00000000d5b66b28}: 'java.lang.Object java.lang.invoke.DirectMethodHandle$Holder.invokeStatic(java.lang.Object, java.lang.Object, int, java.lang.Object, java.lang.Object)'> (0x00000000d5b66b28) 
thrown [s\src\hotspot\share\interpreter\linkResolver.cpp, line 773]
Event: 41.092 Thread 0x00000189e63c42b0 Exception <a 'sun/nio/fs/WindowsException'{0x00000000d5cfdc00}> (0x00000000d5cfdc00) 
thrown [s\src\hotspot\share\prims\jni.cpp, line 520]
Event: 41.092 Thread 0x00000189e63c42b0 Exception <a 'sun/nio/fs/WindowsException'{0x00000000d5cfe588}> (0x00000000d5cfe588) 
thrown [s\src\hotspot\share\prims\jni.cpp, line 520]
Event: 41.093 Thread 0x00000189e63c42b0 Exception <a 'sun/nio/fs/WindowsException'{0x00000000d5cff4f8}> (0x00000000d5cff4f8) 
thrown [s\src\hotspot\share\prims\jni.cpp, line 520]
Event: 41.093 Thread 0x00000189e63c42b0 Exception <a 'sun/nio/fs/WindowsException'{0x00000000d5cffe80}> (0x00000000d5cffe80) 
thrown [s\src\hotspot\share\prims\jni.cpp, line 520]
Event: 41.094 Thread 0x00000189e63c42b0 Exception <a 'sun/nio/fs/WindowsException'{0x00000000d5d018b8}> (0x00000000d5d018b8) 
thrown [s\src\hotspot\share\prims\jni.cpp, line 520]
Event: 41.094 Thread 0x00000189e63c42b0 Exception <a 'sun/nio/fs/WindowsException'{0x00000000d5d02240}> (0x00000000d5d02240) 
thrown [s\src\hotspot\share\prims\jni.cpp, line 520]
Event: 41.101 Thread 0x00000189e63c42b0 Exception <a 'sun/nio/fs/WindowsException'{0x00000000d5e8c550}> (0x00000000d5e8c550) 
thrown [s\src\hotspot\share\prims\jni.cpp, line 520]
Event: 41.101 Thread 0x00000189e63c42b0 Exception <a 'sun/nio/fs/WindowsException'{0x00000000d5e8ced8}> (0x00000000d5e8ced8) 
thrown [s\src\hotspot\share\prims\jni.cpp, line 520]
Event: 41.795 Thread 0x00000189e504a740 Exception <a 'java/lang/NoSuchMethodError'{0x00000000d57265e8}: 'java.lang.Object java.lang.invoke.DirectMethodHandle$Holder.invokeStatic(java.lang.Object, java.lang.Object, int, java.lang.Object)'> (0x00000000d57265e8) 
thrown [s\src\hotspot\share\interpreter\linkResolver.cpp, line 773]
Event: 41.796 Thread 0x00000189e504a740 Exception <a 'java/lang/NoSuchMethodError'{0x00000000d572cf60}: 'java.lang.Object java.lang.invoke.DirectMethodHandle$Holder.newInvokeSpecial(java.lang.Object, java.lang.Object, int)'> (0x00000000d572cf60) 
thrown [s\src\hotspot\share\interpreter\linkResolver.cpp, line 773]

ZGC Phase Switch (0 events):
No events

VM Operations (20 events):
Event: 192.361 Executing safepoint VM operation: Cleanup
Event: 192.363 Executing safepoint VM operation: Cleanup done
Event: 315.434 Executing safepoint VM operation: Cleanup
Event: 315.437 Executing safepoint VM operation: Cleanup done
Event: 335.632 Executing safepoint VM operation: Cleanup
Event: 335.632 Executing safepoint VM operation: Cleanup done
Event: 336.640 Executing safepoint VM operation: Cleanup
Event: 336.640 Executing safepoint VM operation: Cleanup done
Event: 360.600 Executing non-safepoint VM operation: HandshakeAllThreads (HandshakeForDeflation)
Event: 360.600 Executing non-safepoint VM operation: HandshakeAllThreads (HandshakeForDeflation) done
Event: 360.600 Executing non-safepoint VM operation: RendezvousGCThreads
Event: 360.600 Executing non-safepoint VM operation: RendezvousGCThreads done
Event: 420.654 Executing non-safepoint VM operation: HandshakeAllThreads (HandshakeForDeflation)
Event: 420.659 Executing non-safepoint VM operation: HandshakeAllThreads (HandshakeForDeflation) done
Event: 420.659 Executing non-safepoint VM operation: RendezvousGCThreads
Event: 420.659 Executing non-safepoint VM operation: RendezvousGCThreads done
Event: 480.790 Executing non-safepoint VM operation: HandshakeAllThreads (HandshakeForDeflation)
Event: 480.791 Executing non-safepoint VM operation: HandshakeAllThreads (HandshakeForDeflation) done
Event: 480.791 Executing non-safepoint VM operation: RendezvousGCThreads
Event: 480.791 Executing non-safepoint VM operation: RendezvousGCThreads done

Memory protections (0 events):
No events

Nmethod flushes (20 events):
Event: 37.429 Thread 0x00000189c82e18b0 flushing  nmethod 0x00000189cbd77f10
Event: 37.429 Thread 0x00000189c82e18b0 flushing  nmethod 0x00000189cbd78390
Event: 37.429 Thread 0x00000189c82e18b0 flushing  nmethod 0x00000189cbd78990
Event: 37.429 Thread 0x00000189c82e18b0 flushing  nmethod 0x00000189cbd78d90
Event: 37.429 Thread 0x00000189c82e18b0 flushing  nmethod 0x00000189cbd7a310
Event: 37.429 Thread 0x00000189c82e18b0 flushing  nmethod 0x00000189cbdb4b10
Event: 37.429 Thread 0x00000189c82e18b0 flushing  nmethod 0x00000189cbdb4f90
Event: 37.429 Thread 0x00000189c82e18b0 flushing  nmethod 0x00000189cbdb5510
Event: 37.429 Thread 0x00000189c82e18b0 flushing  nmethod 0x00000189cbdb5a90
Event: 37.429 Thread 0x00000189c82e18b0 flushing  nmethod 0x00000189cbdb5e10
Event: 37.429 Thread 0x00000189c82e18b0 flushing  nmethod 0x00000189cbdb6410
Event: 37.429 Thread 0x00000189c82e18b0 flushing  nmethod 0x00000189cbdb6c90
Event: 37.429 Thread 0x00000189c82e18b0 flushing  nmethod 0x00000189cbdb7190
Event: 37.429 Thread 0x00000189c82e18b0 flushing  nmethod 0x00000189cbdb8b10
Event: 37.429 Thread 0x00000189c82e18b0 flushing  nmethod 0x00000189cbdb9610
Event: 37.429 Thread 0x00000189c82e18b0 flushing  nmethod 0x00000189cbddfc90
Event: 37.429 Thread 0x00000189c82e18b0 flushing  nmethod 0x00000189cbde6390
Event: 37.429 Thread 0x00000189c82e18b0 flushing  nmethod 0x00000189cbde6b90
Event: 37.429 Thread 0x00000189c82e18b0 flushing  nmethod 0x00000189cbde7190
Event: 37.429 Thread 0x00000189c82e18b0 flushing  nmethod 0x00000189cbdeeb10

Events (20 events):
Event: 39.875 Thread 0x00000189e504a740 Thread added: 0x00000189e627c670
Event: 39.885 Thread 0x00000189e504a740 Thread added: 0x00000189e627e0b0
Event: 39.886 Thread 0x00000189e504a740 Thread added: 0x00000189e62791f0
Event: 39.887 Thread 0x00000189e504a740 Thread added: 0x00000189e627cd00
Event: 39.887 Thread 0x00000189e504a740 Thread added: 0x00000189e627e740
Event: 40.436 Thread 0x00000189e627c670 Thread exited: 0x00000189e627c670
Event: 40.436 Thread 0x00000189e627e0b0 Thread exited: 0x00000189e627e0b0
Event: 40.436 Thread 0x00000189e627cd00 Thread exited: 0x00000189e627cd00
Event: 40.436 Thread 0x00000189e627e740 Thread exited: 0x00000189e627e740
Event: 40.437 Thread 0x00000189e62791f0 Thread exited: 0x00000189e62791f0
Event: 101.612 Thread 0x00000189e5048670 Thread exited: 0x00000189e5048670
Event: 101.643 Thread 0x00000189e504baf0 Thread exited: 0x00000189e504baf0
Event: 101.685 Thread 0x00000189e504b460 Thread exited: 0x00000189e504b460
Event: 101.763 Thread 0x00000189e63c6a10 Thread exited: 0x00000189e63c6a10
Event: 161.792 Thread 0x00000189e63c42b0 Thread exited: 0x00000189e63c42b0
Event: 221.804 Thread 0x00000189e63c14c0 Thread exited: 0x00000189e63c14c0
Event: 281.803 Thread 0x00000189e63c1b50 Thread exited: 0x00000189e63c1b50
Event: 342.761 Thread 0x00000189e63c2870 Thread exited: 0x00000189e63c2870
Event: 402.788 Thread 0x00000189e63c4940 Thread exited: 0x00000189e63c4940
Event: 462.800 Thread 0x00000189e63c6380 Thread exited: 0x00000189e63c6380


Dynamic libraries:
0x00007ff658230000 - 0x00007ff65823e000 	c:\Users\HP\.antigravity\extensions\redhat.java-1.54.0-win32-x64\jre\21.0.10-win32-x86_64\bin\java.exe
0x00007ffbc7050000 - 0x00007ffbc7268000 	C:\WINDOWS\SYSTEM32\ntdll.dll
0x00007ffbc59f0000 - 0x00007ffbc5ab4000 	C:\WINDOWS\System32\KERNEL32.DLL
0x00007ffbc4420000 - 0x00007ffbc47f3000 	C:\WINDOWS\System32\KERNELBASE.dll
0x00007ffbc4920000 - 0x00007ffbc4a31000 	C:\WINDOWS\System32\ucrtbase.dll
0x00007ffb996c0000 - 0x00007ffb996d8000 	c:\Users\HP\.antigravity\extensions\redhat.java-1.54.0-win32-x64\jre\21.0.10-win32-x86_64\bin\jli.dll
0x00007ffbc6df0000 - 0x00007ffbc6fa2000 	C:\WINDOWS\System32\USER32.dll
0x00007ffbc4330000 - 0x00007ffbc4356000 	C:\WINDOWS\System32\win32u.dll
0x00007ffbc4f70000 - 0x00007ffbc4f99000 	C:\WINDOWS\System32\GDI32.dll
0x00007ffbc4800000 - 0x00007ffbc491b000 	C:\WINDOWS\System32\gdi32full.dll
0x00007ffbc4290000 - 0x00007ffbc432a000 	C:\WINDOWS\System32\msvcp_win.dll
0x00007ffb91ba0000 - 0x00007ffb91bbe000 	c:\Users\HP\.antigravity\extensions\redhat.java-1.54.0-win32-x64\jre\21.0.10-win32-x86_64\bin\VCRUNTIME140.dll
0x00007ffba5120000 - 0x00007ffba53bc000 	C:\WINDOWS\WinSxS\amd64_microsoft.windows.common-controls_6595b64144ccf1df_6.0.22621.6060_none_2712eda17382d24b\COMCTL32.dll
0x00007ffbc65e0000 - 0x00007ffbc6687000 	C:\WINDOWS\System32\msvcrt.dll
0x00007ffbc59b0000 - 0x00007ffbc59e1000 	C:\WINDOWS\System32\IMM32.DLL
0x00007ffbbaac0000 - 0x00007ffbbaacc000 	c:\Users\HP\.antigravity\extensions\redhat.java-1.54.0-win32-x64\jre\21.0.10-win32-x86_64\bin\vcruntime140_1.dll
0x00007ffb88000000 - 0x00007ffb8808d000 	c:\Users\HP\.antigravity\extensions\redhat.java-1.54.0-win32-x64\jre\21.0.10-win32-x86_64\bin\msvcp140.dll
0x00007ffb23ee0000 - 0x00007ffb24c81000 	c:\Users\HP\.antigravity\extensions\redhat.java-1.54.0-win32-x64\jre\21.0.10-win32-x86_64\bin\server\jvm.dll
0x00007ffbc4eb0000 - 0x00007ffbc4f61000 	C:\WINDOWS\System32\ADVAPI32.dll
0x00007ffbc6700000 - 0x00007ffbc67a8000 	C:\WINDOWS\System32\sechost.dll
0x00007ffbc4160000 - 0x00007ffbc4188000 	C:\WINDOWS\System32\bcrypt.dll
0x00007ffbc5390000 - 0x00007ffbc54a8000 	C:\WINDOWS\System32\RPCRT4.dll
0x00007ffbc5110000 - 0x00007ffbc5181000 	C:\WINDOWS\System32\WS2_32.dll
0x00007ffbc4030000 - 0x00007ffbc407d000 	C:\WINDOWS\SYSTEM32\POWRPROF.dll
0x00007ffbb9e80000 - 0x00007ffbb9eb4000 	C:\WINDOWS\SYSTEM32\WINMM.dll
0x00007ffbb0ae0000 - 0x00007ffbb0aea000 	C:\WINDOWS\SYSTEM32\VERSION.dll
0x00007ffbc4010000 - 0x00007ffbc4023000 	C:\WINDOWS\SYSTEM32\UMPDC.dll
0x00007ffbc3100000 - 0x00007ffbc3118000 	C:\WINDOWS\SYSTEM32\kernel.appcore.dll
0x00007ffbba410000 - 0x00007ffbba41a000 	c:\Users\HP\.antigravity\extensions\redhat.java-1.54.0-win32-x64\jre\21.0.10-win32-x86_64\bin\jimage.dll
0x00007ffbc1b10000 - 0x00007ffbc1d43000 	C:\WINDOWS\SYSTEM32\DBGHELP.DLL
0x00007ffbc5500000 - 0x00007ffbc5891000 	C:\WINDOWS\System32\combase.dll
0x00007ffbc4fa0000 - 0x00007ffbc5078000 	C:\WINDOWS\System32\OLEAUT32.dll
0x00007ffba3da0000 - 0x00007ffba3dd2000 	C:\WINDOWS\SYSTEM32\dbgcore.DLL
0x00007ffbc4190000 - 0x00007ffbc420b000 	C:\WINDOWS\System32\bcryptPrimitives.dll
0x00007ffbb9f00000 - 0x00007ffbb9f0f000 	c:\Users\HP\.antigravity\extensions\redhat.java-1.54.0-win32-x64\jre\21.0.10-win32-x86_64\bin\instrument.dll
0x00007ffb91b80000 - 0x00007ffb91ba0000 	c:\Users\HP\.antigravity\extensions\redhat.java-1.54.0-win32-x64\jre\21.0.10-win32-x86_64\bin\java.dll
0x00007ffbc5b10000 - 0x00007ffbc63ac000 	C:\WINDOWS\System32\SHELL32.dll
0x00007ffbc4a40000 - 0x00007ffbc4b7f000 	C:\WINDOWS\System32\wintypes.dll
0x00007ffbc2010000 - 0x00007ffbc292a000 	C:\WINDOWS\SYSTEM32\windows.storage.dll
0x00007ffbc58a0000 - 0x00007ffbc59a4000 	C:\WINDOWS\System32\SHCORE.dll
0x00007ffbc6690000 - 0x00007ffbc66f9000 	C:\WINDOWS\System32\shlwapi.dll
0x00007ffbc4090000 - 0x00007ffbc40b5000 	C:\WINDOWS\SYSTEM32\profapi.dll
0x00007ffbb4ef0000 - 0x00007ffbb4f08000 	c:\Users\HP\.antigravity\extensions\redhat.java-1.54.0-win32-x64\jre\21.0.10-win32-x86_64\bin\zip.dll
0x00007ffbac910000 - 0x00007ffbac920000 	C:\Users\HP\.antigravity\extensions\redhat.java-1.54.0-win32-x64\jre\21.0.10-win32-x86_64\bin\net.dll
0x00007ffbbd630000 - 0x00007ffbbd75c000 	C:\WINDOWS\SYSTEM32\WINHTTP.dll
0x00007ffbc35c0000 - 0x00007ffbc3629000 	C:\WINDOWS\system32\mswsock.dll
0x00007ffb8baf0000 - 0x00007ffb8bb06000 	C:\Users\HP\.antigravity\extensions\redhat.java-1.54.0-win32-x64\jre\21.0.10-win32-x86_64\bin\nio.dll
0x00007ffba6cf0000 - 0x00007ffba6d00000 	c:\Users\HP\.antigravity\extensions\redhat.java-1.54.0-win32-x64\jre\21.0.10-win32-x86_64\bin\verify.dll
0x00007ffb88310000 - 0x00007ffb88355000 	C:\Users\HP\AppData\Roaming\Antigravity\User\globalStorage\redhat.java\1.54.0\config_win\org.eclipse.equinox.launcher\org.eclipse.equinox.launcher.win32.win32.x86_64_1.3.0.v20260203-2149\eclipse_11919.dll
0x00007ffbc63b0000 - 0x00007ffbc6551000 	C:\WINDOWS\System32\ole32.dll
0x00007ffbc3910000 - 0x00007ffbc392b000 	C:\WINDOWS\SYSTEM32\CRYPTSP.dll
0x00007ffbc3060000 - 0x00007ffbc3097000 	C:\WINDOWS\system32\rsaenh.dll
0x00007ffbc3660000 - 0x00007ffbc3688000 	C:\WINDOWS\SYSTEM32\USERENV.dll
0x00007ffbc38f0000 - 0x00007ffbc38fc000 	C:\WINDOWS\SYSTEM32\CRYPTBASE.dll
0x00007ffbc2bd0000 - 0x00007ffbc2bfd000 	C:\WINDOWS\SYSTEM32\IPHLPAPI.DLL
0x00007ffbc5ae0000 - 0x00007ffbc5ae9000 	C:\WINDOWS\System32\NSI.dll
0x00007ffb87bc0000 - 0x00007ffb87c09000 	C:\Users\HP\AppData\Local\Temp\jna-2312\jna1749190966973772683.dll
0x00007ffbc5100000 - 0x00007ffbc5108000 	C:\WINDOWS\System32\PSAPI.DLL
0x00007ffbba370000 - 0x00007ffbba389000 	C:\WINDOWS\SYSTEM32\dhcpcsvc6.DLL
0x00007ffbba270000 - 0x00007ffbba28f000 	C:\WINDOWS\SYSTEM32\dhcpcsvc.DLL

JVMTI agents:
c:\Users\HP\.antigravity\extensions\redhat.java-1.54.0-win32-x64\lombok\lombok-1.18.39-4050.jar path:c:\Users\HP\.antigravity\extensions\redhat.java-1.54.0-win32-x64\jre\21.0.10-win32-x86_64\bin\instrument.dll, loaded, initialized, instrumentlib options:none

dbghelp: loaded successfully - version: 4.0.5 - missing functions: none
symbol engine: initialized successfully - sym options: 0x614 - pdb path: .;c:\Users\HP\.antigravity\extensions\redhat.java-1.54.0-win32-x64\jre\21.0.10-win32-x86_64\bin;C:\WINDOWS\SYSTEM32;C:\WINDOWS\WinSxS\amd64_microsoft.windows.common-controls_6595b64144ccf1df_6.0.22621.6060_none_2712eda17382d24b;c:\Users\HP\.antigravity\extensions\redhat.java-1.54.0-win32-x64\jre\21.0.10-win32-x86_64\bin\server;C:\Users\HP\AppData\Roaming\Antigravity\User\globalStorage\redhat.java\1.54.0\config_win\org.eclipse.equinox.launcher\org.eclipse.equinox.launcher.win32.win32.x86_64_1.3.0.v20260203-2149;C:\Users\HP\AppData\Local\Temp\jna-2312

VM Arguments:
jvm_args: --add-modules=ALL-SYSTEM --add-opens=java.base/java.util=ALL-UNNAMED --add-opens=java.base/java.lang=ALL-UNNAMED --add-opens=java.base/sun.nio.fs=ALL-UNNAMED -Declipse.application=org.eclipse.jdt.ls.core.id1 -Dosgi.bundles.defaultStartLevel=4 -Declipse.product=org.eclipse.jdt.ls.core.product -Djava.import.generatesMetadataFilesAtProjectRoot=false -DDetectVMInstallationsJob.disabled=true -Dfile.encoding=utf8 -XX:+UseParallelGC -XX:GCTimeRatio=4 -XX:AdaptiveSizePolicyWeight=90 -Dsun.zip.disableMemoryMapping=true -Xmx2G -Xms100m -Xlog:disable -javaagent:c:\Users\HP\.antigravity\extensions\redhat.java-1.54.0-win32-x64\lombok\lombok-1.18.39-4050.jar -XX:+HeapDumpOnOutOfMemoryError -XX:HeapDumpPath=c:\Users\HP\AppData\Roaming\Antigravity\User\workspaceStorage\ec30be9fa44441caa41ccff467e32948\redhat.java -Daether.dependencyCollector.impl=bf 
java_command: c:\Users\HP\.antigravity\extensions\redhat.java-1.54.0-win32-x64\server\plugins\org.eclipse.equinox.launcher_1.7.100.v20251111-0406.jar -configuration c:\Users\HP\AppData\Roaming\Antigravity\User\globalStorage\redhat.java\1.54.0\config_win -data c:\Users\HP\AppData\Roaming\Antigravity\User\workspaceStorage\ec30be9fa44441caa41ccff467e32948\redhat.java\jdt_ws --pipe=\\.\pipe\lsp-53e782e059a0151377b0809503764ac3-sock
java_class_path (initial): c:\Users\HP\.antigravity\extensions\redhat.java-1.54.0-win32-x64\server\plugins\org.eclipse.equinox.launcher_1.7.100.v20251111-0406.jar
Launcher Type: SUN_STANDARD

[Global flags]
    uintx AdaptiveSizePolicyWeight                 = 90                                        {product} {command line}
     intx CICompilerCount                          = 4                                         {product} {ergonomic}
    uintx GCTimeRatio                              = 4                                         {product} {command line}
     bool HeapDumpOnOutOfMemoryError               = true                                   {manageable} {command line}
    ccstr HeapDumpPath                             = c:\Users\HP\AppData\Roaming\Antigravity\User\workspaceStorage\ec30be9fa44441caa41ccff467e32948\redhat.java         {manageable} {command line}
   size_t InitialHeapSize                          = 104857600                                 {product} {command line}
   size_t MaxHeapSize                              = 2147483648                                {product} {command line}
   size_t MaxNewSize                               = 715653120                                 {product} {ergonomic}
   size_t MinHeapDeltaBytes                        = 524288                                    {product} {ergonomic}
   size_t MinHeapSize                              = 104857600                                 {product} {command line}
   size_t NewSize                                  = 34603008                                  {product} {ergonomic}
    uintx NonNMethodCodeHeapSize                   = 5839372                                {pd product} {ergonomic}
    uintx NonProfiledCodeHeapSize                  = 122909434                              {pd product} {ergonomic}
   size_t OldSize                                  = 70254592                                  {product} {ergonomic}
    uintx ProfiledCodeHeapSize                     = 122909434                              {pd product} {ergonomic}
    uintx ReservedCodeCacheSize                    = 251658240                              {pd product} {ergonomic}
     bool SegmentedCodeCache                       = true                                      {product} {ergonomic}
   size_t SoftMaxHeapSize                          = 2147483648                             {manageable} {ergonomic}
     bool UseCompressedOops                        = true                           {product lp64_product} {ergonomic}
     bool UseLargePagesIndividualAllocation        = false                                  {pd product} {ergonomic}
     bool UseParallelGC                            = true                                      {product} {command line}

Logging:
Log output configuration:
 #0: stdout all=off uptime,level,tags foldmultilines=false
 #1: stderr all=off uptime,level,tags foldmultilines=false

Release file:
JAVA_VERSION="21.0.10" 
MODULES="java.base java.compiler java.datatransfer java.xml java.prefs java.desktop java.instrument java.logging java.management java.security.sasl java.naming java.rmi java.management.rmi java.net.http java.scripting java.security.jgss java.transaction.xa java.sql java.sql.rowset java.xml.crypto java.se java.smartcardio jdk.accessibility jdk.internal.jvmstat jdk.attach jdk.charsets jdk.internal.opt jdk.zipfs jdk.compiler jdk.crypto.ec jdk.crypto.cryptoki jdk.crypto.mscapi jdk.dynalink jdk.internal.ed jdk.editpad jdk.hotspot.agent jdk.httpserver jdk.internal.le jdk.internal.vm.ci jdk.internal.vm.compiler jdk.internal.vm.compiler.management jdk.jartool jdk.javadoc jdk.jcmd jdk.management jdk.management.agent jdk.jconsole jdk.jdeps jdk.jdwp.agent jdk.jdi jdk.jfr jdk.jshell jdk.jsobject jdk.jstatd jdk.localedata jdk.management.jfr jdk.naming.dns jdk.naming.rmi jdk.net jdk.nio.mapmode jdk.random jdk.sctp jdk.security.auth jdk.security.jgss jdk.unsupported jdk.unsupported.desktop jdk.xml.dom" 

Environment Variables:
JAVA_HOME=C:\Program Files\Microsoft\jdk-17.0.18.8-hotspot\
PATH=C:\Program Files\Microsoft\jdk-17.0.18.8-hotspot\bin;C:\Python314\Scripts\;C:\Python314\;C:\oraclexe\app\oracle\product\10.2.0\server\bin;C:\app\HP\product\21c\dbhomeXE\bin;C:\Users\HP\Downloads\WINDOWS.X64_193000_grid_home\bin;C:\WINDOWS\system32;C:\WINDOWS;C:\WINDOWS\System32\Wbem;C:\WINDOWS\System32\WindowsPowerShell\v1.0\;C:\WINDOWS\System32\OpenSSH\;C:\Program Files\PuTTY\;C:\Program Files (x86)\;C:\Program Files\Git\cmd;C:\Program Files (x86)\Windows Kits\10\Windows Performance Toolkit\;C:\Program Files\MongoDB\Server\8.2\bin;C:\Program Files\nodejs\;C:\ProgramData\chocolatey\bin;C:\Users\HP\AppData\Local\Programs\Python\Python313\Scripts\;C:\Users\HP\AppData\Local\Programs\Python\Python313\;C:\Users\HP\AppData\Local\Programs\Python\Launcher\;C:\Users\HP\AppData\Local\Microsoft\WindowsApps;;C:\Users\HP\AppData\Local\Programs\Microsoft VS Code\bin;C:\Users\HP\Desktop\Antigravity\bin;C:\Users\HP\AppData\Roaming\npm;C:\Users\HP\AppData\Local\Microsoft\WinGet\Packages\Ngrok.Ngrok_Microsoft.Winget.Source_8wekyb3d8bbwe;
USERNAME=HP
OS=Windows_NT
PROCESSOR_IDENTIFIER=Intel64 Family 6 Model 154 Stepping 4, GenuineIntel
TMP=C:\Users\HP\AppData\Local\Temp
TEMP=C:\Users\HP\AppData\Local\Temp




Periodic native trim disabled

---------------  S Y S T E M  ---------------

OS:
 Windows 11 , 64 bit Build 22621 (10.0.22621.5415)
OS uptime: 0 days 3:12 hours
Hyper-V role detected

CPU: total 8 (initial active 8) (4 cores per cpu, 2 threads per core) family 6 model 154 stepping 4 microcode 0x42c, cx8, cmov, fxsr, ht, mmx, 3dnowpref, sse, sse2, sse3, ssse3, sse4.1, sse4.2, popcnt, lzcnt, tsc, tscinvbit, avx, avx2, aes, erms, clmul, bmi1, bmi2, adx, sha, fma, vzeroupper, clflush, clflushopt, clwb, hv, serialize, rdtscp, rdpid, fsrm, f16c, cet_ibt, cet_ss
Processor Information for processor 0
  Max Mhz: 1200, Current Mhz: 1200, Mhz Limit: 1200
Processor Information for processor 1
  Max Mhz: 1200, Current Mhz: 1200, Mhz Limit: 1200
Processor Information for processor 2
  Max Mhz: 1200, Current Mhz: 1200, Mhz Limit: 1200
Processor Information for processor 3
  Max Mhz: 1200, Current Mhz: 1200, Mhz Limit: 1200
Processor Information for processor 4
  Max Mhz: 1200, Current Mhz: 900, Mhz Limit: 900
Processor Information for processor 5
  Max Mhz: 1200, Current Mhz: 900, Mhz Limit: 900
Processor Information for processor 6
  Max Mhz: 1200, Current Mhz: 900, Mhz Limit: 900
Processor Information for processor 7
  Max Mhz: 1200, Current Mhz: 900, Mhz Limit: 900

Memory: 4k page, system-wide physical 3767M (57M free)
TotalPageFile size 15543M (AvailPageFile size 0M)
current process WorkingSet (physical memory assigned to process): 7M, peak: 253M
current process commit charge ("private bytes"): 356M, peak: 411M

vm_info: OpenJDK 64-Bit Server VM (21.0.10+7-LTS) for windows-amd64 JRE (21.0.10+7-LTS), built on 2026-01-20T00:00:00Z by "admin" with MS VC++ 17.12 (VS2022)

END.
