#
# There is insufficient memory for the Java Runtime Environment to continue.
# Native memory allocation (malloc) failed to allocate 1240640 bytes. Error detail: Chunk::new
# Possible reasons:
#   The system is out of physical RAM or swap space
#   This process is running with CompressedOops enabled, and the Java Heap may be blocking the growth of the native heap
# Possible solutions:
#   Reduce memory load on the system
#   Increase physical memory or swap space
#   Check if swap backing store is full
#   Decrease Java heap size (-Xmx/-Xms)
#   Decrease number of Java threads
#   Decrease Java thread stack sizes (-Xss)
#   Set larger code cache with -XX:ReservedCodeCacheSize=
#   JVM is running with Unscaled Compressed Oops mode in which the Java heap is
#     placed in the first 4GB address space. The Java Heap base address is the
#     maximum limit for the native heap growth. Please use -XX:HeapBaseMinAddress
#     to set the Java Heap base and to place the Java Heap above 4GB virtual address.
# This output file may be truncated or incomplete.
#
#  Out of Memory Error (arena.cpp:168), pid=14492, tid=6720
#
# JRE version: OpenJDK Runtime Environment Temurin-21.0.10+7 (21.0.10+7) (build 21.0.10+7-LTS)
# Java VM: OpenJDK 64-Bit Server VM Temurin-21.0.10+7 (21.0.10+7-LTS, mixed mode, sharing, tiered, compressed oops, compressed class ptrs, parallel gc, windows-amd64)
# No core dump will be written. Minidumps are not enabled by default on client versions of Windows
#

---------------  S U M M A R Y ------------

Command Line: --add-modules=ALL-SYSTEM --add-opens=java.base/java.util=ALL-UNNAMED --add-opens=java.base/java.lang=ALL-UNNAMED --add-opens=java.base/sun.nio.fs=ALL-UNNAMED -Declipse.application=org.eclipse.jdt.ls.core.id1 -Dosgi.bundles.defaultStartLevel=4 -Declipse.product=org.eclipse.jdt.ls.core.product -Djava.import.generatesMetadataFilesAtProjectRoot=false -DDetectVMInstallationsJob.disabled=true -Dfile.encoding=utf8 -XX:+UseParallelGC -XX:GCTimeRatio=4 -XX:AdaptiveSizePolicyWeight=90 -Dsun.zip.disableMemoryMapping=true -Xmx2G -Xms100m -Xlog:disable -javaagent:c:\Users\HP\.antigravity\extensions\redhat.java-1.54.0-win32-x64\lombok\lombok-1.18.39-4050.jar c:\Users\HP\.antigravity\extensions\redhat.java-1.54.0-win32-x64\server\plugins\org.eclipse.equinox.launcher_1.7.100.v20251111-0406.jar -configuration c:\Users\HP\AppData\Roaming\Antigravity\User\globalStorage\redhat.java\1.54.0\config_ss_win -data c:\Users\HP\AppData\Roaming\Antigravity\User\workspaceStorage\ec30be9fa44441caa41ccff467e32948\redhat.java\ss_ws --pipe=\\.\pipe\lsp-9b4ca37bf73d84059a18e139b6b26064-sock

Host: 12th Gen Intel(R) Core(TM) i3-1215U, 8 cores, 3G,  Windows 11 , 64 bit Build 22621 (10.0.22621.5415)
Time: Thu May  7 16:16:37 2026 Afr. centrale Ouest elapsed time: 25.136346 seconds (0d 0h 0m 25s)

---------------  T H R E A D  ---------------

Current thread (0x0000021cd3310ea0):  JavaThread "C2 CompilerThread0" daemon [_thread_in_native, id=6720, stack(0x00000096cb000000,0x00000096cb100000) (1024K)]


Current CompileTask:
C2:25137 4794   !   4       org.eclipse.osgi.internal.loader.classpath.ClasspathManager::findLocalClass (210 bytes)

Stack: [0x00000096cb000000,0x00000096cb100000]
Native frames: (J=compiled Java code, j=interpreted, Vv=VM code, C=native code)
V  [jvm.dll+0x6d7a39]
V  [jvm.dll+0x8b4b26]
V  [jvm.dll+0x8b70de]
V  [jvm.dll+0x8b77c3]
V  [jvm.dll+0x284346]
V  [jvm.dll+0xc66ed]
V  [jvm.dll+0xc6c31]
V  [jvm.dll+0x3bec3b]
V  [jvm.dll+0x38b162]
V  [jvm.dll+0x38a5aa]
V  [jvm.dll+0x24c560]
V  [jvm.dll+0x24bb40]
V  [jvm.dll+0x1cb34e]
V  [jvm.dll+0x25b85d]
V  [jvm.dll+0x259dea]
V  [jvm.dll+0x3f857e]
V  [jvm.dll+0x85f59d]
V  [jvm.dll+0x6d626d]
C  [ucrtbase.dll+0x29333]
C  [KERNEL32.DLL+0x1259d]
C  [ntdll.dll+0x5af78]


---------------  P R O C E S S  ---------------

Threads class SMR info:
_java_thread_list=0x0000021cf0b3f770, length=32, elements={
0x0000021cd338dac0, 0x0000021cd344afd0, 0x0000021cd344ca40, 0x0000021cd33057a0,
0x0000021cd33066c0, 0x0000021cd33079f0, 0x0000021cd330b470, 0x0000021cd3310ea0,
0x0000021cd33170d0, 0x0000021ceb7eb9b0, 0x0000021ceb8ceb90, 0x0000021cf07a52e0,
0x0000021cf0330d40, 0x0000021cf0331680, 0x0000021cf03cc820, 0x0000021cf07487a0,
0x0000021ceb63d3e0, 0x0000021cf0639740, 0x0000021ceb81d5b0, 0x0000021ceb81fd10,
0x0000021ceb81eff0, 0x0000021ceb81e960, 0x0000021ceb81f680, 0x0000021ceb8203a0,
0x0000021ceb820a30, 0x0000021ceb81e2d0, 0x0000021ceb81dc40, 0x0000021cf187c060,
0x0000021cf187acb0, 0x0000021cf187c6f0, 0x0000021cf187b340, 0x0000021cf187cd80
}

Java Threads: ( => current thread )
  0x0000021cd338dac0 JavaThread "main"                              [_thread_blocked, id=19164, stack(0x00000096ca600000,0x00000096ca700000) (1024K)]
  0x0000021cd344afd0 JavaThread "Reference Handler"          daemon [_thread_blocked, id=12032, stack(0x00000096caa00000,0x00000096cab00000) (1024K)]
  0x0000021cd344ca40 JavaThread "Finalizer"                  daemon [_thread_blocked, id=15164, stack(0x00000096cab00000,0x00000096cac00000) (1024K)]
  0x0000021cd33057a0 JavaThread "Signal Dispatcher"          daemon [_thread_blocked, id=8572, stack(0x00000096cac00000,0x00000096cad00000) (1024K)]
  0x0000021cd33066c0 JavaThread "Attach Listener"            daemon [_thread_blocked, id=14540, stack(0x00000096cad00000,0x00000096cae00000) (1024K)]
  0x0000021cd33079f0 JavaThread "Service Thread"             daemon [_thread_blocked, id=12304, stack(0x00000096cae00000,0x00000096caf00000) (1024K)]
  0x0000021cd330b470 JavaThread "Monitor Deflation Thread"   daemon [_thread_blocked, id=19720, stack(0x00000096caf00000,0x00000096cb000000) (1024K)]
=>0x0000021cd3310ea0 JavaThread "C2 CompilerThread0"         daemon [_thread_in_native, id=6720, stack(0x00000096cb000000,0x00000096cb100000) (1024K)]
  0x0000021cd33170d0 JavaThread "C1 CompilerThread0"         daemon [_thread_blocked, id=3584, stack(0x00000096cb100000,0x00000096cb200000) (1024K)]
  0x0000021ceb7eb9b0 JavaThread "Common-Cleaner"             daemon [_thread_blocked, id=10548, stack(0x00000096cb200000,0x00000096cb300000) (1024K)]
  0x0000021ceb8ceb90 JavaThread "Notification Thread"        daemon [_thread_blocked, id=18992, stack(0x00000096cb300000,0x00000096cb400000) (1024K)]
  0x0000021cf07a52e0 JavaThread "Active Thread: Equinox Container: 870a3a13-579e-429e-806e-bc96b9488029"        [_thread_blocked, id=8204, stack(0x00000096cba00000,0x00000096cbb00000) (1024K)]
  0x0000021cf0330d40 JavaThread "Framework Event Dispatcher: Equinox Container: 870a3a13-579e-429e-806e-bc96b9488029" daemon [_thread_blocked, id=14536, stack(0x00000096cbb00000,0x00000096cbc00000) (1024K)]
  0x0000021cf0331680 JavaThread "Start Level: Equinox Container: 870a3a13-579e-429e-806e-bc96b9488029" daemon [_thread_blocked, id=13728, stack(0x00000096cbc00000,0x00000096cbd00000) (1024K)]
  0x0000021cf03cc820 JavaThread "SCR Component Actor"        daemon [_thread_blocked, id=6072, stack(0x00000096cbe00000,0x00000096cbf00000) (1024K)]
  0x0000021cf07487a0 JavaThread "Worker-JM"                         [_thread_blocked, id=12936, stack(0x00000096cbf00000,0x00000096cc000000) (1024K)]
  0x0000021ceb63d3e0 JavaThread "JNA Cleaner"                daemon [_thread_blocked, id=17108, stack(0x00000096cc000000,0x00000096cc100000) (1024K)]
  0x0000021cf0639740 JavaThread "Worker-0"                          [_thread_blocked, id=19216, stack(0x00000096cc100000,0x00000096cc200000) (1024K)]
  0x0000021ceb81d5b0 JavaThread "Worker-1"                          [_thread_blocked, id=5996, stack(0x00000096cc200000,0x00000096cc300000) (1024K)]
  0x0000021ceb81fd10 JavaThread "Thread-1"                   daemon [_thread_in_native, id=16728, stack(0x00000096cc500000,0x00000096cc600000) (1024K)]
  0x0000021ceb81eff0 JavaThread "Thread-2"                   daemon [_thread_in_native, id=16112, stack(0x00000096cc600000,0x00000096cc700000) (1024K)]
  0x0000021ceb81e960 JavaThread "Thread-3"                   daemon [_thread_in_native, id=4304, stack(0x00000096cc700000,0x00000096cc800000) (1024K)]
  0x0000021ceb81f680 JavaThread "Thread-4"                   daemon [_thread_in_native, id=19128, stack(0x00000096cc800000,0x00000096cc900000) (1024K)]
  0x0000021ceb8203a0 JavaThread "Thread-5"                   daemon [_thread_in_native, id=17492, stack(0x00000096cc900000,0x00000096cca00000) (1024K)]
  0x0000021ceb820a30 JavaThread "Thread-6"                   daemon [_thread_in_native, id=12756, stack(0x00000096cca00000,0x00000096ccb00000) (1024K)]
  0x0000021ceb81e2d0 JavaThread "Thread-7"                   daemon [_thread_in_native, id=15384, stack(0x00000096ccb00000,0x00000096ccc00000) (1024K)]
  0x0000021ceb81dc40 JavaThread "Thread-8"                   daemon [_thread_in_native, id=14948, stack(0x00000096ccc00000,0x00000096ccd00000) (1024K)]
  0x0000021cf187c060 JavaThread "Thread-9"                   daemon [_thread_in_native, id=3284, stack(0x00000096ccd00000,0x00000096cce00000) (1024K)]
  0x0000021cf187acb0 JavaThread "pool-2-thread-1"                   [_thread_blocked, id=10920, stack(0x00000096cce00000,0x00000096ccf00000) (1024K)]
  0x0000021cf187c6f0 JavaThread "Worker-2"                          [_thread_blocked, id=3896, stack(0x00000096ccf00000,0x00000096cd000000) (1024K)]
  0x0000021cf187b340 JavaThread "WorkspaceEventsHandler"            [_thread_blocked, id=7848, stack(0x00000096cd000000,0x00000096cd100000) (1024K)]
  0x0000021cf187cd80 JavaThread "pool-1-thread-1"                   [_thread_in_Java, id=18556, stack(0x00000096cd100000,0x00000096cd200000) (1024K)]
Total: 32

Other Threads:
  0x0000021cd3431d80 VMThread "VM Thread"                           [id=15124, stack(0x00000096ca900000,0x00000096caa00000) (1024K)]
  0x0000021cd33fb6d0 WatcherThread "VM Periodic Task Thread"        [id=4064, stack(0x00000096ca800000,0x00000096ca900000) (1024K)]
  0x0000021cd33accc0 WorkerThread "GC Thread#0"                     [id=10904, stack(0x00000096ca700000,0x00000096ca800000) (1024K)]
  0x0000021ceb98cd30 WorkerThread "GC Thread#1"                     [id=6028, stack(0x00000096cb400000,0x00000096cb500000) (1024K)]
  0x0000021ceb98d8f0 WorkerThread "GC Thread#2"                     [id=19028, stack(0x00000096cb500000,0x00000096cb600000) (1024K)]
  0x0000021cf058ff90 WorkerThread "GC Thread#3"                     [id=12864, stack(0x00000096cb600000,0x00000096cb700000) (1024K)]
  0x0000021cf0590340 WorkerThread "GC Thread#4"                     [id=12420, stack(0x00000096cb700000,0x00000096cb800000) (1024K)]
  0x0000021cf0170760 WorkerThread "GC Thread#5"                     [id=2960, stack(0x00000096cb800000,0x00000096cb900000) (1024K)]
  0x0000021cf0111460 WorkerThread "GC Thread#6"                     [id=16460, stack(0x00000096cb900000,0x00000096cba00000) (1024K)]
  0x0000021cf0535e50 WorkerThread "GC Thread#7"                     [id=19240, stack(0x00000096cbd00000,0x00000096cbe00000) (1024K)]
Total: 10

Threads with active compile tasks:
C2 CompilerThread0  25311 4794   !   4       org.eclipse.osgi.internal.loader.classpath.ClasspathManager::findLocalClass (210 bytes)
C1 CompilerThread0  25311 4811   !   3       org.eclipse.osgi.internal.loader.BundleLoader::isDynamicallyImported (150 bytes)
Total: 2

VM state: not at safepoint (normal execution)

VM Mutex/Monitor currently owned by a thread: None

Heap address: 0x0000000080000000, size: 2048 MB, Compressed Oops mode: 32-bit

CDS archive(s) mapped at: [0x0000021c80000000-0x0000021c80ba0000-0x0000021c80ba0000), size 12189696, SharedBaseAddress: 0x0000021c80000000, ArchiveRelocationMode: 1.
Compressed class space mapped at: 0x0000021c81000000-0x0000021cc1000000, reserved size: 1073741824
Narrow klass base: 0x0000021c80000000, Narrow klass shift: 0, Narrow klass range: 0x100000000

GC Precious Log:
 CardTable entry size: 512
 CPUs: 8 total, 8 available
 Memory: 3767M
 Large Page Support: Disabled
 NUMA Support: Disabled
 Compressed Oops: Enabled (32-bit)
 Alignments: Space 512K, Generation 512K, Heap 2M
 Heap Min Capacity: 100M
 Heap Initial Capacity: 100M
 Heap Max Capacity: 2G
 Pre-touch: Disabled
 Parallel Workers: 8

Heap:
 PSYoungGen      total 20992K, used 13083K [0x00000000d5580000, 0x00000000d6e00000, 0x0000000100000000)
  eden space 19456K, 61% used [0x00000000d5580000,0x00000000d613c0d0,0x00000000d6880000)
  from space 1536K, 69% used [0x00000000d6880000,0x00000000d698ae68,0x00000000d6a00000)
  to   space 2560K, 0% used [0x00000000d6b80000,0x00000000d6b80000,0x00000000d6e00000)
 ParOldGen       total 68608K, used 29225K [0x0000000080000000, 0x0000000084300000, 0x00000000d5580000)
  object space 68608K, 42% used [0x0000000080000000,0x0000000081c8a7c0,0x0000000084300000)
 Metaspace       used 34798K, committed 35776K, reserved 1114112K
  class space    used 3534K, committed 3968K, reserved 1048576K

Card table byte_map: [0x0000021cd2d30000,0x0000021cd3140000] _byte_map_base: 0x0000021cd2930000

Marking Bits: (ParMarkBitMap*) 0x00007ffb24ba3450
 Begin Bits: [0x0000021ce5840000, 0x0000021ce7840000)
 End Bits:   [0x0000021ce7840000, 0x0000021ce9840000)

Polling page: 0x0000021cd11e0000

Metaspace:

Usage:
  Non-class:     30.54 MB used.
      Class:      3.45 MB used.
       Both:     33.99 MB used.

Virtual space:
  Non-class space:       64.00 MB reserved,      31.06 MB ( 49%) committed,  1 nodes.
      Class space:        1.00 GB reserved,       3.88 MB ( <1%) committed,  1 nodes.
             Both:        1.06 GB reserved,      34.94 MB (  3%) committed. 

Chunk freelists:
   Non-Class:  806.00 KB
       Class:  12.08 MB
        Both:  12.86 MB

MaxMetaspaceSize: unlimited
CompressedClassSpaceSize: 1.00 GB
Initial GC threshold: 21.00 MB
Current GC threshold: 35.00 MB
CDS: on
 - commit_granule_bytes: 65536.
 - commit_granule_words: 8192.
 - virtual_space_node_default_size: 8388608.
 - enlarge_chunks_in_place: 1.
 - use_allocation_guard: 0.


Internal statistics:

num_allocs_failed_limit: 3.
num_arena_births: 672.
num_arena_deaths: 14.
num_vsnodes_births: 2.
num_vsnodes_deaths: 0.
num_space_committed: 559.
num_space_uncommitted: 0.
num_chunks_returned_to_freelist: 17.
num_chunks_taken_from_freelist: 2063.
num_chunk_merges: 9.
num_chunk_splits: 1340.
num_chunks_enlarged: 856.
num_inconsistent_stats: 0.

CodeHeap 'non-profiled nmethods': size=120000Kb used=2622Kb max_used=2622Kb free=117377Kb
 bounds [0x0000021cde060000, 0x0000021cde2f0000, 0x0000021ce5590000]
CodeHeap 'profiled nmethods': size=120000Kb used=9669Kb max_used=9669Kb free=110331Kb
 bounds [0x0000021cd6590000, 0x0000021cd6f10000, 0x0000021cddac0000]
CodeHeap 'non-nmethods': size=5760Kb used=1368Kb max_used=1396Kb free=4391Kb
 bounds [0x0000021cddac0000, 0x0000021cddd30000, 0x0000021cde060000]
CodeCache: size=245760Kb, used=13659Kb, max_used=13687Kb, free=232099Kb
 total_blobs=5472, nmethods=4803, adapters=575, full_count=0
Compilation: enabled, stopped_count=0, restarted_count=0

Compilation events (20 events):
Event: 24.014 Thread 0x0000021cd33170d0 4793   !   3       sun.net.www.protocol.jar.JarURLConnection::connect (196 bytes)
Event: 24.017 Thread 0x0000021cd33170d0 nmethod 4793 0x0000021cd6ef6490 code [0x0000021cd6ef67c0, 0x0000021cd6ef7958]
Event: 24.038 Thread 0x0000021cd3310ea0 nmethod 4783 0x0000021cde2edf90 code [0x0000021cde2ee200, 0x0000021cde2eedf0]
Event: 24.038 Thread 0x0000021cd3310ea0 4794   !   4       org.eclipse.osgi.internal.loader.classpath.ClasspathManager::findLocalClass (210 bytes)
Event: 24.185 Thread 0x0000021cd33170d0 4795       3       sun.net.www.protocol.jar.Handler::openConnection (10 bytes)
Event: 24.186 Thread 0x0000021cd33170d0 nmethod 4795 0x0000021cd6ef7e90 code [0x0000021cd6ef80a0, 0x0000021cd6ef8620]
Event: 24.186 Thread 0x0000021cd33170d0 4796       3       sun.net.www.protocol.jar.JarURLConnection::<init> (28 bytes)
Event: 24.186 Thread 0x0000021cd33170d0 nmethod 4796 0x0000021cd6ef8890 code [0x0000021cd6ef8a80, 0x0000021cd6ef8f38]
Event: 24.186 Thread 0x0000021cd33170d0 4797       3       java.net.JarURLConnection::<init> (11 bytes)
Event: 24.186 Thread 0x0000021cd33170d0 nmethod 4797 0x0000021cd6ef9110 code [0x0000021cd6ef92c0, 0x0000021cd6ef9450]
Event: 24.199 Thread 0x0000021cd33170d0 4798   !   3       sun.net.www.protocol.jar.JarURLConnection$JarURLInputStream::close (178 bytes)
Event: 24.202 Thread 0x0000021cd33170d0 nmethod 4798 0x0000021cd6ef9510 code [0x0000021cd6ef9840, 0x0000021cd6efb1f8]
Event: 24.202 Thread 0x0000021cd33170d0 4799  s    3       sun.net.www.protocol.file.FileURLConnection::closeInputStream (15 bytes)
Event: 24.202 Thread 0x0000021cd33170d0 nmethod 4799 0x0000021cd6efba90 code [0x0000021cd6efbc40, 0x0000021cd6efbf08]
Event: 24.205 Thread 0x0000021cd33170d0 4801       3       sun.net.www.protocol.jar.JarURLConnection$JarURLInputStream::<init> (11 bytes)
Event: 24.206 Thread 0x0000021cd33170d0 nmethod 4801 0x0000021cd6efc010 code [0x0000021cd6efc1c0, 0x0000021cd6efc418]
Event: 24.328 Thread 0x0000021cd33170d0 4802       3       sun.net.www.protocol.jar.Handler::newURL (9 bytes)
Event: 24.329 Thread 0x0000021cd33170d0 nmethod 4802 0x0000021cd6efc510 code [0x0000021cd6efc6e0, 0x0000021cd6efc950]
Event: 24.485 Thread 0x0000021cd33170d0 4803       3       java.util.IdentityHashMap$IdentityHashMapIterator::hasNext (50 bytes)
Event: 24.600 Thread 0x0000021cd33170d0 nmethod 4803 0x0000021cd6efca90 code [0x0000021cd6efcc40, 0x0000021cd6efce88]

GC Heap History (20 events):
Event: 9.239 GC heap before
{Heap before GC invocations=9 (full 1):
 PSYoungGen      total 27136K, used 27047K [0x00000000d5580000, 0x00000000d7480000, 0x0000000100000000)
  eden space 24576K, 100% used [0x00000000d5580000,0x00000000d6d80000,0x00000000d6d80000)
  from space 2560K, 96% used [0x00000000d6e00000,0x00000000d7069c18,0x00000000d7080000)
  to   space 3584K, 0% used [0x00000000d7100000,0x00000000d7100000,0x00000000d7480000)
 ParOldGen       total 68608K, used 10499K [0x0000000080000000, 0x0000000084300000, 0x00000000d5580000)
  object space 68608K, 15% used [0x0000000080000000,0x0000000080a40c58,0x0000000084300000)
 Metaspace       used 26370K, committed 27200K, reserved 1114112K
  class space    used 2583K, committed 2944K, reserved 1048576K
}
Event: 9.244 GC heap after
{Heap after GC invocations=9 (full 1):
 PSYoungGen      total 26624K, used 3576K [0x00000000d5580000, 0x00000000d7700000, 0x0000000100000000)
  eden space 23040K, 0% used [0x00000000d5580000,0x00000000d5580000,0x00000000d6c00000)
  from space 3584K, 99% used [0x00000000d7100000,0x00000000d747e358,0x00000000d7480000)
  to   space 5120K, 0% used [0x00000000d6c00000,0x00000000d6c00000,0x00000000d7100000)
 ParOldGen       total 68608K, used 11352K [0x0000000080000000, 0x0000000084300000, 0x00000000d5580000)
  object space 68608K, 16% used [0x0000000080000000,0x0000000080b16168,0x0000000084300000)
 Metaspace       used 26370K, committed 27200K, reserved 1114112K
  class space    used 2583K, committed 2944K, reserved 1048576K
}
Event: 9.852 GC heap before
{Heap before GC invocations=10 (full 1):
 PSYoungGen      total 26624K, used 26616K [0x00000000d5580000, 0x00000000d7700000, 0x0000000100000000)
  eden space 23040K, 100% used [0x00000000d5580000,0x00000000d6c00000,0x00000000d6c00000)
  from space 3584K, 99% used [0x00000000d7100000,0x00000000d747e358,0x00000000d7480000)
  to   space 5120K, 0% used [0x00000000d6c00000,0x00000000d6c00000,0x00000000d7100000)
 ParOldGen       total 68608K, used 11352K [0x0000000080000000, 0x0000000084300000, 0x00000000d5580000)
  object space 68608K, 16% used [0x0000000080000000,0x0000000080b16168,0x0000000084300000)
 Metaspace       used 29261K, committed 30208K, reserved 1114112K
  class space    used 2932K, committed 3328K, reserved 1048576K
}
Event: 9.858 GC heap after
{Heap after GC invocations=10 (full 1):
 PSYoungGen      total 27136K, used 4377K [0x00000000d5580000, 0x00000000d7480000, 0x0000000100000000)
  eden space 22528K, 0% used [0x00000000d5580000,0x00000000d5580000,0x00000000d6b80000)
  from space 4608K, 95% used [0x00000000d6c00000,0x00000000d70466d8,0x00000000d7080000)
  to   space 4096K, 0% used [0x00000000d7080000,0x00000000d7080000,0x00000000d7480000)
 ParOldGen       total 68608K, used 11360K [0x0000000080000000, 0x0000000084300000, 0x00000000d5580000)
  object space 68608K, 16% used [0x0000000080000000,0x0000000080b18168,0x0000000084300000)
 Metaspace       used 29261K, committed 30208K, reserved 1114112K
  class space    used 2932K, committed 3328K, reserved 1048576K
}
Event: 10.269 GC heap before
{Heap before GC invocations=11 (full 1):
 PSYoungGen      total 27136K, used 26905K [0x00000000d5580000, 0x00000000d7480000, 0x0000000100000000)
  eden space 22528K, 100% used [0x00000000d5580000,0x00000000d6b80000,0x00000000d6b80000)
  from space 4608K, 95% used [0x00000000d6c00000,0x00000000d70466d8,0x00000000d7080000)
  to   space 4096K, 0% used [0x00000000d7080000,0x00000000d7080000,0x00000000d7480000)
 ParOldGen       total 68608K, used 11360K [0x0000000080000000, 0x0000000084300000, 0x00000000d5580000)
  object space 68608K, 16% used [0x0000000080000000,0x0000000080b18168,0x0000000084300000)
 Metaspace       used 30159K, committed 31040K, reserved 1114112K
  class space    used 3001K, committed 3392K, reserved 1048576K
}
Event: 10.276 GC heap after
{Heap after GC invocations=11 (full 1):
 PSYoungGen      total 25600K, used 3102K [0x00000000d5580000, 0x00000000d7400000, 0x0000000100000000)
  eden space 22016K, 0% used [0x00000000d5580000,0x00000000d5580000,0x00000000d6b00000)
  from space 3584K, 86% used [0x00000000d7080000,0x00000000d7387bd8,0x00000000d7400000)
  to   space 3584K, 0% used [0x00000000d6d00000,0x00000000d6d00000,0x00000000d7080000)
 ParOldGen       total 68608K, used 14807K [0x0000000080000000, 0x0000000084300000, 0x00000000d5580000)
  object space 68608K, 21% used [0x0000000080000000,0x0000000080e75c40,0x0000000084300000)
 Metaspace       used 30159K, committed 31040K, reserved 1114112K
  class space    used 3001K, committed 3392K, reserved 1048576K
}
Event: 18.034 GC heap before
{Heap before GC invocations=12 (full 1):
 PSYoungGen      total 25600K, used 25118K [0x00000000d5580000, 0x00000000d7400000, 0x0000000100000000)
  eden space 22016K, 99% used [0x00000000d5580000,0x00000000d6afffe8,0x00000000d6b00000)
  from space 3584K, 86% used [0x00000000d7080000,0x00000000d7387bd8,0x00000000d7400000)
  to   space 3584K, 0% used [0x00000000d6d00000,0x00000000d6d00000,0x00000000d7080000)
 ParOldGen       total 68608K, used 14807K [0x0000000080000000, 0x0000000084300000, 0x00000000d5580000)
  object space 68608K, 21% used [0x0000000080000000,0x0000000080e75c40,0x0000000084300000)
 Metaspace       used 32088K, committed 33088K, reserved 1114112K
  class space    used 3190K, committed 3648K, reserved 1048576K
}
Event: 18.049 GC heap after
{Heap after GC invocations=12 (full 1):
 PSYoungGen      total 24064K, used 2032K [0x00000000d5580000, 0x00000000d7100000, 0x0000000100000000)
  eden space 22016K, 0% used [0x00000000d5580000,0x00000000d5580000,0x00000000d6b00000)
  from space 2048K, 99% used [0x00000000d6d00000,0x00000000d6efc040,0x00000000d6f00000)
  to   space 2048K, 0% used [0x00000000d6f00000,0x00000000d6f00000,0x00000000d7100000)
 ParOldGen       total 68608K, used 16139K [0x0000000080000000, 0x0000000084300000, 0x00000000d5580000)
  object space 68608K, 23% used [0x0000000080000000,0x0000000080fc2c10,0x0000000084300000)
 Metaspace       used 32088K, committed 33088K, reserved 1114112K
  class space    used 3190K, committed 3648K, reserved 1048576K
}
Event: 18.895 GC heap before
{Heap before GC invocations=13 (full 1):
 PSYoungGen      total 24064K, used 24048K [0x00000000d5580000, 0x00000000d7100000, 0x0000000100000000)
  eden space 22016K, 100% used [0x00000000d5580000,0x00000000d6b00000,0x00000000d6b00000)
  from space 2048K, 99% used [0x00000000d6d00000,0x00000000d6efc040,0x00000000d6f00000)
  to   space 2048K, 0% used [0x00000000d6f00000,0x00000000d6f00000,0x00000000d7100000)
 ParOldGen       total 68608K, used 16139K [0x0000000080000000, 0x0000000084300000, 0x00000000d5580000)
  object space 68608K, 23% used [0x0000000080000000,0x0000000080fc2c10,0x0000000084300000)
 Metaspace       used 32435K, committed 33408K, reserved 1114112K
  class space    used 3246K, committed 3712K, reserved 1048576K
}
Event: 18.917 GC heap after
{Heap after GC invocations=13 (full 1):
 PSYoungGen      total 23040K, used 2033K [0x00000000d5580000, 0x00000000d7500000, 0x0000000100000000)
  eden space 20992K, 0% used [0x00000000d5580000,0x00000000d5580000,0x00000000d6a00000)
  from space 2048K, 99% used [0x00000000d6f00000,0x00000000d70fc420,0x00000000d7100000)
  to   space 5120K, 0% used [0x00000000d6a00000,0x00000000d6a00000,0x00000000d6f00000)
 ParOldGen       total 68608K, used 18512K [0x0000000080000000, 0x0000000084300000, 0x00000000d5580000)
  object space 68608K, 26% used [0x0000000080000000,0x0000000081214298,0x0000000084300000)
 Metaspace       used 32435K, committed 33408K, reserved 1114112K
  class space    used 3246K, committed 3712K, reserved 1048576K
}
Event: 19.160 GC heap before
{Heap before GC invocations=14 (full 1):
 PSYoungGen      total 23040K, used 23025K [0x00000000d5580000, 0x00000000d7500000, 0x0000000100000000)
  eden space 20992K, 100% used [0x00000000d5580000,0x00000000d6a00000,0x00000000d6a00000)
  from space 2048K, 99% used [0x00000000d6f00000,0x00000000d70fc420,0x00000000d7100000)
  to   space 5120K, 0% used [0x00000000d6a00000,0x00000000d6a00000,0x00000000d6f00000)
 ParOldGen       total 68608K, used 18512K [0x0000000080000000, 0x0000000084300000, 0x00000000d5580000)
  object space 68608K, 26% used [0x0000000080000000,0x0000000081214298,0x0000000084300000)
 Metaspace       used 32466K, committed 33472K, reserved 1114112K
  class space    used 3246K, committed 3712K, reserved 1048576K
}
Event: 19.181 GC heap after
{Heap after GC invocations=14 (full 1):
 PSYoungGen      total 24064K, used 2690K [0x00000000d5580000, 0x00000000d7100000, 0x0000000100000000)
  eden space 20992K, 0% used [0x00000000d5580000,0x00000000d5580000,0x00000000d6a00000)
  from space 3072K, 87% used [0x00000000d6a00000,0x00000000d6ca0810,0x00000000d6d00000)
  to   space 3584K, 0% used [0x00000000d6d80000,0x00000000d6d80000,0x00000000d7100000)
 ParOldGen       total 68608K, used 20347K [0x0000000080000000, 0x0000000084300000, 0x00000000d5580000)
  object space 68608K, 29% used [0x0000000080000000,0x00000000813def78,0x0000000084300000)
 Metaspace       used 32466K, committed 33472K, reserved 1114112K
  class space    used 3246K, committed 3712K, reserved 1048576K
}
Event: 19.500 GC heap before
{Heap before GC invocations=15 (full 1):
 PSYoungGen      total 24064K, used 23682K [0x00000000d5580000, 0x00000000d7100000, 0x0000000100000000)
  eden space 20992K, 100% used [0x00000000d5580000,0x00000000d6a00000,0x00000000d6a00000)
  from space 3072K, 87% used [0x00000000d6a00000,0x00000000d6ca0810,0x00000000d6d00000)
  to   space 3584K, 0% used [0x00000000d6d80000,0x00000000d6d80000,0x00000000d7100000)
 ParOldGen       total 68608K, used 20347K [0x0000000080000000, 0x0000000084300000, 0x00000000d5580000)
  object space 68608K, 29% used [0x0000000080000000,0x00000000813def78,0x0000000084300000)
 Metaspace       used 32486K, committed 33536K, reserved 1114112K
  class space    used 3246K, committed 3712K, reserved 1048576K
}
Event: 19.552 GC heap after
{Heap after GC invocations=15 (full 1):
 PSYoungGen      total 23552K, used 2212K [0x00000000d5580000, 0x00000000d7000000, 0x0000000100000000)
  eden space 20992K, 0% used [0x00000000d5580000,0x00000000d5580000,0x00000000d6a00000)
  from space 2560K, 86% used [0x00000000d6d80000,0x00000000d6fa9000,0x00000000d7000000)
  to   space 2560K, 0% used [0x00000000d6b00000,0x00000000d6b00000,0x00000000d6d80000)
 ParOldGen       total 68608K, used 22779K [0x0000000080000000, 0x0000000084300000, 0x00000000d5580000)
  object space 68608K, 33% used [0x0000000080000000,0x000000008163ef88,0x0000000084300000)
 Metaspace       used 32486K, committed 33536K, reserved 1114112K
  class space    used 3246K, committed 3712K, reserved 1048576K
}
Event: 19.966 GC heap before
{Heap before GC invocations=16 (full 1):
 PSYoungGen      total 23552K, used 23204K [0x00000000d5580000, 0x00000000d7000000, 0x0000000100000000)
  eden space 20992K, 100% used [0x00000000d5580000,0x00000000d6a00000,0x00000000d6a00000)
  from space 2560K, 86% used [0x00000000d6d80000,0x00000000d6fa9000,0x00000000d7000000)
  to   space 2560K, 0% used [0x00000000d6b00000,0x00000000d6b00000,0x00000000d6d80000)
 ParOldGen       total 68608K, used 22779K [0x0000000080000000, 0x0000000084300000, 0x00000000d5580000)
  object space 68608K, 33% used [0x0000000080000000,0x000000008163ef88,0x0000000084300000)
 Metaspace       used 32504K, committed 33536K, reserved 1114112K
  class space    used 3247K, committed 3712K, reserved 1048576K
}
Event: 19.972 GC heap after
{Heap after GC invocations=16 (full 1):
 PSYoungGen      total 23552K, used 2432K [0x00000000d5580000, 0x00000000d6f00000, 0x0000000100000000)
  eden space 20992K, 0% used [0x00000000d5580000,0x00000000d5580000,0x00000000d6a00000)
  from space 2560K, 95% used [0x00000000d6b00000,0x00000000d6d60010,0x00000000d6d80000)
  to   space 1536K, 0% used [0x00000000d6d80000,0x00000000d6d80000,0x00000000d6f00000)
 ParOldGen       total 68608K, used 24881K [0x0000000080000000, 0x0000000084300000, 0x00000000d5580000)
  object space 68608K, 36% used [0x0000000080000000,0x000000008184c5b0,0x0000000084300000)
 Metaspace       used 32504K, committed 33536K, reserved 1114112K
  class space    used 3247K, committed 3712K, reserved 1048576K
}
Event: 21.040 GC heap before
{Heap before GC invocations=17 (full 1):
 PSYoungGen      total 23552K, used 23424K [0x00000000d5580000, 0x00000000d6f00000, 0x0000000100000000)
  eden space 20992K, 100% used [0x00000000d5580000,0x00000000d6a00000,0x00000000d6a00000)
  from space 2560K, 95% used [0x00000000d6b00000,0x00000000d6d60010,0x00000000d6d80000)
  to   space 1536K, 0% used [0x00000000d6d80000,0x00000000d6d80000,0x00000000d6f00000)
 ParOldGen       total 68608K, used 24881K [0x0000000080000000, 0x0000000084300000, 0x00000000d5580000)
  object space 68608K, 36% used [0x0000000080000000,0x000000008184c5b0,0x0000000084300000)
 Metaspace       used 32542K, committed 33600K, reserved 1114112K
  class space    used 3247K, committed 3712K, reserved 1048576K
}
Event: 21.058 GC heap after
{Heap after GC invocations=17 (full 1):
 PSYoungGen      total 20992K, used 1528K [0x00000000d5580000, 0x00000000d7400000, 0x0000000100000000)
  eden space 19456K, 0% used [0x00000000d5580000,0x00000000d5580000,0x00000000d6880000)
  from space 1536K, 99% used [0x00000000d6d80000,0x00000000d6efe200,0x00000000d6f00000)
  to   space 5120K, 0% used [0x00000000d6880000,0x00000000d6880000,0x00000000d6d80000)
 ParOldGen       total 68608K, used 27673K [0x0000000080000000, 0x0000000084300000, 0x00000000d5580000)
  object space 68608K, 40% used [0x0000000080000000,0x0000000081b065c0,0x0000000084300000)
 Metaspace       used 32542K, committed 33600K, reserved 1114112K
  class space    used 3247K, committed 3712K, reserved 1048576K
}
Event: 23.516 GC heap before
{Heap before GC invocations=18 (full 1):
 PSYoungGen      total 20992K, used 20984K [0x00000000d5580000, 0x00000000d7400000, 0x0000000100000000)
  eden space 19456K, 100% used [0x00000000d5580000,0x00000000d6880000,0x00000000d6880000)
  from space 1536K, 99% used [0x00000000d6d80000,0x00000000d6efe200,0x00000000d6f00000)
  to   space 5120K, 0% used [0x00000000d6880000,0x00000000d6880000,0x00000000d6d80000)
 ParOldGen       total 68608K, used 27673K [0x0000000080000000, 0x0000000084300000, 0x00000000d5580000)
  object space 68608K, 40% used [0x0000000080000000,0x0000000081b065c0,0x0000000084300000)
 Metaspace       used 34179K, committed 35200K, reserved 1114112K
  class space    used 3467K, committed 3904K, reserved 1048576K
}
Event: 23.575 GC heap after
{Heap after GC invocations=18 (full 1):
 PSYoungGen      total 20992K, used 1067K [0x00000000d5580000, 0x00000000d6e00000, 0x0000000100000000)
  eden space 19456K, 0% used [0x00000000d5580000,0x00000000d5580000,0x00000000d6880000)
  from space 1536K, 69% used [0x00000000d6880000,0x00000000d698ae68,0x00000000d6a00000)
  to   space 2560K, 0% used [0x00000000d6b80000,0x00000000d6b80000,0x00000000d6e00000)
 ParOldGen       total 68608K, used 29225K [0x0000000080000000, 0x0000000084300000, 0x00000000d5580000)
  object space 68608K, 42% used [0x0000000080000000,0x0000000081c8a7c0,0x0000000084300000)
 Metaspace       used 34179K, committed 35200K, reserved 1114112K
  class space    used 3467K, committed 3904K, reserved 1048576K
}

Dll operation events (10 events):
Event: 0.043 Loaded shared library c:\Users\HP\.antigravity\extensions\redhat.java-1.54.0-win32-x64\jre\21.0.10-win32-x86_64\bin\java.dll
Event: 0.214 Loaded shared library c:\Users\HP\.antigravity\extensions\redhat.java-1.54.0-win32-x64\jre\21.0.10-win32-x86_64\bin\zip.dll
Event: 0.263 Loaded shared library C:\Users\HP\.antigravity\extensions\redhat.java-1.54.0-win32-x64\jre\21.0.10-win32-x86_64\bin\instrument.dll
Event: 0.275 Loaded shared library C:\Users\HP\.antigravity\extensions\redhat.java-1.54.0-win32-x64\jre\21.0.10-win32-x86_64\bin\net.dll
Event: 0.279 Loaded shared library C:\Users\HP\.antigravity\extensions\redhat.java-1.54.0-win32-x64\jre\21.0.10-win32-x86_64\bin\nio.dll
Event: 0.286 Loaded shared library C:\Users\HP\.antigravity\extensions\redhat.java-1.54.0-win32-x64\jre\21.0.10-win32-x86_64\bin\zip.dll
Event: 0.329 Loaded shared library C:\Users\HP\.antigravity\extensions\redhat.java-1.54.0-win32-x64\jre\21.0.10-win32-x86_64\bin\jimage.dll
Event: 0.502 Loaded shared library c:\Users\HP\.antigravity\extensions\redhat.java-1.54.0-win32-x64\jre\21.0.10-win32-x86_64\bin\verify.dll
Event: 2.687 Loaded shared library C:\Users\HP\AppData\Roaming\Antigravity\User\globalStorage\redhat.java\1.54.0\config_ss_win\org.eclipse.equinox.launcher\org.eclipse.equinox.launcher.win32.win32.x86_64_1.3.0.v20260203-2149\eclipse_11919.dll
Event: 6.496 Loaded shared library C:\Users\HP\AppData\Local\Temp\jna-2312\jna5922409540969004577.dll

Deoptimization events (20 events):
Event: 23.238 Thread 0x0000021cf187cd80 Uncommon trap: trap_request=0xffffff45 fr.pc=0x0000021cde2d72b0 relative=0x0000000000000e30
Event: 23.238 Thread 0x0000021cf187cd80 Uncommon trap: reason=unstable_if action=reinterpret pc=0x0000021cde2d72b0 method=java.util.Properties$LineReader.readLine()I @ 182 c2
Event: 23.239 Thread 0x0000021cf187cd80 DEOPT PACKING pc=0x0000021cde2d72b0 sp=0x00000096cd1fc370
Event: 23.239 Thread 0x0000021cf187cd80 DEOPT UNPACKING pc=0x0000021cddb13aa2 sp=0x00000096cd1fc300 mode 2
Event: 23.374 Thread 0x0000021cf187cd80 DEOPT PACKING pc=0x0000021cd66dc9b9 sp=0x00000096cd1f89b0
Event: 23.374 Thread 0x0000021cf187cd80 DEOPT UNPACKING pc=0x0000021cddb14242 sp=0x00000096cd1f7eb0 mode 0
Event: 23.381 Thread 0x0000021cf187cd80 DEOPT PACKING pc=0x0000021cd6636578 sp=0x00000096cd1f88f0
Event: 23.381 Thread 0x0000021cf187cd80 DEOPT UNPACKING pc=0x0000021cddb14242 sp=0x00000096cd1f7dd8 mode 0
Event: 23.386 Thread 0x0000021cf187cd80 DEOPT PACKING pc=0x0000021cd6b09b8d sp=0x00000096cd1fc610
Event: 23.386 Thread 0x0000021cf187cd80 DEOPT UNPACKING pc=0x0000021cddb14242 sp=0x00000096cd1fbac0 mode 0
Event: 23.400 Thread 0x0000021cf187cd80 DEOPT PACKING pc=0x0000021cd6b09b8d sp=0x00000096cd1fc540
Event: 23.400 Thread 0x0000021cf187cd80 DEOPT UNPACKING pc=0x0000021cddb14242 sp=0x00000096cd1fb9f0 mode 0
Event: 23.433 Thread 0x0000021cf187cd80 DEOPT PACKING pc=0x0000021cd6b09b8d sp=0x00000096cd1f8ce0
Event: 23.433 Thread 0x0000021cf187cd80 DEOPT UNPACKING pc=0x0000021cddb14242 sp=0x00000096cd1f8190 mode 0
Event: 23.578 Thread 0x0000021cf187cd80 DEOPT PACKING pc=0x0000021cd66dc9b9 sp=0x00000096cd1f8890
Event: 23.578 Thread 0x0000021cf187cd80 DEOPT UNPACKING pc=0x0000021cddb14242 sp=0x00000096cd1f7d90 mode 0
Event: 23.698 Thread 0x0000021cf187cd80 DEOPT PACKING pc=0x0000021cd66dc9b9 sp=0x00000096cd1f7e50
Event: 23.698 Thread 0x0000021cf187cd80 DEOPT UNPACKING pc=0x0000021cddb14242 sp=0x00000096cd1f7350 mode 0
Event: 24.365 Thread 0x0000021cf187cd80 DEOPT PACKING pc=0x0000021cd66dc9b9 sp=0x00000096cd1fbfb0
Event: 24.367 Thread 0x0000021cf187cd80 DEOPT UNPACKING pc=0x0000021cddb14242 sp=0x00000096cd1fb4b0 mode 0

Classes loaded (20 events):
Event: 17.768 Loading class java/lang/invoke/MethodHandleImpl$Makers$1
Event: 17.770 Loading class java/lang/invoke/MethodHandleImpl$Makers$1 done
Event: 17.770 Loading class java/lang/invoke/MethodHandleImpl$Makers$2
Event: 17.771 Loading class java/lang/invoke/MethodHandleImpl$Makers$2 done
Event: 17.771 Loading class java/lang/invoke/MethodHandleImpl$Makers$3
Event: 17.772 Loading class java/lang/invoke/MethodHandleImpl$Makers$3 done
Event: 17.799 Loading class java/lang/runtime/ObjectMethods$1
Event: 17.800 Loading class java/lang/runtime/ObjectMethods$1 done
Event: 18.558 Loading class java/util/AbstractList$ListItr
Event: 18.558 Loading class java/util/AbstractList$ListItr done
Event: 18.628 Loading class java/nio/channels/Channels$ReadableByteChannelImpl
Event: 18.629 Loading class java/nio/channels/Channels$ReadableByteChannelImpl done
Event: 18.630 Loading class java/nio/channels/NonWritableChannelException
Event: 18.631 Loading class java/nio/channels/NonWritableChannelException done
Event: 22.194 Loading class java/lang/ExceptionInInitializerError
Event: 22.197 Loading class java/lang/ExceptionInInitializerError done
Event: 22.633 Loading class sun/misc/Unsafe
Event: 22.634 Loading class sun/misc/Unsafe done
Event: 23.813 Loading class java/util/Vector$1
Event: 23.813 Loading class java/util/Vector$1 done

Classes unloaded (7 events):
Event: 7.717 Thread 0x0000021cd3431d80 Unloading class 0x0000021c8118d400 'java/lang/invoke/LambdaForm$MH+0x0000021c8118d400'
Event: 7.717 Thread 0x0000021cd3431d80 Unloading class 0x0000021c8118d000 'java/lang/invoke/LambdaForm$MH+0x0000021c8118d000'
Event: 7.717 Thread 0x0000021cd3431d80 Unloading class 0x0000021c8118cc00 'java/lang/invoke/LambdaForm$MH+0x0000021c8118cc00'
Event: 7.717 Thread 0x0000021cd3431d80 Unloading class 0x0000021c8118c800 'java/lang/invoke/LambdaForm$MH+0x0000021c8118c800'
Event: 7.717 Thread 0x0000021cd3431d80 Unloading class 0x0000021c8118c400 'java/lang/invoke/LambdaForm$BMH+0x0000021c8118c400'
Event: 7.717 Thread 0x0000021cd3431d80 Unloading class 0x0000021c8118c000 'java/lang/invoke/LambdaForm$DMH+0x0000021c8118c000'
Event: 7.717 Thread 0x0000021cd3431d80 Unloading class 0x0000021c8118ac00 'java/lang/invoke/LambdaForm$DMH+0x0000021c8118ac00'

Classes redefined (0 events):
No events

Internal exceptions (20 events):
Event: 9.688 Thread 0x0000021cd338dac0 Exception <a 'java/lang/NoSuchMethodError'{0x00000000d6890d58}: 'void java.lang.invoke.DirectMethodHandle$Holder.invokeSpecial(java.lang.Object, java.lang.Object, java.lang.Object, java.lang.Object, java.lang.Object, java.lang.Object)'> (0x00000000d6890d58) 
thrown [s\src\hotspot\share\interpreter\linkResolver.cpp, line 773]
Event: 9.689 Thread 0x0000021cd338dac0 Exception <a 'java/lang/IncompatibleClassChangeError'{0x00000000d68989f0}: Found class java.lang.Object, but interface was expected> (0x00000000d68989f0) 
thrown [s\src\hotspot\share\interpreter\linkResolver.cpp, line 840]
Event: 9.690 Thread 0x0000021cd338dac0 Exception <a 'java/lang/IncompatibleClassChangeError'{0x00000000d689a678}: Found class java.lang.Object, but interface was expected> (0x00000000d689a678) 
thrown [s\src\hotspot\share\interpreter\linkResolver.cpp, line 840]
Event: 10.123 Thread 0x0000021cf187cd80 Exception <a 'java/lang/NoSuchMethodError'{0x00000000d5d65e90}: 'java.lang.Object java.lang.invoke.DirectMethodHandle$Holder.invokeInterface(java.lang.Object, java.lang.Object, java.lang.Object)'> (0x00000000d5d65e90) 
thrown [s\src\hotspot\share\interpreter\linkResolver.cpp, line 773]
Event: 10.214 Thread 0x0000021cf187cd80 Exception <a 'java/io/FileNotFoundException'{0x00000000d6073ca8}> (0x00000000d6073ca8) 
thrown [s\src\hotspot\share\prims\jni.cpp, line 520]
Event: 10.285 Thread 0x0000021cf187cd80 Exception <a 'sun/nio/fs/WindowsException'{0x00000000d55d7778}> (0x00000000d55d7778) 
thrown [s\src\hotspot\share\prims\jni.cpp, line 520]
Event: 12.287 Thread 0x0000021cf187cd80 Exception <a 'java/lang/IncompatibleClassChangeError'{0x00000000d5a49538}: Found class java.lang.Object, but interface was expected> (0x00000000d5a49538) 
thrown [s\src\hotspot\share\interpreter\linkResolver.cpp, line 840]
Event: 17.006 Thread 0x0000021cf187cd80 Implicit null exception at 0x0000021cde23322a to 0x0000021cde2334f4
Event: 17.035 Thread 0x0000021cf187cd80 Exception <a 'java/lang/NoSuchMethodError'{0x00000000d5ee76a8}: 'long java.lang.invoke.DirectMethodHandle$Holder.invokeStatic(java.lang.Object, java.lang.Object, int)'> (0x00000000d5ee76a8) 
thrown [s\src\hotspot\share\interpreter\linkResolver.cpp, line 773]
Event: 17.061 Thread 0x0000021cf187cd80 Exception <a 'java/lang/NoSuchMethodError'{0x00000000d5ef1ca8}: 'java.lang.Object java.lang.invoke.DelegatingMethodHandle$Holder.reinvoke_L(java.lang.Object, int, long, java.lang.Object, java.lang.Object, int, java.lang.Object)'> (0x00000000d5ef1ca8) 
thrown [s\src\hotspot\share\interpreter\linkResolver.cpp, line 773]
Event: 17.758 Thread 0x0000021cf187cd80 Exception <a 'java/lang/NoSuchMethodError'{0x00000000d64869d0}: 'java.lang.Object java.lang.invoke.DirectMethodHandle$Holder.invokeStaticInit(java.lang.Object, java.lang.Object, java.lang.Object, java.lang.Object, java.lang.Object, java.lang.Object, java.lang.Object)'> (0x00000000d64869d0) 
thrown [s\src\hotspot\share\interpreter\linkResolver.cpp, line 773]
Event: 17.759 Thread 0x0000021cf187cd80 Exception <a 'java/lang/NoSuchMethodError'{0x00000000d648b978}: 'java.lang.Object java.lang.invoke.Invokers$Holder.invoke_MT(java.lang.Object, java.lang.Object, java.lang.Object, java.lang.Object, java.lang.Object, java.lang.Object, java.lang.Object, java.lang.Object, java.lang.Object, java.lang.Object)'> (0x00000000d648b978) 
thrown [s\src\hotspot\share\interpreter\linkResolver.cpp, line 773]
Event: 17.801 Thread 0x0000021cf187cd80 Exception <a 'java/lang/NoSuchMethodError'{0x00000000d64cbaa8}: 'int java.lang.invoke.DirectMethodHandle$Holder.invokeVirtual(java.lang.Object, java.lang.Object, java.lang.Object)'> (0x00000000d64cbaa8) 
thrown [s\src\hotspot\share\interpreter\linkResolver.cpp, line 773]
Event: 17.802 Thread 0x0000021cf187cd80 Exception <a 'java/lang/NoSuchMethodError'{0x00000000d64d00b8}: 'int java.lang.invoke.DirectMethodHandle$Holder.invokeStaticInit(java.lang.Object, int, int)'> (0x00000000d64d00b8) 
thrown [s\src\hotspot\share\interpreter\linkResolver.cpp, line 773]
Event: 17.803 Thread 0x0000021cf187cd80 Exception <a 'java/lang/NoSuchMethodError'{0x00000000d64d7860}: 'int java.lang.invoke.DirectMethodHandle$Holder.invokeStaticInit(java.lang.Object, long, long)'> (0x00000000d64d7860) 
thrown [s\src\hotspot\share\interpreter\linkResolver.cpp, line 773]
Event: 17.806 Thread 0x0000021cf187cd80 Exception <a 'java/lang/NoSuchMethodError'{0x00000000d64de5a8}: 'int java.lang.invoke.DirectMethodHandle$Holder.invokeStaticInit(java.lang.Object, float, float)'> (0x00000000d64de5a8) 
thrown [s\src\hotspot\share\interpreter\linkResolver.cpp, line 773]
Event: 17.808 Thread 0x0000021cf187cd80 Exception <a 'java/lang/NoSuchMethodError'{0x00000000d64e5548}: 'int java.lang.invoke.DirectMethodHandle$Holder.invokeStaticInit(java.lang.Object, double, double)'> (0x00000000d64e5548) 
thrown [s\src\hotspot\share\interpreter\linkResolver.cpp, line 773]
Event: 17.810 Thread 0x0000021cf187cd80 Exception <a 'java/lang/NoSuchMethodError'{0x00000000d64e9d60}: 'int java.lang.invoke.DirectMethodHandle$Holder.invokeStatic(java.lang.Object, long)'> (0x00000000d64e9d60) 
thrown [s\src\hotspot\share\interpreter\linkResolver.cpp, line 773]
Event: 17.834 Thread 0x0000021cf187cd80 Exception <a 'java/lang/NoSuchMethodError'{0x00000000d6508cb0}: 'int java.lang.invoke.Invokers$Holder.linkToTargetMethod(java.lang.Object, java.lang.Object)'> (0x00000000d6508cb0) 
thrown [s\src\hotspot\share\interpreter\linkResolver.cpp, line 773]
Event: 22.754 Thread 0x0000021cf187cd80 Exception <a 'java/lang/NoSuchMethodError'{0x00000000d61fb3c0}: 'java.lang.Object java.lang.invoke.DirectMethodHandle$Holder.invokeVirtual(java.lang.Object, java.lang.Object, int)'> (0x00000000d61fb3c0) 
thrown [s\src\hotspot\share\interpreter\linkResolver.cpp, line 773]

ZGC Phase Switch (0 events):
No events

VM Operations (20 events):
Event: 18.874 Executing safepoint VM operation: ParallelGCFailedAllocation (Allocation Failure)
Event: 18.917 Executing safepoint VM operation: ParallelGCFailedAllocation (Allocation Failure) done
Event: 19.160 Executing safepoint VM operation: ParallelGCFailedAllocation (Allocation Failure)
Event: 19.181 Executing safepoint VM operation: ParallelGCFailedAllocation (Allocation Failure) done
Event: 19.500 Executing safepoint VM operation: ParallelGCFailedAllocation (Allocation Failure)
Event: 19.552 Executing safepoint VM operation: ParallelGCFailedAllocation (Allocation Failure) done
Event: 19.966 Executing safepoint VM operation: ParallelGCFailedAllocation (Allocation Failure)
Event: 19.972 Executing safepoint VM operation: ParallelGCFailedAllocation (Allocation Failure) done
Event: 21.019 Executing safepoint VM operation: Cleanup
Event: 21.020 Executing safepoint VM operation: Cleanup done
Event: 21.039 Executing safepoint VM operation: ParallelGCFailedAllocation (Allocation Failure)
Event: 21.058 Executing safepoint VM operation: ParallelGCFailedAllocation (Allocation Failure) done
Event: 22.072 Executing safepoint VM operation: Cleanup
Event: 22.134 Executing safepoint VM operation: Cleanup done
Event: 22.846 Executing non-safepoint VM operation: HandshakeAllThreads (Deoptimize)
Event: 22.847 Executing non-safepoint VM operation: HandshakeAllThreads (Deoptimize) done
Event: 23.516 Executing safepoint VM operation: ParallelGCFailedAllocation (Allocation Failure)
Event: 23.575 Executing safepoint VM operation: ParallelGCFailedAllocation (Allocation Failure) done
Event: 24.597 Executing safepoint VM operation: Cleanup
Event: 24.607 Executing safepoint VM operation: Cleanup done

Memory protections (0 events):
No events

Nmethod flushes (0 events):
No events

Events (20 events):
Event: 2.933 Thread 0x0000021cf0331680 Thread added: 0x0000021cf03cc820
Event: 3.477 Thread 0x0000021cf0331680 Thread added: 0x0000021cf07487a0
Event: 6.612 Thread 0x0000021cf0331680 Thread added: 0x0000021ceb63d3e0
Event: 6.722 Thread 0x0000021cf0331680 Thread added: 0x0000021cf0639740
Event: 6.777 Thread 0x0000021cf0331680 Thread added: 0x0000021ceb81d5b0
Event: 8.349 Thread 0x0000021cf0331680 Thread added: 0x0000021ceb81e2d0
Event: 8.570 Thread 0x0000021ceb81e2d0 Thread exited: 0x0000021ceb81e2d0
Event: 9.154 Thread 0x0000021cd338dac0 Thread added: 0x0000021ceb81fd10
Event: 9.155 Thread 0x0000021cd338dac0 Thread added: 0x0000021ceb81eff0
Event: 9.155 Thread 0x0000021cd338dac0 Thread added: 0x0000021ceb81e960
Event: 9.156 Thread 0x0000021cd338dac0 Thread added: 0x0000021ceb81f680
Event: 9.156 Thread 0x0000021cd338dac0 Thread added: 0x0000021ceb8203a0
Event: 9.156 Thread 0x0000021cd338dac0 Thread added: 0x0000021ceb820a30
Event: 9.157 Thread 0x0000021cd338dac0 Thread added: 0x0000021ceb81e2d0
Event: 9.157 Thread 0x0000021cd338dac0 Thread added: 0x0000021ceb81dc40
Event: 9.157 Thread 0x0000021cd338dac0 Thread added: 0x0000021cf187c060
Event: 9.203 Thread 0x0000021cd338dac0 Thread added: 0x0000021cf187acb0
Event: 9.624 Thread 0x0000021ceb81d5b0 Thread added: 0x0000021cf187c6f0
Event: 9.717 Thread 0x0000021cd338dac0 Thread added: 0x0000021cf187b340
Event: 9.717 Thread 0x0000021cd338dac0 Thread added: 0x0000021cf187cd80


Dynamic libraries:
0x00007ff66b160000 - 0x00007ff66b16e000 	c:\Users\HP\.antigravity\extensions\redhat.java-1.54.0-win32-x64\jre\21.0.10-win32-x86_64\bin\java.exe
0x00007ffbc7050000 - 0x00007ffbc7268000 	C:\WINDOWS\SYSTEM32\ntdll.dll
0x00007ffbc59f0000 - 0x00007ffbc5ab4000 	C:\WINDOWS\System32\KERNEL32.DLL
0x00007ffbc4420000 - 0x00007ffbc47f3000 	C:\WINDOWS\System32\KERNELBASE.dll
0x00007ffbc4920000 - 0x00007ffbc4a31000 	C:\WINDOWS\System32\ucrtbase.dll
0x00007ffbb75a0000 - 0x00007ffbb75b8000 	c:\Users\HP\.antigravity\extensions\redhat.java-1.54.0-win32-x64\jre\21.0.10-win32-x86_64\bin\jli.dll
0x00007ffb9f2d0000 - 0x00007ffb9f2ee000 	c:\Users\HP\.antigravity\extensions\redhat.java-1.54.0-win32-x64\jre\21.0.10-win32-x86_64\bin\VCRUNTIME140.dll
0x00007ffbc6df0000 - 0x00007ffbc6fa2000 	C:\WINDOWS\System32\USER32.dll
0x00007ffba5120000 - 0x00007ffba53bc000 	C:\WINDOWS\WinSxS\amd64_microsoft.windows.common-controls_6595b64144ccf1df_6.0.22621.6060_none_2712eda17382d24b\COMCTL32.dll
0x00007ffbc4330000 - 0x00007ffbc4356000 	C:\WINDOWS\System32\win32u.dll
0x00007ffbc4f70000 - 0x00007ffbc4f99000 	C:\WINDOWS\System32\GDI32.dll
0x00007ffbc4800000 - 0x00007ffbc491b000 	C:\WINDOWS\System32\gdi32full.dll
0x00007ffbc4290000 - 0x00007ffbc432a000 	C:\WINDOWS\System32\msvcp_win.dll
0x00007ffbc65e0000 - 0x00007ffbc6687000 	C:\WINDOWS\System32\msvcrt.dll
0x00007ffbc59b0000 - 0x00007ffbc59e1000 	C:\WINDOWS\System32\IMM32.DLL
0x00007ffbb9f00000 - 0x00007ffbb9f0c000 	c:\Users\HP\.antigravity\extensions\redhat.java-1.54.0-win32-x64\jre\21.0.10-win32-x86_64\bin\vcruntime140_1.dll
0x00007ffb73680000 - 0x00007ffb7370d000 	c:\Users\HP\.antigravity\extensions\redhat.java-1.54.0-win32-x64\jre\21.0.10-win32-x86_64\bin\msvcp140.dll
0x00007ffb23ee0000 - 0x00007ffb24c81000 	c:\Users\HP\.antigravity\extensions\redhat.java-1.54.0-win32-x64\jre\21.0.10-win32-x86_64\bin\server\jvm.dll
0x00007ffbc4eb0000 - 0x00007ffbc4f61000 	C:\WINDOWS\System32\ADVAPI32.dll
0x00007ffbc6700000 - 0x00007ffbc67a8000 	C:\WINDOWS\System32\sechost.dll
0x00007ffbc4160000 - 0x00007ffbc4188000 	C:\WINDOWS\System32\bcrypt.dll
0x00007ffbc5390000 - 0x00007ffbc54a8000 	C:\WINDOWS\System32\RPCRT4.dll
0x00007ffbc5110000 - 0x00007ffbc5181000 	C:\WINDOWS\System32\WS2_32.dll
0x00007ffbc4030000 - 0x00007ffbc407d000 	C:\WINDOWS\SYSTEM32\POWRPROF.dll
0x00007ffbb9e80000 - 0x00007ffbb9eb4000 	C:\WINDOWS\SYSTEM32\WINMM.dll
0x00007ffbb0ae0000 - 0x00007ffbb0aea000 	C:\WINDOWS\SYSTEM32\VERSION.dll
0x00007ffbc4010000 - 0x00007ffbc4023000 	C:\WINDOWS\SYSTEM32\UMPDC.dll
0x00007ffbc3100000 - 0x00007ffbc3118000 	C:\WINDOWS\SYSTEM32\kernel.appcore.dll
0x00007ffbac910000 - 0x00007ffbac91a000 	c:\Users\HP\.antigravity\extensions\redhat.java-1.54.0-win32-x64\jre\21.0.10-win32-x86_64\bin\jimage.dll
0x00007ffbc1b10000 - 0x00007ffbc1d43000 	C:\WINDOWS\SYSTEM32\DBGHELP.DLL
0x00007ffbc5500000 - 0x00007ffbc5891000 	C:\WINDOWS\System32\combase.dll
0x00007ffbc4fa0000 - 0x00007ffbc5078000 	C:\WINDOWS\System32\OLEAUT32.dll
0x00007ffba3da0000 - 0x00007ffba3dd2000 	C:\WINDOWS\SYSTEM32\dbgcore.DLL
0x00007ffbc4190000 - 0x00007ffbc420b000 	C:\WINDOWS\System32\bcryptPrimitives.dll
0x00007ffba6df0000 - 0x00007ffba6dff000 	c:\Users\HP\.antigravity\extensions\redhat.java-1.54.0-win32-x64\jre\21.0.10-win32-x86_64\bin\instrument.dll
0x00007ffb91be0000 - 0x00007ffb91c00000 	c:\Users\HP\.antigravity\extensions\redhat.java-1.54.0-win32-x64\jre\21.0.10-win32-x86_64\bin\java.dll
0x00007ffbc5b10000 - 0x00007ffbc63ac000 	C:\WINDOWS\System32\SHELL32.dll
0x00007ffbc4a40000 - 0x00007ffbc4b7f000 	C:\WINDOWS\System32\wintypes.dll
0x00007ffbc2010000 - 0x00007ffbc292a000 	C:\WINDOWS\SYSTEM32\windows.storage.dll
0x00007ffbc58a0000 - 0x00007ffbc59a4000 	C:\WINDOWS\System32\SHCORE.dll
0x00007ffbc6690000 - 0x00007ffbc66f9000 	C:\WINDOWS\System32\shlwapi.dll
0x00007ffbc4090000 - 0x00007ffbc40b5000 	C:\WINDOWS\SYSTEM32\profapi.dll
0x00007ffb91bc0000 - 0x00007ffb91bd8000 	c:\Users\HP\.antigravity\extensions\redhat.java-1.54.0-win32-x64\jre\21.0.10-win32-x86_64\bin\zip.dll
0x00007ffb91d80000 - 0x00007ffb91d90000 	C:\Users\HP\.antigravity\extensions\redhat.java-1.54.0-win32-x64\jre\21.0.10-win32-x86_64\bin\net.dll
0x00007ffbbd630000 - 0x00007ffbbd75c000 	C:\WINDOWS\SYSTEM32\WINHTTP.dll
0x00007ffbc35c0000 - 0x00007ffbc3629000 	C:\WINDOWS\system32\mswsock.dll
0x00007ffb8baf0000 - 0x00007ffb8bb06000 	C:\Users\HP\.antigravity\extensions\redhat.java-1.54.0-win32-x64\jre\21.0.10-win32-x86_64\bin\nio.dll
0x00007ffb91d10000 - 0x00007ffb91d20000 	c:\Users\HP\.antigravity\extensions\redhat.java-1.54.0-win32-x64\jre\21.0.10-win32-x86_64\bin\verify.dll
0x00007ffb87ce0000 - 0x00007ffb87d25000 	C:\Users\HP\AppData\Roaming\Antigravity\User\globalStorage\redhat.java\1.54.0\config_ss_win\org.eclipse.equinox.launcher\org.eclipse.equinox.launcher.win32.win32.x86_64_1.3.0.v20260203-2149\eclipse_11919.dll
0x00007ffbc63b0000 - 0x00007ffbc6551000 	C:\WINDOWS\System32\ole32.dll
0x00007ffbc3910000 - 0x00007ffbc392b000 	C:\WINDOWS\SYSTEM32\CRYPTSP.dll
0x00007ffbc3060000 - 0x00007ffbc3097000 	C:\WINDOWS\system32\rsaenh.dll
0x00007ffbc3660000 - 0x00007ffbc3688000 	C:\WINDOWS\SYSTEM32\USERENV.dll
0x00007ffbc38f0000 - 0x00007ffbc38fc000 	C:\WINDOWS\SYSTEM32\CRYPTBASE.dll
0x00007ffbc2bd0000 - 0x00007ffbc2bfd000 	C:\WINDOWS\SYSTEM32\IPHLPAPI.DLL
0x00007ffbc5ae0000 - 0x00007ffbc5ae9000 	C:\WINDOWS\System32\NSI.dll
0x00007ffb74020000 - 0x00007ffb74069000 	C:\Users\HP\AppData\Local\Temp\jna-2312\jna5922409540969004577.dll
0x00007ffbc5100000 - 0x00007ffbc5108000 	C:\WINDOWS\System32\PSAPI.DLL
0x00007ffbba370000 - 0x00007ffbba389000 	C:\WINDOWS\SYSTEM32\dhcpcsvc6.DLL
0x00007ffbba270000 - 0x00007ffbba28f000 	C:\WINDOWS\SYSTEM32\dhcpcsvc.DLL

JVMTI agents:
c:\Users\HP\.antigravity\extensions\redhat.java-1.54.0-win32-x64\lombok\lombok-1.18.39-4050.jar path:c:\Users\HP\.antigravity\extensions\redhat.java-1.54.0-win32-x64\jre\21.0.10-win32-x86_64\bin\instrument.dll, loaded, initialized, instrumentlib options:none

dbghelp: loaded successfully - version: 4.0.5 - missing functions: none
symbol engine: initialized successfully - sym options: 0x614 - pdb path: .;c:\Users\HP\.antigravity\extensions\redhat.java-1.54.0-win32-x64\jre\21.0.10-win32-x86_64\bin;C:\WINDOWS\SYSTEM32;C:\WINDOWS\WinSxS\amd64_microsoft.windows.common-controls_6595b64144ccf1df_6.0.22621.6060_none_2712eda17382d24b;c:\Users\HP\.antigravity\extensions\redhat.java-1.54.0-win32-x64\jre\21.0.10-win32-x86_64\bin\server;C:\Users\HP\AppData\Roaming\Antigravity\User\globalStorage\redhat.java\1.54.0\config_ss_win\org.eclipse.equinox.launcher\org.eclipse.equinox.launcher.win32.win32.x86_64_1.3.0.v20260203-2149;C:\Users\HP\AppData\Local\Temp\jna-2312

VM Arguments:
jvm_args: --add-modules=ALL-SYSTEM --add-opens=java.base/java.util=ALL-UNNAMED --add-opens=java.base/java.lang=ALL-UNNAMED --add-opens=java.base/sun.nio.fs=ALL-UNNAMED -Declipse.application=org.eclipse.jdt.ls.core.id1 -Dosgi.bundles.defaultStartLevel=4 -Declipse.product=org.eclipse.jdt.ls.core.product -Djava.import.generatesMetadataFilesAtProjectRoot=false -DDetectVMInstallationsJob.disabled=true -Dfile.encoding=utf8 -XX:+UseParallelGC -XX:GCTimeRatio=4 -XX:AdaptiveSizePolicyWeight=90 -Dsun.zip.disableMemoryMapping=true -Xmx2G -Xms100m -Xlog:disable -javaagent:c:\Users\HP\.antigravity\extensions\redhat.java-1.54.0-win32-x64\lombok\lombok-1.18.39-4050.jar 
java_command: c:\Users\HP\.antigravity\extensions\redhat.java-1.54.0-win32-x64\server\plugins\org.eclipse.equinox.launcher_1.7.100.v20251111-0406.jar -configuration c:\Users\HP\AppData\Roaming\Antigravity\User\globalStorage\redhat.java\1.54.0\config_ss_win -data c:\Users\HP\AppData\Roaming\Antigravity\User\workspaceStorage\ec30be9fa44441caa41ccff467e32948\redhat.java\ss_ws --pipe=\\.\pipe\lsp-9b4ca37bf73d84059a18e139b6b26064-sock
java_class_path (initial): c:\Users\HP\.antigravity\extensions\redhat.java-1.54.0-win32-x64\server\plugins\org.eclipse.equinox.launcher_1.7.100.v20251111-0406.jar
Launcher Type: SUN_STANDARD

[Global flags]
    uintx AdaptiveSizePolicyWeight                 = 90                                        {product} {command line}
     intx CICompilerCount                          = 4                                         {product} {ergonomic}
    uintx GCTimeRatio                              = 4                                         {product} {command line}
   size_t InitialHeapSize                          = 104857600                                 {product} {command line}
   size_t MaxHeapSize                              = 2147483648                                {product} {command line}
   size_t MaxNewSize                               = 715653120                                 {product} {ergonomic}
   size_t MinHeapDeltaBytes                        = 524288                                    {product} {ergonomic}
   size_t MinHeapSize                              = 104857600                                 {product} {command line}
   size_t NewSize                                  = 34603008                                  {product} {ergonomic}
    uintx NonNMethodCodeHeapSize                   = 5839372                                {pd product} {ergonomic}
    uintx NonProfiledCodeHeapSize                  = 122909434                              {pd product} {ergonomic}
   size_t OldSize                                  = 70254592                                  {product} {ergonomic}
    uintx ProfiledCodeHeapSize                     = 122909434                              {pd product} {ergonomic}
    uintx ReservedCodeCacheSize                    = 251658240                              {pd product} {ergonomic}
     bool SegmentedCodeCache                       = true                                      {product} {ergonomic}
   size_t SoftMaxHeapSize                          = 2147483648                             {manageable} {ergonomic}
     bool UseCompressedOops                        = true                           {product lp64_product} {ergonomic}
     bool UseLargePagesIndividualAllocation        = false                                  {pd product} {ergonomic}
     bool UseParallelGC                            = true                                      {product} {command line}

Logging:
Log output configuration:
 #0: stdout all=off uptime,level,tags foldmultilines=false
 #1: stderr all=off uptime,level,tags foldmultilines=false

Release file:
JAVA_VERSION="21.0.10" 
MODULES="java.base java.compiler java.datatransfer java.xml java.prefs java.desktop java.instrument java.logging java.management java.security.sasl java.naming java.rmi java.management.rmi java.net.http java.scripting java.security.jgss java.transaction.xa java.sql java.sql.rowset java.xml.crypto java.se java.smartcardio jdk.accessibility jdk.internal.jvmstat jdk.attach jdk.charsets jdk.internal.opt jdk.zipfs jdk.compiler jdk.crypto.ec jdk.crypto.cryptoki jdk.crypto.mscapi jdk.dynalink jdk.internal.ed jdk.editpad jdk.hotspot.agent jdk.httpserver jdk.internal.le jdk.internal.vm.ci jdk.internal.vm.compiler jdk.internal.vm.compiler.management jdk.jartool jdk.javadoc jdk.jcmd jdk.management jdk.management.agent jdk.jconsole jdk.jdeps jdk.jdwp.agent jdk.jdi jdk.jfr jdk.jshell jdk.jsobject jdk.jstatd jdk.localedata jdk.management.jfr jdk.naming.dns jdk.naming.rmi jdk.net jdk.nio.mapmode jdk.random jdk.sctp jdk.security.auth jdk.security.jgss jdk.unsupported jdk.unsupported.desktop jdk.xml.dom" 

Environment Variables:
JAVA_HOME=C:\Program Files\Microsoft\jdk-17.0.18.8-hotspot\
PATH=C:\Program Files\Microsoft\jdk-17.0.18.8-hotspot\bin;C:\Python314\Scripts\;C:\Python314\;C:\oraclexe\app\oracle\product\10.2.0\server\bin;C:\app\HP\product\21c\dbhomeXE\bin;C:\Users\HP\Downloads\WINDOWS.X64_193000_grid_home\bin;C:\WINDOWS\system32;C:\WINDOWS;C:\WINDOWS\System32\Wbem;C:\WINDOWS\System32\WindowsPowerShell\v1.0\;C:\WINDOWS\System32\OpenSSH\;C:\Program Files\PuTTY\;C:\Program Files (x86)\;C:\Program Files\Git\cmd;C:\Program Files (x86)\Windows Kits\10\Windows Performance Toolkit\;C:\Program Files\MongoDB\Server\8.2\bin;C:\Program Files\nodejs\;C:\ProgramData\chocolatey\bin;C:\Users\HP\AppData\Local\Programs\Python\Python313\Scripts\;C:\Users\HP\AppData\Local\Programs\Python\Python313\;C:\Users\HP\AppData\Local\Programs\Python\Launcher\;C:\Users\HP\AppData\Local\Microsoft\WindowsApps;;C:\Users\HP\AppData\Local\Programs\Microsoft VS Code\bin;C:\Users\HP\Desktop\Antigravity\bin;C:\Users\HP\AppData\Roaming\npm;C:\Users\HP\AppData\Local\Microsoft\WinGet\Packages\Ngrok.Ngrok_Microsoft.Winget.Source_8wekyb3d8bbwe;
USERNAME=HP
OS=Windows_NT
PROCESSOR_IDENTIFIER=Intel64 Family 6 Model 154 Stepping 4, GenuineIntel
TMP=C:\Users\HP\AppData\Local\Temp
TEMP=C:\Users\HP\AppData\Local\Temp




Periodic native trim disabled

---------------  S Y S T E M  ---------------

OS:
 Windows 11 , 64 bit Build 22621 (10.0.22621.5415)
OS uptime: 0 days 4:16 hours
Hyper-V role detected

CPU: total 8 (initial active 8) (4 cores per cpu, 2 threads per core) family 6 model 154 stepping 4 microcode 0x42c, cx8, cmov, fxsr, ht, mmx, 3dnowpref, sse, sse2, sse3, ssse3, sse4.1, sse4.2, popcnt, lzcnt, tsc, tscinvbit, avx, avx2, aes, erms, clmul, bmi1, bmi2, adx, sha, fma, vzeroupper, clflush, clflushopt, clwb, hv, serialize, rdtscp, rdpid, fsrm, f16c, cet_ibt, cet_ss
Processor Information for processor 0
  Max Mhz: 1200, Current Mhz: 1200, Mhz Limit: 1200
Processor Information for processor 1
  Max Mhz: 1200, Current Mhz: 1200, Mhz Limit: 1200
Processor Information for processor 2
  Max Mhz: 1200, Current Mhz: 1200, Mhz Limit: 1200
Processor Information for processor 3
  Max Mhz: 1200, Current Mhz: 1200, Mhz Limit: 1200
Processor Information for processor 4
  Max Mhz: 1200, Current Mhz: 900, Mhz Limit: 900
Processor Information for processor 5
  Max Mhz: 1200, Current Mhz: 900, Mhz Limit: 900
Processor Information for processor 6
  Max Mhz: 1200, Current Mhz: 900, Mhz Limit: 900
Processor Information for processor 7
  Max Mhz: 1200, Current Mhz: 900, Mhz Limit: 900

Memory: 4k page, system-wide physical 3767M (1M free)
TotalPageFile size 15543M (AvailPageFile size 17M)
current process WorkingSet (physical memory assigned to process): 37M, peak: 168M
current process commit charge ("private bytes"): 292M, peak: 299M

vm_info: OpenJDK 64-Bit Server VM (21.0.10+7-LTS) for windows-amd64 JRE (21.0.10+7-LTS), built on 2026-01-20T00:00:00Z by "admin" with MS VC++ 17.12 (VS2022)

END.
