#
# There is insufficient memory for the Java Runtime Environment to continue.
# Native memory allocation (malloc) failed to allocate 1551104 bytes. Error detail: Chunk::new
# Possible reasons:
#   The system is out of physical RAM or swap space
#   This process is running with CompressedOops enabled, and the Java Heap may be blocking the growth of the native heap
# Possible solutions:
#   Reduce memory load on the system
#   Increase physical memory or swap space
#   Check if swap backing store is full
#   Decrease Java heap size (-Xmx/-Xms)
#   Decrease number of Java threads
#   Decrease Java thread stack sizes (-Xss)
#   Set larger code cache with -XX:ReservedCodeCacheSize=
#   JVM is running with Unscaled Compressed Oops mode in which the Java heap is
#     placed in the first 4GB address space. The Java Heap base address is the
#     maximum limit for the native heap growth. Please use -XX:HeapBaseMinAddress
#     to set the Java Heap base and to place the Java Heap above 4GB virtual address.
# This output file may be truncated or incomplete.
#
#  Out of Memory Error (arena.cpp:168), pid=6004, tid=7740
#
# JRE version: OpenJDK Runtime Environment Temurin-21.0.10+7 (21.0.10+7) (build 21.0.10+7-LTS)
# Java VM: OpenJDK 64-Bit Server VM Temurin-21.0.10+7 (21.0.10+7-LTS, mixed mode, sharing, tiered, compressed oops, compressed class ptrs, parallel gc, windows-amd64)
# No core dump will be written. Minidumps are not enabled by default on client versions of Windows
#

---------------  S U M M A R Y ------------

Command Line: --add-modules=ALL-SYSTEM --add-opens=java.base/java.util=ALL-UNNAMED --add-opens=java.base/java.lang=ALL-UNNAMED --add-opens=java.base/sun.nio.fs=ALL-UNNAMED -Declipse.application=org.eclipse.jdt.ls.core.id1 -Dosgi.bundles.defaultStartLevel=4 -Declipse.product=org.eclipse.jdt.ls.core.product -Djava.import.generatesMetadataFilesAtProjectRoot=false -DDetectVMInstallationsJob.disabled=true -Dfile.encoding=utf8 -XX:+UseParallelGC -XX:GCTimeRatio=4 -XX:AdaptiveSizePolicyWeight=90 -Dsun.zip.disableMemoryMapping=true -Xmx2G -Xms100m -Xlog:disable -javaagent:c:\Users\HP\.antigravity\extensions\redhat.java-1.54.0-win32-x64\lombok\lombok-1.18.39-4050.jar c:\Users\HP\.antigravity\extensions\redhat.java-1.54.0-win32-x64\server\plugins\org.eclipse.equinox.launcher_1.7.100.v20251111-0406.jar -configuration c:\Users\HP\AppData\Roaming\Antigravity\User\globalStorage\redhat.java\1.54.0\config_ss_win -data c:\Users\HP\AppData\Roaming\Antigravity\User\workspaceStorage\ec30be9fa44441caa41ccff467e32948\redhat.java\ss_ws --pipe=\\.\pipe\lsp-1196f92bdc3b9a508c6f348025be9387-sock

Host: 12th Gen Intel(R) Core(TM) i3-1215U, 8 cores, 3G,  Windows 11 , 64 bit Build 22621 (10.0.22621.5415)
Time: Fri Apr 24 11:56:23 2026 Afr. centrale Ouest elapsed time: 81.008806 seconds (0d 0h 1m 21s)

---------------  T H R E A D  ---------------

Current thread (0x00000227fc771320):  JavaThread "C2 CompilerThread0" daemon [_thread_in_native, id=7740, stack(0x00000095ced00000,0x00000095cee00000) (1024K)]


Current CompileTask:
C2:81009 7331       4       org.eclipse.core.internal.dtree.DataTreeWriter::writeNode (182 bytes)

Stack: [0x00000095ced00000,0x00000095cee00000]
Native frames: (J=compiled Java code, j=interpreted, Vv=VM code, C=native code)
V  [jvm.dll+0x6d7a39]
V  [jvm.dll+0x8b4b26]
V  [jvm.dll+0x8b70de]
V  [jvm.dll+0x8b77c3]
V  [jvm.dll+0x284346]
V  [jvm.dll+0xc66ed]
V  [jvm.dll+0xc6c31]
V  [jvm.dll+0x3bec3b]
V  [jvm.dll+0x38b162]
V  [jvm.dll+0x38a5aa]
V  [jvm.dll+0x24c560]
V  [jvm.dll+0x24bb40]
V  [jvm.dll+0x1cb34e]
V  [jvm.dll+0x25b85d]
V  [jvm.dll+0x259dea]
V  [jvm.dll+0x3f857e]
V  [jvm.dll+0x85f59d]
V  [jvm.dll+0x6d626d]
C  [ucrtbase.dll+0x29333]
C  [KERNEL32.DLL+0x1259d]
C  [ntdll.dll+0x5af78]


---------------  P R O C E S S  ---------------

Threads class SMR info:
_java_thread_list=0x00000227ff0387b0, length=35, elements={
0x00000227e5ceea70, 0x00000227fc75f990, 0x00000227fc7611a0, 0x00000227fc764460,
0x00000227fc765380, 0x00000227fc766dc0, 0x00000227fc76f670, 0x00000227fc771320,
0x00000227fc773000, 0x00000227fe1ca7a0, 0x00000227fe349790, 0x00000227fe93eee0,
0x00000227fe7e9b70, 0x00000227fe7ea730, 0x00000227fe7be130, 0x00000227fe056370,
0x00000227fef287b0, 0x00000227fe7455b0, 0x00000227fead3730, 0x00000227fead5e90,
0x00000227fead4450, 0x00000227fead5800, 0x00000227fead4ae0, 0x00000227fead6520,
0x00000227fead30a0, 0x00000227fead3dc0, 0x00000227ff099740, 0x00000227ff09b810,
0x00000227ff0990b0, 0x00000227ff099dd0, 0x00000227ff09b180, 0x00000227ff09c530,
0x00000227ff09bea0, 0x00000227c5d8b390, 0x00000227c5d8ba20
}

Java Threads: ( => current thread )
  0x00000227e5ceea70 JavaThread "main"                              [_thread_blocked, id=10456, stack(0x00000095ce300000,0x00000095ce400000) (1024K)]
  0x00000227fc75f990 JavaThread "Reference Handler"          daemon [_thread_blocked, id=1436, stack(0x00000095ce700000,0x00000095ce800000) (1024K)]
  0x00000227fc7611a0 JavaThread "Finalizer"                  daemon [_thread_blocked, id=19760, stack(0x00000095ce800000,0x00000095ce900000) (1024K)]
  0x00000227fc764460 JavaThread "Signal Dispatcher"          daemon [_thread_blocked, id=17748, stack(0x00000095ce900000,0x00000095cea00000) (1024K)]
  0x00000227fc765380 JavaThread "Attach Listener"            daemon [_thread_blocked, id=16564, stack(0x00000095cea00000,0x00000095ceb00000) (1024K)]
  0x00000227fc766dc0 JavaThread "Service Thread"             daemon [_thread_blocked, id=18716, stack(0x00000095ceb00000,0x00000095cec00000) (1024K)]
  0x00000227fc76f670 JavaThread "Monitor Deflation Thread"   daemon [_thread_blocked, id=15732, stack(0x00000095cec00000,0x00000095ced00000) (1024K)]
=>0x00000227fc771320 JavaThread "C2 CompilerThread0"         daemon [_thread_in_native, id=7740, stack(0x00000095ced00000,0x00000095cee00000) (1024K)]
  0x00000227fc773000 JavaThread "C1 CompilerThread0"         daemon [_thread_blocked, id=12552, stack(0x00000095cee00000,0x00000095cef00000) (1024K)]
  0x00000227fe1ca7a0 JavaThread "Common-Cleaner"             daemon [_thread_blocked, id=20348, stack(0x00000095cef00000,0x00000095cf000000) (1024K)]
  0x00000227fe349790 JavaThread "Notification Thread"        daemon [_thread_blocked, id=16392, stack(0x00000095cf000000,0x00000095cf100000) (1024K)]
  0x00000227fe93eee0 JavaThread "Active Thread: Equinox Container: 211280b7-10de-41fa-9043-c4dc06dec611"        [_thread_blocked, id=9116, stack(0x00000095cf700000,0x00000095cf800000) (1024K)]
  0x00000227fe7e9b70 JavaThread "Framework Event Dispatcher: Equinox Container: 211280b7-10de-41fa-9043-c4dc06dec611" daemon [_thread_blocked, id=17536, stack(0x00000095cf800000,0x00000095cf900000) (1024K)]
  0x00000227fe7ea730 JavaThread "Start Level: Equinox Container: 211280b7-10de-41fa-9043-c4dc06dec611" daemon [_thread_blocked, id=7772, stack(0x00000095cf900000,0x00000095cfa00000) (1024K)]
  0x00000227fe7be130 JavaThread "SCR Component Actor"        daemon [_thread_blocked, id=4808, stack(0x00000095cfb00000,0x00000095cfc00000) (1024K)]
  0x00000227fe056370 JavaThread "Worker-JM"                         [_thread_blocked, id=13936, stack(0x00000095cfc00000,0x00000095cfd00000) (1024K)]
  0x00000227fef287b0 JavaThread "JNA Cleaner"                daemon [_thread_blocked, id=17004, stack(0x00000095cfd00000,0x00000095cfe00000) (1024K)]
  0x00000227fe7455b0 JavaThread "Worker-0: Shutdown..."             [_thread_in_vm, id=5380, stack(0x00000095cfe00000,0x00000095cff00000) (1024K)]
  0x00000227fead3730 JavaThread "Worker-1"                          [_thread_blocked, id=20396, stack(0x00000095cff00000,0x00000095d0000000) (1024K)]
  0x00000227fead5e90 JavaThread "Thread-1"                   daemon [_thread_in_native, id=17280, stack(0x00000095d0200000,0x00000095d0300000) (1024K)]
  0x00000227fead4450 JavaThread "Thread-2"                   daemon [_thread_in_native, id=11864, stack(0x00000095d0300000,0x00000095d0400000) (1024K)]
  0x00000227fead5800 JavaThread "Thread-3"                   daemon [_thread_in_native, id=8356, stack(0x00000095d0400000,0x00000095d0500000) (1024K)]
  0x00000227fead4ae0 JavaThread "Thread-4"                   daemon [_thread_in_native, id=18740, stack(0x00000095d0500000,0x00000095d0600000) (1024K)]
  0x00000227fead6520 JavaThread "Thread-5"                   daemon [_thread_in_native, id=16948, stack(0x00000095d0600000,0x00000095d0700000) (1024K)]
  0x00000227fead30a0 JavaThread "Thread-6"                   daemon [_thread_in_native, id=7128, stack(0x00000095d0700000,0x00000095d0800000) (1024K)]
  0x00000227fead3dc0 JavaThread "Thread-7"                   daemon [_thread_in_native, id=16344, stack(0x00000095d0800000,0x00000095d0900000) (1024K)]
  0x00000227ff099740 JavaThread "Thread-8"                   daemon [_thread_in_native, id=11528, stack(0x00000095d0900000,0x00000095d0a00000) (1024K)]
  0x00000227ff09b810 JavaThread "Thread-9"                   daemon [_thread_in_native, id=3292, stack(0x00000095d0a00000,0x00000095d0b00000) (1024K)]
  0x00000227ff0990b0 JavaThread "pool-2-thread-1"                   [_thread_blocked, id=16212, stack(0x00000095d0b00000,0x00000095d0c00000) (1024K)]
  0x00000227ff099dd0 JavaThread "Worker-2"                          [_thread_blocked, id=4568, stack(0x00000095d0c00000,0x00000095d0d00000) (1024K)]
  0x00000227ff09b180 JavaThread "WorkspaceEventsHandler"            [_thread_blocked, id=6944, stack(0x00000095d0d00000,0x00000095d0e00000) (1024K)]
  0x00000227ff09c530 JavaThread "pool-1-thread-1"                   [_thread_blocked, id=19924, stack(0x00000095d0e00000,0x00000095d0f00000) (1024K)]
  0x00000227ff09bea0 JavaThread "ForkJoinPool.commonPool-worker-1" daemon [_thread_blocked, id=14432, stack(0x00000095ce100000,0x00000095ce200000) (1024K)]
  0x00000227c5d8b390 JavaThread "pool-3-thread-1"                   [_thread_blocked, id=19404, stack(0x00000095ce200000,0x00000095ce300000) (1024K)]
  0x00000227c5d8ba20 JavaThread "Worker-3"                          [_thread_blocked, id=10464, stack(0x00000095d0f00000,0x00000095d1000000) (1024K)]
Total: 35

Other Threads:
  0x00000227e5daea80 VMThread "VM Thread"                           [id=12168, stack(0x00000095ce600000,0x00000095ce700000) (1024K)]
  0x00000227fc67ba00 WatcherThread "VM Periodic Task Thread"        [id=7692, stack(0x00000095ce500000,0x00000095ce600000) (1024K)]
  0x00000227e5d0d4f0 WorkerThread "GC Thread#0"                     [id=6940, stack(0x00000095ce400000,0x00000095ce500000) (1024K)]
  0x00000227fe613610 WorkerThread "GC Thread#1"                     [id=15192, stack(0x00000095cf100000,0x00000095cf200000) (1024K)]
  0x00000227fe933090 WorkerThread "GC Thread#2"                     [id=13336, stack(0x00000095cf200000,0x00000095cf300000) (1024K)]
  0x00000227fe9346b0 WorkerThread "GC Thread#3"                     [id=1400, stack(0x00000095cf300000,0x00000095cf400000) (1024K)]
  0x00000227fe933440 WorkerThread "GC Thread#4"                     [id=9004, stack(0x00000095cf400000,0x00000095cf500000) (1024K)]
  0x00000227fe932ce0 WorkerThread "GC Thread#5"                     [id=10004, stack(0x00000095cf500000,0x00000095cf600000) (1024K)]
  0x00000227fe933ba0 WorkerThread "GC Thread#6"                     [id=12804, stack(0x00000095cf600000,0x00000095cf700000) (1024K)]
  0x00000227fe934300 WorkerThread "GC Thread#7"                     [id=16940, stack(0x00000095cfa00000,0x00000095cfb00000) (1024K)]
Total: 10

Threads with active compile tasks:
C2 CompilerThread0  81083 7331       4       org.eclipse.core.internal.dtree.DataTreeWriter::writeNode (182 bytes)
Total: 1

VM state: not at safepoint (normal execution)

VM Mutex/Monitor currently owned by a thread: None

Heap address: 0x0000000080000000, size: 2048 MB, Compressed Oops mode: 32-bit

CDS archive(s) mapped at: [0x0000022780000000-0x0000022780ba0000-0x0000022780ba0000), size 12189696, SharedBaseAddress: 0x0000022780000000, ArchiveRelocationMode: 1.
Compressed class space mapped at: 0x0000022781000000-0x00000227c1000000, reserved size: 1073741824
Narrow klass base: 0x0000022780000000, Narrow klass shift: 0, Narrow klass range: 0x100000000

GC Precious Log:
 CardTable entry size: 512
 CPUs: 8 total, 8 available
 Memory: 3767M
 Large Page Support: Disabled
 NUMA Support: Disabled
 Compressed Oops: Enabled (32-bit)
 Alignments: Space 512K, Generation 512K, Heap 2M
 Heap Min Capacity: 100M
 Heap Initial Capacity: 100M
 Heap Max Capacity: 2G
 Pre-touch: Disabled
 Parallel Workers: 8

Heap:
 PSYoungGen      total 22016K, used 16399K [0x00000000d5580000, 0x00000000d6d00000, 0x0000000100000000)
  eden space 20480K, 74% used [0x00000000d5580000,0x00000000d64756c8,0x00000000d6980000)
  from space 1536K, 70% used [0x00000000d6b80000,0x00000000d6c8e5a0,0x00000000d6d00000)
  to   space 1536K, 0% used [0x00000000d6a00000,0x00000000d6a00000,0x00000000d6b80000)
 ParOldGen       total 68608K, used 33152K [0x0000000080000000, 0x0000000084300000, 0x00000000d5580000)
  object space 68608K, 48% used [0x0000000080000000,0x00000000820602c0,0x0000000084300000)
 Metaspace       used 42911K, committed 43968K, reserved 1114112K
  class space    used 4177K, committed 4608K, reserved 1048576K

Card table byte_map: [0x00000227e56a0000,0x00000227e5ab0000] _byte_map_base: 0x00000227e52a0000

Marking Bits: (ParMarkBitMap*) 0x00007ff939743450
 Begin Bits: [0x00000227f81a0000, 0x00000227fa1a0000)
 End Bits:   [0x00000227fa1a0000, 0x00000227fc1a0000)

Polling page: 0x00000227e3ba0000

Metaspace:

Usage:
  Non-class:     37.83 MB used.
      Class:      4.08 MB used.
       Both:     41.91 MB used.

Virtual space:
  Non-class space:       64.00 MB reserved,      38.44 MB ( 60%) committed,  1 nodes.
      Class space:        1.00 GB reserved,       4.50 MB ( <1%) committed,  1 nodes.
             Both:        1.06 GB reserved,      42.94 MB (  4%) committed. 

Chunk freelists:
   Non-Class:  9.61 MB
       Class:  11.44 MB
        Both:  21.05 MB

MaxMetaspaceSize: unlimited
CompressedClassSpaceSize: 1.00 GB
Initial GC threshold: 21.00 MB
Current GC threshold: 58.38 MB
CDS: on
 - commit_granule_bytes: 65536.
 - commit_granule_words: 8192.
 - virtual_space_node_default_size: 8388608.
 - enlarge_chunks_in_place: 1.
 - use_allocation_guard: 0.


Internal statistics:

num_allocs_failed_limit: 6.
num_arena_births: 834.
num_arena_deaths: 14.
num_vsnodes_births: 2.
num_vsnodes_deaths: 0.
num_space_committed: 687.
num_space_uncommitted: 0.
num_chunks_returned_to_freelist: 20.
num_chunks_taken_from_freelist: 2634.
num_chunk_merges: 12.
num_chunk_splits: 1704.
num_chunks_enlarged: 1063.
num_inconsistent_stats: 0.

CodeHeap 'non-profiled nmethods': size=120000Kb used=4719Kb max_used=4719Kb free=115280Kb
 bounds [0x00000227f09c0000, 0x00000227f0e60000, 0x00000227f7ef0000]
CodeHeap 'profiled nmethods': size=120000Kb used=16887Kb max_used=16887Kb free=103112Kb
 bounds [0x00000227e8ef0000, 0x00000227e9f70000, 0x00000227f0420000]
CodeHeap 'non-nmethods': size=5760Kb used=1398Kb max_used=1450Kb free=4361Kb
 bounds [0x00000227f0420000, 0x00000227f0690000, 0x00000227f09c0000]
CodeCache: size=245760Kb, used=23004Kb, max_used=23056Kb, free=222753Kb
 total_blobs=7627, nmethods=6922, adapters=610, full_count=0
Compilation: enabled, stopped_count=0, restarted_count=0

Compilation events (20 events):
Event: 80.378 Thread 0x00000227fc771320 nmethod 7321 0x00000227f0e54090 code [0x00000227f0e542a0, 0x00000227f0e54c80]
Event: 80.381 Thread 0x00000227fc771320 7322       4       java.io.DataOutputStream::writeLong (30 bytes)
Event: 80.398 Thread 0x00000227fc771320 nmethod 7322 0x00000227f0e55390 code [0x00000227f0e555e0, 0x00000227f0e55f40]
Event: 80.398 Thread 0x00000227fc771320 7326       4       java.io.DataOutputStream::incCount (20 bytes)
Event: 80.399 Thread 0x00000227fc771320 nmethod 7326 0x00000227f0e56910 code [0x00000227f0e56aa0, 0x00000227f0e56b50]
Event: 80.399 Thread 0x00000227fc771320 7325       4       java.io.DataOutputStream::writeByte (14 bytes)
Event: 80.407 Thread 0x00000227fc771320 nmethod 7325 0x00000227f0e56c10 code [0x00000227f0e56e40, 0x00000227f0e574d0]
Event: 80.407 Thread 0x00000227fc771320 7327       4       org.eclipse.core.internal.dtree.DataTreeWriter::writeNumber (47 bytes)
Event: 80.420 Thread 0x00000227fc771320 nmethod 7327 0x00000227f0e57b90 code [0x00000227f0e57e00, 0x00000227f0e58608]
Event: 80.420 Thread 0x00000227fc771320 7323       4       jdk.internal.util.ByteArray::setLong (10 bytes)
Event: 80.422 Thread 0x00000227fc771320 nmethod 7323 0x00000227f0e58e10 code [0x00000227f0e58fa0, 0x00000227f0e59080]
Event: 80.422 Thread 0x00000227fc771320 7324       4       jdk.internal.misc.Unsafe::putLongUnaligned (14 bytes)
Event: 80.423 Thread 0x00000227fc771320 nmethod 7324 0x00000227f0e59210 code [0x00000227f0e593a0, 0x00000227f0e59458]
Event: 80.454 Thread 0x00000227fc771320 7328       4       java.io.DataOutputStream::writeInt (28 bytes)
Event: 80.471 Thread 0x00000227fc771320 nmethod 7328 0x00000227f0e59510 code [0x00000227f0e59760, 0x00000227f0e5a0c0]
Event: 80.557 Thread 0x00000227fc771320 7329       4       org.eclipse.core.runtime.Path::equals (127 bytes)
Event: 80.562 Thread 0x00000227fc771320 nmethod 7329 0x00000227f0e5aa90 code [0x00000227f0e5ac40, 0x00000227f0e5aef8]
Event: 80.797 Thread 0x00000227fc771320 7330       4       jdk.internal.misc.Unsafe::putShortUnaligned (14 bytes)
Event: 80.798 Thread 0x00000227fc771320 nmethod 7330 0x00000227f0e5b110 code [0x00000227f0e5b2a0, 0x00000227f0e5b380]
Event: 80.802 Thread 0x00000227fc771320 7331       4       org.eclipse.core.internal.dtree.DataTreeWriter::writeNode (182 bytes)

GC Heap History (20 events):
Event: 67.503 GC heap before
{Heap before GC invocations=17 (full 1):
 PSYoungGen      total 23552K, used 23392K [0x00000000d5580000, 0x00000000d6f00000, 0x0000000100000000)
  eden space 20992K, 100% used [0x00000000d5580000,0x00000000d6a00000,0x00000000d6a00000)
  from space 2560K, 93% used [0x00000000d6a00000,0x00000000d6c58010,0x00000000d6c80000)
  to   space 2560K, 0% used [0x00000000d6c80000,0x00000000d6c80000,0x00000000d6f00000)
 ParOldGen       total 68608K, used 25243K [0x0000000080000000, 0x0000000084300000, 0x00000000d5580000)
  object space 68608K, 36% used [0x0000000080000000,0x00000000818a6d18,0x0000000084300000)
 Metaspace       used 32703K, committed 33600K, reserved 1114112K
  class space    used 3289K, committed 3712K, reserved 1048576K
}
Event: 67.511 GC heap after
{Heap after GC invocations=17 (full 1):
 PSYoungGen      total 23552K, used 1960K [0x00000000d5580000, 0x00000000d6f00000, 0x0000000100000000)
  eden space 20992K, 0% used [0x00000000d5580000,0x00000000d5580000,0x00000000d6a00000)
  from space 2560K, 76% used [0x00000000d6c80000,0x00000000d6e6a210,0x00000000d6f00000)
  to   space 2560K, 0% used [0x00000000d6a00000,0x00000000d6a00000,0x00000000d6c80000)
 ParOldGen       total 68608K, used 27515K [0x0000000080000000, 0x0000000084300000, 0x00000000d5580000)
  object space 68608K, 40% used [0x0000000080000000,0x0000000081aded28,0x0000000084300000)
 Metaspace       used 32703K, committed 33600K, reserved 1114112K
  class space    used 3289K, committed 3712K, reserved 1048576K
}
Event: 69.038 GC heap before
{Heap before GC invocations=18 (full 1):
 PSYoungGen      total 23552K, used 22952K [0x00000000d5580000, 0x00000000d6f00000, 0x0000000100000000)
  eden space 20992K, 100% used [0x00000000d5580000,0x00000000d6a00000,0x00000000d6a00000)
  from space 2560K, 76% used [0x00000000d6c80000,0x00000000d6e6a210,0x00000000d6f00000)
  to   space 2560K, 0% used [0x00000000d6a00000,0x00000000d6a00000,0x00000000d6c80000)
 ParOldGen       total 68608K, used 27515K [0x0000000080000000, 0x0000000084300000, 0x00000000d5580000)
  object space 68608K, 40% used [0x0000000080000000,0x0000000081aded28,0x0000000084300000)
 Metaspace       used 34560K, committed 35456K, reserved 1114112K
  class space    used 3543K, committed 3968K, reserved 1048576K
}
Event: 69.044 GC heap after
{Heap after GC invocations=18 (full 1):
 PSYoungGen      total 22016K, used 875K [0x00000000d5580000, 0x00000000d6d00000, 0x0000000100000000)
  eden space 20992K, 0% used [0x00000000d5580000,0x00000000d5580000,0x00000000d6a00000)
  from space 1024K, 85% used [0x00000000d6a00000,0x00000000d6adae68,0x00000000d6b00000)
  to   space 1536K, 0% used [0x00000000d6b80000,0x00000000d6b80000,0x00000000d6d00000)
 ParOldGen       total 68608K, used 29333K [0x0000000080000000, 0x0000000084300000, 0x00000000d5580000)
  object space 68608K, 42% used [0x0000000080000000,0x0000000081ca5510,0x0000000084300000)
 Metaspace       used 34560K, committed 35456K, reserved 1114112K
  class space    used 3543K, committed 3968K, reserved 1048576K
}
Event: 69.415 GC heap before
{Heap before GC invocations=19 (full 1):
 PSYoungGen      total 22016K, used 5208K [0x00000000d5580000, 0x00000000d6d00000, 0x0000000100000000)
  eden space 20992K, 20% used [0x00000000d5580000,0x00000000d59bb2e8,0x00000000d6a00000)
  from space 1024K, 85% used [0x00000000d6a00000,0x00000000d6adae68,0x00000000d6b00000)
  to   space 1536K, 0% used [0x00000000d6b80000,0x00000000d6b80000,0x00000000d6d00000)
 ParOldGen       total 68608K, used 29333K [0x0000000080000000, 0x0000000084300000, 0x00000000d5580000)
  object space 68608K, 42% used [0x0000000080000000,0x0000000081ca5510,0x0000000084300000)
 Metaspace       used 34903K, committed 35840K, reserved 1114112K
  class space    used 3567K, committed 3968K, reserved 1048576K
}
Event: 69.416 GC heap after
{Heap after GC invocations=19 (full 1):
 PSYoungGen      total 21504K, used 224K [0x00000000d5580000, 0x00000000d6c00000, 0x0000000100000000)
  eden space 20992K, 0% used [0x00000000d5580000,0x00000000d5580000,0x00000000d6a00000)
  from space 512K, 43% used [0x00000000d6b80000,0x00000000d6bb8000,0x00000000d6c00000)
  to   space 1024K, 0% used [0x00000000d6a00000,0x00000000d6a00000,0x00000000d6b00000)
 ParOldGen       total 68608K, used 30004K [0x0000000080000000, 0x0000000084300000, 0x00000000d5580000)
  object space 68608K, 43% used [0x0000000080000000,0x0000000081d4d048,0x0000000084300000)
 Metaspace       used 34903K, committed 35840K, reserved 1114112K
  class space    used 3567K, committed 3968K, reserved 1048576K
}
Event: 69.416 GC heap before
{Heap before GC invocations=20 (full 2):
 PSYoungGen      total 21504K, used 224K [0x00000000d5580000, 0x00000000d6c00000, 0x0000000100000000)
  eden space 20992K, 0% used [0x00000000d5580000,0x00000000d5580000,0x00000000d6a00000)
  from space 512K, 43% used [0x00000000d6b80000,0x00000000d6bb8000,0x00000000d6c00000)
  to   space 1024K, 0% used [0x00000000d6a00000,0x00000000d6a00000,0x00000000d6b00000)
 ParOldGen       total 68608K, used 30004K [0x0000000080000000, 0x0000000084300000, 0x00000000d5580000)
  object space 68608K, 43% used [0x0000000080000000,0x0000000081d4d048,0x0000000084300000)
 Metaspace       used 34903K, committed 35840K, reserved 1114112K
  class space    used 3567K, committed 3968K, reserved 1048576K
}
Event: 69.696 GC heap after
{Heap after GC invocations=20 (full 2):
 PSYoungGen      total 21504K, used 0K [0x00000000d5580000, 0x00000000d6c00000, 0x0000000100000000)
  eden space 20992K, 0% used [0x00000000d5580000,0x00000000d5580000,0x00000000d6a00000)
  from space 512K, 0% used [0x00000000d6b80000,0x00000000d6b80000,0x00000000d6c00000)
  to   space 1024K, 0% used [0x00000000d6a00000,0x00000000d6a00000,0x00000000d6b00000)
 ParOldGen       total 68608K, used 29006K [0x0000000080000000, 0x0000000084300000, 0x00000000d5580000)
  object space 68608K, 42% used [0x0000000080000000,0x0000000081c538d8,0x0000000084300000)
 Metaspace       used 34903K, committed 35840K, reserved 1114112K
  class space    used 3567K, committed 3968K, reserved 1048576K
}
Event: 70.419 GC heap before
{Heap before GC invocations=21 (full 2):
 PSYoungGen      total 21504K, used 20992K [0x00000000d5580000, 0x00000000d6c00000, 0x0000000100000000)
  eden space 20992K, 100% used [0x00000000d5580000,0x00000000d6a00000,0x00000000d6a00000)
  from space 512K, 0% used [0x00000000d6b80000,0x00000000d6b80000,0x00000000d6c00000)
  to   space 1024K, 0% used [0x00000000d6a00000,0x00000000d6a00000,0x00000000d6b00000)
 ParOldGen       total 68608K, used 29006K [0x0000000080000000, 0x0000000084300000, 0x00000000d5580000)
  object space 68608K, 42% used [0x0000000080000000,0x0000000081c538d8,0x0000000084300000)
 Metaspace       used 36464K, committed 37376K, reserved 1114112K
  class space    used 3689K, committed 4096K, reserved 1048576K
}
Event: 70.421 GC heap after
{Heap after GC invocations=21 (full 2):
 PSYoungGen      total 22016K, used 1004K [0x00000000d5580000, 0x00000000d6e00000, 0x0000000100000000)
  eden space 20992K, 0% used [0x00000000d5580000,0x00000000d5580000,0x00000000d6a00000)
  from space 1024K, 98% used [0x00000000d6a00000,0x00000000d6afb028,0x00000000d6b00000)
  to   space 2048K, 0% used [0x00000000d6c00000,0x00000000d6c00000,0x00000000d6e00000)
 ParOldGen       total 68608K, used 29687K [0x0000000080000000, 0x0000000084300000, 0x00000000d5580000)
  object space 68608K, 43% used [0x0000000080000000,0x0000000081cfdfc0,0x0000000084300000)
 Metaspace       used 36464K, committed 37376K, reserved 1114112K
  class space    used 3689K, committed 4096K, reserved 1048576K
}
Event: 70.676 GC heap before
{Heap before GC invocations=22 (full 2):
 PSYoungGen      total 22016K, used 21996K [0x00000000d5580000, 0x00000000d6e00000, 0x0000000100000000)
  eden space 20992K, 100% used [0x00000000d5580000,0x00000000d6a00000,0x00000000d6a00000)
  from space 1024K, 98% used [0x00000000d6a00000,0x00000000d6afb028,0x00000000d6b00000)
  to   space 2048K, 0% used [0x00000000d6c00000,0x00000000d6c00000,0x00000000d6e00000)
 ParOldGen       total 68608K, used 29687K [0x0000000080000000, 0x0000000084300000, 0x00000000d5580000)
  object space 68608K, 43% used [0x0000000080000000,0x0000000081cfdfc0,0x0000000084300000)
 Metaspace       used 36491K, committed 37376K, reserved 1114112K
  class space    used 3689K, committed 4096K, reserved 1048576K
}
Event: 70.678 GC heap after
{Heap after GC invocations=22 (full 2):
 PSYoungGen      total 22528K, used 1188K [0x00000000d5580000, 0x00000000d6d80000, 0x0000000100000000)
  eden space 20992K, 0% used [0x00000000d5580000,0x00000000d5580000,0x00000000d6a00000)
  from space 1536K, 77% used [0x00000000d6c00000,0x00000000d6d29068,0x00000000d6d80000)
  to   space 1536K, 0% used [0x00000000d6a80000,0x00000000d6a80000,0x00000000d6c00000)
 ParOldGen       total 68608K, used 30254K [0x0000000080000000, 0x0000000084300000, 0x00000000d5580000)
  object space 68608K, 44% used [0x0000000080000000,0x0000000081d8bae8,0x0000000084300000)
 Metaspace       used 36491K, committed 37376K, reserved 1114112K
  class space    used 3689K, committed 4096K, reserved 1048576K
}
Event: 72.031 GC heap before
{Heap before GC invocations=23 (full 2):
 PSYoungGen      total 22528K, used 22180K [0x00000000d5580000, 0x00000000d6d80000, 0x0000000100000000)
  eden space 20992K, 100% used [0x00000000d5580000,0x00000000d6a00000,0x00000000d6a00000)
  from space 1536K, 77% used [0x00000000d6c00000,0x00000000d6d29068,0x00000000d6d80000)
  to   space 1536K, 0% used [0x00000000d6a80000,0x00000000d6a80000,0x00000000d6c00000)
 ParOldGen       total 68608K, used 30254K [0x0000000080000000, 0x0000000084300000, 0x00000000d5580000)
  object space 68608K, 44% used [0x0000000080000000,0x0000000081d8bae8,0x0000000084300000)
 Metaspace       used 38512K, committed 39424K, reserved 1114112K
  class space    used 3866K, committed 4288K, reserved 1048576K
}
Event: 72.034 GC heap after
{Heap after GC invocations=23 (full 2):
 PSYoungGen      total 22016K, used 563K [0x00000000d5580000, 0x00000000d6c80000, 0x0000000100000000)
  eden space 20992K, 0% used [0x00000000d5580000,0x00000000d5580000,0x00000000d6a00000)
  from space 1024K, 55% used [0x00000000d6a80000,0x00000000d6b0ce38,0x00000000d6b80000)
  to   space 1024K, 0% used [0x00000000d6b80000,0x00000000d6b80000,0x00000000d6c80000)
 ParOldGen       total 68608K, used 30286K [0x0000000080000000, 0x0000000084300000, 0x00000000d5580000)
  object space 68608K, 44% used [0x0000000080000000,0x0000000081d93ae8,0x0000000084300000)
 Metaspace       used 38512K, committed 39424K, reserved 1114112K
  class space    used 3866K, committed 4288K, reserved 1048576K
}
Event: 74.602 GC heap before
{Heap before GC invocations=24 (full 2):
 PSYoungGen      total 22016K, used 21555K [0x00000000d5580000, 0x00000000d6c80000, 0x0000000100000000)
  eden space 20992K, 100% used [0x00000000d5580000,0x00000000d6a00000,0x00000000d6a00000)
  from space 1024K, 55% used [0x00000000d6a80000,0x00000000d6b0ce38,0x00000000d6b80000)
  to   space 1024K, 0% used [0x00000000d6b80000,0x00000000d6b80000,0x00000000d6c80000)
 ParOldGen       total 68608K, used 30286K [0x0000000080000000, 0x0000000084300000, 0x00000000d5580000)
  object space 68608K, 44% used [0x0000000080000000,0x0000000081d93ae8,0x0000000084300000)
 Metaspace       used 40627K, committed 41664K, reserved 1114112K
  class space    used 4076K, committed 4544K, reserved 1048576K
}
Event: 74.605 GC heap after
{Heap after GC invocations=24 (full 2):
 PSYoungGen      total 21504K, used 997K [0x00000000d5580000, 0x00000000d6e00000, 0x0000000100000000)
  eden space 20480K, 0% used [0x00000000d5580000,0x00000000d5580000,0x00000000d6980000)
  from space 1024K, 97% used [0x00000000d6b80000,0x00000000d6c795b0,0x00000000d6c80000)
  to   space 2048K, 0% used [0x00000000d6980000,0x00000000d6980000,0x00000000d6b80000)
 ParOldGen       total 68608K, used 30732K [0x0000000080000000, 0x0000000084300000, 0x00000000d5580000)
  object space 68608K, 44% used [0x0000000080000000,0x0000000081e03368,0x0000000084300000)
 Metaspace       used 40627K, committed 41664K, reserved 1114112K
  class space    used 4076K, committed 4544K, reserved 1048576K
}
Event: 76.116 GC heap before
{Heap before GC invocations=25 (full 2):
 PSYoungGen      total 21504K, used 21477K [0x00000000d5580000, 0x00000000d6e00000, 0x0000000100000000)
  eden space 20480K, 100% used [0x00000000d5580000,0x00000000d6980000,0x00000000d6980000)
  from space 1024K, 97% used [0x00000000d6b80000,0x00000000d6c795b0,0x00000000d6c80000)
  to   space 2048K, 0% used [0x00000000d6980000,0x00000000d6980000,0x00000000d6b80000)
 ParOldGen       total 68608K, used 30732K [0x0000000080000000, 0x0000000084300000, 0x00000000d5580000)
  object space 68608K, 44% used [0x0000000080000000,0x0000000081e03368,0x0000000084300000)
 Metaspace       used 41837K, committed 42944K, reserved 1114112K
  class space    used 4127K, committed 4608K, reserved 1048576K
}
Event: 76.122 GC heap after
{Heap after GC invocations=25 (full 2):
 PSYoungGen      total 22528K, used 1782K [0x00000000d5580000, 0x00000000d6d80000, 0x0000000100000000)
  eden space 20480K, 0% used [0x00000000d5580000,0x00000000d5580000,0x00000000d6980000)
  from space 2048K, 87% used [0x00000000d6980000,0x00000000d6b3d9d0,0x00000000d6b80000)
  to   space 2048K, 0% used [0x00000000d6b80000,0x00000000d6b80000,0x00000000d6d80000)
 ParOldGen       total 68608K, used 31655K [0x0000000080000000, 0x0000000084300000, 0x00000000d5580000)
  object space 68608K, 46% used [0x0000000080000000,0x0000000081ee9fe8,0x0000000084300000)
 Metaspace       used 41837K, committed 42944K, reserved 1114112K
  class space    used 4127K, committed 4608K, reserved 1048576K
}
Event: 78.961 GC heap before
{Heap before GC invocations=26 (full 2):
 PSYoungGen      total 22528K, used 22262K [0x00000000d5580000, 0x00000000d6d80000, 0x0000000100000000)
  eden space 20480K, 100% used [0x00000000d5580000,0x00000000d6980000,0x00000000d6980000)
  from space 2048K, 87% used [0x00000000d6980000,0x00000000d6b3d9d0,0x00000000d6b80000)
  to   space 2048K, 0% used [0x00000000d6b80000,0x00000000d6b80000,0x00000000d6d80000)
 ParOldGen       total 68608K, used 31655K [0x0000000080000000, 0x0000000084300000, 0x00000000d5580000)
  object space 68608K, 46% used [0x0000000080000000,0x0000000081ee9fe8,0x0000000084300000)
 Metaspace       used 42349K, committed 43392K, reserved 1114112K
  class space    used 4144K, committed 4608K, reserved 1048576K
}
Event: 78.966 GC heap after
{Heap after GC invocations=26 (full 2):
 PSYoungGen      total 22016K, used 1081K [0x00000000d5580000, 0x00000000d6d00000, 0x0000000100000000)
  eden space 20480K, 0% used [0x00000000d5580000,0x00000000d5580000,0x00000000d6980000)
  from space 1536K, 70% used [0x00000000d6b80000,0x00000000d6c8e5a0,0x00000000d6d00000)
  to   space 1536K, 0% used [0x00000000d6a00000,0x00000000d6a00000,0x00000000d6b80000)
 ParOldGen       total 68608K, used 33152K [0x0000000080000000, 0x0000000084300000, 0x00000000d5580000)
  object space 68608K, 48% used [0x0000000080000000,0x00000000820602c0,0x0000000084300000)
 Metaspace       used 42349K, committed 43392K, reserved 1114112K
  class space    used 4144K, committed 4608K, reserved 1048576K
}

Dll operation events (10 events):
Event: 0.156 Loaded shared library c:\Users\HP\.antigravity\extensions\redhat.java-1.54.0-win32-x64\jre\21.0.10-win32-x86_64\bin\java.dll
Event: 0.269 Loaded shared library c:\Users\HP\.antigravity\extensions\redhat.java-1.54.0-win32-x64\jre\21.0.10-win32-x86_64\bin\zip.dll
Event: 0.311 Loaded shared library C:\Users\HP\.antigravity\extensions\redhat.java-1.54.0-win32-x64\jre\21.0.10-win32-x86_64\bin\instrument.dll
Event: 0.471 Loaded shared library C:\Users\HP\.antigravity\extensions\redhat.java-1.54.0-win32-x64\jre\21.0.10-win32-x86_64\bin\net.dll
Event: 0.615 Loaded shared library C:\Users\HP\.antigravity\extensions\redhat.java-1.54.0-win32-x64\jre\21.0.10-win32-x86_64\bin\nio.dll
Event: 0.621 Loaded shared library C:\Users\HP\.antigravity\extensions\redhat.java-1.54.0-win32-x64\jre\21.0.10-win32-x86_64\bin\zip.dll
Event: 0.661 Loaded shared library C:\Users\HP\.antigravity\extensions\redhat.java-1.54.0-win32-x64\jre\21.0.10-win32-x86_64\bin\jimage.dll
Event: 1.098 Loaded shared library c:\Users\HP\.antigravity\extensions\redhat.java-1.54.0-win32-x64\jre\21.0.10-win32-x86_64\bin\verify.dll
Event: 21.834 Loaded shared library C:\Users\HP\AppData\Roaming\Antigravity\User\globalStorage\redhat.java\1.54.0\config_ss_win\org.eclipse.equinox.launcher\org.eclipse.equinox.launcher.win32.win32.x86_64_1.3.0.v20260203-2149\eclipse_11919.dll
Event: 24.543 Loaded shared library C:\Users\HP\AppData\Local\Temp\jna-2312\jna7462959943387231711.dll

Deoptimization events (20 events):
Event: 79.484 Thread 0x00000227fead3730 DEOPT PACKING pc=0x00000227f0e36774 sp=0x00000095cfffdac0
Event: 79.484 Thread 0x00000227fead3730 DEOPT UNPACKING pc=0x00000227f0473aa2 sp=0x00000095cfffda80 mode 2
Event: 79.545 Thread 0x00000227fe7455b0 Uncommon trap: trap_request=0xffffff45 fr.pc=0x00000227f0d73458 relative=0x00000000000029d8
Event: 79.545 Thread 0x00000227fe7455b0 Uncommon trap: reason=unstable_if action=reinterpret pc=0x00000227f0d73458 method=org.eclipse.jdt.internal.core.JavaModelCache.getInfo(Lorg/eclipse/jdt/core/IJavaElement;)Lorg/eclipse/jdt/internal/compiler/env/IElementInfo; @ 6 c2
Event: 79.545 Thread 0x00000227fe7455b0 DEOPT PACKING pc=0x00000227f0d73458 sp=0x00000095cfefeb40
Event: 79.545 Thread 0x00000227fe7455b0 DEOPT UNPACKING pc=0x00000227f0473aa2 sp=0x00000095cfefeac0 mode 2
Event: 79.586 Thread 0x00000227fead3730 Uncommon trap: trap_request=0xffffff6e fr.pc=0x00000227f0e1e73c relative=0x000000000000009c
Event: 79.586 Thread 0x00000227fead3730 Uncommon trap: reason=loop_limit_check action=maybe_recompile pc=0x00000227f0e1e73c method=org.eclipse.jdt.internal.compiler.lookup.BinaryTypeBinding.superInterfaces()[Lorg/eclipse/jdt/internal/compiler/lookup/ReferenceBinding; @ 266 c2
Event: 79.586 Thread 0x00000227fead3730 DEOPT PACKING pc=0x00000227f0e1e73c sp=0x00000095cfffde60
Event: 79.586 Thread 0x00000227fead3730 DEOPT UNPACKING pc=0x00000227f0473aa2 sp=0x00000095cfffddf8 mode 2
Event: 79.973 Thread 0x00000227fead3730 DEOPT PACKING pc=0x00000227e9e7ab6c sp=0x00000095cfffe580
Event: 79.973 Thread 0x00000227fead3730 DEOPT UNPACKING pc=0x00000227f0474242 sp=0x00000095cfffda60 mode 0
Event: 80.316 Thread 0x00000227fe7455b0 Uncommon trap: trap_request=0xffffffde fr.pc=0x00000227f0a65a3c relative=0x00000000000007fc
Event: 80.316 Thread 0x00000227fe7455b0 Uncommon trap: reason=class_check action=maybe_recompile pc=0x00000227f0a65a3c method=java.util.HashMap.computeIfAbsent(Ljava/lang/Object;Ljava/util/function/Function;)Ljava/lang/Object; @ 188 c2
Event: 80.316 Thread 0x00000227fe7455b0 DEOPT PACKING pc=0x00000227f0a65a3c sp=0x00000095cfefee70
Event: 80.316 Thread 0x00000227fe7455b0 DEOPT UNPACKING pc=0x00000227f0473aa2 sp=0x00000095cfefee18 mode 2
Event: 80.316 Thread 0x00000227fe7455b0 Uncommon trap: trap_request=0xffffffde fr.pc=0x00000227f0a65a3c relative=0x00000000000007fc
Event: 80.316 Thread 0x00000227fe7455b0 Uncommon trap: reason=class_check action=maybe_recompile pc=0x00000227f0a65a3c method=java.util.HashMap.computeIfAbsent(Ljava/lang/Object;Ljava/util/function/Function;)Ljava/lang/Object; @ 188 c2
Event: 80.316 Thread 0x00000227fe7455b0 DEOPT PACKING pc=0x00000227f0a65a3c sp=0x00000095cfefee70
Event: 80.316 Thread 0x00000227fe7455b0 DEOPT UNPACKING pc=0x00000227f0473aa2 sp=0x00000095cfefee18 mode 2

Classes loaded (20 events):
Event: 79.353 Loading class java/util/concurrent/Executors$DelegatedExecutorService done
Event: 79.353 Loading class java/util/concurrent/Executors$DelegatedScheduledExecutorService done
Event: 79.618 Loading class java/util/concurrent/ConcurrentHashMap$EntrySpliterator
Event: 79.621 Loading class java/util/concurrent/ConcurrentHashMap$EntrySpliterator done
Event: 79.788 Loading class java/util/concurrent/ForkJoinTask$AdaptedCallable
Event: 79.790 Loading class java/util/concurrent/ForkJoinTask$AdaptedCallable done
Event: 79.840 Loading class java/util/stream/Nodes$CollectorTask$OfRef
Event: 79.843 Loading class java/util/stream/Nodes$CollectorTask
Event: 79.850 Loading class java/util/stream/Nodes$CollectorTask done
Event: 79.850 Loading class java/util/stream/Nodes$CollectorTask$OfRef done
Event: 79.851 Loading class java/util/function/LongFunction
Event: 79.852 Loading class java/util/function/LongFunction done
Event: 79.853 Loading class java/util/stream/Nodes$ConcNode
Event: 79.854 Loading class java/util/stream/Nodes$AbstractConcNode
Event: 79.855 Loading class java/util/stream/Nodes$AbstractConcNode done
Event: 79.855 Loading class java/util/stream/Nodes$ConcNode done
Event: 79.857 Loading class java/util/stream/Nodes$ToArrayTask$OfRef
Event: 79.857 Loading class java/util/stream/Nodes$ToArrayTask
Event: 79.858 Loading class java/util/stream/Nodes$ToArrayTask done
Event: 79.858 Loading class java/util/stream/Nodes$ToArrayTask$OfRef done

Classes unloaded (7 events):
Event: 25.633 Thread 0x00000227e5daea80 Unloading class 0x000002278118d400 'java/lang/invoke/LambdaForm$MH+0x000002278118d400'
Event: 25.634 Thread 0x00000227e5daea80 Unloading class 0x000002278118d000 'java/lang/invoke/LambdaForm$MH+0x000002278118d000'
Event: 25.634 Thread 0x00000227e5daea80 Unloading class 0x000002278118cc00 'java/lang/invoke/LambdaForm$MH+0x000002278118cc00'
Event: 25.634 Thread 0x00000227e5daea80 Unloading class 0x000002278118c800 'java/lang/invoke/LambdaForm$MH+0x000002278118c800'
Event: 25.634 Thread 0x00000227e5daea80 Unloading class 0x000002278118c400 'java/lang/invoke/LambdaForm$BMH+0x000002278118c400'
Event: 25.634 Thread 0x00000227e5daea80 Unloading class 0x000002278118c000 'java/lang/invoke/LambdaForm$DMH+0x000002278118c000'
Event: 25.634 Thread 0x00000227e5daea80 Unloading class 0x000002278118ac00 'java/lang/invoke/LambdaForm$DMH+0x000002278118ac00'

Classes redefined (0 events):
No events

Internal exceptions (20 events):
Event: 66.291 Thread 0x00000227ff09c530 Exception <a 'java/lang/NoSuchMethodError'{0x00000000d5f97630}: 'int java.lang.invoke.DirectMethodHandle$Holder.invokeStaticInit(java.lang.Object, int, int)'> (0x00000000d5f97630) 
thrown [s\src\hotspot\share\interpreter\linkResolver.cpp, line 773]
Event: 66.293 Thread 0x00000227ff09c530 Exception <a 'java/lang/NoSuchMethodError'{0x00000000d5f9edd8}: 'int java.lang.invoke.DirectMethodHandle$Holder.invokeStaticInit(java.lang.Object, long, long)'> (0x00000000d5f9edd8) 
thrown [s\src\hotspot\share\interpreter\linkResolver.cpp, line 773]
Event: 66.295 Thread 0x00000227ff09c530 Exception <a 'java/lang/NoSuchMethodError'{0x00000000d5fa5b20}: 'int java.lang.invoke.DirectMethodHandle$Holder.invokeStaticInit(java.lang.Object, float, float)'> (0x00000000d5fa5b20) 
thrown [s\src\hotspot\share\interpreter\linkResolver.cpp, line 773]
Event: 66.296 Thread 0x00000227ff09c530 Exception <a 'java/lang/NoSuchMethodError'{0x00000000d5fac860}: 'int java.lang.invoke.DirectMethodHandle$Holder.invokeStaticInit(java.lang.Object, double, double)'> (0x00000000d5fac860) 
thrown [s\src\hotspot\share\interpreter\linkResolver.cpp, line 773]
Event: 66.297 Thread 0x00000227ff09c530 Exception <a 'java/lang/NoSuchMethodError'{0x00000000d5fb12e8}: 'int java.lang.invoke.DirectMethodHandle$Holder.invokeStatic(java.lang.Object, long)'> (0x00000000d5fb12e8) 
thrown [s\src\hotspot\share\interpreter\linkResolver.cpp, line 773]
Event: 66.303 Thread 0x00000227ff09c530 Exception <a 'java/lang/NoSuchMethodError'{0x00000000d5fd0508}: 'int java.lang.invoke.Invokers$Holder.linkToTargetMethod(java.lang.Object, java.lang.Object)'> (0x00000000d5fd0508) 
thrown [s\src\hotspot\share\interpreter\linkResolver.cpp, line 773]
Event: 67.980 Thread 0x00000227ff09c530 Exception <a 'java/lang/NoSuchMethodError'{0x00000000d5c63df0}: 'java.lang.Object java.lang.invoke.DirectMethodHandle$Holder.invokeVirtual(java.lang.Object, java.lang.Object, int)'> (0x00000000d5c63df0) 
thrown [s\src\hotspot\share\interpreter\linkResolver.cpp, line 773]
Event: 70.086 Thread 0x00000227ff09c530 Implicit null exception at 0x00000227f0c5d31d to 0x00000227f0c5de78
Event: 72.973 Thread 0x00000227fead3730 Exception <a 'java/lang/NoSuchMethodError'{0x00000000d5c4ed38}: 'java.lang.Object java.lang.invoke.DirectMethodHandle$Holder.invokeSpecial(java.lang.Object, java.lang.Object, int, long)'> (0x00000000d5c4ed38) 
thrown [s\src\hotspot\share\interpreter\linkResolver.cpp, line 773]
Event: 74.121 Thread 0x00000227ff099dd0 Exception <a 'java/lang/NoSuchMethodError'{0x00000000d61f0568}: 'int java.lang.invoke.DirectMethodHandle$Holder.invokeSpecialIFC(java.lang.Object, java.lang.Object, java.lang.Object)'> (0x00000000d61f0568) 
thrown [s\src\hotspot\share\interpreter\linkResolver.cpp, line 773]
Event: 74.391 Thread 0x00000227ff099dd0 Exception <a 'java/lang/NoSuchMethodError'{0x00000000d663c088}: 'int java.lang.invoke.DirectMethodHandle$Holder.invokeSpecial(java.lang.Object, java.lang.Object, java.lang.Object, java.lang.Object)'> (0x00000000d663c088) 
thrown [s\src\hotspot\share\interpreter\linkResolver.cpp, line 773]
Event: 74.572 Thread 0x00000227ff099dd0 Exception <a 'java/io/FileNotFoundException'{0x00000000d69326e8}> (0x00000000d69326e8) 
thrown [s\src\hotspot\share\prims\jni.cpp, line 520]
Event: 74.575 Thread 0x00000227ff099dd0 Exception <a 'java/io/FileNotFoundException'{0x00000000d6933960}> (0x00000000d6933960) 
thrown [s\src\hotspot\share\prims\jni.cpp, line 520]
Event: 74.575 Thread 0x00000227ff099dd0 Exception <a 'java/io/FileNotFoundException'{0x00000000d6934af0}> (0x00000000d6934af0) 
thrown [s\src\hotspot\share\prims\jni.cpp, line 520]
Event: 74.988 Thread 0x00000227ff099dd0 Exception <a 'java/lang/NoSuchMethodError'{0x00000000d5c3fe30}: 'java.lang.Object java.lang.invoke.DirectMethodHandle$Holder.invokeStatic(java.lang.Object, java.lang.Object, int, java.lang.Object)'> (0x00000000d5c3fe30) 
thrown [s\src\hotspot\share\interpreter\linkResolver.cpp, line 773]
Event: 74.999 Thread 0x00000227ff099dd0 Exception <a 'java/lang/NoSuchMethodError'{0x00000000d5c46b30}: 'java.lang.Object java.lang.invoke.DirectMethodHandle$Holder.newInvokeSpecial(java.lang.Object, java.lang.Object, int)'> (0x00000000d5c46b30) 
thrown [s\src\hotspot\share\interpreter\linkResolver.cpp, line 773]
Event: 75.486 Thread 0x00000227ff099dd0 Exception <a 'java/lang/NoSuchMethodError'{0x00000000d62dedf8}: 'void java.lang.invoke.DirectMethodHandle$Holder.invokeVirtual(java.lang.Object, java.lang.Object, java.lang.Object, java.lang.Object, java.lang.Object)'> (0x00000000d62dedf8) 
thrown [s\src\hotspot\share\interpreter\linkResolver.cpp, line 773]
Event: 76.761 Thread 0x00000227ff09c530 Exception <a 'java/lang/IncompatibleClassChangeError'{0x00000000d58768c8}: Found class java.lang.Object, but interface was expected> (0x00000000d58768c8) 
thrown [s\src\hotspot\share\interpreter\linkResolver.cpp, line 840]
Event: 79.341 Thread 0x00000227ff09c530 Exception <a 'java/lang/NoSuchMethodError'{0x00000000d5732658}: 'void java.lang.invoke.DirectMethodHandle$Holder.invokeInterface(java.lang.Object, java.lang.Object)'> (0x00000000d5732658) 
thrown [s\src\hotspot\share\interpreter\linkResolver.cpp, line 773]
Event: 80.001 Thread 0x00000227fe7455b0 Exception <a 'java/io/FileNotFoundException'{0x00000000d62fba80}> (0x00000000d62fba80) 
thrown [s\src\hotspot\share\prims\jni.cpp, line 520]

ZGC Phase Switch (0 events):
No events

VM Operations (20 events):
Event: 75.705 Executing safepoint VM operation: ICBufferFull
Event: 75.706 Executing safepoint VM operation: ICBufferFull done
Event: 76.086 Executing safepoint VM operation: ICBufferFull
Event: 76.108 Executing safepoint VM operation: ICBufferFull done
Event: 76.116 Executing safepoint VM operation: ParallelGCFailedAllocation (Allocation Failure)
Event: 76.122 Executing safepoint VM operation: ParallelGCFailedAllocation (Allocation Failure) done
Event: 77.129 Executing safepoint VM operation: Cleanup
Event: 77.129 Executing safepoint VM operation: Cleanup done
Event: 78.143 Executing safepoint VM operation: Cleanup
Event: 78.144 Executing safepoint VM operation: Cleanup done
Event: 78.917 Executing safepoint VM operation: ParallelGCFailedAllocation (Allocation Failure)
Event: 78.966 Executing safepoint VM operation: ParallelGCFailedAllocation (Allocation Failure) done
Event: 79.319 Executing safepoint VM operation: ICBufferFull
Event: 79.320 Executing safepoint VM operation: ICBufferFull done
Event: 79.963 Executing non-safepoint VM operation: HandshakeAllThreads (Deoptimize)
Event: 79.973 Executing non-safepoint VM operation: HandshakeAllThreads (Deoptimize) done
Event: 80.227 Executing non-safepoint VM operation: HandshakeAllThreads (Deoptimize)
Event: 80.228 Executing non-safepoint VM operation: HandshakeAllThreads (Deoptimize) done
Event: 80.347 Executing safepoint VM operation: ICBufferFull
Event: 80.348 Executing safepoint VM operation: ICBufferFull done

Memory protections (0 events):
No events

Nmethod flushes (20 events):
Event: 69.528 Thread 0x00000227e5daea80 flushing  nmethod 0x00000227e926f290
Event: 69.528 Thread 0x00000227e5daea80 flushing  nmethod 0x00000227e926f610
Event: 69.528 Thread 0x00000227e5daea80 flushing  nmethod 0x00000227e92dc210
Event: 69.528 Thread 0x00000227e5daea80 flushing  nmethod 0x00000227e92dc690
Event: 69.528 Thread 0x00000227e5daea80 flushing  nmethod 0x00000227e9355610
Event: 69.528 Thread 0x00000227e5daea80 flushing  nmethod 0x00000227e9355f90
Event: 69.528 Thread 0x00000227e5daea80 flushing  nmethod 0x00000227e935a910
Event: 69.528 Thread 0x00000227e5daea80 flushing  nmethod 0x00000227e935d510
Event: 69.528 Thread 0x00000227e5daea80 flushing  nmethod 0x00000227e937d310
Event: 69.528 Thread 0x00000227e5daea80 flushing  nmethod 0x00000227e937e390
Event: 69.528 Thread 0x00000227e5daea80 flushing  nmethod 0x00000227e9382710
Event: 69.528 Thread 0x00000227e5daea80 flushing  nmethod 0x00000227e9385b10
Event: 69.528 Thread 0x00000227e5daea80 flushing  nmethod 0x00000227e9386410
Event: 69.528 Thread 0x00000227e5daea80 flushing  nmethod 0x00000227e9386790
Event: 69.528 Thread 0x00000227e5daea80 flushing  nmethod 0x00000227e93a2310
Event: 69.528 Thread 0x00000227e5daea80 flushing  nmethod 0x00000227e93a6410
Event: 69.528 Thread 0x00000227e5daea80 flushing  nmethod 0x00000227e93a8290
Event: 69.528 Thread 0x00000227e5daea80 flushing  nmethod 0x00000227e93dc410
Event: 69.528 Thread 0x00000227e5daea80 flushing  nmethod 0x00000227e93dce90
Event: 69.528 Thread 0x00000227e5daea80 flushing  nmethod 0x00000227e93f9210

Events (20 events):
Event: 26.940 Thread 0x00000227e5ceea70 Thread added: 0x00000227fead3dc0
Event: 26.940 Thread 0x00000227e5ceea70 Thread added: 0x00000227ff099740
Event: 26.940 Thread 0x00000227e5ceea70 Thread added: 0x00000227ff09b810
Event: 26.977 Thread 0x00000227e5ceea70 Thread added: 0x00000227ff0990b0
Event: 27.128 Thread 0x00000227fead3730 Thread added: 0x00000227ff099dd0
Event: 27.372 Thread 0x00000227e5ceea70 Thread added: 0x00000227ff09b180
Event: 27.373 Thread 0x00000227e5ceea70 Thread added: 0x00000227ff09c530
Event: 66.469 Thread 0x00000227fc773000 Thread added: 0x00000227ff2c8530
Event: 66.470 Thread 0x00000227fc773000 Thread added: 0x00000227ff292480
Event: 67.800 Thread 0x00000227ff292480 Thread exited: 0x00000227ff292480
Event: 67.800 Thread 0x00000227ff2c8530 Thread exited: 0x00000227ff2c8530
Event: 79.165 Thread 0x00000227ff09c530 Thread added: 0x00000227ff09bea0
Event: 79.421 Thread 0x00000227ff09c530 Thread added: 0x00000227c5d8b390
Event: 79.644 Thread 0x00000227ff099dd0 Thread added: 0x00000227c5d8ba20
Event: 79.792 Thread 0x00000227fe7455b0 Thread added: 0x00000227c5d90f70
Event: 79.856 Thread 0x00000227c5d90f70 Thread added: 0x00000227c5d8fbc0
Event: 79.859 Thread 0x00000227c5d90f70 Thread added: 0x00000227c5d8f530
Event: 79.881 Thread 0x00000227c5d90f70 Thread exited: 0x00000227c5d90f70
Event: 79.929 Thread 0x00000227c5d8f530 Thread exited: 0x00000227c5d8f530
Event: 79.929 Thread 0x00000227c5d8fbc0 Thread exited: 0x00000227c5d8fbc0


Dynamic libraries:
0x00007ff699730000 - 0x00007ff69973e000 	c:\Users\HP\.antigravity\extensions\redhat.java-1.54.0-win32-x64\jre\21.0.10-win32-x86_64\bin\java.exe
0x00007ffa40f50000 - 0x00007ffa41168000 	C:\WINDOWS\SYSTEM32\ntdll.dll
0x00007ffa40280000 - 0x00007ffa40344000 	C:\WINDOWS\System32\KERNEL32.DLL
0x00007ffa3e5b0000 - 0x00007ffa3e983000 	C:\WINDOWS\System32\KERNELBASE.dll
0x00007ffa3e990000 - 0x00007ffa3eaa1000 	C:\WINDOWS\System32\ucrtbase.dll
0x00007ffa34530000 - 0x00007ffa34548000 	c:\Users\HP\.antigravity\extensions\redhat.java-1.54.0-win32-x64\jre\21.0.10-win32-x86_64\bin\jli.dll
0x00007ffa406d0000 - 0x00007ffa40882000 	C:\WINDOWS\System32\USER32.dll
0x00007ffa1e540000 - 0x00007ffa1e55e000 	c:\Users\HP\.antigravity\extensions\redhat.java-1.54.0-win32-x64\jre\21.0.10-win32-x86_64\bin\VCRUNTIME140.dll
0x00007ffa3e180000 - 0x00007ffa3e1a6000 	C:\WINDOWS\System32\win32u.dll
0x00007ffa40890000 - 0x00007ffa408b9000 	C:\WINDOWS\System32\GDI32.dll
0x00007ffa1e6c0000 - 0x00007ffa1e95c000 	C:\WINDOWS\WinSxS\amd64_microsoft.windows.common-controls_6595b64144ccf1df_6.0.22621.6060_none_2712eda17382d24b\COMCTL32.dll
0x00007ffa3e410000 - 0x00007ffa3e52b000 	C:\WINDOWS\System32\gdi32full.dll
0x00007ffa3ec30000 - 0x00007ffa3ecd7000 	C:\WINDOWS\System32\msvcrt.dll
0x00007ffa3e060000 - 0x00007ffa3e0fa000 	C:\WINDOWS\System32\msvcp_win.dll
0x00007ffa40ed0000 - 0x00007ffa40f01000 	C:\WINDOWS\System32\IMM32.DLL
0x00007ffa34f50000 - 0x00007ffa34f5c000 	c:\Users\HP\.antigravity\extensions\redhat.java-1.54.0-win32-x64\jre\21.0.10-win32-x86_64\bin\vcruntime140_1.dll
0x00007ff9fe8a0000 - 0x00007ff9fe92d000 	c:\Users\HP\.antigravity\extensions\redhat.java-1.54.0-win32-x64\jre\21.0.10-win32-x86_64\bin\msvcp140.dll
0x00007ff938a80000 - 0x00007ff939821000 	c:\Users\HP\.antigravity\extensions\redhat.java-1.54.0-win32-x64\jre\21.0.10-win32-x86_64\bin\server\jvm.dll
0x00007ffa3f090000 - 0x00007ffa3f141000 	C:\WINDOWS\System32\ADVAPI32.dll
0x00007ffa3fba0000 - 0x00007ffa3fc48000 	C:\WINDOWS\System32\sechost.dll
0x00007ffa3e320000 - 0x00007ffa3e348000 	C:\WINDOWS\System32\bcrypt.dll
0x00007ffa40460000 - 0x00007ffa40578000 	C:\WINDOWS\System32\RPCRT4.dll
0x00007ffa408c0000 - 0x00007ffa40931000 	C:\WINDOWS\System32\WS2_32.dll
0x00007ffa3df30000 - 0x00007ffa3df7d000 	C:\WINDOWS\SYSTEM32\POWRPROF.dll
0x00007ffa34310000 - 0x00007ffa34344000 	C:\WINDOWS\SYSTEM32\WINMM.dll
0x00007ffa2efc0000 - 0x00007ffa2efca000 	C:\WINDOWS\SYSTEM32\VERSION.dll
0x00007ffa3df10000 - 0x00007ffa3df23000 	C:\WINDOWS\SYSTEM32\UMPDC.dll
0x00007ffa3d000000 - 0x00007ffa3d018000 	C:\WINDOWS\SYSTEM32\kernel.appcore.dll
0x00007ffa20510000 - 0x00007ffa2051a000 	c:\Users\HP\.antigravity\extensions\redhat.java-1.54.0-win32-x64\jre\21.0.10-win32-x86_64\bin\jimage.dll
0x00007ffa3ba60000 - 0x00007ffa3bc93000 	C:\WINDOWS\SYSTEM32\DBGHELP.DLL
0x00007ffa40940000 - 0x00007ffa40cd1000 	C:\WINDOWS\System32\combase.dll
0x00007ffa3fd20000 - 0x00007ffa3fdf8000 	C:\WINDOWS\System32\OLEAUT32.dll
0x00007ffa1d5c0000 - 0x00007ffa1d5f2000 	C:\WINDOWS\SYSTEM32\dbgcore.DLL
0x00007ffa3e530000 - 0x00007ffa3e5ab000 	C:\WINDOWS\System32\bcryptPrimitives.dll
0x00007ffa202f0000 - 0x00007ffa202ff000 	c:\Users\HP\.antigravity\extensions\redhat.java-1.54.0-win32-x64\jre\21.0.10-win32-x86_64\bin\instrument.dll
0x00007ffa1e500000 - 0x00007ffa1e520000 	c:\Users\HP\.antigravity\extensions\redhat.java-1.54.0-win32-x64\jre\21.0.10-win32-x86_64\bin\java.dll
0x00007ffa3f150000 - 0x00007ffa3f9ec000 	C:\WINDOWS\System32\SHELL32.dll
0x00007ffa3eab0000 - 0x00007ffa3ebef000 	C:\WINDOWS\System32\wintypes.dll
0x00007ffa3bf10000 - 0x00007ffa3c82a000 	C:\WINDOWS\SYSTEM32\windows.storage.dll
0x00007ffa40ce0000 - 0x00007ffa40de4000 	C:\WINDOWS\System32\SHCORE.dll
0x00007ffa405a0000 - 0x00007ffa40609000 	C:\WINDOWS\System32\shlwapi.dll
0x00007ffa3df90000 - 0x00007ffa3dfb5000 	C:\WINDOWS\SYSTEM32\profapi.dll
0x00007ffa20790000 - 0x00007ffa207a8000 	c:\Users\HP\.antigravity\extensions\redhat.java-1.54.0-win32-x64\jre\21.0.10-win32-x86_64\bin\zip.dll
0x00007ffa20780000 - 0x00007ffa20790000 	C:\Users\HP\.antigravity\extensions\redhat.java-1.54.0-win32-x64\jre\21.0.10-win32-x86_64\bin\net.dll
0x00007ffa35040000 - 0x00007ffa3516c000 	C:\WINDOWS\SYSTEM32\WINHTTP.dll
0x00007ffa3d4c0000 - 0x00007ffa3d529000 	C:\WINDOWS\system32\mswsock.dll
0x00007ffa1e4c0000 - 0x00007ffa1e4d6000 	C:\Users\HP\.antigravity\extensions\redhat.java-1.54.0-win32-x64\jre\21.0.10-win32-x86_64\bin\nio.dll
0x00007ffa20280000 - 0x00007ffa20290000 	c:\Users\HP\.antigravity\extensions\redhat.java-1.54.0-win32-x64\jre\21.0.10-win32-x86_64\bin\verify.dll
0x00007ffa05ab0000 - 0x00007ffa05af5000 	C:\Users\HP\AppData\Roaming\Antigravity\User\globalStorage\redhat.java\1.54.0\config_ss_win\org.eclipse.equinox.launcher\org.eclipse.equinox.launcher.win32.win32.x86_64_1.3.0.v20260203-2149\eclipse_11919.dll
0x00007ffa3f9f0000 - 0x00007ffa3fb91000 	C:\WINDOWS\System32\ole32.dll
0x00007ffa3d810000 - 0x00007ffa3d82b000 	C:\WINDOWS\SYSTEM32\CRYPTSP.dll
0x00007ffa3cf60000 - 0x00007ffa3cf97000 	C:\WINDOWS\system32\rsaenh.dll
0x00007ffa3d560000 - 0x00007ffa3d588000 	C:\WINDOWS\SYSTEM32\USERENV.dll
0x00007ffa3d7f0000 - 0x00007ffa3d7fc000 	C:\WINDOWS\SYSTEM32\CRYPTBASE.dll
0x00007ffa3ca80000 - 0x00007ffa3caad000 	C:\WINDOWS\SYSTEM32\IPHLPAPI.DLL
0x00007ffa3ec20000 - 0x00007ffa3ec29000 	C:\WINDOWS\System32\NSI.dll
0x00007ffa01320000 - 0x00007ffa01369000 	C:\Users\HP\AppData\Local\Temp\jna-2312\jna7462959943387231711.dll
0x00007ffa40610000 - 0x00007ffa40618000 	C:\WINDOWS\System32\PSAPI.DLL
0x00007ffa34870000 - 0x00007ffa34889000 	C:\WINDOWS\SYSTEM32\dhcpcsvc6.DLL
0x00007ffa34850000 - 0x00007ffa3486f000 	C:\WINDOWS\SYSTEM32\dhcpcsvc.DLL

JVMTI agents:
c:\Users\HP\.antigravity\extensions\redhat.java-1.54.0-win32-x64\lombok\lombok-1.18.39-4050.jar path:c:\Users\HP\.antigravity\extensions\redhat.java-1.54.0-win32-x64\jre\21.0.10-win32-x86_64\bin\instrument.dll, loaded, initialized, instrumentlib options:none

dbghelp: loaded successfully - version: 4.0.5 - missing functions: none
symbol engine: initialized successfully - sym options: 0x614 - pdb path: .;c:\Users\HP\.antigravity\extensions\redhat.java-1.54.0-win32-x64\jre\21.0.10-win32-x86_64\bin;C:\WINDOWS\SYSTEM32;C:\WINDOWS\WinSxS\amd64_microsoft.windows.common-controls_6595b64144ccf1df_6.0.22621.6060_none_2712eda17382d24b;c:\Users\HP\.antigravity\extensions\redhat.java-1.54.0-win32-x64\jre\21.0.10-win32-x86_64\bin\server;C:\Users\HP\AppData\Roaming\Antigravity\User\globalStorage\redhat.java\1.54.0\config_ss_win\org.eclipse.equinox.launcher\org.eclipse.equinox.launcher.win32.win32.x86_64_1.3.0.v20260203-2149;C:\Users\HP\AppData\Local\Temp\jna-2312

VM Arguments:
jvm_args: --add-modules=ALL-SYSTEM --add-opens=java.base/java.util=ALL-UNNAMED --add-opens=java.base/java.lang=ALL-UNNAMED --add-opens=java.base/sun.nio.fs=ALL-UNNAMED -Declipse.application=org.eclipse.jdt.ls.core.id1 -Dosgi.bundles.defaultStartLevel=4 -Declipse.product=org.eclipse.jdt.ls.core.product -Djava.import.generatesMetadataFilesAtProjectRoot=false -DDetectVMInstallationsJob.disabled=true -Dfile.encoding=utf8 -XX:+UseParallelGC -XX:GCTimeRatio=4 -XX:AdaptiveSizePolicyWeight=90 -Dsun.zip.disableMemoryMapping=true -Xmx2G -Xms100m -Xlog:disable -javaagent:c:\Users\HP\.antigravity\extensions\redhat.java-1.54.0-win32-x64\lombok\lombok-1.18.39-4050.jar 
java_command: c:\Users\HP\.antigravity\extensions\redhat.java-1.54.0-win32-x64\server\plugins\org.eclipse.equinox.launcher_1.7.100.v20251111-0406.jar -configuration c:\Users\HP\AppData\Roaming\Antigravity\User\globalStorage\redhat.java\1.54.0\config_ss_win -data c:\Users\HP\AppData\Roaming\Antigravity\User\workspaceStorage\ec30be9fa44441caa41ccff467e32948\redhat.java\ss_ws --pipe=\\.\pipe\lsp-1196f92bdc3b9a508c6f348025be9387-sock
java_class_path (initial): c:\Users\HP\.antigravity\extensions\redhat.java-1.54.0-win32-x64\server\plugins\org.eclipse.equinox.launcher_1.7.100.v20251111-0406.jar
Launcher Type: SUN_STANDARD

[Global flags]
    uintx AdaptiveSizePolicyWeight                 = 90                                        {product} {command line}
     intx CICompilerCount                          = 4                                         {product} {ergonomic}
    uintx GCTimeRatio                              = 4                                         {product} {command line}
   size_t InitialHeapSize                          = 104857600                                 {product} {command line}
   size_t MaxHeapSize                              = 2147483648                                {product} {command line}
   size_t MaxNewSize                               = 715653120                                 {product} {ergonomic}
   size_t MinHeapDeltaBytes                        = 524288                                    {product} {ergonomic}
   size_t MinHeapSize                              = 104857600                                 {product} {command line}
   size_t NewSize                                  = 34603008                                  {product} {ergonomic}
    uintx NonNMethodCodeHeapSize                   = 5839372                                {pd product} {ergonomic}
    uintx NonProfiledCodeHeapSize                  = 122909434                              {pd product} {ergonomic}
   size_t OldSize                                  = 70254592                                  {product} {ergonomic}
    uintx ProfiledCodeHeapSize                     = 122909434                              {pd product} {ergonomic}
    uintx ReservedCodeCacheSize                    = 251658240                              {pd product} {ergonomic}
     bool SegmentedCodeCache                       = true                                      {product} {ergonomic}
   size_t SoftMaxHeapSize                          = 2147483648                             {manageable} {ergonomic}
     bool UseCompressedOops                        = true                           {product lp64_product} {ergonomic}
     bool UseLargePagesIndividualAllocation        = false                                  {pd product} {ergonomic}
     bool UseParallelGC                            = true                                      {product} {command line}

Logging:
Log output configuration:
 #0: stdout all=off uptime,level,tags foldmultilines=false
 #1: stderr all=off uptime,level,tags foldmultilines=false

Release file:
JAVA_VERSION="21.0.10" 
MODULES="java.base java.compiler java.datatransfer java.xml java.prefs java.desktop java.instrument java.logging java.management java.security.sasl java.naming java.rmi java.management.rmi java.net.http java.scripting java.security.jgss java.transaction.xa java.sql java.sql.rowset java.xml.crypto java.se java.smartcardio jdk.accessibility jdk.internal.jvmstat jdk.attach jdk.charsets jdk.internal.opt jdk.zipfs jdk.compiler jdk.crypto.ec jdk.crypto.cryptoki jdk.crypto.mscapi jdk.dynalink jdk.internal.ed jdk.editpad jdk.hotspot.agent jdk.httpserver jdk.internal.le jdk.internal.vm.ci jdk.internal.vm.compiler jdk.internal.vm.compiler.management jdk.jartool jdk.javadoc jdk.jcmd jdk.management jdk.management.agent jdk.jconsole jdk.jdeps jdk.jdwp.agent jdk.jdi jdk.jfr jdk.jshell jdk.jsobject jdk.jstatd jdk.localedata jdk.management.jfr jdk.naming.dns jdk.naming.rmi jdk.net jdk.nio.mapmode jdk.random jdk.sctp jdk.security.auth jdk.security.jgss jdk.unsupported jdk.unsupported.desktop jdk.xml.dom" 

Environment Variables:
JAVA_HOME=C:\Program Files\Microsoft\jdk-17.0.18.8-hotspot\
PATH=C:\Program Files\Microsoft\jdk-17.0.18.8-hotspot\bin;C:\Python314\Scripts\;C:\Python314\;C:\oraclexe\app\oracle\product\10.2.0\server\bin;C:\app\HP\product\21c\dbhomeXE\bin;C:\Users\HP\Downloads\WINDOWS.X64_193000_grid_home\bin;C:\WINDOWS\system32;C:\WINDOWS;C:\WINDOWS\System32\Wbem;C:\WINDOWS\System32\WindowsPowerShell\v1.0\;C:\WINDOWS\System32\OpenSSH\;C:\Program Files\PuTTY\;C:\Program Files (x86)\;C:\Program Files\Git\cmd;C:\Program Files (x86)\Windows Kits\10\Windows Performance Toolkit\;C:\Program Files\MongoDB\Server\8.2\bin;C:\Program Files\nodejs\;C:\ProgramData\chocolatey\bin;C:\Users\HP\AppData\Local\Programs\Python\Python313\Scripts\;C:\Users\HP\AppData\Local\Programs\Python\Python313\;C:\Users\HP\AppData\Local\Programs\Python\Launcher\;C:\Users\HP\AppData\Local\Microsoft\WindowsApps;;C:\Users\HP\AppData\Local\Programs\Microsoft VS Code\bin;C:\Users\HP\Desktop\Antigravity\bin;C:\Users\HP\AppData\Roaming\npm;C:\Users\HP\AppData\Local\Microsoft\WinGet\Packages\Ngrok.Ngrok_Microsoft.Winget.Source_8wekyb3d8bbwe;
USERNAME=HP
OS=Windows_NT
PROCESSOR_IDENTIFIER=Intel64 Family 6 Model 154 Stepping 4, GenuineIntel
TMP=C:\Users\HP\AppData\Local\Temp
TEMP=C:\Users\HP\AppData\Local\Temp




Periodic native trim disabled

---------------  S Y S T E M  ---------------

OS:
 Windows 11 , 64 bit Build 22621 (10.0.22621.5415)
OS uptime: 0 days 16:05 hours
Hyper-V role detected

CPU: total 8 (initial active 8) (4 cores per cpu, 2 threads per core) family 6 model 154 stepping 4 microcode 0x42c, cx8, cmov, fxsr, ht, mmx, 3dnowpref, sse, sse2, sse3, ssse3, sse4.1, sse4.2, popcnt, lzcnt, tsc, tscinvbit, avx, avx2, aes, erms, clmul, bmi1, bmi2, adx, sha, fma, vzeroupper, clflush, clflushopt, clwb, hv, serialize, rdtscp, rdpid, fsrm, f16c, cet_ibt, cet_ss
Processor Information for processor 0
  Max Mhz: 1200, Current Mhz: 1200, Mhz Limit: 1200
Processor Information for processor 1
  Max Mhz: 1200, Current Mhz: 1200, Mhz Limit: 1200
Processor Information for processor 2
  Max Mhz: 1200, Current Mhz: 1200, Mhz Limit: 1200
Processor Information for processor 3
  Max Mhz: 1200, Current Mhz: 1200, Mhz Limit: 1200
Processor Information for processor 4
  Max Mhz: 1200, Current Mhz: 900, Mhz Limit: 900
Processor Information for processor 5
  Max Mhz: 1200, Current Mhz: 900, Mhz Limit: 900
Processor Information for processor 6
  Max Mhz: 1200, Current Mhz: 900, Mhz Limit: 900
Processor Information for processor 7
  Max Mhz: 1200, Current Mhz: 900, Mhz Limit: 900

Memory: 4k page, system-wide physical 3767M (18M free)
TotalPageFile size 15543M (AvailPageFile size 4M)
current process WorkingSet (physical memory assigned to process): 142M, peak: 177M
current process commit charge ("private bytes"): 325M, peak: 329M

vm_info: OpenJDK 64-Bit Server VM (21.0.10+7-LTS) for windows-amd64 JRE (21.0.10+7-LTS), built on 2026-01-20T00:00:00Z by "admin" with MS VC++ 17.12 (VS2022)

END.
