#
# There is insufficient memory for the Java Runtime Environment to continue.
# Native memory allocation (mmap) failed to map 65536 bytes. Error detail: Failed to commit metaspace.
# Possible reasons:
#   The system is out of physical RAM or swap space
#   This process is running with CompressedOops enabled, and the Java Heap may be blocking the growth of the native heap
# Possible solutions:
#   Reduce memory load on the system
#   Increase physical memory or swap space
#   Check if swap backing store is full
#   Decrease Java heap size (-Xmx/-Xms)
#
#  , pid=20212
#
#   (no source info available)
V  [jvm.dll+0x845979]  (no source info available)
V  [jvm.dll+0x8476e8]  (no source info available)
V  [jvm.dll+0x847d73]  (no source info available)
V  [jvm.dll+0x24cf6f]  (no source info available)
V  [jvm.dll+0x841757]  (no source info available)
V  [jvm.dll+0x6330db]  (no source info available)
V  [jvm.dll+0x1c4c0d]  (no source info available)
V  [jvm.dll+0x635a62]  (no source info available)
V  [jvm.dll+0x633a96]  (no source info available)
V  [jvm.dll+0x241370]  (no source info available)
V  [jvm.dll+0x63daa5]  (no source info available)
V  [jvm.dll+0x1ee7a5]  (no source info available)
V  [jvm.dll+0x1eecb5]  (no source info available)
V  [jvm.dll+0x1ef65c]  (no source info available)
V  [jvm.dll+0x1e4f61]  (no source info available)
V  [jvm.dll+0x551f39]  (no source info available)
V  [jvm.dll+0x7bfecb]  (no source info available)
V  [jvm.dll+0x7bffc4]  (no source info available)
V  [jvm.dll+0x41db14]  (no source info available)
V  [jvm.dll+0x424649]  (no source info available)
C  [java.dll+0x1818]  (no source info available)

Java frames: (J=compiled Java code, j=interpreted, Vv=VM code)
J 569  java.lang.ClassLoader.defineClass1(Ljava/lang/ClassLoader;Ljava/lang/String;[BIILjava/security/ProtectionDomain;Ljava/lang/String;)Ljava/lang/Class; java.base@17.0.18 (0 bytes) @ 0x000001ed339bfe83 [0x000001ed339bfdc0+0x00000000000000c3]
J 849 c1 java.lang.ClassLoader.defineClass(Ljava/lang/String;[BIILjava/security/ProtectionDomain;)Ljava/lang/Class; java.base@17.0.18 (43 bytes) @ 0x000001ed33a2f95c [0x000001ed33a2f860+0x00000000000000fc]
J 730 c1 jdk.internal.loader.BuiltinClassLoader.defineClass(Ljava/lang/String;Ljdk/internal/loader/Resource;)Ljava/lang/Class; java.base@17.0.18 (121 bytes) @ 0x000001ed33a01fe4 [0x000001ed33a01b20+0x00000000000004c4]
J 729 c1 jdk.internal.loader.BuiltinClassLoader.findClassOnClassPathOrNull(Ljava/lang/String;)Ljava/lang/Class; java.base@17.0.18 (64 bytes) @ 0x000001ed33a00f5c [0x000001ed33a00ca0+0x00000000000002bc]
J 383 c1 jdk.internal.loader.BuiltinClassLoader.loadClassOrNull(Ljava/lang/String;Z)Ljava/lang/Class; java.base@17.0.18 (143 bytes) @ 0x000001ed33974b14 [0x000001ed339746a0+0x0000000000000474]
J 591 c1 jdk.internal.loader.ClassLoaders$AppClassLoader.loadClass(Ljava/lang/String;Z)Ljava/lang/Class; java.base@17.0.18 (40 bytes) @ 0x000001ed339cb344 [0x000001ed339cb200+0x0000000000000144]
J 590 c1 java.lang.ClassLoader.loadClass(Ljava/lang/String;)Ljava/lang/Class; java.base@17.0.18 (7 bytes) @ 0x000001ed339caf04 [0x000001ed339caec0+0x0000000000000044]
v  ~StubRoutines::call_stub
J 569  java.lang.ClassLoader.defineClass1(Ljava/lang/ClassLoader;Ljava/lang/String;[BIILjava/security/ProtectionDomain;Ljava/lang/String;)Ljava/lang/Class; java.base@17.0.18 (0 bytes) @ 0x000001ed339bfe83 [0x000001ed339bfdc0+0x00000000000000c3]
J 849 c1 java.lang.ClassLoader.defineClass(Ljava/lang/String;[BIILjava/security/ProtectionDomain;)Ljava/lang/Class; java.base@17.0.18 (43 bytes) @ 0x000001ed33a2f95c [0x000001ed33a2f860+0x00000000000000fc]
J 730 c1 jdk.internal.loader.BuiltinClassLoader.defineClass(Ljava/lang/String;Ljdk/internal/loader/Resource;)Ljava/lang/Class; java.base@17.0.18 (121 bytes) @ 0x000001ed33a01fe4 [0x000001ed33a01b20+0x00000000000004c4]
J 729 c1 jdk.internal.loader.BuiltinClassLoader.findClassOnClassPathOrNull(Ljava/lang/String;)Ljava/lang/Class; java.base@17.0.18 (64 bytes) @ 0x000001ed33a00f5c [0x000001ed33a00ca0+0x00000000000002bc]
J 383 c1 jdk.internal.loader.BuiltinClassLoader.loadClassOrNull(Ljava/lang/String;Z)Ljava/lang/Class; java.base@17.0.18 (143 bytes) @ 0x000001ed33974b14 [0x000001ed339746a0+0x0000000000000474]
J 591 c1 jdk.internal.loader.ClassLoaders$AppClassLoader.loadClass(Ljava/lang/String;Z)Ljava/lang/Class; java.base@17.0.18 (40 bytes) @ 0x000001ed339cb344 [0x000001ed339cb200+0x0000000000000144]
J 590 c1 java.lang.ClassLoader.loadClass(Ljava/lang/String;)Ljava/lang/Class; java.base@17.0.18 (7 bytes) @ 0x000001ed339caf04 [0x000001ed339caec0+0x0000000000000044]
v  ~StubRoutines::call_stub
J 569  java.lang.ClassLoader.defineClass1(Ljava/lang/ClassLoader;Ljava/lang/String;[BIILjava/security/ProtectionDomain;Ljava/lang/String;)Ljava/lang/Class; java.base@17.0.18 (0 bytes) @ 0x000001ed339bfe83 [0x000001ed339bfdc0+0x00000000000000c3]
J 849 c1 java.lang.ClassLoader.defineClass(Ljava/lang/String;[BIILjava/security/ProtectionDomain;)Ljava/lang/Class; java.base@17.0.18 (43 bytes) @ 0x000001ed33a2f95c [0x000001ed33a2f860+0x00000000000000fc]
J 730 c1 jdk.internal.loader.BuiltinClassLoader.defineClass(Ljava/lang/String;Ljdk/internal/loader/Resource;)Ljava/lang/Class; java.base@17.0.18 (121 bytes) @ 0x000001ed33a01fe4 [0x000001ed33a01b20+0x00000000000004c4]
J 729 c1 jdk.internal.loader.BuiltinClassLoader.findClassOnClassPathOrNull(Ljava/lang/String;)Ljava/lang/Class; java.base@17.0.18 (64 bytes) @ 0x000001ed33a00f5c [0x000001ed33a00ca0+0x00000000000002bc]
J 383 c1 jdk.internal.loader.BuiltinClassLoader.loadClassOrNull(Ljava/lang/String;Z)Ljava/lang/Class; java.base@17.0.18 (143 bytes) @ 0x000001ed33974b14 [0x000001ed339746a0+0x0000000000000474]
J 591 c1 jdk.internal.loader.ClassLoaders$AppClassLoader.loadClass(Ljava/lang/String;Z)Ljava/lang/Class; java.base@17.0.18 (40 bytes) @ 0x000001ed339cb344 [0x000001ed339cb200+0x0000000000000144]
J 590 c1 java.lang.ClassLoader.loadClass(Ljava/lang/String;)Ljava/lang/Class; java.base@17.0.18 (7 bytes) @ 0x000001ed339caf04 [0x000001ed339caec0+0x0000000000000044]
v  ~StubRoutines::call_stub
j  org.springframework.context.support.GenericApplicationContext.<init>()V+21
j  org.springframework.web.context.support.GenericWebApplicationContext.<init>()V+1
j  org.springframework.boot.web.servlet.context.ServletWebServerApplicationContext.<init>()V+1
j  org.springframework.boot.web.servlet.context.AnnotationConfigServletWebServerApplicationContext.<init>()V+1
j  org.springframework.boot.web.servlet.context.ServletWebServerApplicationContextFactory.createContext()Lorg/springframework/context/ConfigurableApplicationContext;+10
j  org.springframework.boot.web.servlet.context.ServletWebServerApplicationContextFactory.create(Lorg/springframework/boot/WebApplicationType;)Lorg/springframework/context/ConfigurableApplicationContext;+12
j  org.springframework.boot.DefaultApplicationContextFactory$$Lambda$204+0x000001ed3d120498.apply(Ljava/lang/Object;Ljava/lang/Object;)Ljava/lang/Object;+8
j  org.springframework.boot.DefaultApplicationContextFactory.getFromSpringFactories(Lorg/springframework/boot/WebApplicationType;Ljava/util/function/BiFunction;Ljava/util/function/Supplier;)Ljava/lang/Object;+45
j  org.springframework.boot.DefaultApplicationContextFactory.create(Lorg/springframework/boot/WebApplicationType;)Lorg/springframework/context/ConfigurableApplicationContext;+13
j  org.springframework.boot.SpringApplication.createApplicationContext()Lorg/springframework/context/ConfigurableApplicationContext;+8
j  org.springframework.boot.SpringApplication.run([Ljava/lang/String;)Lorg/springframework/context/ConfigurableApplicationContext;+76
j  org.springframework.boot.SpringApplication.run([Ljava/lang/Class;[Ljava/lang/String;)Lorg/springframework/context/ConfigurableApplicationContext;+9
j  org.springframework.boot.SpringApplication.run(Ljava/lang/Class;[Ljava/lang/String;)Lorg/springframework/context/ConfigurableApplicationContext;+9
j  com.example.demo.BackendApplication.main([Ljava/lang/String;)V+3
v  ~StubRoutines::call_stub

Compiled method (n/a) 925  569     n 0       java.lang.ClassLoader::defineClass1 (native)
 total in heap  [0x000001ed339bfc10,0x000001ed339c0110] = 1280
 relocation     [0x000001ed339bfd70,0x000001ed339bfda8] = 56
 main code      [0x000001ed339bfdc0,0x000001ed339c0110] = 848

[Constant Pool (empty)]

[MachCode]
[Entry Point]
  # {method} {0x000001ed3c010f18} 'defineClass1' '(Ljava/lang/ClassLoader;Ljava/lang/String;[BIILjava/security/ProtectionDomain;Ljava/lang/String;)Ljava/lang/Class;' in 'java/lang/ClassLoader'
  # parm0:    rdx:rdx   = 'java/lang/ClassLoader'
  # parm1:    r8:r8     = 'java/lang/String'
  # parm2:    r9:r9     = '[B'
  # parm3:    rdi       = int
  # parm4:    rsi       = int
  # parm5:    rcx:rcx   = 'java/security/ProtectionDomain'
  # parm6:    [sp+0xa0]   = 'java/lang/String'  (sp of caller)
  0x000001ed339bfdc0: 448b 5208 | 49bb 0000 | 003c ed01 | 0000 4d03 | d349 3bc2 | 0f84 0600 

  0x000001ed339bfdd8: ;   {runtime_call ic_miss_stub}
  0x000001ed339bfdd8: 0000 e9a1 | 12e7 ff90 
[Verified Entry Point]
  0x000001ed339bfde0: 8984 2400 | 90ff ff55 | 488b ec48 | 81ec 9000 | 0000 4881 | 7d10 0000 | 0000 488d | 4510 480f 
  0x000001ed339bfe00: 4445 1048 | 8944 2440 | 4889 4c24 | 7048 83f9 | 0048 8d44 | 2470 480f | 4444 2470 | 4889 4424 
  0x000001ed339bfe20: 3848 8974 | 2430 4889 | 7c24 284c | 894c 2458 | 4983 f900 | 488d 4424 | 5848 0f44 | 4424 5848 
  0x000001ed339bfe40: 8944 2420 | 4c89 4424 | 5049 83f8 | 004c 8d4c | 2450 4c0f | 444c 2450 | 4889 5424 | 4848 83fa 
  0x000001ed339bfe60: 004c 8d44 | 2448 4c0f | 4444 2448 

  0x000001ed339bfe6c: ;   {oop(a 'java/lang/Class'{0x00000000c76f0ec8} = 'java/lang/ClassLoader')}
  0x000001ed339bfe6c: 49be c80e | 6fc7 0000 | 0000 4c89 | 7424 784c | 8d74 2478 | 498b d6c5 

  0x000001ed339bfe84: ;   {internal_word}
  0x000001ed339bfe84: f877 49ba | 83fe 9b33 | ed01 0000 | 4d89 97a8 | 0200 0049 | 89a7 a002 

  0x000001ed339bfe9c: ;   {external_word}
  0x000001ed339bfe9c: 0000 49ba | dba8 863c | fe7f 0000 | 4180 3a00 | 0f84 5200 | 0000 5241 

  0x000001ed339bfeb4: ;   {metadata({method} {0x000001ed3c010f18} 'defineClass1' '(Ljava/lang/ClassLoader;Ljava/lang/String;[BIILjava/security/ProtectionDomain;Ljava/lang/String;)Ljava/lang/Class;' in 'java/lang/ClassLoader')}
  0x000001ed339bfeb4: 5041 5148 | ba10 0f01 | 3ced 0100 | 0049 8bcf | 4883 ec20 | f7c4 0f00 | 0000 0f84 | 1a00 0000 
  0x000001ed339bfed4: 4883 ec08 

  0x000001ed339bfed8: ;   {runtime_call}
  0x000001ed339bfed8: 49ba d055 | 3c3c fe7f | 0000 41ff | d248 83c4 | 08e9 0d00 

  0x000001ed339bfeec: ;   {runtime_call}
  0x000001ed339bfeec: 0000 49ba | d055 3c3c | fe7f 0000 | 41ff d248 | 83c4 2041 | 5941 585a | 498d 8fc0 | 0200 0041 
  0x000001ed339bff0c: c787 4803 | 0000 0400 

  0x000001ed339bff14: ;   {runtime_call}
  0x000001ed339bff14: 0000 49ba | d016 c2de | fe7f 0000 | 41ff d2c5 | f877 41c7 | 8748 0300 | 0005 0000 | 00f0 8344 
  0x000001ed339bff34: 24c0 0049 | 3baf 5003 | 0000 0f87 | 1100 0000 | 4181 bf38 | 0300 0000 | 0000 000f | 842c 0000 
  0x000001ed339bff54: 00c5 f877 | 4889 45f8 | 498b cf4c | 8be4 4883 | ec20 4883 

  0x000001ed339bff68: ;   {runtime_call}
  0x000001ed339bff68: e4f0 49ba | 7063 4c3c | fe7f 0000 | 41ff d249 | 8be4 4d33 | e448 8b45 | f841 c787 | 4803 0000 
  0x000001ed339bff88: 0800 0000 | 4181 bfb8 | 0300 0002 | 0000 000f | 843f 0100 

  0x000001ed339bff9c: ;   {external_word}
  0x000001ed339bff9c: 0049 badb | a886 3cfe | 7f00 0041 | 803a 000f | 8450 0000 | 0048 8945 

  0x000001ed339bffb4: ;   {metadata({method} {0x000001ed3c010f18} 'defineClass1' '(Ljava/lang/ClassLoader;Ljava/lang/String;[BIILjava/security/ProtectionDomain;Ljava/lang/String;)Ljava/lang/Class;' in 'java/lang/ClassLoader')}
  0x000001ed339bffb4: f848 ba10 | 0f01 3ced | 0100 0049 | 8bcf 4883 | ec20 f7c4 | 0f00 0000 | 0f84 1a00 | 0000 4883 
  0x000001ed339bffd4: ;   {runtime_call}
  0x000001ed339bffd4: ec08 49ba | d055 3c3c | fe7f 0000 | 41ff d248 | 83c4 08e9 | 0d00 0000 

  0x000001ed339bffec: ;   {runtime_call}
  0x000001ed339bffec: 49ba d055 | 3c3c fe7f | 0000 41ff | d248 83c4 | 2048 8b45 | f849 c787 | a002 0000 | 0000 0000 
  0x000001ed339c000c: 49c7 87a8 | 0200 0000 | 0000 00c5 | f877 4885 | c00f 8493 | 0000 0048 | f7c0 0100 | 0000 0f84 
  0x000001ed339c002c: 8300 0000 | 488b 40ff | 4180 7f38 | 000f 846f | 0000 0048 | 83f8 000f | 8465 0000 | 0049 8b4f 
  0x000001ed339c004c: 2048 83f9 | 000f 8414 | 0000 0048 | 83e9 0849 | 894f 2049 | 034f 3048 | 8901 e943 | 0000 0050 
  0x000001ed339c006c: 498b d748 | 8bc8 4883 | ec20 f7c4 | 0f00 0000 | 0f84 1a00 | 0000 4883 

  0x000001ed339c0084: ;   {runtime_call}
  0x000001ed339c0084: ec08 49ba | c0cf fa3b | fe7f 0000 | 41ff d248 | 83c4 08e9 | 0d00 0000 

  0x000001ed339c009c: ;   {runtime_call}
  0x000001ed339c009c: 49ba c0cf | fa3b fe7f | 0000 41ff | d248 83c4 | 2058 e903 | 0000 0048 | 8b00 498b | 8fd8 0000 
  0x000001ed339c00bc: 00c7 8100 | 0100 0000 | 0000 00c9 | 4981 7f08 | 0000 0000 | 0f85 0100 

  0x000001ed339c00d4: ;   {runtime_call StubRoutines (1)}
  0x000001ed339c00d4: 0000 c3e9 | 240e e2ff | c5f8 7748 | 8945 f84c | 8be4 4883 | ec20 4883 

  0x000001ed339c00ec: ;   {runtime_call}
  0x000001ed339c00ec: e4f0 49ba | 9086 3c3c | fe7f 0000 | 41ff d249 | 8be4 4d33 | e448 8b45 | f8e9 93fe | ffff f4f4 
  0x000001ed339c010c: f4f4 f4f4 
[/MachCode]


Compiled method (c1) 930  849       1       java.lang.ClassLoader::defineClass (43 bytes)
 total in heap  [0x000001ed33a2f690,0x000001ed33a2fc30] = 1440
 relocation     [0x000001ed33a2f7f0,0x000001ed33a2f850] = 96
 main code      [0x000001ed33a2f860,0x000001ed33a2fa00] = 416
 stub code      [0x000001ed33a2fa00,0x000001ed33a2fa78] = 120
 metadata       [0x000001ed33a2fa78,0x000001ed33a2faa8] = 48
 scopes data    [0x000001ed33a2faa8,0x000001ed33a2fb60] = 184
 scopes pcs     [0x000001ed33a2fb60,0x000001ed33a2fc00] = 160
 dependencies   [0x000001ed33a2fc00,0x000001ed33a2fc08] = 8
 nul chk table  [0x000001ed33a2fc08,0x000001ed33a2fc30] = 40

[Constant Pool (empty)]

[MachCode]
[Entry Point]
  # {method} {0x000001ed3c010cb0} 'defineClass' '(Ljava/lang/String;[BIILjava/security/ProtectionDomain;)Ljava/lang/Class;' in 'java/lang/ClassLoader'
  # this:     rdx:rdx   = 'java/lang/ClassLoader'
  # parm0:    r8:r8     = 'java/lang/String'
  # parm1:    r9:r9     = '[B'
  # parm2:    rdi       = int
  # parm3:    rsi       = int
  # parm4:    rcx:rcx   = 'java/security/ProtectionDomain'
  #           [sp+0xc0]  (sp of caller)
  0x000001ed33a2f860: 448b 5208 | 49bb 0000 | 003c ed01 | 0000 4d03 | d34c 3bd0 

  0x000001ed33a2f874: ;   {runtime_call ic_miss_stub}
  0x000001ed33a2f874: 0f85 0618 | e0ff 660f | 1f44 0000 
[Verified Entry Point]
  0x000001ed33a2f880: 8984 2400 | 90ff ff55 | 4881 ecb0 | 0000 0048 | 8954 2478 | 89b4 2494 | 0000 0089 | bc24 9000 
  0x000001ed33a2f8a0: 0000 4c89 | 8c24 8800 | 0000 498b | d84c 8bc3 | 4c8b c948 | 8bca 488b | d148 899c | 2480 0000 
  0x000001ed33a2f8c0: 0066 0f1f 

  0x000001ed33a2f8c4: ;   {optimized virtual_call}
  0x000001ed33a2f8c4: 4400 00e8 

  0x000001ed33a2f8c8: ; ImmutableOopMap {[120]=Oop [136]=Oop [128]=Oop }
                      ;*invokevirtual preDefineClass {reexecute=0 rethrow=0 return_oop=0}
                      ; - java.lang.ClassLoader::defineClass@4 (line 1015)
  0x000001ed33a2f8c8: 7406 0000 | 4889 8424 | 9800 0000 

  0x000001ed33a2f8d4: ; implicit exception: dispatches to 0x000001ed33a2f99a
  0x000001ed33a2f8d4: 448b 4010 | 4983 f800 | 0f85 0f00 

  0x000001ed33a2f8e0: ;   {oop(NULL)}
  0x000001ed33a2f8e0: 0000 48bb | 0000 0000 | 0000 0000 | e936 0000 | 0045 8b40 | 0c49 83f8 | 000f 850f 

  0x000001ed33a2f8fc: ;   {oop(NULL)}
  0x000001ed33a2f8fc: 0000 0048 | bb00 0000 | 0000 0000 | 00e9 1900 | 0000 418b | 5038 483b 

  0x000001ed33a2f914: ;   {optimized virtual_call}
  0x000001ed33a2f914: 0266 90e8 

  0x000001ed33a2f918: ; ImmutableOopMap {[120]=Oop [136]=Oop [128]=Oop [152]=Oop }
                      ;*invokevirtual toExternalForm {reexecute=0 rethrow=0 return_oop=0}
                      ; - java.net.URL::toExternalForm@5 (line 1039)
                      ; - java.net.URL::toString@1 (line 1025)
                      ; - java.lang.ClassLoader::defineClassSourceLocation@22 (line 917)
                      ; - java.lang.ClassLoader::defineClass@12 (line 1016)
  0x000001ed33a2f918: 04ca fbff | 488b d848 | 8b84 2498 | 0000 008b | b424 9400 | 0000 8bbc | 2490 0000 | 004c 8b8c 
  0x000001ed33a2f938: 2488 0000 | 004c 8b84 | 2480 0000 | 0048 8b54 | 2478 4c8b | da49 8bd3 | 488b c848 

  0x000001ed33a2f954: ;   {static_call}
  0x000001ed33a2f954: 891c 24e8 

  0x000001ed33a2f958: ; ImmutableOopMap {[152]=Oop [120]=Oop }
                      ;*invokestatic defineClass1 {reexecute=0 rethrow=0 return_oop=0}
                      ; - java.lang.ClassLoader::defineClass@27 (line 1017)
  0x000001ed33a2f958: 8404 f9ff | 4c8b c04c | 8b8c 2498 | 0000 0048 | 8b54 2478 | 4889 8424 | a000 0000 

  0x000001ed33a2f974: ;   {optimized virtual_call}
  0x000001ed33a2f974: 6666 90e8 

  0x000001ed33a2f978: ; ImmutableOopMap {[160]=Oop }
                      ;*invokevirtual postDefineClass {reexecute=0 rethrow=0 return_oop=0}
                      ; - java.lang.ClassLoader::defineClass@37 (line 1018)
  0x000001ed33a2f978: 8424 0000 | 488b 8424 | a000 0000 | 4881 c4b0 | 0000 005d 

  0x000001ed33a2f98c: ;   {poll_return}
  0x000001ed33a2f98c: 493b a750 | 0300 000f | 8715 0000 

  0x000001ed33a2f998: ;   {runtime_call throw_null_pointer_exception Runtime1 stub}
  0x000001ed33a2f998: 00c3 e881 

  0x000001ed33a2f99c: ; ImmutableOopMap {[120]=Oop [136]=Oop [128]=Oop rax=Oop [152]=Oop }
                      ;*invokevirtual getCodeSource {reexecute=0 rethrow=0 return_oop=0}
                      ; - java.lang.ClassLoader::defineClassSourceLocation@1 (line 914)
                      ; - java.lang.ClassLoader::defineClass@12 (line 1016)
                      ;   {runtime_call throw_null_pointer_exception Runtime1 stub}
  0x000001ed33a2f99c: 2bea ffe8 

  0x000001ed33a2f9a0: ; ImmutableOopMap {[120]=Oop [136]=Oop [128]=Oop rax=Oop [152]=Oop }
                      ;*invokevirtual getLocation {reexecute=0 rethrow=0 return_oop=0}
                      ; - java.lang.ClassLoader::defineClassSourceLocation@12 (line 916)
                      ; - java.lang.ClassLoader::defineClass@12 (line 1016)
  0x000001ed33a2f9a0: 7c2b eaff 

  0x000001ed33a2f9a4: ;   {runtime_call throw_null_pointer_exception Runtime1 stub}
  0x000001ed33a2f9a4: e877 2bea 

  0x000001ed33a2f9a8: ; ImmutableOopMap {[120]=Oop [136]=Oop [128]=Oop [152]=Oop r8=Oop }
                      ;*invokevirtual toString {reexecute=0 rethrow=0 return_oop=0}
                      ; - java.lang.ClassLoader::defineClassSourceLocation@22 (line 917)
                      ; - java.lang.ClassLoader::defineClass@12 (line 1016)
                      ;   {runtime_call throw_null_pointer_exception Runtime1 stub}
  0x000001ed33a2f9a8: ffe8 722b 

  0x000001ed33a2f9ac: ; ImmutableOopMap {[120]=Oop [136]=Oop [128]=Oop [152]=Oop r8=Oop rdx=Oop }
                      ;*invokevirtual toExternalForm {reexecute=0 rethrow=0 return_oop=0}
                      ; - java.net.URL::toExternalForm@5 (line 1039)
                      ; - java.net.URL::toString@1 (line 1025)
                      ; - java.lang.ClassLoader::defineClassSourceLocation@22 (line 917)
                      ; - java.lang.ClassLoader::defineClass@12 (line 1016)
                      ;   {internal_word}
  0x000001ed33a2f9ac: eaff 49ba | 8cf9 a233 | ed01 0000 | 4d89 9768 

  0x000001ed33a2f9bc: ;   {runtime_call SafepointBlob}
  0x000001ed33a2f9bc: 0300 00e9 | 3c80 e0ff | 9090 498b | 87e0 0300 | 0049 c787 | e003 0000 | 0000 0000 | 49c7 87e8 
  0x000001ed33a2f9dc: 0300 0000 | 0000 0048 | 81c4 b000 

  0x000001ed33a2f9e8: ;   {runtime_call unwind_exception Runtime1 stub}
  0x000001ed33a2f9e8: 0000 5de9 | 101c eaff | f4f4 f4f4 | f4f4 f4f4 | f4f4 f4f4 | f4f4 f4f4 
[Stub Code]
  0x000001ed33a2fa00: ;   {no_reloc}
  0x000001ed33a2fa00: 0f1f 4400 

  0x000001ed33a2fa04: ;   {static_stub}
  0x000001ed33a2fa04: 0048 bb00 | 0000 0000 

  0x000001ed33a2fa0c: ;   {runtime_call}
  0x000001ed33a2fa0c: 0000 00e9 | fbff ffff 

  0x000001ed33a2fa14: ;   {static_stub}
  0x000001ed33a2fa14: 9048 bb00 | 0000 0000 

  0x000001ed33a2fa1c: ;   {runtime_call}
  0x000001ed33a2fa1c: 0000 00e9 | fbff ffff 

  0x000001ed33a2fa24: ;   {static_stub}
  0x000001ed33a2fa24: 9048 bb00 | 0000 0000 

  0x000001ed33a2fa2c: ;   {runtime_call}
  0x000001ed33a2fa2c: 0000 00e9 | fbff ffff 

  0x000001ed33a2fa34: ;   {static_stub}
  0x000001ed33a2fa34: 9048 bb78 | 0f01 3ced 

  0x000001ed33a2fa3c: ;   {runtime_call I2C/C2I adapters}
  0x000001ed33a2fa3c: 0100 00e9 | 9ddf dfff 
[Exception Handler]
  0x000001ed33a2fa44: ;   {runtime_call handle_exception_from_callee Runtime1 stub}
  0x000001ed33a2fa44: e8b7 48ea 

  0x000001ed33a2fa48: ;   {external_word}
  0x000001ed33a2fa48: ff48 b950 | aa60 3cfe | 7f00 0048 

  0x000001ed33a2fa54: ;   {runtime_call}
  0x000001ed33a2fa54: 83e4 f049 | ba60 3229 | 3cfe 7f00 | 0041 ffd2 

  0x000001ed33a2fa64: ;   {section_word}
  0x000001ed33a2fa64: f449 ba65 | faa2 33ed | 0100 0041 

  0x000001ed33a2fa70: ;   {runtime_call DeoptimizationBlob}
  0x000001ed33a2fa70: 52e9 2a72 | e0ff f4f4 
[/MachCode]


Compiled method (c1) 936  730       1       jdk.internal.loader.BuiltinClassLoader::defineClass (121 bytes)
 total in heap  [0x000001ed33a01890,0x000001ed33a02708] = 3704
 relocation     [0x000001ed33a019f0,0x000001ed33a01b20] = 304
 main code      [0x000001ed33a01b20,0x000001ed33a02140] = 1568
 stub code      [0x000001ed33a02140,0x000001ed33a02288] = 328
 metadata       [0x000001ed33a02288,0x000001ed33a022d0] = 72
 scopes data    [0x000001ed33a022d0,0x000001ed33a02528] = 600
 scopes pcs     [0x000001ed33a02528,0x000001ed33a026c8] = 416
 dependencies   [0x000001ed33a026c8,0x000001ed33a026d0] = 8
 handler table  [0x000001ed33a026d0,0x000001ed33a026e8] = 24
 nul chk table  [0x000001ed33a026e8,0x000001ed33a02708] = 32

[Constant Pool (empty)]

[MachCode]
[Entry Point]
  # {method} {0x000001ed3c4368e0} 'defineClass' '(Ljava/lang/String;Ljdk/internal/loader/Resource;)Ljava/lang/Class;' in 'jdk/internal/loader/BuiltinClassLoader'
  # this:     rdx:rdx   = 'jdk/internal/loader/BuiltinClassLoader'
  # parm0:    r8:r8     = 'java/lang/String'
  # parm1:    r9:r9     = 'jdk/internal/loader/Resource'
  #           [sp+0x110]  (sp of caller)
  0x000001ed33a01b20: 448b 5208 | 49bb 0000 | 003c ed01 | 0000 4d03 | d34c 3bd0 

  0x000001ed33a01b34: ;   {runtime_call ic_miss_stub}
  0x000001ed33a01b34: 0f85 46f5 | e2ff 660f | 1f44 0000 
[Verified Entry Point]
  0x000001ed33a01b40: 8984 2400 | 90ff ff55 | 4881 ec00 | 0100 0048 | 8994 24a0 | 0000 004c | 8984 2490 | 0000 004c 
  0x000001ed33a01b60: 898c 2498 | 0000 0049 | 8bd1 6666 | 9048 b860 | 5219 3ced 

  0x000001ed33a01b74: ;   {virtual_call}
  0x000001ed33a01b74: 0100 00e8 

  0x000001ed33a01b78: ; ImmutableOopMap {[152]=Oop [160]=Oop [144]=Oop }
                      ;*invokevirtual getCodeSourceURL {reexecute=0 rethrow=0 return_oop=0}
                      ; - jdk.internal.loader.BuiltinClassLoader::defineClass@1 (line 842)
  0x000001ed33a01b78: 2424 0000 | 4889 8424 | a800 0000 | 4c8b 8424 | 9000 0000 

  0x000001ed33a01b8c: ; implicit exception: dispatches to 0x000001ed33a02043
  0x000001ed33a01b8c: 418b 7014 

  0x000001ed33a01b90: ; implicit exception: dispatches to 0x000001ed33a02048
  0x000001ed33a01b90: 8b56 0c45 | 0fbe 4810 | 498b c9c1 | e118 c1f9 | 18d3 fa48 | 8bfa ffcf | 4183 f900 | ba00 0000 
  0x000001ed33a01bb0: 000f 8505 | 0000 00ba | 0100 0000 | 83e2 0183 | fa00 488b | d641 b82e | 0000 004c | 8bcf 0f84 
  0x000001ed33a01bd0: 0d00 0000 

  0x000001ed33a01bd4: ;   {static_call}
  0x000001ed33a01bd4: 6666 90e8 

  0x000001ed33a01bd8: ; ImmutableOopMap {[152]=Oop [160]=Oop [168]=Oop [144]=Oop }
                      ;*invokestatic lastIndexOf {reexecute=0 rethrow=0 return_oop=0}
                      ; - java.lang.String::lastIndexOf@13 (line 2489)
                      ; - java.lang.String::lastIndexOf@8 (line 2451)
                      ; - jdk.internal.loader.BuiltinClassLoader::defineClass@8 (line 845)
  0x000001ed33a01bd8: 6471 f0ff | e90b 0000 | 0066 0f1f 

  0x000001ed33a01be4: ;   {static_call}
  0x000001ed33a01be4: 4400 00e8 

  0x000001ed33a01be8: ; ImmutableOopMap {[152]=Oop [160]=Oop [168]=Oop [144]=Oop }
                      ;*invokestatic lastIndexOf {reexecute=0 rethrow=0 return_oop=0}
                      ; - java.lang.String::lastIndexOf@25 (line 2490)
                      ; - java.lang.String::lastIndexOf@8 (line 2451)
                      ; - jdk.internal.loader.BuiltinClassLoader::defineClass@8 (line 845)
  0x000001ed33a01be8: 94fd e2ff | 83f8 ff0f | 8467 0000 | 0041 b800 | 0000 004c | 8bc8 488b | 9424 9000 

  0x000001ed33a01c04: ;   {optimized virtual_call}
  0x000001ed33a01c04: 0000 90e8 

  0x000001ed33a01c08: ; ImmutableOopMap {[152]=Oop [160]=Oop [168]=Oop [144]=Oop }
                      ;*invokevirtual substring {reexecute=0 rethrow=0 return_oop=0}
                      ; - jdk.internal.loader.BuiltinClassLoader::defineClass@23 (line 847)
  0x000001ed33a01c08: f451 f1ff | 488b 9424 | 9800 0000 | 4889 8424 | b000 0000 | 9048 b860 | 5219 3ced 

  0x000001ed33a01c24: ;   {virtual_call}
  0x000001ed33a01c24: 0100 00e8 

  0x000001ed33a01c28: ; ImmutableOopMap {[152]=Oop [160]=Oop [168]=Oop [144]=Oop [176]=Oop }
                      ;*invokevirtual getManifest {reexecute=0 rethrow=0 return_oop=0}
                      ; - jdk.internal.loader.BuiltinClassLoader::defineClass@29 (line 848)
  0x000001ed33a01c28: 540c 0300 | 4c8b 8424 | b000 0000 | 4c8b c848 | 8bbc 24a8 | 0000 0048 | 8b94 24a0 | 0000 0066 
  0x000001ed33a01c48: 0f1f 4400 | 0048 b878 | b707 3ced 

  0x000001ed33a01c54: ;   {virtual_call}
  0x000001ed33a01c54: 0100 00e8 

  0x000001ed33a01c58: ; ImmutableOopMap {[152]=Oop [160]=Oop [168]=Oop [144]=Oop }
                      ;*invokevirtual defineOrCheckPackage {reexecute=0 rethrow=0 return_oop=0}
                      ; - jdk.internal.loader.BuiltinClassLoader::defineClass@40 (line 849)
  0x000001ed33a01c58: 4426 0000 | 4c8b 8c24 | 9800 0000 | 488d 9424 | e000 0000 | 4c89 4a08 | 498b 0148 | 83c8 0148 
  0x000001ed33a01c78: 8902 f049 | 0fb1 110f | 8413 0000 | 0048 2bc4 | 4881 e007 | f0ff ff48 | 8902 0f85 | b503 0000 
  0x000001ed33a01c98: 418b 510c | 4883 fa00 | 0f85 4700 | 0000 498b | d10f 1f40 | 0048 b860 | 5219 3ced 

  0x000001ed33a01cb4: ;   {virtual_call}
  0x000001ed33a01cb4: 0100 00e8 

  0x000001ed33a01cb8: ; ImmutableOopMap {[160]=Oop [168]=Oop [144]=Oop [152]=Oop [232]=Oop }
                      ;*invokevirtual getInputStream {reexecute=0 rethrow=0 return_oop=0}
                      ; - jdk.internal.loader.Resource::cachedInputStream@9 (line 77)
                      ; - jdk.internal.loader.Resource::getByteBuffer@1 (line 163)
                      ; - jdk.internal.loader.BuiltinClassLoader::defineClass@45 (line 853)
  0x000001ed33a01cb8: 8445 0300 | 410f be57 | 3883 fa00 | 4c8b 8c24 | 9800 0000 | 0f85 8e03 | 0000 4c8b | d045 8951 
  0x000001ed33a01cd8: 0c49 8bd1 | 4833 d048 | c1ea 1448 | 83fa 000f | 858f 0300 | 0041 8b51 | 0c48 8d84 | 24e0 0000 
  0x000001ed33a01cf8: 0048 8b30 | 4885 f60f | 840f 0000 | 0048 8b78 | 08f0 480f | b137 0f85 | 8003 0000 | 4883 fa00 
  0x000001ed33a01d18: 0f84 4400 

  0x000001ed33a01d1c: ;   {metadata('sun/nio/ByteBuffered')}
  0x000001ed33a01d1c: 0000 48b8 | 18bd 0d3c | ed01 0000 | 8b5a 0849 | ba00 0000 | 3ced 0100 | 0049 03da | 483b 4320 
  0x000001ed33a01d3c: 0f84 2500 | 0000 483b | d80f 841c | 0000 0053 

  0x000001ed33a01d4c: ;   {runtime_call slow_subtype_check Runtime1 stub}
  0x000001ed33a01d4c: 50e8 ae31 | edff 5b5b | 83fb 000f | 8405 0000 | 00e9 0500 | 0000 4833 | f6eb 0a48 | be01 0000 
  0x000001ed33a01d6c: 0000 0000 | 0083 fe00 | 0f84 6700 | 0000 4883 | fa00 0f84 | 4400 0000 

  0x000001ed33a01d84: ;   {metadata('sun/nio/ByteBuffered')}
  0x000001ed33a01d84: 48bb 18bd | 0d3c ed01 | 0000 8b7a | 0849 ba00 | 0000 3ced | 0100 0049 | 03fa 483b | 5f20 0f84 
  0x000001ed33a01da4: 2000 0000 | 483b fb0f | 8417 0000 

  0x000001ed33a01db0: ;   {runtime_call slow_subtype_check Runtime1 stub}
  0x000001ed33a01db0: 0057 53e8 | 4831 edff | 5f5f 83ff | 000f 84e7 | 0200 00e9 | 0000 0000 | 0f1f 4400 | 0048 b8ff 
  0x000001ed33a01dd0: ffff ffff 

  0x000001ed33a01dd4: ;   {virtual_call}
  0x000001ed33a01dd4: ffff ffe8 

  0x000001ed33a01dd8: ; ImmutableOopMap {[160]=Oop [168]=Oop [144]=Oop [152]=Oop }
                      ;*invokeinterface getByteBuffer {reexecute=0 rethrow=0 return_oop=0}
                      ; - jdk.internal.loader.Resource::getByteBuffer@16 (line 165)
                      ; - jdk.internal.loader.BuiltinClassLoader::defineClass@45 (line 853)
  0x000001ed33a01dd8: a4f8 e2ff | e90a 0000 

  0x000001ed33a01de0: ;   {oop(NULL)}
  0x000001ed33a01de0: 0048 b800 | 0000 0000 | 0000 0048 | 83f8 000f | 84e5 0000 | 0048 8984 | 24b8 0000 | 0048 8b94 
  0x000001ed33a01e00: 2498 0000 | 0048 b8ff | ffff ffff 

  0x000001ed33a01e0c: ;   {virtual_call}
  0x000001ed33a01e0c: ffff ffe8 

  0x000001ed33a01e10: ; ImmutableOopMap {[160]=Oop [168]=Oop [144]=Oop [184]=Oop }
                      ;*invokevirtual getCodeSigners {reexecute=0 rethrow=0 return_oop=0}
                      ; - jdk.internal.loader.BuiltinClassLoader::defineClass@56 (line 855)
  0x000001ed33a01e10: 6cf8 e2ff 

  0x000001ed33a01e14: ;   {metadata('java/security/CodeSource')}
  0x000001ed33a01e14: 4c8b c848 | baa0 ee00 | 3ced 0100 | 0049 8b87 | 0801 0000 | 488d 7828 | 493b bf18 | 0100 000f 
  0x000001ed33a01e34: 877a 0200 | 0049 89bf | 0801 0000 | 48c7 0001 | 0000 0048 | 8bca 49ba | 0000 003c | ed01 0000 
  0x000001ed33a01e54: 492b ca89 | 4808 4833 | c989 480c | 4833 c948 | 8948 1048 | 8948 1848 | 8948 204c | 8b84 24a8 
  0x000001ed33a01e74: 0000 0048 | 8bd0 4889 | 8424 c000 | 0000 0f1f 

  0x000001ed33a01e84: ;   {optimized virtual_call}
  0x000001ed33a01e84: 4400 00e8 

  0x000001ed33a01e88: ; ImmutableOopMap {[160]=Oop [144]=Oop [184]=Oop [192]=Oop }
                      ;*invokespecial <init> {reexecute=0 rethrow=0 return_oop=0}
                      ; - jdk.internal.loader.BuiltinClassLoader::defineClass@68 (line 856)
  0x000001ed33a01e88: f4f4 e2ff | 4c8b 8424 | c000 0000 | 488b 9424 | a000 0000 

  0x000001ed33a01e9c: ;   {optimized virtual_call}
  0x000001ed33a01e9c: 6666 90e8 

  0x000001ed33a01ea0: ; ImmutableOopMap {[160]=Oop [144]=Oop [184]=Oop }
                      ;*invokevirtual getProtectionDomain {reexecute=0 rethrow=0 return_oop=0}
                      ; - java.security.SecureClassLoader::defineClass@5 (line 182)
                      ; - jdk.internal.loader.BuiltinClassLoader::defineClass@79 (line 857)
  0x000001ed33a01ea0: dcf4 e2ff | 4c8b 8424 | 9000 0000 | 4c8b 8c24 | b800 0000 | 488b f848 | 8b94 24a0 

  0x000001ed33a01ebc: ;   {optimized virtual_call}
  0x000001ed33a01ebc: 0000 00e8 

  0x000001ed33a01ec0: ; ImmutableOopMap {}
                      ;*invokevirtual defineClass {reexecute=0 rethrow=0 return_oop=0}
                      ; - java.security.SecureClassLoader::defineClass@8 (line 182)
                      ; - jdk.internal.loader.BuiltinClassLoader::defineClass@79 (line 857)
  0x000001ed33a01ec0: bcf4 e2ff | 4881 c400 | 0100 005d 

  0x000001ed33a01ecc: ;   {poll_return}
  0x000001ed33a01ecc: 493b a750 | 0300 000f | 87e7 0100 | 00c3 4c8b | 8c24 9800 | 0000 498b | d148 b860 | 5219 3ced 
  0x000001ed33a01eec: ;   {virtual_call}
  0x000001ed33a01eec: 0100 00e8 

  0x000001ed33a01ef0: ; ImmutableOopMap {[160]=Oop [144]=Oop [152]=Oop [168]=Oop }
                      ;*invokevirtual getBytes {reexecute=0 rethrow=0 return_oop=0}
                      ; - jdk.internal.loader.BuiltinClassLoader::defineClass@84 (line 859)
  0x000001ed33a01ef0: ec46 0300 | 4889 8424 | c800 0000 | 488b 9424 | 9800 0000 | 9048 b860 | 5219 3ced 

  0x000001ed33a01f0c: ;   {virtual_call}
  0x000001ed33a01f0c: 0100 00e8 

  0x000001ed33a01f10: ; ImmutableOopMap {[160]=Oop [144]=Oop [168]=Oop [200]=Oop }
                      ;*invokevirtual getCodeSigners {reexecute=0 rethrow=0 return_oop=0}
                      ; - jdk.internal.loader.BuiltinClassLoader::defineClass@90 (line 860)
  0x000001ed33a01f10: 2c40 0300 

  0x000001ed33a01f14: ;   {metadata('java/security/CodeSource')}
  0x000001ed33a01f14: 4c8b c848 | baa0 ee00 | 3ced 0100 | 0049 8b87 | 0801 0000 | 488d 7828 | 493b bf18 | 0100 000f 
  0x000001ed33a01f34: 879d 0100 | 0049 89bf | 0801 0000 | 48c7 0001 | 0000 0048 | 8bca 49ba | 0000 003c | ed01 0000 
  0x000001ed33a01f54: 492b ca89 | 4808 4833 | c989 480c | 4833 c948 | 8948 1048 | 8948 1848 | 8948 204c | 8b84 24a8 
  0x000001ed33a01f74: 0000 0048 | 8bd0 4889 | 8424 d000 | 0000 0f1f 

  0x000001ed33a01f84: ;   {optimized virtual_call}
  0x000001ed33a01f84: 4400 00e8 

  0x000001ed33a01f88: ; ImmutableOopMap {[160]=Oop [144]=Oop [200]=Oop [208]=Oop }
                      ;*invokespecial <init> {reexecute=0 rethrow=0 return_oop=0}
                      ; - jdk.internal.loader.BuiltinClassLoader::defineClass@102 (line 861)
  0x000001ed33a01f88: 74c2 0200 | 488b 8424 | c800 0000 

  0x000001ed33a01f94: ; implicit exception: dispatches to 0x000001ed33a020e3
  0x000001ed33a01f94: 8b70 0c4c | 8b84 24d0 | 0000 0048 | 8b94 24a0 | 0000 0089 | b424 d800 

  0x000001ed33a01fac: ;   {optimized virtual_call}
  0x000001ed33a01fac: 0000 90e8 

  0x000001ed33a01fb0: ; ImmutableOopMap {[160]=Oop [144]=Oop [200]=Oop }
                      ;*invokevirtual getProtectionDomain {reexecute=0 rethrow=0 return_oop=0}
                      ; - java.security.SecureClassLoader::defineClass@9 (line 150)
                      ; - jdk.internal.loader.BuiltinClassLoader::defineClass@117 (line 862)
  0x000001ed33a01fb0: 4cc8 0200 | 4c8b 8424 | 9000 0000 | 4c8b 8c24 | c800 0000 | bf00 0000 | 008b b424 | d800 0000 
  0x000001ed33a01fd0: 488b c848 | 8b94 24a0 | 0000 000f 

  0x000001ed33a01fdc: ;   {optimized virtual_call}
  0x000001ed33a01fdc: 1f40 00e8 

  0x000001ed33a01fe0: ; ImmutableOopMap {}
                      ;*invokevirtual defineClass {reexecute=0 rethrow=0 return_oop=0}
                      ; - java.security.SecureClassLoader::defineClass@12 (line 150)
                      ; - jdk.internal.loader.BuiltinClassLoader::defineClass@117 (line 862)
  0x000001ed33a01fe0: 9cd8 0200 | 4881 c400 | 0100 005d 

  0x000001ed33a01fec: ;   {poll_return}
  0x000001ed33a01fec: 493b a750 | 0300 000f | 87ef 0000 | 00c3 498b | 87e0 0300 | 004d 33d2 | 4d89 97e0 | 0300 004d 
  0x000001ed33a0200c: 33d2 4d89 | 97e8 0300 | 0048 8bf0 | 488d 8424 | e000 0000 | 488b 3848 | 85ff 0f84 | 0f00 0000 
  0x000001ed33a0202c: 488b 5808 | f048 0fb1 | 3b0f 85c3 | 0000 0048 | 8bc6 e9f0 

  0x000001ed33a02040: ;   {runtime_call throw_null_pointer_exception Runtime1 stub}
  0x000001ed33a02040: 0000 00e8 

  0x000001ed33a02044: ; ImmutableOopMap {[152]=Oop [160]=Oop rax=Oop [168]=Oop r8=Oop [144]=Oop }
                      ;*invokevirtual lastIndexOf {reexecute=0 rethrow=0 return_oop=0}
                      ; - jdk.internal.loader.BuiltinClassLoader::defineClass@8 (line 845)
  0x000001ed33a02044: d804 edff 

  0x000001ed33a02048: ;   {runtime_call throw_null_pointer_exception Runtime1 stub}
  0x000001ed33a02048: e8d3 04ed 

  0x000001ed33a0204c: ; ImmutableOopMap {[152]=Oop [160]=Oop rax=Oop [168]=Oop r8=Oop [144]=Oop rsi=Oop }
                      ;*arraylength {reexecute=0 rethrow=0 return_oop=0}
                      ; - java.lang.String::length@4 (line 1481)
                      ; - java.lang.String::lastIndexOf@3 (line 2451)
                      ; - jdk.internal.loader.BuiltinClassLoader::defineClass@8 (line 845)
  0x000001ed33a0204c: ff4c 894c | 2408 4889 

  0x000001ed33a02054: ;   {runtime_call monitorenter_nofpu Runtime1 stub}
  0x000001ed33a02054: 1424 e8a5 

  0x000001ed33a02058: ; ImmutableOopMap {[160]=Oop [168]=Oop [144]=Oop r9=Oop [152]=Oop [232]=Oop }
                      ;*synchronization entry
                      ; - jdk.internal.loader.Resource::cachedInputStream@-1 (line 76)
                      ; - jdk.internal.loader.Resource::getByteBuffer@1 (line 163)
                      ; - jdk.internal.loader.BuiltinClassLoader::defineClass@45 (line 853)
  0x000001ed33a02058: 34ed ffe9 | 38fc ffff | 418b 510c | 4883 fa00 | 0f84 64fc | ffff 4889 

  0x000001ed33a02070: ;   {runtime_call g1_pre_barrier_slow}
  0x000001ed33a02070: 1424 e889 | 5bed ffe9 | 56fc ffff | 4883 f800 | 0f84 67fc | ffff 4c89 

  0x000001ed33a02088: ;   {runtime_call g1_post_barrier_slow}
  0x000001ed33a02088: 0c24 e871 | 5eed ffe9 | 59fc ffff | 488d 8424 | e000 0000 | 4889 0424 

  0x000001ed33a020a0: ;   {runtime_call monitorexit_nofpu Runtime1 stub}
  0x000001ed33a020a0: e85b 3aed | ffe9 6afc | ffff 4889 

  0x000001ed33a020ac: ;   {runtime_call throw_class_cast_exception Runtime1 stub}
  0x000001ed33a020ac: 1424 e86d 

  0x000001ed33a020b0: ; ImmutableOopMap {[160]=Oop [168]=Oop [144]=Oop [152]=Oop }
                      ;*checkcast {reexecute=0 rethrow=0 return_oop=0}
                      ; - jdk.internal.loader.Resource::getByteBuffer@13 (line 165)
                      ; - jdk.internal.loader.BuiltinClassLoader::defineClass@45 (line 853)
  0x000001ed33a020b0: 28ed ff48 

  0x000001ed33a020b4: ;   {runtime_call fast_new_instance Runtime1 stub}
  0x000001ed33a020b4: 8bd2 e845 

  0x000001ed33a020b8: ; ImmutableOopMap {[160]=Oop [168]=Oop [144]=Oop [184]=Oop r9=Oop }
                      ;*new {reexecute=0 rethrow=0 return_oop=0}
                      ; - jdk.internal.loader.BuiltinClassLoader::defineClass@61 (line 856)
  0x000001ed33a020b8: 0ded ffe9 | affd ffff 

  0x000001ed33a020c0: ;   {internal_word}
  0x000001ed33a020c0: 49ba cc1e | a033 ed01 | 0000 4d89 | 9768 0300 

  0x000001ed33a020d0: ;   {runtime_call SafepointBlob}
  0x000001ed33a020d0: 00e9 2a59 | e3ff 488b 

  0x000001ed33a020d8: ;   {runtime_call fast_new_instance Runtime1 stub}
  0x000001ed33a020d8: d2e8 220d 

  0x000001ed33a020dc: ; ImmutableOopMap {[160]=Oop [144]=Oop [168]=Oop [200]=Oop r9=Oop }
                      ;*new {reexecute=0 rethrow=0 return_oop=0}
                      ; - jdk.internal.loader.BuiltinClassLoader::defineClass@95 (line 861)
  0x000001ed33a020dc: edff e98c 

  0x000001ed33a020e0: ;   {runtime_call throw_null_pointer_exception Runtime1 stub}
  0x000001ed33a020e0: feff ffe8 

  0x000001ed33a020e4: ; ImmutableOopMap {[160]=Oop [144]=Oop [208]=Oop rax=Oop [200]=Oop }
                      ;*arraylength {reexecute=0 rethrow=0 return_oop=0}
                      ; - jdk.internal.loader.BuiltinClassLoader::defineClass@114 (line 862)
  0x000001ed33a020e4: 3804 edff 

  0x000001ed33a020e8: ;   {internal_word}
  0x000001ed33a020e8: 49ba ec1f | a033 ed01 | 0000 4d89 | 9768 0300 

  0x000001ed33a020f8: ;   {runtime_call SafepointBlob}
  0x000001ed33a020f8: 00e9 0259 | e3ff 488d | 8424 e000 | 0000 4889 

  0x000001ed33a02108: ;   {runtime_call monitorexit_nofpu Runtime1 stub}
  0x000001ed33a02108: 0424 e8f1 | 39ed ffe9 | 27ff ffff | 9090 498b | 87e0 0300 | 0049 c787 | e003 0000 | 0000 0000 
  0x000001ed33a02128: 49c7 87e8 | 0300 0000 | 0000 0048 | 81c4 0001 

  0x000001ed33a02138: ;   {runtime_call unwind_exception Runtime1 stub}
  0x000001ed33a02138: 0000 5de9 | c0f4 ecff 
[Stub Code]
  0x000001ed33a02140: ;   {no_reloc}
  0x000001ed33a02140: 0f1f 4400 

  0x000001ed33a02144: ;   {static_stub}
  0x000001ed33a02144: 0048 bb00 | 0000 0000 

  0x000001ed33a0214c: ;   {runtime_call}
  0x000001ed33a0214c: 0000 00e9 | fbff ffff 

  0x000001ed33a02154: ;   {static_stub}
  0x000001ed33a02154: 9048 bb00 | 0000 0000 

  0x000001ed33a0215c: ;   {runtime_call}
  0x000001ed33a0215c: 0000 00e9 | fbff ffff 

  0x000001ed33a02164: ;   {static_stub}
  0x000001ed33a02164: 9048 bb00 | 0000 0000 

  0x000001ed33a0216c: ;   {runtime_call}
  0x000001ed33a0216c: 0000 00e9 | fbff ffff 

  0x000001ed33a02174: ;   {static_stub}
  0x000001ed33a02174: 9048 bb00 | 0000 0000 

  0x000001ed33a0217c: ;   {runtime_call}
  0x000001ed33a0217c: 0000 00e9 | fbff ffff 

  0x000001ed33a02184: ;   {static_stub}
  0x000001ed33a02184: 9048 bb00 | 0000 0000 

  0x000001ed33a0218c: ;   {runtime_call}
  0x000001ed33a0218c: 0000 00e9 | fbff ffff 

  0x000001ed33a02194: ;   {static_stub}
  0x000001ed33a02194: 9048 bb00 | 0000 0000 

  0x000001ed33a0219c: ;   {runtime_call}
  0x000001ed33a0219c: 0000 00e9 | fbff ffff 

  0x000001ed33a021a4: ;   {static_stub}
  0x000001ed33a021a4: 9048 bb00 | 0000 0000 

  0x000001ed33a021ac: ;   {runtime_call}
  0x000001ed33a021ac: 0000 00e9 | fbff ffff 

  0x000001ed33a021b4: ;   {static_stub}
  0x000001ed33a021b4: 9048 bb00 | 0000 0000 

  0x000001ed33a021bc: ;   {runtime_call}
  0x000001ed33a021bc: 0000 00e9 | fbff ffff 

  0x000001ed33a021c4: ;   {static_stub}
  0x000001ed33a021c4: 9048 bb00 | 0000 0000 

  0x000001ed33a021cc: ;   {runtime_call}
  0x000001ed33a021cc: 0000 00e9 | fbff ffff 

  0x000001ed33a021d4: ;   {static_stub}
  0x000001ed33a021d4: 9048 bb00 | 0000 0000 

  0x000001ed33a021dc: ;   {runtime_call}
  0x000001ed33a021dc: 0000 00e9 | fbff ffff 

  0x000001ed33a021e4: ;   {static_stub}
  0x000001ed33a021e4: 9048 bb00 | 0000 0000 

  0x000001ed33a021ec: ;   {runtime_call}
  0x000001ed33a021ec: 0000 00e9 | fbff ffff 

  0x000001ed33a021f4: ;   {static_stub}
  0x000001ed33a021f4: 9048 bb00 | 0000 0000 

  0x000001ed33a021fc: ;   {runtime_call}
  0x000001ed33a021fc: 0000 00e9 | fbff ffff 

  0x000001ed33a02204: ;   {static_stub}
  0x000001ed33a02204: 9048 bb00 | 0000 0000 

  0x000001ed33a0220c: ;   {runtime_call}
  0x000001ed33a0220c: 0000 00e9 | fbff ffff 

  0x000001ed33a02214: ;   {static_stub}
  0x000001ed33a02214: 9048 bb00 | 0000 0000 

  0x000001ed33a0221c: ;   {runtime_call}
  0x000001ed33a0221c: 0000 00e9 | fbff ffff 

  0x000001ed33a02224: ;   {static_stub}
  0x000001ed33a02224: 9048 bbf0 | 2e42 3ced 

  0x000001ed33a0222c: ;   {runtime_call I2C/C2I adapters}
  0x000001ed33a0222c: 0100 00e9 | adb7 e2ff 

  0x000001ed33a02234: ;   {static_stub}
  0x000001ed33a02234: 9048 bbb0 | 5043 3ced 

  0x000001ed33a0223c: ;   {runtime_call I2C/C2I adapters}
  0x000001ed33a0223c: 0100 00e9 | 1944 e3ff 

  0x000001ed33a02244: ;   {static_stub}
  0x000001ed33a02244: 9048 bba8 | 0c01 3ced 

  0x000001ed33a0224c: ;   {runtime_call I2C/C2I adapters}
  0x000001ed33a0224c: 0100 00e9 | 9754 e2ff 
[Exception Handler]
  0x000001ed33a02254: ;   {runtime_call handle_exception_from_callee Runtime1 stub}
  0x000001ed33a02254: e8a7 20ed 

  0x000001ed33a02258: ;   {external_word}
  0x000001ed33a02258: ff48 b950 | aa60 3cfe | 7f00 0048 

  0x000001ed33a02264: ;   {runtime_call}
  0x000001ed33a02264: 83e4 f049 | ba60 3229 | 3cfe 7f00 | 0041 ffd2 

  0x000001ed33a02274: ;   {section_word}
  0x000001ed33a02274: f449 ba75 | 22a0 33ed | 0100 0041 

  0x000001ed33a02280: ;   {runtime_call DeoptimizationBlob}
  0x000001ed33a02280: 52e9 1a4a | e3ff f4f4 
[/MachCode]


---------------  P R O C E S S  ---------------

Threads class SMR info:
_java_thread_list=0x000001ed7d3fd850, length=12, elements={
0x000001ed2bc73c10, 0x000001ed3b6110e0, 0x000001ed3b611f60, 0x000001ed3b627760,
0x000001ed3b629490, 0x000001ed3b62a050, 0x000001ed3b62da30, 0x000001ed3b62e4a0,
0x000001ed3b669280, 0x000001ed3b759aa0, 0x000001ed3b75f420, 0x000001ed7d4433d0
}

Java Threads: ( => current thread )
=>0x000001ed2bc73c10 JavaThread "main" [_thread_in_vm, id=15512, stack(0x0000003633400000,0x0000003633500000)]
  0x000001ed3b6110e0 JavaThread "Reference Handler" daemon [_thread_blocked, id=18316, stack(0x0000003633b00000,0x0000003633c00000)]
  0x000001ed3b611f60 JavaThread "Finalizer" daemon [_thread_blocked, id=12776, stack(0x0000003633c00000,0x0000003633d00000)]
  0x000001ed3b627760 JavaThread "Signal Dispatcher" daemon [_thread_blocked, id=10740, stack(0x0000003633d00000,0x0000003633e00000)]
  0x000001ed3b629490 JavaThread "Attach Listener" daemon [_thread_blocked, id=11644, stack(0x0000003633e00000,0x0000003633f00000)]
  0x000001ed3b62a050 JavaThread "Service Thread" daemon [_thread_blocked, id=1156, stack(0x0000003633f00000,0x0000003634000000)]
  0x000001ed3b62da30 JavaThread "Monitor Deflation Thread" daemon [_thread_blocked, id=11932, stack(0x0000003634000000,0x0000003634100000)]
  0x000001ed3b62e4a0 JavaThread "C1 CompilerThread0" daemon [_thread_blocked, id=1452, stack(0x0000003634100000,0x0000003634200000)]
  0x000001ed3b669280 JavaThread "Sweeper thread" daemon [_thread_blocked, id=12008, stack(0x0000003634200000,0x0000003634300000)]
  0x000001ed3b759aa0 JavaThread "Notification Thread" daemon [_thread_blocked, id=12696, stack(0x0000003634300000,0x0000003634400000)]
  0x000001ed3b75f420 JavaThread "Common-Cleaner" daemon [_thread_blocked, id=12668, stack(0x0000003634500000,0x0000003634600000)]
  0x000001ed7d4433d0 JavaThread "background-preinit" [_thread_in_vm, id=20192, stack(0x0000003634a00000,0x0000003634b00000)]

Other Threads:
  0x000001ed3b60ca30 VMThread "VM Thread" [stack: 0x0000003633a00000,0x0000003633b00000] [id=16460]
  0x000001ed3b75e3a0 WatcherThread [stack: 0x0000003634400000,0x0000003634500000] [id=12684]
  0x000001ed2bcafea0 GCTaskThread "GC Thread#0" [stack: 0x0000003633500000,0x0000003633600000] [id=16916]
  0x000001ed7d3a2c00 GCTaskThread "GC Thread#1" [stack: 0x0000003634600000,0x0000003634700000] [id=4140]
  0x000001ed7d39bc50 GCTaskThread "GC Thread#2" [stack: 0x0000003634700000,0x0000003634800000] [id=6660]
  0x000001ed7d3db350 GCTaskThread "GC Thread#3" [stack: 0x0000003634800000,0x0000003634900000] [id=17576]
  0x000001ed7d3db620 GCTaskThread "GC Thread#4" [stack: 0x0000003634900000,0x0000003634a00000] [id=17200]
  0x000001ed2bcb83c0 ConcurrentGCThread "G1 Main Marker" [stack: 0x0000003633600000,0x0000003633700000] [id=3328]
  0x000001ed2bcb8de0 ConcurrentGCThread "G1 Conc#0" [stack: 0x0000003633700000,0x0000003633800000] [id=5816]
  0x000001ed2bd0bf10 ConcurrentGCThread "G1 Refine#0" [stack: 0x0000003633800000,0x0000003633900000] [id=13580]
  0x000001ed2bd0c950 ConcurrentGCThread "G1 Service" [stack: 0x0000003633900000,0x0000003633a00000] [id=1580]

Threads with active compile tasks:

VM state: not at safepoint (normal execution)

VM Mutex/Monitor currently owned by a thread:  ([mutex/lock_event])
[0x000001ed29944490] Metaspace_lock - owner thread: 0x000001ed2bc73c10

Heap address: 0x00000000c5200000, size: 942 MB, Compressed Oops mode: 32-bit

CDS archive(s) mapped at: [0x000001ed3c000000-0x000001ed3cbb0000-0x000001ed3cbb0000), size 12255232, SharedBaseAddress: 0x000001ed3c000000, ArchiveRelocationMode: 1.
Compressed class space mapped at: 0x000001ed3d000000-0x000001ed7d000000, reserved size: 1073741824
Narrow klass base: 0x000001ed3c000000, Narrow klass shift: 0, Narrow klass range: 0x100000000

GC Precious Log:
 CPUs: 8 total, 8 available
 Memory: 3767M
 Large Page Support: Disabled
 NUMA Support: Disabled
 Compressed Oops: Enabled (32-bit)
 Heap Region Size: 1M
 Heap Min Capacity: 8M
 Heap Initial Capacity: 60M
 Heap Max Capacity: 942M
 Pre-touch: Disabled
 Parallel Workers: 8
 Concurrent Workers: 2
 Concurrent Refinement Workers: 8
 Periodic GC: Disabled

Heap:
 garbage-first heap   total 61440K, used 14780K [0x00000000c5200000, 0x0000000100000000)
  region size 1024K, 12 young (12288K), 3 survivors (3072K)
 Metaspace       used 7684K, committed 7808K, reserved 1114112K
  class space    used 1086K, committed 1152K, reserved 1048576K

Heap Regions: E=young(eden), S=young(survivor), O=old, HS=humongous(starts), HC=humongous(continues), CS=collection set, F=free, OA=open archive, CA=closed archive, TAMS=top-at-mark-start (previous, next)
|   0|0x00000000c5200000, 0x00000000c5300000, 0x00000000c5300000|100%|HS|  |TAMS 0x00000000c5200000, 0x00000000c5200000| Complete 
|   1|0x00000000c5300000, 0x00000000c5400000, 0x00000000c5400000|100%| O|  |TAMS 0x00000000c5300000, 0x00000000c5300000| Untracked 
|   2|0x00000000c5400000, 0x00000000c5500000, 0x00000000c5500000|100%| O|  |TAMS 0x00000000c5400000, 0x00000000c5400000| Untracked 
|   3|0x00000000c5500000, 0x00000000c556f200, 0x00000000c5600000| 43%| O|  |TAMS 0x00000000c5500000, 0x00000000c5500000| Untracked 
|   4|0x00000000c5600000, 0x00000000c5600000, 0x00000000c5700000|  0%| F|  |TAMS 0x00000000c5600000, 0x00000000c5600000| Untracked 
|   5|0x00000000c5700000, 0x00000000c5700000, 0x00000000c5800000|  0%| F|  |TAMS 0x00000000c5700000, 0x00000000c5700000| Untracked 
|   6|0x00000000c5800000, 0x00000000c5800000, 0x00000000c5900000|  0%| F|  |TAMS 0x00000000c5800000, 0x00000000c5800000| Untracked 
|   7|0x00000000c5900000, 0x00000000c5900000, 0x00000000c5a00000|  0%| F|  |TAMS 0x00000000c5900000, 0x00000000c5900000| Untracked 
|   8|0x00000000c5a00000, 0x00000000c5a00000, 0x00000000c5b00000|  0%| F|  |TAMS 0x00000000c5a00000, 0x00000000c5a00000| Untracked 
|   9|0x00000000c5b00000, 0x00000000c5b00000, 0x00000000c5c00000|  0%| F|  |TAMS 0x00000000c5b00000, 0x00000000c5b00000| Untracked 
|  10|0x00000000c5c00000, 0x00000000c5c00000, 0x00000000c5d00000|  0%| F|  |TAMS 0x00000000c5c00000, 0x00000000c5c00000| Untracked 
|  11|0x00000000c5d00000, 0x00000000c5d00000, 0x00000000c5e00000|  0%| F|  |TAMS 0x00000000c5d00000, 0x00000000c5d00000| Untracked 
|  12|0x00000000c5e00000, 0x00000000c5e00000, 0x00000000c5f00000|  0%| F|  |TAMS 0x00000000c5e00000, 0x00000000c5e00000| Untracked 
|  13|0x00000000c5f00000, 0x00000000c5f00000, 0x00000000c6000000|  0%| F|  |TAMS 0x00000000c5f00000, 0x00000000c5f00000| Untracked 
|  14|0x00000000c6000000, 0x00000000c6000000, 0x00000000c6100000|  0%| F|  |TAMS 0x00000000c6000000, 0x00000000c6000000| Untracked 
|  15|0x00000000c6100000, 0x00000000c6100000, 0x00000000c6200000|  0%| F|  |TAMS 0x00000000c6100000, 0x00000000c6100000| Untracked 
|  16|0x00000000c6200000, 0x00000000c6200000, 0x00000000c6300000|  0%| F|  |TAMS 0x00000000c6200000, 0x00000000c6200000| Untracked 
|  17|0x00000000c6300000, 0x00000000c6300000, 0x00000000c6400000|  0%| F|  |TAMS 0x00000000c6300000, 0x00000000c6300000| Untracked 
|  18|0x00000000c6400000, 0x00000000c6400000, 0x00000000c6500000|  0%| F|  |TAMS 0x00000000c6400000, 0x00000000c6400000| Untracked 
|  19|0x00000000c6500000, 0x00000000c6500000, 0x00000000c6600000|  0%| F|  |TAMS 0x00000000c6500000, 0x00000000c6500000| Untracked 
|  20|0x00000000c6600000, 0x00000000c6600000, 0x00000000c6700000|  0%| F|  |TAMS 0x00000000c6600000, 0x00000000c6600000| Untracked 
|  21|0x00000000c6700000, 0x00000000c6700000, 0x00000000c6800000|  0%| F|  |TAMS 0x00000000c6700000, 0x00000000c6700000| Untracked 
|  22|0x00000000c6800000, 0x00000000c6800000, 0x00000000c6900000|  0%| F|  |TAMS 0x00000000c6800000, 0x00000000c6800000| Untracked 
|  23|0x00000000c6900000, 0x00000000c6900000, 0x00000000c6a00000|  0%| F|  |TAMS 0x00000000c6900000, 0x00000000c6900000| Untracked 
|  24|0x00000000c6a00000, 0x00000000c6a00000, 0x00000000c6b00000|  0%| F|  |TAMS 0x00000000c6a00000, 0x00000000c6a00000| Untracked 
|  25|0x00000000c6b00000, 0x00000000c6b00000, 0x00000000c6c00000|  0%| F|  |TAMS 0x00000000c6b00000, 0x00000000c6b00000| Untracked 
|  26|0x00000000c6c00000, 0x00000000c6c00000, 0x00000000c6d00000|  0%| F|  |TAMS 0x00000000c6c00000, 0x00000000c6c00000| Untracked 
|  27|0x00000000c6d00000, 0x00000000c6d00000, 0x00000000c6e00000|  0%| F|  |TAMS 0x00000000c6d00000, 0x00000000c6d00000| Untracked 
|  28|0x00000000c6e00000, 0x00000000c6e00000, 0x00000000c6f00000|  0%| F|  |TAMS 0x00000000c6e00000, 0x00000000c6e00000| Untracked 
|  29|0x00000000c6f00000, 0x00000000c6f00000, 0x00000000c7000000|  0%| F|  |TAMS 0x00000000c6f00000, 0x00000000c6f00000| Untracked 
|  30|0x00000000c7000000, 0x00000000c7000000, 0x00000000c7100000|  0%| F|  |TAMS 0x00000000c7000000, 0x00000000c7000000| Untracked 
|  31|0x00000000c7100000, 0x00000000c7100000, 0x00000000c7200000|  0%| F|  |TAMS 0x00000000c7100000, 0x00000000c7100000| Untracked 
|  32|0x00000000c7200000, 0x00000000c7200000, 0x00000000c7300000|  0%| F|  |TAMS 0x00000000c7200000, 0x00000000c7200000| Untracked 
|  33|0x00000000c7300000, 0x00000000c7300000, 0x00000000c7400000|  0%| F|  |TAMS 0x00000000c7300000, 0x00000000c7300000| Untracked 
|  34|0x00000000c7400000, 0x00000000c7500000, 0x00000000c7500000|100%| S|CS|TAMS 0x00000000c7400000, 0x00000000c7400000| Complete 
|  35|0x00000000c7500000, 0x00000000c7600000, 0x00000000c7600000|100%| S|CS|TAMS 0x00000000c7500000, 0x00000000c7500000| Complete 
|  36|0x00000000c7600000, 0x00000000c7700000, 0x00000000c7700000|100%| S|CS|TAMS 0x00000000c7600000, 0x00000000c7600000| Complete 
|  37|0x00000000c7700000, 0x00000000c7700000, 0x00000000c7800000|  0%| F|  |TAMS 0x00000000c7700000, 0x00000000c7700000| Untracked 
|  38|0x00000000c7800000, 0x00000000c7800000, 0x00000000c7900000|  0%| F|  |TAMS 0x00000000c7800000, 0x00000000c7800000| Untracked 
|  39|0x00000000c7900000, 0x00000000c7900000, 0x00000000c7a00000|  0%| F|  |TAMS 0x00000000c7900000, 0x00000000c7900000| Untracked 
|  40|0x00000000c7a00000, 0x00000000c7a00000, 0x00000000c7b00000|  0%| F|  |TAMS 0x00000000c7a00000, 0x00000000c7a00000| Untracked 
|  41|0x00000000c7b00000, 0x00000000c7b00000, 0x00000000c7c00000|  0%| F|  |TAMS 0x00000000c7b00000, 0x00000000c7b00000| Untracked 
|  42|0x00000000c7c00000, 0x00000000c7c00000, 0x00000000c7d00000|  0%| F|  |TAMS 0x00000000c7c00000, 0x00000000c7c00000| Untracked 
|  43|0x00000000c7d00000, 0x00000000c7d00000, 0x00000000c7e00000|  0%| F|  |TAMS 0x00000000c7d00000, 0x00000000c7d00000| Untracked 
|  44|0x00000000c7e00000, 0x00000000c7e00000, 0x00000000c7f00000|  0%| F|  |TAMS 0x00000000c7e00000, 0x00000000c7e00000| Untracked 
|  45|0x00000000c7f00000, 0x00000000c7f00000, 0x00000000c8000000|  0%| F|  |TAMS 0x00000000c7f00000, 0x00000000c7f00000| Untracked 
|  46|0x00000000c8000000, 0x00000000c8000000, 0x00000000c8100000|  0%| F|  |TAMS 0x00000000c8000000, 0x00000000c8000000| Untracked 
|  47|0x00000000c8100000, 0x00000000c8100000, 0x00000000c8200000|  0%| F|  |TAMS 0x00000000c8100000, 0x00000000c8100000| Untracked 
|  48|0x00000000c8200000, 0x00000000c8200000, 0x00000000c8300000|  0%| F|  |TAMS 0x00000000c8200000, 0x00000000c8200000| Untracked 
|  49|0x00000000c8300000, 0x00000000c8300000, 0x00000000c8400000|  0%| F|  |TAMS 0x00000000c8300000, 0x00000000c8300000| Untracked 
|  50|0x00000000c8400000, 0x00000000c8400000, 0x00000000c8500000|  0%| F|  |TAMS 0x00000000c8400000, 0x00000000c8400000| Untracked 
|  51|0x00000000c8500000, 0x00000000c8600000, 0x00000000c8600000|100%| E|  |TAMS 0x00000000c8500000, 0x00000000c8500000| Complete 
|  52|0x00000000c8600000, 0x00000000c8700000, 0x00000000c8700000|100%| E|CS|TAMS 0x00000000c8600000, 0x00000000c8600000| Complete 
|  53|0x00000000c8700000, 0x00000000c8800000, 0x00000000c8800000|100%| E|CS|TAMS 0x00000000c8700000, 0x00000000c8700000| Complete 
|  54|0x00000000c8800000, 0x00000000c8900000, 0x00000000c8900000|100%| E|CS|TAMS 0x00000000c8800000, 0x00000000c8800000| Complete 
|  55|0x00000000c8900000, 0x00000000c8a00000, 0x00000000c8a00000|100%| E|CS|TAMS 0x00000000c8900000, 0x00000000c8900000| Complete 
|  56|0x00000000c8a00000, 0x00000000c8b00000, 0x00000000c8b00000|100%| E|CS|TAMS 0x00000000c8a00000, 0x00000000c8a00000| Complete 
|  57|0x00000000c8b00000, 0x00000000c8c00000, 0x00000000c8c00000|100%| E|CS|TAMS 0x00000000c8b00000, 0x00000000c8b00000| Complete 
|  58|0x00000000c8c00000, 0x00000000c8d00000, 0x00000000c8d00000|100%| E|CS|TAMS 0x00000000c8c00000, 0x00000000c8c00000| Complete 
|  59|0x00000000c8d00000, 0x00000000c8e00000, 0x00000000c8e00000|100%| E|CS|TAMS 0x00000000c8d00000, 0x00000000c8d00000| Complete 

Card table byte_map: [0x000001ed36ae0000,0x000001ed36cc0000] _byte_map_base: 0x000001ed364b7000

Marking Bits (Prev, Next): (CMBitMap*) 0x000001ed2bcb04d0, (CMBitMap*) 0x000001ed2bcb0510
 Prev Bits: [0x000001ed36ea0000, 0x000001ed37d58000)
 Next Bits: [0x000001ed37d60000, 0x000001ed38c18000)

Polling page: 0x000001ed29ac0000

Metaspace:

Usage:
  Non-class:      6.44 MB used.
      Class:      1.06 MB used.
       Both:      7.50 MB used.

Virtual space:
  Non-class space:       64.00 MB reserved,       6.50 MB ( 10%) committed,  1 nodes.
      Class space:        1.00 GB reserved,       1.12 MB ( <1%) committed,  1 nodes.
             Both:        1.06 GB reserved,       7.62 MB ( <1%) committed. 

Chunk freelists:
   Non-Class:  7.61 MB
       Class:  14.81 MB
        Both:  22.42 MB

MaxMetaspaceSize: unlimited
CompressedClassSpaceSize: 1.00 GB
Initial GC threshold: 21.00 MB
Current GC threshold: 21.00 MB
CDS: on
MetaspaceReclaimPolicy: balanced
 - commit_granule_bytes: 65536.
 - commit_granule_words: 8192.
 - virtual_space_node_default_size: 8388608.
 - enlarge_chunks_in_place: 1.
 - new_chunks_are_fully_committed: 0.
 - uncommit_free_chunks: 1.
 - use_allocation_guard: 0.
 - handle_deallocations: 1.


Internal statistics:

num_allocs_failed_limit: 0.
num_arena_births: 180.
num_arena_deaths: 0.
num_vsnodes_births: 2.
num_vsnodes_deaths: 0.
num_space_committed: 122.
num_space_uncommitted: 0.
num_chunks_returned_to_freelist: 0.
num_chunks_taken_from_freelist: 459.
num_chunk_merges: 0.
num_chunk_splits: 283.
num_chunks_enlarged: 201.
num_inconsistent_stats: 0.

CodeCache: size=49152Kb used=3246Kb max_used=3246Kb free=45906Kb
 bounds [0x000001ed337e0000, 0x000001ed33b10000, 0x000001ed367e0000]
 total_blobs=1888 nmethods=1460 adapters=355
 compilation: enabled
              stopped_count=0, restarted_count=0
 full_count=0

Compilation events (20 events):
Event: 0.860 Thread 0x000001ed3b62e4a0 nmethod 1446 0x000001ed33b01490 code [0x000001ed33b01640, 0x000001ed33b017c8]
Event: 0.860 Thread 0x000001ed3b62e4a0 1447       1       java.lang.invoke.LambdaFormEditor::<init> (10 bytes)
Event: 0.860 Thread 0x000001ed3b62e4a0 nmethod 1447 0x000001ed33b01890 code [0x000001ed33b01a20, 0x000001ed33b01b38]
Event: 0.879 Thread 0x000001ed3b62e4a0 1449       1       java.lang.invoke.BoundMethodHandle::rebind (14 bytes)
Event: 0.879 Thread 0x000001ed3b62e4a0 nmethod 1449 0x000001ed33b01b90 code [0x000001ed33b01d80, 0x000001ed33b02088]
Event: 0.879 Thread 0x000001ed3b62e4a0 1450       1       java.lang.invoke.BoundMethodHandle::tooComplex (27 bytes)
Event: 0.879 Thread 0x000001ed3b62e4a0 nmethod 1450 0x000001ed33b02290 code [0x000001ed33b02440, 0x000001ed33b025b8]
Event: 0.879 Thread 0x000001ed3b62e4a0 1451       1       java.lang.invoke.BoundMethodHandle::fieldCount (8 bytes)
Event: 0.879 Thread 0x000001ed3b62e4a0 nmethod 1451 0x000001ed33b02710 code [0x000001ed33b028c0, 0x000001ed33b029d8]
Event: 0.879 Thread 0x000001ed3b62e4a0 1452       1       java.lang.invoke.LambdaForm::expressionCount (11 bytes)
Event: 0.879 Thread 0x000001ed3b62e4a0 nmethod 1452 0x000001ed33b02a90 code [0x000001ed33b02c20, 0x000001ed33b02cf8]
Event: 0.882 Thread 0x000001ed3b62e4a0 1453       1       java.lang.invoke.BoundMethodHandle::editor (8 bytes)
Event: 0.882 Thread 0x000001ed3b62e4a0 nmethod 1453 0x000001ed33b02d90 code [0x000001ed33b02f40, 0x000001ed33b030e8]
Event: 0.883 Thread 0x000001ed3b62e4a0 1454       1       java.lang.invoke.MethodHandleNatives::linkCallSite (66 bytes)
Event: 0.884 Thread 0x000001ed3b62e4a0 nmethod 1454 0x000001ed33b03210 code [0x000001ed33b033e0, 0x000001ed33b035c8]
Event: 0.884 Thread 0x000001ed3b62e4a0 1455       1       java.lang.invoke.MethodHandleNatives::linkCallSiteImpl (44 bytes)
Event: 0.885 Thread 0x000001ed3b62e4a0 nmethod 1455 0x000001ed33b03710 code [0x000001ed33b03900, 0x000001ed33b03d58]
Event: 0.885 Thread 0x000001ed3b62e4a0 1456   !   1       java.lang.invoke.CallSite::makeSite (91 bytes)
Event: 0.885 Thread 0x000001ed3b62e4a0 nmethod 1456 0x000001ed33b04010 code [0x000001ed33b042a0, 0x000001ed33b04998]
Event: 0.885 Thread 0x000001ed3b62e4a0 1457   !   1       java.lang.invoke.BootstrapMethodInvoker::invoke (974 bytes)

GC Heap History (2 events):
Event: 0.709 GC heap before
{Heap before GC invocations=0 (full 0):
 garbage-first heap   total 61440K, used 23552K [0x00000000c5200000, 0x0000000100000000)
  region size 1024K, 23 young (23552K), 0 survivors (0K)
 Metaspace       used 5628K, committed 5824K, reserved 1114112K
  class space    used 783K, committed 832K, reserved 1048576K
}
Event: 0.717 GC heap after
{Heap after GC invocations=1 (full 0):
 garbage-first heap   total 61440K, used 6588K [0x00000000c5200000, 0x0000000100000000)
  region size 1024K, 3 young (3072K), 3 survivors (3072K)
 Metaspace       used 5628K, committed 5824K, reserved 1114112K
  class space    used 783K, committed 832K, reserved 1048576K
}

Dll operation events (6 events):
Event: 0.014 Loaded shared library C:\Program Files\Microsoft\jdk-17.0.18.8-hotspot\bin\java.dll
Event: 0.046 Loaded shared library C:\Program Files\Microsoft\jdk-17.0.18.8-hotspot\bin\jsvml.dll
Event: 0.106 Loaded shared library C:\Program Files\Microsoft\jdk-17.0.18.8-hotspot\bin\net.dll
Event: 0.108 Loaded shared library C:\Program Files\Microsoft\jdk-17.0.18.8-hotspot\bin\nio.dll
Event: 0.111 Loaded shared library C:\Program Files\Microsoft\jdk-17.0.18.8-hotspot\bin\zip.dll
Event: 0.171 Loaded shared library C:\Program Files\Microsoft\jdk-17.0.18.8-hotspot\bin\jimage.dll

Deoptimization events (0 events):
No events

Classes loaded (20 events):
Event: 0.880 Loading class jdk/xml/internal/SecuritySupport
Event: 0.881 Loading class jdk/xml/internal/SecuritySupport done
Event: 0.882 Loading class javax/xml/transform/FactoryFinder$1
Event: 0.882 Loading class javax/xml/transform/FactoryFinder$1 done
Event: 0.884 Loading class com/sun/org/apache/xalan/internal/xsltc/trax/TransformerFactoryImpl
Event: 0.885 Loading class com/sun/org/apache/xalan/internal/xsltc/compiler/SourceLoader
Event: 0.885 Loading class com/sun/org/apache/xalan/internal/xsltc/compiler/SourceLoader done
Event: 0.885 Loading class javax/xml/transform/sax/SAXTransformerFactory
Event: 0.885 Loading class javax/xml/transform/sax/SAXTransformerFactory done
Event: 0.885 Loading class com/sun/org/apache/xalan/internal/xsltc/trax/TransformerFactoryImpl done
Event: 0.885 Loading class jdk/xml/internal/TransformErrorListener
Event: 0.885 Loading class javax/xml/transform/ErrorListener
Event: 0.885 Loading class javax/xml/transform/ErrorListener done
Event: 0.886 Loading class jdk/xml/internal/TransformErrorListener done
Event: 0.886 Loading class javax/xml/catalog/CatalogFeatures
Event: 0.886 Loading class javax/xml/catalog/CatalogFeatures done
Event: 0.886 Loading class javax/xml/catalog/CatalogFeatures$Builder
Event: 0.886 Loading class javax/xml/catalog/CatalogFeatures$Builder done
Event: 0.886 Loading class jdk/xml/internal/JdkConstants
Event: 0.887 Loading class jdk/xml/internal/JdkConstants done

Classes unloaded (0 events):
No events

Classes redefined (0 events):
No events

Internal exceptions (20 events):
Event: 0.663 Thread 0x000001ed2bc73c10 Exception <a 'java/lang/NoSuchMethodError'{0x00000000c78a4618}: 'java.lang.Object java.lang.invoke.DirectMethodHandle$Holder.invokeSpecial(java.lang.Object, java.lang.Object, java.lang.Object, java.lang.Object, java.lang.Object, java.lang.Object, java.lang.Object, int)'> (0x00000000c78a4618) 
thrown [s\src\hotspot\share\interpreter\linkResolver.cpp, line 759]
Event: 0.704 Thread 0x000001ed2bc73c10 Exception <a 'java/lang/NoSuchMethodError'{0x00000000c77dfb08}: 'int java.lang.invoke.DirectMethodHandle$Holder.invokeInterface(java.lang.Object, java.lang.Object)'> (0x00000000c77dfb08) 
thrown [s\src\hotspot\share\interpreter\linkResolver.cpp, line 759]
Event: 0.729 Thread 0x000001ed2bc73c10 Exception <a 'java/lang/NoSuchMethodError'{0x00000000c8d53720}: 'int java.lang.invoke.DirectMethodHandle$Holder.invokeVirtual(java.lang.Object, java.lang.Object)'> (0x00000000c8d53720) 
thrown [s\src\hotspot\share\interpreter\linkResolver.cpp, line 759]
Event: 0.745 Thread 0x000001ed2bc73c10 Exception <a 'java/lang/NoSuchMethodError'{0x00000000c8c2b3b0}: 'java.lang.Object java.lang.invoke.DirectMethodHandle$Holder.invokeSpecial(java.lang.Object, java.lang.Object, java.lang.Object, int, java.lang.Object)'> (0x00000000c8c2b3b0) 
thrown [s\src\hotspot\share\interpreter\linkResolver.cpp, line 759]
Event: 0.745 Thread 0x000001ed2bc73c10 Exception <a 'java/lang/NoSuchMethodError'{0x00000000c8c33a10}: 'java.lang.Object java.lang.invoke.DirectMethodHandle$Holder.newInvokeSpecial(java.lang.Object, java.lang.Object, java.lang.Object, int, java.lang.Object)'> (0x00000000c8c33a10) 
thrown [s\src\hotspot\share\interpreter\linkResolver.cpp, line 759]
Event: 0.746 Thread 0x000001ed2bc73c10 Exception <a 'java/lang/NoSuchMethodError'{0x00000000c8c3b3e0}: 'java.lang.Object java.lang.invoke.Invokers$Holder.linkToTargetMethod(java.lang.Object, java.lang.Object, int, java.lang.Object, java.lang.Object)'> (0x00000000c8c3b3e0) 
thrown [s\src\hotspot\share\interpreter\linkResolver.cpp, line 759]
Event: 0.747 Thread 0x000001ed2bc73c10 Exception <a 'java/lang/NoSuchMethodError'{0x00000000c8c4a528}: 'java.lang.Object java.lang.invoke.DirectMethodHandle$Holder.newInvokeSpecial(java.lang.Object, int, java.lang.Object)'> (0x00000000c8c4a528) 
thrown [s\src\hotspot\share\interpreter\linkResolver.cpp, line 759]
Event: 0.748 Thread 0x000001ed2bc73c10 Exception <a 'java/lang/NoSuchMethodError'{0x00000000c8c4f310}: 'int java.lang.invoke.DirectMethodHandle$Holder.invokeSpecialIFC(java.lang.Object, java.lang.Object, java.lang.Object, java.lang.Object)'> (0x00000000c8c4f310) 
thrown [s\src\hotspot\share\interpreter\linkResolver.cpp, line 759]
Event: 0.764 Thread 0x000001ed2bc73c10 Exception <a 'java/lang/NoSuchMethodError'{0x00000000c8b58318}: 'void java.lang.invoke.DirectMethodHandle$Holder.invokeInterface(java.lang.Object, java.lang.Object, java.lang.Object)'> (0x00000000c8b58318) 
thrown [s\src\hotspot\share\interpreter\linkResolver.cpp, line 759]
Event: 0.777 Thread 0x000001ed2bc73c10 Exception <a 'java/lang/NoSuchMethodError'{0x00000000c8beafe8}: 'void java.lang.invoke.DirectMethodHandle$Holder.invokeStaticInit(java.lang.Object, java.lang.Object, java.lang.Object)'> (0x00000000c8beafe8) 
thrown [s\src\hotspot\share\interpreter\linkResolver.cpp, line 759]
Event: 0.782 Thread 0x000001ed2bc73c10 Exception <a 'java/lang/NoSuchMethodError'{0x00000000c8a30a58}: 'java.lang.Object java.lang.invoke.DirectMethodHandle$Holder.invokeStatic(java.lang.Object, java.lang.Object, long, java.lang.Object)'> (0x00000000c8a30a58) 
thrown [s\src\hotspot\share\interpreter\linkResolver.cpp, line 759]
Event: 0.782 Thread 0x000001ed2bc73c10 Exception <a 'java/lang/NoSuchMethodError'{0x00000000c8a344f0}: 'java.lang.Object java.lang.invoke.DirectMethodHandle$Holder.invokeStaticInit(java.lang.Object, java.lang.Object, long, java.lang.Object)'> (0x00000000c8a344f0) 
thrown [s\src\hotspot\share\interpreter\linkResolver.cpp, line 759]
Event: 0.782 Thread 0x000001ed2bc73c10 Exception <a 'java/lang/NoSuchMethodError'{0x00000000c8a3ac70}: 'java.lang.Object java.lang.invoke.DirectMethodHandle$Holder.newInvokeSpecial(java.lang.Object, java.lang.Object, long)'> (0x00000000c8a3ac70) 
thrown [s\src\hotspot\share\interpreter\linkResolver.cpp, line 759]
Event: 0.782 Thread 0x000001ed2bc73c10 Exception <a 'java/lang/NoSuchMethodError'{0x00000000c8a3e7e0}: 'java.lang.Object java.lang.invoke.Invokers$Holder.linkToTargetMethod(java.lang.Object, long, java.lang.Object)'> (0x00000000c8a3e7e0) 
thrown [s\src\hotspot\share\interpreter\linkResolver.cpp, line 759]
Event: 0.798 Thread 0x000001ed2bc73c10 Exception <a 'java/lang/NoSuchMethodError'{0x00000000c8a8fd30}: 'void java.lang.invoke.DirectMethodHandle$Holder.invokeSpecial(java.lang.Object, java.lang.Object, java.lang.Object, java.lang.Object, java.lang.Object)'> (0x00000000c8a8fd30) 
thrown [s\src\hotspot\share\interpreter\linkResolver.cpp, line 759]
Event: 0.799 Thread 0x000001ed2bc73c10 Exception <a 'java/lang/NoSuchMethodError'{0x00000000c8a98570}: 'void java.lang.invoke.DirectMethodHandle$Holder.invokeVirtual(java.lang.Object, java.lang.Object, java.lang.Object, java.lang.Object)'> (0x00000000c8a98570) 
thrown [s\src\hotspot\share\interpreter\linkResolver.cpp, line 759]
Event: 0.826 Thread 0x000001ed2bc73c10 Exception <a 'java/lang/NoSuchMethodError'{0x00000000c88050a0}: 'void java.lang.invoke.DirectMethodHandle$Holder.invokeSpecial(java.lang.Object, java.lang.Object, java.lang.Object)'> (0x00000000c88050a0) 
thrown [s\src\hotspot\share\interpreter\linkResolver.cpp, line 759]
Event: 0.828 Thread 0x000001ed2bc73c10 Exception <a 'java/lang/NoSuchMethodError'{0x00000000c8820b70}: 'java.lang.Object java.lang.invoke.DirectMethodHandle$Holder.invokeVirtual(java.lang.Object, java.lang.Object, java.lang.Object)'> (0x00000000c8820b70) 
thrown [s\src\hotspot\share\interpreter\linkResolver.cpp, line 759]
Event: 0.850 Thread 0x000001ed7d4433d0 Exception <a 'java/lang/NoClassDefFoundError'{0x00000000c878e6f0}: jakarta/validation/Validation> (0x00000000c878e6f0) 
thrown [s\src\hotspot\share\classfile\systemDictionary.cpp, line 245]
Event: 0.851 Thread 0x000001ed2bc73c10 Exception <a 'java/lang/IncompatibleClassChangeError'{0x00000000c87236e8}: Found class java.lang.Object, but interface was expected> (0x00000000c87236e8) 
thrown [s\src\hotspot\share\interpreter\linkResolver.cpp, line 826]

VM Operations (14 events):
Event: 0.113 Executing VM operation: HandshakeAllThreads
Event: 0.113 Executing VM operation: HandshakeAllThreads done
Event: 0.181 Executing VM operation: HandshakeAllThreads
Event: 0.181 Executing VM operation: HandshakeAllThreads done
Event: 0.270 Executing VM operation: HandshakeAllThreads
Event: 0.270 Executing VM operation: HandshakeAllThreads done
Event: 0.465 Executing VM operation: HandshakeAllThreads
Event: 0.465 Executing VM operation: HandshakeAllThreads done
Event: 0.709 Executing VM operation: G1CollectForAllocation
Event: 0.717 Executing VM operation: G1CollectForAllocation done
Event: 0.726 Executing VM operation: HandshakeAllThreads
Event: 0.726 Executing VM operation: HandshakeAllThreads done
Event: 0.824 Executing VM operation: HandshakeAllThreads
Event: 0.824 Executing VM operation: HandshakeAllThreads done

Memory protections (0 events):
No events

Nmethod flushes (0 events):
No events

Events (12 events):
Event: 0.047 Thread 0x000001ed2bc73c10 Thread added: 0x000001ed2bc73c10
Event: 0.050 Thread 0x000001ed2bc73c10 Thread added: 0x000001ed3b6110e0
Event: 0.050 Thread 0x000001ed2bc73c10 Thread added: 0x000001ed3b611f60
Event: 0.065 Thread 0x000001ed2bc73c10 Thread added: 0x000001ed3b627760
Event: 0.065 Thread 0x000001ed2bc73c10 Thread added: 0x000001ed3b629490
Event: 0.065 Thread 0x000001ed2bc73c10 Thread added: 0x000001ed3b62a050
Event: 0.065 Thread 0x000001ed2bc73c10 Thread added: 0x000001ed3b62da30
Event: 0.065 Thread 0x000001ed2bc73c10 Thread added: 0x000001ed3b62e4a0
Event: 0.067 Thread 0x000001ed2bc73c10 Thread added: 0x000001ed3b669280
Event: 0.099 Thread 0x000001ed2bc73c10 Thread added: 0x000001ed3b759aa0
Event: 0.101 Thread 0x000001ed2bc73c10 Thread added: 0x000001ed3b75f420
Event: 0.848 Thread 0x000001ed2bc73c10 Thread added: 0x000001ed7d4433d0


Dynamic libraries:
0x00007ff632f70000 - 0x00007ff632f7e000 	C:\Program Files\Microsoft\jdk-17.0.18.8-hotspot\bin\java.exe
0x00007ffeff410000 - 0x00007ffeff628000 	C:\WINDOWS\SYSTEM32\ntdll.dll
0x00007ffefdfe0000 - 0x00007ffefe0a4000 	C:\WINDOWS\System32\KERNEL32.DLL
0x00007ffefc970000 - 0x00007ffefcd43000 	C:\WINDOWS\System32\KERNELBASE.dll
0x00007ffefcd80000 - 0x00007ffefce91000 	C:\WINDOWS\System32\ucrtbase.dll
0x00007ffee21a0000 - 0x00007ffee21b8000 	C:\Program Files\Microsoft\jdk-17.0.18.8-hotspot\bin\jli.dll
0x00007ffefe4a0000 - 0x00007ffefe652000 	C:\WINDOWS\System32\USER32.dll
0x00007ffefcea0000 - 0x00007ffefcec6000 	C:\WINDOWS\System32\win32u.dll
0x00007ffedbd10000 - 0x00007ffedbfac000 	C:\WINDOWS\WinSxS\amd64_microsoft.windows.common-controls_6595b64144ccf1df_6.0.22621.6060_none_2712eda17382d24b\COMCTL32.dll
0x00007ffefe900000 - 0x00007ffefe929000 	C:\WINDOWS\System32\GDI32.dll
0x00007ffee1070000 - 0x00007ffee108e000 	C:\Program Files\Microsoft\jdk-17.0.18.8-hotspot\bin\VCRUNTIME140.dll
0x00007ffefe3b0000 - 0x00007ffefe457000 	C:\WINDOWS\System32\msvcrt.dll
0x00007ffefced0000 - 0x00007ffefcfeb000 	C:\WINDOWS\System32\gdi32full.dll
0x00007ffefc520000 - 0x00007ffefc5ba000 	C:\WINDOWS\System32\msvcp_win.dll
0x00007ffefe460000 - 0x00007ffefe491000 	C:\WINDOWS\System32\IMM32.DLL
0x00007ffef6730000 - 0x00007ffef673c000 	C:\Program Files\Microsoft\jdk-17.0.18.8-hotspot\bin\vcruntime140_1.dll
0x00007ffec99d0000 - 0x00007ffec9a59000 	C:\Program Files\Microsoft\jdk-17.0.18.8-hotspot\bin\msvcp140.dll
0x00007ffe3bcd0000 - 0x00007ffe3c94a000 	C:\Program Files\Microsoft\jdk-17.0.18.8-hotspot\bin\server\jvm.dll
0x00007ffefd360000 - 0x00007ffefd411000 	C:\WINDOWS\System32\ADVAPI32.dll
0x00007ffefe9e0000 - 0x00007ffefea88000 	C:\WINDOWS\System32\sechost.dll
0x00007ffefcd50000 - 0x00007ffefcd78000 	C:\WINDOWS\System32\bcrypt.dll
0x00007ffefe7c0000 - 0x00007ffefe8d8000 	C:\WINDOWS\System32\RPCRT4.dll
0x00007ffefde10000 - 0x00007ffefde81000 	C:\WINDOWS\System32\WS2_32.dll
0x00007ffef9c60000 - 0x00007ffef9c6a000 	C:\WINDOWS\SYSTEM32\VERSION.dll
0x00007ffefc3f0000 - 0x00007ffefc43d000 	C:\WINDOWS\SYSTEM32\POWRPROF.dll
0x00007ffef69d0000 - 0x00007ffef6a04000 	C:\WINDOWS\SYSTEM32\WINMM.dll
0x00007ffefc3d0000 - 0x00007ffefc3e3000 	C:\WINDOWS\SYSTEM32\UMPDC.dll
0x00007ffefb4c0000 - 0x00007ffefb4d8000 	C:\WINDOWS\SYSTEM32\kernel.appcore.dll
0x00007ffef46b0000 - 0x00007ffef46ba000 	C:\Program Files\Microsoft\jdk-17.0.18.8-hotspot\bin\jimage.dll
0x00007ffef2d80000 - 0x00007ffef2fb3000 	C:\WINDOWS\SYSTEM32\DBGHELP.DLL
0x00007ffefda70000 - 0x00007ffefde01000 	C:\WINDOWS\System32\combase.dll
0x00007ffefe0b0000 - 0x00007ffefe188000 	C:\WINDOWS\System32\OLEAUT32.dll
0x00007ffedb3e0000 - 0x00007ffedb412000 	C:\WINDOWS\SYSTEM32\dbgcore.DLL
0x00007ffefc640000 - 0x00007ffefc6bb000 	C:\WINDOWS\System32\bcryptPrimitives.dll
0x00007ffedec20000 - 0x00007ffedec46000 	C:\Program Files\Microsoft\jdk-17.0.18.8-hotspot\bin\java.dll
0x00007ffebeb90000 - 0x00007ffebec66000 	C:\Program Files\Microsoft\jdk-17.0.18.8-hotspot\bin\jsvml.dll
0x00007ffefeaa0000 - 0x00007ffeff33c000 	C:\WINDOWS\System32\SHELL32.dll
0x00007ffefc830000 - 0x00007ffefc96f000 	C:\WINDOWS\System32\wintypes.dll
0x00007ffefa3d0000 - 0x00007ffefacea000 	C:\WINDOWS\SYSTEM32\windows.storage.dll
0x00007ffefe2a0000 - 0x00007ffefe3a4000 	C:\WINDOWS\System32\SHCORE.dll
0x00007ffeff360000 - 0x00007ffeff3c9000 	C:\WINDOWS\System32\shlwapi.dll
0x00007ffefc450000 - 0x00007ffefc475000 	C:\WINDOWS\SYSTEM32\profapi.dll
0x00007ffecf390000 - 0x00007ffecf3ab000 	C:\Program Files\Microsoft\jdk-17.0.18.8-hotspot\bin\net.dll
0x00007ffef8520000 - 0x00007ffef864c000 	C:\WINDOWS\SYSTEM32\WINHTTP.dll
0x00007ffefb980000 - 0x00007ffefb9e9000 	C:\WINDOWS\system32\mswsock.dll
0x00007ffecf370000 - 0x00007ffecf386000 	C:\Program Files\Microsoft\jdk-17.0.18.8-hotspot\bin\nio.dll
0x00007ffecc310000 - 0x00007ffecc328000 	C:\Program Files\Microsoft\jdk-17.0.18.8-hotspot\bin\zip.dll

dbghelp: loaded successfully - version: 4.0.5 - missing functions: none
symbol engine: initialized successfully - sym options: 0x614 - pdb path: .;C:\Program Files\Microsoft\jdk-17.0.18.8-hotspot\bin;C:\WINDOWS\SYSTEM32;C:\WINDOWS\WinSxS\amd64_microsoft.windows.common-controls_6595b64144ccf1df_6.0.22621.6060_none_2712eda17382d24b;C:\Program Files\Microsoft\jdk-17.0.18.8-hotspot\bin\server

VM Arguments:
jvm_args: -XX:TieredStopAtLevel=1 
java_command: com.example.demo.BackendApplication
java_class_path (initial): C:\Users\HP\Desktop\PFEE\backend\target\classes;C:\Users\HP\.m2\repository\org\springframework\spring-aop\6.1.4\spring-aop-6.1.4.jar;C:\Users\HP\.m2\repository\org\aspectj\aspectjweaver\1.9.21\aspectjweaver-1.9.21.jar;C:\Users\HP\.m2\repository\com\zaxxer\HikariCP\5.0.1\HikariCP-5.0.1.jar;C:\Users\HP\.m2\repository\org\springframework\spring-jdbc\6.1.4\spring-jdbc-6.1.4.jar;C:\Users\HP\.m2\repository\org\hibernate\orm\hibernate-core\6.4.4.Final\hibernate-core-6.4.4.Final.jar;C:\Users\HP\.m2\repository\jakarta\persistence\jakarta.persistence-api\3.1.0\jakarta.persistence-api-3.1.0.jar;C:\Users\HP\.m2\repository\jakarta\transaction\jakarta.transaction-api\2.0.1\jakarta.transaction-api-2.0.1.jar;C:\Users\HP\.m2\repository\org\jboss\logging\jboss-logging\3.5.3.Final\jboss-logging-3.5.3.Final.jar;C:\Users\HP\.m2\repository\org\hibernate\common\hibernate-commons-annotations\6.0.6.Final\hibernate-commons-annotations-6.0.6.Final.jar;C:\Users\HP\.m2\repository\io\smallrye\jandex\3.1.2\jandex-3.1.2.jar;C:\Users\HP\.m2\repository\com\fasterxml\classmate\1.6.0\classmate-1.6.0.jar;C:\Users\HP\.m2\repository\net\bytebuddy\byte-buddy\1.14.12\byte-buddy-1.14.12.jar;C:\Users\HP\.m2\repository\jakarta\xml\bind\jakarta.xml.bind-api\4.0.1\jakarta.xml.bind-api-4.0.1.jar;C:\Users\HP\.m2\repository\jakarta\activation\jakarta.activation-api\2.1.2\jakarta.activation-api-2.1.2.jar;C:\Users\HP\.m2\repository\org\glassfish\jaxb\jaxb-runtime\4.0.4\jaxb-runtime-4.0.4.jar;C:\Users\HP\.m2\repository\org\glassfish\jaxb\jaxb-core\4.0.4\jaxb-core-4.0.4.jar;C:\Users\HP\.m2\repository\org\eclipse\angus\angus-activation\2.0.1\angus-activation-2.0.1.jar;C:\Users\HP\.m2\repository\org\glassfish\jaxb\txw2\4.0.4\txw2-4.0.4.jar;C:\Users\HP\.m2\repository\com\sun\istack\istack-commons-runtime\4.1.2\istack-commons-runtime-4.1.2.jar;C:\Users\HP\.m2\repository\jakarta\inject\jakarta.inject-api\2.0.1\jakarta.inject-api-2.0.1.jar;C:\Users\HP\.m2\repository\org\antlr\antlr4-runtime\4.13
Launcher Type: SUN_STANDARD

[Global flags]
     intx CICompilerCount                          = 4                                         {product} {ergonomic}
     uint ConcGCThreads                            = 2                                         {product} {ergonomic}
     uint G1ConcRefinementThreads                  = 8                                         {product} {ergonomic}
   size_t G1HeapRegionSize                         = 1048576                                   {product} {ergonomic}
    uintx GCDrainStackTargetSize                   = 64                                        {product} {ergonomic}
   size_t InitialHeapSize                          = 62914560                                  {product} {ergonomic}
   size_t MarkStackSize                            = 4194304                                   {product} {ergonomic}
   size_t MaxHeapSize                              = 987758592                                 {product} {ergonomic}
   size_t MaxNewSize                               = 592445440                                 {product} {ergonomic}
   size_t MinHeapDeltaBytes                        = 1048576                                   {product} {ergonomic}
   size_t MinHeapSize                              = 8388608                                   {product} {ergonomic}
    uintx NonProfiledCodeHeapSize                  = 0                                      {pd product} {ergonomic}
     bool ProfileInterpreter                       = false                                  {pd product} {command line}
    uintx ProfiledCodeHeapSize                     = 0                                      {pd product} {ergonomic}
   size_t SoftMaxHeapSize                          = 987758592                              {manageable} {ergonomic}
     intx TieredStopAtLevel                        = 1                                         {product} {command line}
     bool UseCompressedClassPointers               = true                           {product lp64_product} {ergonomic}
     bool UseCompressedOops                        = true                           {product lp64_product} {ergonomic}
     bool UseG1GC                                  = true                                      {product} {ergonomic}
     bool UseLargePagesIndividualAllocation        = false                                  {pd product} {ergonomic}

Logging:
Log output configuration:
 #0: stdout all=warning uptime,level,tags
 #1: stderr all=off uptime,level,tags

Environment Variables:
JAVA_HOME=C:\Program Files\Microsoft\jdk-17.0.18.8-hotspot\
PATH=C:\Program Files\Microsoft\jdk-17.0.18.8-hotspot\bin;C:\Python314\Scripts\;C:\Python314\;C:\oraclexe\app\oracle\product\10.2.0\server\bin;C:\app\HP\product\21c\dbhomeXE\bin;C:\Users\HP\Downloads\WINDOWS.X64_193000_grid_home\bin;C:\WINDOWS\system32;C:\WINDOWS;C:\WINDOWS\System32\Wbem;C:\WINDOWS\System32\WindowsPowerShell\v1.0\;C:\WINDOWS\System32\OpenSSH\;C:\Program Files\PuTTY\;C:\Program Files (x86)\;C:\Program Files\Git\cmd;C:\Program Files (x86)\Windows Kits\10\Windows Performance Toolkit\;C:\Program Files\MongoDB\Server\8.2\bin;C:\Program Files\nodejs\;C:\ProgramData\chocolatey\bin;C:\Users\HP\AppData\Local\Programs\Python\Python313\Scripts\;C:\Users\HP\AppData\Local\Programs\Python\Python313\;C:\Users\HP\AppData\Local\Programs\Python\Launcher\;C:\Users\HP\AppData\Local\Microsoft\WindowsApps;;C:\Users\HP\AppData\Local\Programs\Microsoft VS Code\bin;C:\Users\HP\Desktop\Antigravity\bin;C:\Users\HP\AppData\Roaming\npm;c:\Users\HP\.antigravity\extensions\vscjava.vscode-java-debug-0.58.5-universal\bundled\scripts\noConfigScripts
USERNAME=HP
LANG=en_US.UTF-8
OS=Windows_NT
PROCESSOR_IDENTIFIER=Intel64 Family 6 Model 154 Stepping 4, GenuineIntel
TMP=C:\Users\HP\AppData\Local\Temp
TEMP=C:\Users\HP\AppData\Local\Temp



Periodic native trim disabled


---------------  S Y S T E M  ---------------

OS:
 Windows 11 , 64 bit Build 22621 (10.0.22621.5415)
OS uptime: 0 days 4:00 hours
Hyper-V role detected

CPU: total 8 (initial active 8) (4 cores per cpu, 2 threads per core) family 6 model 154 stepping 4 microcode 0x42c, cx8, cmov, fxsr, ht, mmx, 3dnowpref, sse, sse2, sse3, ssse3, sse4.1, sse4.2, popcnt, lzcnt, tsc, tscinvbit, avx, avx2, aes, erms, clmul, bmi1, bmi2, adx, sha, fma, vzeroupper, clflush, clflushopt, clwb, hv
Processor Information for processor 0
  Max Mhz: 1200, Current Mhz: 1200, Mhz Limit: 1200
Processor Information for processor 1
  Max Mhz: 1200, Current Mhz: 1200, Mhz Limit: 1200
Processor Information for processor 2
  Max Mhz: 1200, Current Mhz: 1200, Mhz Limit: 1200
Processor Information for processor 3
  Max Mhz: 1200, Current Mhz: 1200, Mhz Limit: 1200
Processor Information for processor 4
  Max Mhz: 1200, Current Mhz: 900, Mhz Limit: 900
Processor Information for processor 5
  Max Mhz: 1200, Current Mhz: 900, Mhz Limit: 900
Processor Information for processor 6
  Max Mhz: 1200, Current Mhz: 900, Mhz Limit: 900
Processor Information for processor 7
  Max Mhz: 1200, Current Mhz: 900, Mhz Limit: 900

Memory: 4k page, system-wide physical 3767M (15M free)
TotalPageFile size 15543M (AvailPageFile size 0M)
current process WorkingSet (physical memory assigned to process): 78M, peak: 78M
current process commit charge ("private bytes"): 150M, peak: 150M

vm_info: OpenJDK 64-Bit Server VM (17.0.18+8-LTS) for windows-amd64 JRE (17.0.18+8-LTS), built on Jan 15 2026 18:50:45 by "MicrosoftCorporation" with MS VC++ 17.14 (VS2022)

END.
