#
# There is insufficient memory for the Java Runtime Environment to continue.
# Native memory allocation (mmap) failed to map 5242880 bytes. Error detail: G1 virtual space
# Possible reasons:
#   The system is out of physical RAM or swap space
#   This process is running with CompressedOops enabled, and the Java Heap may be blocking the growth of the native heap
# Possible solutions:
#   Reduce memory load on the system
#   Increase physical memory or swap space
#   Check if swap backing store is full
#   Decrease Java heap size (-Xmx/-Xms)
#   Decrease number of Java threads
#   Decrease Java thread stack sizes (-Xss)
#   Set larger code cache with -XX:ReservedCodeCacheSize=
#   JVM is running with Unscaled Compressed Oops mode in which the Java heap is
#     placed in the first 4GB address space. The Java Heap base address is the
#     maximum limit for the native heap growth. Please use -XX:HeapBaseMinAddress
#     to set the Java Heap base and to place the Java Heap above 4GB virtual address.
# This output file may be truncated or incomplete.
#
#  Out of Memory Error (os_windows.cpp:3690), pid=6936, tid=15600
#
# JRE version: OpenJDK Runtime Environment Microsoft-13106358 (17.0.18+8) (build 17.0.18+8-LTS)
# Java VM: OpenJDK 64-Bit Server VM Microsoft-13106358 (17.0.18+8-LTS, mixed mode, emulated-client, sharing, tiered, compressed oops, compressed class ptrs, g1 gc, windows-amd64)
# No core dump will be written. Minidumps are not enabled by default on client versions of Windows
#

---------------  S U M M A R Y ------------

Command Line: -XX:TieredStopAtLevel=1 com.example.demo.BackendApplication

Host: 12th Gen Intel(R) Core(TM) i3-1215U, 8 cores, 3G,  Windows 11 , 64 bit Build 22621 (10.0.22621.5415)
Time: Thu Apr  2 13:23:32 2026 Afr. centrale Ouest elapsed time: 3.274201 seconds (0d 0h 0m 3s)

---------------  T H R E A D  ---------------

Current thread (0x000001b7d982ec40):  VMThread "VM Thread" [stack: 0x00000064a0d00000,0x00000064a0e00000] [id=15600]

Stack: [0x00000064a0d00000,0x00000064a0e00000]
Native frames: (J=compiled Java code, j=interpreted, Vv=VM code, C=native code)
V  [jvm.dll+0x68c879]  (no source info available)
V  [jvm.dll+0x845979]  (no source info available)
V  [jvm.dll+0x8476e8]  (no source info available)
V  [jvm.dll+0x847d73]  (no source info available)
V  [jvm.dll+0x24cf6f]  (no source info available)
V  [jvm.dll+0x68bc79]  (no source info available)
V  [jvm.dll+0x68023a]  (no source info available)
V  [jvm.dll+0x3101a0]  (no source info available)
V  [jvm.dll+0x310042]  (no source info available)
V  [jvm.dll+0x317599]  (no source info available)
V  [jvm.dll+0x369999]  (no source info available)
V  [jvm.dll+0x369bcd]  (no source info available)
V  [jvm.dll+0x2e69aa]  (no source info available)
V  [jvm.dll+0x2e4da1]  (no source info available)
V  [jvm.dll+0x2e453c]  (no source info available)
V  [jvm.dll+0x328ecb]  (no source info available)
V  [jvm.dll+0x84c5fd]  (no source info available)
V  [jvm.dll+0x84d313]  (no source info available)
V  [jvm.dll+0x84d844]  (no source info available)
V  [jvm.dll+0x84dc28]  (no source info available)
V  [jvm.dll+0x84dd1e]  (no source info available)
V  [jvm.dll+0x7f5ebc]  (no source info available)
V  [jvm.dll+0x68de17]  (no source info available)
C  [ucrtbase.dll+0x29333]  (no source info available)
C  [KERNEL32.DLL+0x1259d]  (no source info available)
C  [ntdll.dll+0x5af78]  (no source info available)

VM_Operation (0x00000064a07fbb80): G1CollectForAllocation, mode: safepoint, requested by thread 0x000001b7c9ed5560


---------------  P R O C E S S  ---------------

Threads class SMR info:
_java_thread_list=0x000001b7ded25110, length=15, elements={
0x000001b7c9ed5560, 0x000001b7d98321f0, 0x000001b7d9832f80, 0x000001b7d984a870,
0x000001b7d984c350, 0x000001b7d984ec30, 0x000001b7d9850510, 0x000001b7d9850e90,
0x000001b7d9853dc0, 0x000001b7d9988c80, 0x000001b7d999de90, 0x000001b7decc0150,
0x000001b7ded1c020, 0x000001b7decb5590, 0x000001b7dec94530
}

Java Threads: ( => current thread )
  0x000001b7c9ed5560 JavaThread "main" [_thread_blocked, id=13932, stack(0x00000064a0700000,0x00000064a0800000)]
  0x000001b7d98321f0 JavaThread "Reference Handler" daemon [_thread_blocked, id=14300, stack(0x00000064a0e00000,0x00000064a0f00000)]
  0x000001b7d9832f80 JavaThread "Finalizer" daemon [_thread_blocked, id=7192, stack(0x00000064a0f00000,0x00000064a1000000)]
  0x000001b7d984a870 JavaThread "Signal Dispatcher" daemon [_thread_blocked, id=16284, stack(0x00000064a1000000,0x00000064a1100000)]
  0x000001b7d984c350 JavaThread "Attach Listener" daemon [_thread_blocked, id=18528, stack(0x00000064a1100000,0x00000064a1200000)]
  0x000001b7d984ec30 JavaThread "Service Thread" daemon [_thread_blocked, id=8476, stack(0x00000064a1200000,0x00000064a1300000)]
  0x000001b7d9850510 JavaThread "Monitor Deflation Thread" daemon [_thread_blocked, id=10480, stack(0x00000064a1300000,0x00000064a1400000)]
  0x000001b7d9850e90 JavaThread "C1 CompilerThread0" daemon [_thread_blocked, id=888, stack(0x00000064a1400000,0x00000064a1500000)]
  0x000001b7d9853dc0 JavaThread "Sweeper thread" daemon [_thread_blocked, id=15448, stack(0x00000064a1500000,0x00000064a1600000)]
  0x000001b7d9988c80 JavaThread "Notification Thread" daemon [_thread_blocked, id=14064, stack(0x00000064a1600000,0x00000064a1700000)]
  0x000001b7d999de90 JavaThread "Common-Cleaner" daemon [_thread_blocked, id=5292, stack(0x00000064a1800000,0x00000064a1900000)]
  0x000001b7decc0150 JavaThread "Catalina-utility-1" [_thread_blocked, id=13376, stack(0x00000064a2100000,0x00000064a2200000)]
  0x000001b7ded1c020 JavaThread "Catalina-utility-2" [_thread_blocked, id=9316, stack(0x00000064a2200000,0x00000064a2300000)]
  0x000001b7decb5590 JavaThread "container-0" [_thread_blocked, id=18952, stack(0x00000064a2300000,0x00000064a2400000)]
  0x000001b7dec94530 JavaThread "mysql-cj-abandoned-connection-cleanup" daemon [_thread_blocked, id=16832, stack(0x00000064a2400000,0x00000064a2500000)]

Other Threads:
=>0x000001b7d982ec40 VMThread "VM Thread" [stack: 0x00000064a0d00000,0x00000064a0e00000] [id=15600]
  0x000001b7d9989b80 WatcherThread [stack: 0x00000064a1700000,0x00000064a1800000] [id=9964]
  0x000001b7c9f10700 GCTaskThread "GC Thread#0" [stack: 0x00000064a0800000,0x00000064a0900000] [id=19104]
  0x000001b7de3c6d80 GCTaskThread "GC Thread#1" [stack: 0x00000064a1900000,0x00000064a1a00000] [id=7012]
  0x000001b7de3bf6b0 GCTaskThread "GC Thread#2" [stack: 0x00000064a1a00000,0x00000064a1b00000] [id=10560]
  0x000001b7de3c4280 GCTaskThread "GC Thread#3" [stack: 0x00000064a1b00000,0x00000064a1c00000] [id=12880]
  0x000001b7de3c4550 GCTaskThread "GC Thread#4" [stack: 0x00000064a1c00000,0x00000064a1d00000] [id=14172]
  0x000001b7de693840 GCTaskThread "GC Thread#5" [stack: 0x00000064a1e00000,0x00000064a1f00000] [id=13372]
  0x000001b7de693b10 GCTaskThread "GC Thread#6" [stack: 0x00000064a1f00000,0x00000064a2000000] [id=14748]
  0x000001b7de693de0 GCTaskThread "GC Thread#7" [stack: 0x00000064a2000000,0x00000064a2100000] [id=13892]
  0x000001b7c9f18b30 ConcurrentGCThread "G1 Main Marker" [stack: 0x00000064a0900000,0x00000064a0a00000] [id=7876]
  0x000001b7c9f19c00 ConcurrentGCThread "G1 Conc#0" [stack: 0x00000064a0a00000,0x00000064a0b00000] [id=18700]
  0x000001b7de6a0900 ConcurrentGCThread "G1 Conc#1" [stack: 0x00000064a1d00000,0x00000064a1e00000] [id=3116]
  0x000001b7c9f691a0 ConcurrentGCThread "G1 Refine#0" [stack: 0x00000064a0b00000,0x00000064a0c00000] [id=18892]
  0x000001b7c9f69af0 ConcurrentGCThread "G1 Service" [stack: 0x00000064a0c00000,0x00000064a0d00000] [id=18100]

Threads with active compile tasks:

VM state: at safepoint (normal execution)

VM Mutex/Monitor currently owned by a thread:  ([mutex/lock_event])
[0x000001b7c9ed0ca0] Threads_lock - owner thread: 0x000001b7d982ec40
[0x000001b7c9ed1360] Heap_lock - owner thread: 0x000001b7c9ed5560

Heap address: 0x00000000c5200000, size: 942 MB, Compressed Oops mode: 32-bit

CDS archive(s) mapped at: [0x000001b780000000-0x000001b780bb0000-0x000001b780bb0000), size 12255232, SharedBaseAddress: 0x000001b780000000, ArchiveRelocationMode: 1.
Compressed class space mapped at: 0x000001b781000000-0x000001b7c1000000, reserved size: 1073741824
Narrow klass base: 0x000001b780000000, Narrow klass shift: 0, Narrow klass range: 0x100000000

GC Precious Log:
 CPUs: 8 total, 8 available
 Memory: 3767M
 Large Page Support: Disabled
 NUMA Support: Disabled
 Compressed Oops: Enabled (32-bit)
 Heap Region Size: 1M
 Heap Min Capacity: 8M
 Heap Initial Capacity: 60M
 Heap Max Capacity: 942M
 Pre-touch: Disabled
 Parallel Workers: 8
 Concurrent Workers: 2
 Concurrent Refinement Workers: 8
 Periodic GC: Disabled

Heap:
 garbage-first heap   total 61440K, used 16938K [0x00000000c5200000, 0x0000000100000000)
  region size 1024K, 4 young (4096K), 4 survivors (4096K)
 Metaspace       used 25425K, committed 25856K, reserved 1114112K
  class space    used 3557K, committed 3776K, reserved 1048576K

Heap Regions: E=young(eden), S=young(survivor), O=old, HS=humongous(starts), HC=humongous(continues), CS=collection set, F=free, OA=open archive, CA=closed archive, TAMS=top-at-mark-start (previous, next)
|   0|0x00000000c5200000, 0x00000000c5300000, 0x00000000c5300000|100%|HS|  |TAMS 0x00000000c5300000, 0x00000000c5200000| Complete 
|   1|0x00000000c5300000, 0x00000000c5400000, 0x00000000c5400000|100%| O|  |TAMS 0x00000000c5400000, 0x00000000c5300000| Untracked 
|   2|0x00000000c5400000, 0x00000000c5500000, 0x00000000c5500000|100%| O|  |TAMS 0x00000000c5500000, 0x00000000c5400000| Untracked 
|   3|0x00000000c5500000, 0x00000000c5600000, 0x00000000c5600000|100%| O|  |TAMS 0x00000000c5600000, 0x00000000c5500000| Untracked 
|   4|0x00000000c5600000, 0x00000000c5700000, 0x00000000c5700000|100%| O|  |TAMS 0x00000000c5700000, 0x00000000c5600000| Untracked 
|   5|0x00000000c5700000, 0x00000000c5800000, 0x00000000c5800000|100%| O|  |TAMS 0x00000000c5800000, 0x00000000c5700000| Untracked 
|   6|0x00000000c5800000, 0x00000000c5900000, 0x00000000c5900000|100%| O|  |TAMS 0x00000000c5900000, 0x00000000c5800000| Untracked 
|   7|0x00000000c5900000, 0x00000000c5a00000, 0x00000000c5a00000|100%| O|  |TAMS 0x00000000c5a00000, 0x00000000c5900000| Complete 
|   8|0x00000000c5a00000, 0x00000000c5b00000, 0x00000000c5b00000|100%| O|  |TAMS 0x00000000c5b00000, 0x00000000c5a00000| Untracked 
|   9|0x00000000c5b00000, 0x00000000c5c00000, 0x00000000c5c00000|100%| O|  |TAMS 0x00000000c5c00000, 0x00000000c5b00000| Untracked 
|  10|0x00000000c5c00000, 0x00000000c5d00000, 0x00000000c5d00000|100%| O|  |TAMS 0x00000000c5cd5e00, 0x00000000c5c00000| Untracked 
|  11|0x00000000c5d00000, 0x00000000c5e00000, 0x00000000c5e00000|100%| O|  |TAMS 0x00000000c5d00000, 0x00000000c5d00000| Untracked 
|  12|0x00000000c5e00000, 0x00000000c5f00000, 0x00000000c5f00000|100%| O|  |TAMS 0x00000000c5e00000, 0x00000000c5e00000| Untracked 
|  13|0x00000000c5f00000, 0x00000000c5f00000, 0x00000000c6000000|  0%| F|  |TAMS 0x00000000c5f00000, 0x00000000c5f00000| Untracked 
|  14|0x00000000c6000000, 0x00000000c6000000, 0x00000000c6100000|  0%| F|  |TAMS 0x00000000c6000000, 0x00000000c6000000| Untracked 
|  15|0x00000000c6100000, 0x00000000c6100000, 0x00000000c6200000|  0%| F|  |TAMS 0x00000000c6100000, 0x00000000c6100000| Untracked 
|  16|0x00000000c6200000, 0x00000000c6200000, 0x00000000c6300000|  0%| F|  |TAMS 0x00000000c6200000, 0x00000000c6200000| Untracked 
|  17|0x00000000c6300000, 0x00000000c6300000, 0x00000000c6400000|  0%| F|  |TAMS 0x00000000c6300000, 0x00000000c6300000| Untracked 
|  18|0x00000000c6400000, 0x00000000c6400000, 0x00000000c6500000|  0%| F|  |TAMS 0x00000000c6400000, 0x00000000c6400000| Untracked 
|  19|0x00000000c6500000, 0x00000000c6500000, 0x00000000c6600000|  0%| F|  |TAMS 0x00000000c6500000, 0x00000000c6500000| Untracked 
|  20|0x00000000c6600000, 0x00000000c6600000, 0x00000000c6700000|  0%| F|  |TAMS 0x00000000c6600000, 0x00000000c6600000| Untracked 
|  21|0x00000000c6700000, 0x00000000c678aa88, 0x00000000c6800000| 54%| S|CS|TAMS 0x00000000c6700000, 0x00000000c6700000| Complete 
|  22|0x00000000c6800000, 0x00000000c6900000, 0x00000000c6900000|100%| S|CS|TAMS 0x00000000c6800000, 0x00000000c6800000| Complete 
|  23|0x00000000c6900000, 0x00000000c6a00000, 0x00000000c6a00000|100%| S|CS|TAMS 0x00000000c6900000, 0x00000000c6900000| Complete 
|  24|0x00000000c6a00000, 0x00000000c6b00000, 0x00000000c6b00000|100%| S|CS|TAMS 0x00000000c6a00000, 0x00000000c6a00000| Complete 
|  25|0x00000000c6b00000, 0x00000000c6b00000, 0x00000000c6c00000|  0%| F|  |TAMS 0x00000000c6b00000, 0x00000000c6b00000| Untracked 
|  26|0x00000000c6c00000, 0x00000000c6c00000, 0x00000000c6d00000|  0%| F|  |TAMS 0x00000000c6c00000, 0x00000000c6c00000| Untracked 
|  27|0x00000000c6d00000, 0x00000000c6d00000, 0x00000000c6e00000|  0%| F|  |TAMS 0x00000000c6d00000, 0x00000000c6d00000| Untracked 
|  28|0x00000000c6e00000, 0x00000000c6e00000, 0x00000000c6f00000|  0%| F|  |TAMS 0x00000000c6e00000, 0x00000000c6e00000| Untracked 
|  29|0x00000000c6f00000, 0x00000000c6f00000, 0x00000000c7000000|  0%| F|  |TAMS 0x00000000c6f00000, 0x00000000c6f00000| Untracked 
|  30|0x00000000c7000000, 0x00000000c7000000, 0x00000000c7100000|  0%| F|  |TAMS 0x00000000c7000000, 0x00000000c7000000| Untracked 
|  31|0x00000000c7100000, 0x00000000c7100000, 0x00000000c7200000|  0%| F|  |TAMS 0x00000000c7100000, 0x00000000c7100000| Untracked 
|  32|0x00000000c7200000, 0x00000000c7200000, 0x00000000c7300000|  0%| F|  |TAMS 0x00000000c7200000, 0x00000000c7200000| Untracked 
|  33|0x00000000c7300000, 0x00000000c7300000, 0x00000000c7400000|  0%| F|  |TAMS 0x00000000c7300000, 0x00000000c7300000| Untracked 
|  34|0x00000000c7400000, 0x00000000c7400000, 0x00000000c7500000|  0%| F|  |TAMS 0x00000000c7400000, 0x00000000c7400000| Untracked 
|  35|0x00000000c7500000, 0x00000000c7500000, 0x00000000c7600000|  0%| F|  |TAMS 0x00000000c7500000, 0x00000000c7500000| Untracked 
|  36|0x00000000c7600000, 0x00000000c7600000, 0x00000000c7700000|  0%| F|  |TAMS 0x00000000c7600000, 0x00000000c7600000| Untracked 
|  37|0x00000000c7700000, 0x00000000c7700000, 0x00000000c7800000|  0%| F|  |TAMS 0x00000000c7700000, 0x00000000c7700000| Untracked 
|  38|0x00000000c7800000, 0x00000000c7800000, 0x00000000c7900000|  0%| F|  |TAMS 0x00000000c7800000, 0x00000000c7800000| Untracked 
|  39|0x00000000c7900000, 0x00000000c7900000, 0x00000000c7a00000|  0%| F|  |TAMS 0x00000000c7900000, 0x00000000c7900000| Untracked 
|  40|0x00000000c7a00000, 0x00000000c7a00000, 0x00000000c7b00000|  0%| F|  |TAMS 0x00000000c7a00000, 0x00000000c7a00000| Untracked 
|  41|0x00000000c7b00000, 0x00000000c7b00000, 0x00000000c7c00000|  0%| F|  |TAMS 0x00000000c7b00000, 0x00000000c7b00000| Untracked 
|  42|0x00000000c7c00000, 0x00000000c7c00000, 0x00000000c7d00000|  0%| F|  |TAMS 0x00000000c7c00000, 0x00000000c7c00000| Untracked 
|  43|0x00000000c7d00000, 0x00000000c7d00000, 0x00000000c7e00000|  0%| F|  |TAMS 0x00000000c7d00000, 0x00000000c7d00000| Untracked 
|  44|0x00000000c7e00000, 0x00000000c7e00000, 0x00000000c7f00000|  0%| F|  |TAMS 0x00000000c7e00000, 0x00000000c7e00000| Untracked 
|  45|0x00000000c7f00000, 0x00000000c7f00000, 0x00000000c8000000|  0%| F|  |TAMS 0x00000000c7f00000, 0x00000000c7f00000| Untracked 
|  46|0x00000000c8000000, 0x00000000c8000000, 0x00000000c8100000|  0%| F|  |TAMS 0x00000000c8000000, 0x00000000c8000000| Untracked 
|  47|0x00000000c8100000, 0x00000000c8100000, 0x00000000c8200000|  0%| F|  |TAMS 0x00000000c8100000, 0x00000000c8100000| Untracked 
|  48|0x00000000c8200000, 0x00000000c8200000, 0x00000000c8300000|  0%| F|  |TAMS 0x00000000c8200000, 0x00000000c8200000| Untracked 
|  49|0x00000000c8300000, 0x00000000c8300000, 0x00000000c8400000|  0%| F|  |TAMS 0x00000000c8300000, 0x00000000c8300000| Untracked 
|  50|0x00000000c8400000, 0x00000000c8400000, 0x00000000c8500000|  0%| F|  |TAMS 0x00000000c8400000, 0x00000000c8400000| Untracked 
|  51|0x00000000c8500000, 0x00000000c8500000, 0x00000000c8600000|  0%| F|  |TAMS 0x00000000c8500000, 0x00000000c8500000| Untracked 
|  52|0x00000000c8600000, 0x00000000c8600000, 0x00000000c8700000|  0%| F|  |TAMS 0x00000000c8600000, 0x00000000c8600000| Untracked 
|  53|0x00000000c8700000, 0x00000000c8700000, 0x00000000c8800000|  0%| F|  |TAMS 0x00000000c8700000, 0x00000000c8700000| Untracked 
|  54|0x00000000c8800000, 0x00000000c8800000, 0x00000000c8900000|  0%| F|  |TAMS 0x00000000c8800000, 0x00000000c8800000| Untracked 
|  55|0x00000000c8900000, 0x00000000c8900000, 0x00000000c8a00000|  0%| F|  |TAMS 0x00000000c8900000, 0x00000000c8900000| Untracked 
|  56|0x00000000c8a00000, 0x00000000c8a00000, 0x00000000c8b00000|  0%| F|  |TAMS 0x00000000c8a00000, 0x00000000c8a00000| Untracked 
|  57|0x00000000c8b00000, 0x00000000c8b00000, 0x00000000c8c00000|  0%| F|  |TAMS 0x00000000c8b00000, 0x00000000c8b00000| Untracked 
|  58|0x00000000c8c00000, 0x00000000c8c00000, 0x00000000c8d00000|  0%| F|  |TAMS 0x00000000c8c00000, 0x00000000c8c00000| Untracked 
|  59|0x00000000c8d00000, 0x00000000c8d00000, 0x00000000c8e00000|  0%| F|  |TAMS 0x00000000c8d00000, 0x00000000c8d00000| Untracked 

Card table byte_map: [0x000001b7d4d30000,0x000001b7d4f10000] _byte_map_base: 0x000001b7d4707000

Marking Bits (Prev, Next): (CMBitMap*) 0x000001b7c9f10c80, (CMBitMap*) 0x000001b7c9f10c40
 Prev Bits: [0x000001b7d5fb0000, 0x000001b7d6e68000)
 Next Bits: [0x000001b7d50f0000, 0x000001b7d5fa8000)

Polling page: 0x000001b7c7ce0000

Metaspace:

Usage:
  Non-class:     21.36 MB used.
      Class:      3.47 MB used.
       Both:     24.83 MB used.

Virtual space:
  Non-class space:       64.00 MB reserved,      21.56 MB ( 34%) committed,  1 nodes.
      Class space:        1.00 GB reserved,       3.69 MB ( <1%) committed,  1 nodes.
             Both:        1.06 GB reserved,      25.25 MB (  2%) committed. 

Chunk freelists:
   Non-Class:  9.58 MB
       Class:  12.30 MB
        Both:  21.88 MB

MaxMetaspaceSize: unlimited
CompressedClassSpaceSize: 1.00 GB
Initial GC threshold: 21.00 MB
Current GC threshold: 35.25 MB
CDS: on
MetaspaceReclaimPolicy: balanced
 - commit_granule_bytes: 65536.
 - commit_granule_words: 8192.
 - virtual_space_node_default_size: 8388608.
 - enlarge_chunks_in_place: 1.
 - new_chunks_are_fully_committed: 0.
 - uncommit_free_chunks: 1.
 - use_allocation_guard: 0.
 - handle_deallocations: 1.


Internal statistics:

num_allocs_failed_limit: 3.
num_arena_births: 542.
num_arena_deaths: 0.
num_vsnodes_births: 2.
num_vsnodes_deaths: 0.
num_space_committed: 404.
num_space_uncommitted: 0.
num_chunks_returned_to_freelist: 3.
num_chunks_taken_from_freelist: 1523.
num_chunk_merges: 3.
num_chunk_splits: 1034.
num_chunks_enlarged: 740.
num_inconsistent_stats: 0.

CodeCache: size=49152Kb used=6518Kb max_used=6518Kb free=42633Kb
 bounds [0x000001b7d1a40000, 0x000001b7d20a0000, 0x000001b7d4a40000]
 total_blobs=3985 nmethods=3478 adapters=434
 compilation: enabled
              stopped_count=0, restarted_count=0
 full_count=0

Compilation events (20 events):
Event: 3.261 Thread 0x000001b7d9850e90 3469       1       org.springframework.boot.context.properties.bind.AbstractBindHandler::onFinish (15 bytes)
Event: 3.261 Thread 0x000001b7d9850e90 nmethod 3469 0x000001b7d209b410 code [0x000001b7d209b5c0, 0x000001b7d209b6a8]
Event: 3.262 Thread 0x000001b7d9850e90 3470       1       org.springframework.core.BridgeMethodResolver$$Lambda$522/0x000001b78133de78::<init> (10 bytes)
Event: 3.262 Thread 0x000001b7d9850e90 nmethod 3470 0x000001b7d209b790 code [0x000001b7d209b920, 0x000001b7d209ba38]
Event: 3.262 Thread 0x000001b7d9850e90 3471       1       org.springframework.core.BridgeMethodResolver$$Lambda$523/0x000001b78133e0a8::<init> (10 bytes)
Event: 3.262 Thread 0x000001b7d9850e90 nmethod 3471 0x000001b7d209ba90 code [0x000001b7d209bc20, 0x000001b7d209bd38]
Event: 3.264 Thread 0x000001b7d9850e90 3472       1       org.springframework.beans.factory.annotation.AutowiredAnnotationBeanPostProcessor$$Lambda$502/0x000001b781316000::doWith (13 bytes)
Event: 3.264 Thread 0x000001b7d9850e90 nmethod 3472 0x000001b7d209bd90 code [0x000001b7d209bf40, 0x000001b7d209c028]
Event: 3.264 Thread 0x000001b7d9850e90 3473       1       org.springframework.beans.factory.annotation.AutowiredAnnotationBeanPostProcessor::lambda$buildAutowiringMetadata$1 (74 bytes)
Event: 3.264 Thread 0x000001b7d9850e90 nmethod 3473 0x000001b7d209c110 code [0x000001b7d209c320, 0x000001b7d209c5e8]
Event: 3.264 Thread 0x000001b7d9850e90 3474       1       org.springframework.core.ResolvableType::forRawClass (10 bytes)
Event: 3.264 Thread 0x000001b7d9850e90 nmethod 3474 0x000001b7d209c790 code [0x000001b7d209c940, 0x000001b7d209cac8]
Event: 3.264 Thread 0x000001b7d9850e90 3475       1       org.springframework.core.ResolvableType$1::<init> (11 bytes)
Event: 3.265 Thread 0x000001b7d9850e90 nmethod 3475 0x000001b7d209cb90 code [0x000001b7d209cd40, 0x000001b7d209ce68]
Event: 3.265 Thread 0x000001b7d9850e90 3476       1       java.util.concurrent.locks.AbstractQueuedSynchronizer::signalNext (34 bytes)
Event: 3.265 Thread 0x000001b7d9850e90 nmethod 3476 0x000001b7d209cf10 code [0x000001b7d209d0c0, 0x000001b7d209d208]
Event: 3.265 Thread 0x000001b7d9850e90 3477       1       org.apache.catalina.core.StandardContext::getTldValidation (5 bytes)
Event: 3.265 Thread 0x000001b7d9850e90 nmethod 3477 0x000001b7d209d310 code [0x000001b7d209d4a0, 0x000001b7d209d578]
Event: 3.265 Thread 0x000001b7d9850e90 3478       1       org.apache.catalina.core.StandardContext::getXmlBlockExternal (5 bytes)
Event: 3.265 Thread 0x000001b7d9850e90 nmethod 3478 0x000001b7d209d610 code [0x000001b7d209d7a0, 0x000001b7d209d878]

GC Heap History (11 events):
Event: 0.837 GC heap before
{Heap before GC invocations=0 (full 0):
 garbage-first heap   total 61440K, used 23552K [0x00000000c5200000, 0x0000000100000000)
  region size 1024K, 23 young (23552K), 0 survivors (0K)
 Metaspace       used 5618K, committed 5760K, reserved 1114112K
  class space    used 780K, committed 832K, reserved 1048576K
}
Event: 0.846 GC heap after
{Heap after GC invocations=1 (full 0):
 garbage-first heap   total 61440K, used 6783K [0x00000000c5200000, 0x0000000100000000)
  region size 1024K, 3 young (3072K), 3 survivors (3072K)
 Metaspace       used 5618K, committed 5760K, reserved 1114112K
  class space    used 780K, committed 832K, reserved 1048576K
}
Event: 1.248 GC heap before
{Heap before GC invocations=1 (full 0):
 garbage-first heap   total 61440K, used 29311K [0x00000000c5200000, 0x0000000100000000)
  region size 1024K, 26 young (26624K), 3 survivors (3072K)
 Metaspace       used 11095K, committed 11328K, reserved 1114112K
  class space    used 1480K, committed 1600K, reserved 1048576K
}
Event: 1.255 GC heap after
{Heap after GC invocations=2 (full 0):
 garbage-first heap   total 61440K, used 8826K [0x00000000c5200000, 0x0000000100000000)
  region size 1024K, 2 young (2048K), 2 survivors (2048K)
 Metaspace       used 11095K, committed 11328K, reserved 1114112K
  class space    used 1480K, committed 1600K, reserved 1048576K
}
Event: 1.615 GC heap before
{Heap before GC invocations=2 (full 0):
 garbage-first heap   total 61440K, used 32378K [0x00000000c5200000, 0x0000000100000000)
  region size 1024K, 26 young (26624K), 2 survivors (2048K)
 Metaspace       used 15786K, committed 16000K, reserved 1114112K
  class space    used 2125K, committed 2240K, reserved 1048576K
}
Event: 1.621 GC heap after
{Heap after GC invocations=3 (full 0):
 garbage-first heap   total 61440K, used 11596K [0x00000000c5200000, 0x0000000100000000)
  region size 1024K, 4 young (4096K), 4 survivors (4096K)
 Metaspace       used 15786K, committed 16000K, reserved 1114112K
  class space    used 2125K, committed 2240K, reserved 1048576K
}
Event: 2.287 GC heap before
{Heap before GC invocations=3 (full 0):
 garbage-first heap   total 61440K, used 40268K [0x00000000c5200000, 0x0000000100000000)
  region size 1024K, 32 young (32768K), 4 survivors (4096K)
 Metaspace       used 18897K, committed 19200K, reserved 1114112K
  class space    used 2604K, committed 2752K, reserved 1048576K
}
Event: 2.299 GC heap after
{Heap after GC invocations=4 (full 0):
 garbage-first heap   total 61440K, used 13492K [0x00000000c5200000, 0x0000000100000000)
  region size 1024K, 3 young (3072K), 3 survivors (3072K)
 Metaspace       used 18897K, committed 19200K, reserved 1114112K
  class space    used 2604K, committed 2752K, reserved 1048576K
}
Event: 2.588 GC heap before
{Heap before GC invocations=4 (full 0):
 garbage-first heap   total 61440K, used 25780K [0x00000000c5200000, 0x0000000100000000)
  region size 1024K, 16 young (16384K), 3 survivors (3072K)
 Metaspace       used 21124K, committed 21504K, reserved 1114112K
  class space    used 2951K, committed 3136K, reserved 1048576K
}
Event: 2.599 GC heap after
{Heap after GC invocations=5 (full 0):
 garbage-first heap   total 61440K, used 15073K [0x00000000c5200000, 0x0000000100000000)
  region size 1024K, 2 young (2048K), 2 survivors (2048K)
 Metaspace       used 21124K, committed 21504K, reserved 1114112K
  class space    used 2951K, committed 3136K, reserved 1048576K
}
Event: 3.265 GC heap before
{Heap before GC invocations=6 (full 0):
 garbage-first heap   total 55296K, used 42721K [0x00000000c5200000, 0x0000000100000000)
  region size 1024K, 29 young (29696K), 2 survivors (2048K)
 Metaspace       used 25425K, committed 25856K, reserved 1114112K
  class space    used 3557K, committed 3776K, reserved 1048576K
}

Dll operation events (9 events):
Event: 0.011 Loaded shared library C:\Program Files\Microsoft\jdk-17.0.18.8-hotspot\bin\java.dll
Event: 0.034 Loaded shared library C:\Program Files\Microsoft\jdk-17.0.18.8-hotspot\bin\jsvml.dll
Event: 0.087 Loaded shared library C:\Program Files\Microsoft\jdk-17.0.18.8-hotspot\bin\net.dll
Event: 0.089 Loaded shared library C:\Program Files\Microsoft\jdk-17.0.18.8-hotspot\bin\nio.dll
Event: 0.094 Loaded shared library C:\Program Files\Microsoft\jdk-17.0.18.8-hotspot\bin\zip.dll
Event: 0.198 Loaded shared library C:\Program Files\Microsoft\jdk-17.0.18.8-hotspot\bin\jimage.dll
Event: 1.493 Loaded shared library C:\Program Files\Microsoft\jdk-17.0.18.8-hotspot\bin\sunmscapi.dll
Event: 3.113 Loaded shared library C:\Program Files\Microsoft\jdk-17.0.18.8-hotspot\bin\management.dll
Event: 3.118 Loaded shared library C:\Program Files\Microsoft\jdk-17.0.18.8-hotspot\bin\management_ext.dll

Deoptimization events (4 events):
Event: 2.508 Thread 0x000001b7c9ed5560 DEOPT PACKING pc=0x000001b7d1f41b0c sp=0x00000064a07fcff0
Event: 2.508 Thread 0x000001b7c9ed5560 DEOPT UNPACKING pc=0x000001b7d1a97143 sp=0x00000064a07fc4a8 mode 0
Event: 3.224 Thread 0x000001b7decc0150 DEOPT PACKING pc=0x000001b7d1dda781 sp=0x00000064a21fefe0
Event: 3.224 Thread 0x000001b7decc0150 DEOPT UNPACKING pc=0x000001b7d1a97143 sp=0x00000064a21fe478 mode 3

Classes loaded (20 events):
Event: 3.218 Loading class java/util/concurrent/Executors$RunnableAdapter
Event: 3.218 Loading class java/util/concurrent/Executors$RunnableAdapter done
Event: 3.218 Loading class java/util/concurrent/ThreadPoolExecutor$Worker
Event: 3.219 Loading class java/util/concurrent/ThreadPoolExecutor$Worker done
Event: 3.221 Loading class java/lang/Thread$State
Event: 3.222 Loading class java/lang/Thread$State done
Event: 3.222 Loading class java/util/concurrent/TimeUnit$1
Event: 3.222 Loading class java/util/concurrent/TimeUnit$1 done
Event: 3.223 Loading class java/lang/invoke/DirectMethodHandle$Special
Event: 3.224 Loading class java/lang/invoke/DirectMethodHandle$Special done
Event: 3.224 Loading class java/util/concurrent/locks/AbstractQueuedSynchronizer$ConditionNode
Event: 3.224 Loading class java/util/concurrent/locks/AbstractQueuedSynchronizer$ExclusiveNode
Event: 3.224 Loading class java/util/concurrent/locks/AbstractQueuedSynchronizer$Node
Event: 3.224 Loading class java/util/concurrent/locks/AbstractQueuedSynchronizer$Node done
Event: 3.224 Loading class java/util/concurrent/locks/AbstractQueuedSynchronizer$ConditionNode done
Event: 3.224 Loading class java/util/concurrent/locks/AbstractQueuedSynchronizer$ExclusiveNode done
Event: 3.249 Loading class java/util/concurrent/Executors$FinalizableDelegatedExecutorService
Event: 3.249 Loading class java/util/concurrent/Executors$DelegatedExecutorService
Event: 3.250 Loading class java/util/concurrent/Executors$DelegatedExecutorService done
Event: 3.250 Loading class java/util/concurrent/Executors$FinalizableDelegatedExecutorService done

Classes unloaded (0 events):
No events

Classes redefined (0 events):
No events

Internal exceptions (20 events):
Event: 2.450 Thread 0x000001b7c9ed5560 Exception <a 'java/lang/NoClassDefFoundError'{0x00000000c8604638}: org/quartz/Scheduler> (0x00000000c8604638) 
thrown [s\src\hotspot\share\classfile\systemDictionary.cpp, line 245]
Event: 2.450 Thread 0x000001b7c9ed5560 Exception <a 'java/lang/NoClassDefFoundError'{0x00000000c8606878}: org/springframework/session/jdbc/JdbcIndexedSessionRepository> (0x00000000c8606878) 
thrown [s\src\hotspot\share\classfile\systemDictionary.cpp, line 245]
Event: 2.476 Thread 0x000001b7c9ed5560 Exception <a 'java/lang/NoSuchMethodError'{0x00000000c8524fa0}: 'void java.lang.invoke.DirectMethodHandle$Holder.invokeSpecial(java.lang.Object, java.lang.Object, java.lang.Object, java.lang.Object, java.lang.Object, java.lang.Object)'> (0x00000000c8524fa0) 
thrown [s\src\hotspot\share\interpreter\linkResolver.cpp, line 759]
Event: 2.569 Thread 0x000001b7c9ed5560 Exception <a 'java/lang/NoSuchMethodError'{0x00000000c8264b18}: 'java.lang.Object java.lang.invoke.DirectMethodHandle$Holder.invokeSpecialIFC(java.lang.Object, java.lang.Object, java.lang.Object)'> (0x00000000c8264b18) 
thrown [s\src\hotspot\share\interpreter\linkResolver.cpp, line 759]
Event: 2.726 Thread 0x000001b7c9ed5560 Exception <a 'java/lang/NoSuchMethodError'{0x00000000c8312e40}: 'void java.lang.invoke.DirectMethodHandle$Holder.invokeInterface(java.lang.Object, java.lang.Object, int)'> (0x00000000c8312e40) 
thrown [s\src\hotspot\share\interpreter\linkResolver.cpp, line 759]
Event: 2.731 Thread 0x000001b7c9ed5560 Exception <a 'java/lang/IncompatibleClassChangeError'{0x00000000c8362ef8}: Found class java.lang.Object, but interface was expected> (0x00000000c8362ef8) 
thrown [s\src\hotspot\share\interpreter\linkResolver.cpp, line 826]
Event: 2.732 Thread 0x000001b7c9ed5560 Exception <a 'java/lang/NoSuchMethodError'{0x00000000c8373a20}: 'int java.lang.invoke.DirectMethodHandle$Holder.invokeSpecialIFC(java.lang.Object, java.lang.Object, java.lang.Object)'> (0x00000000c8373a20) 
thrown [s\src\hotspot\share\interpreter\linkResolver.cpp, line 759]
Event: 2.734 Thread 0x000001b7c9ed5560 Exception <a 'java/lang/NoSuchMethodError'{0x00000000c8381bd8}: 'void java.lang.invoke.DirectMethodHandle$Holder.invokeStatic(java.lang.Object, int, java.lang.Object)'> (0x00000000c8381bd8) 
thrown [s\src\hotspot\share\interpreter\linkResolver.cpp, line 759]
Event: 2.740 Thread 0x000001b7c9ed5560 Exception <a 'java/lang/NoSuchMethodError'{0x00000000c83be328}: 'void java.lang.invoke.DirectMethodHandle$Holder.invokeVirtual(java.lang.Object, java.lang.Object, int)'> (0x00000000c83be328) 
thrown [s\src\hotspot\share\interpreter\linkResolver.cpp, line 759]
Event: 2.740 Thread 0x000001b7c9ed5560 Exception <a 'java/lang/NoSuchMethodError'{0x00000000c83c4560}: 'void java.lang.invoke.DirectMethodHandle$Holder.invokeStatic(java.lang.Object, java.lang.Object, java.lang.Object, int, java.lang.Object)'> (0x00000000c83c4560) 
thrown [s\src\hotspot\share\interpreter\linkResolver.cpp, line 759]
Event: 2.740 Thread 0x000001b7c9ed5560 Exception <a 'java/lang/NoSuchMethodError'{0x00000000c83cba68}: 'java.lang.Object java.lang.invoke.DirectMethodHandle$Holder.newInvokeSpecial(java.lang.Object, java.lang.Object, java.lang.Object, int)'> (0x00000000c83cba68) 
thrown [s\src\hotspot\share\interpreter\linkResolver.cpp, line 759]
Event: 2.741 Thread 0x000001b7c9ed5560 Exception <a 'java/lang/NoSuchMethodError'{0x00000000c83cfd50}: 'java.lang.Object java.lang.invoke.DirectMethodHandle$Holder.invokeSpecial(java.lang.Object, java.lang.Object, java.lang.Object, java.lang.Object, int)'> (0x00000000c83cfd50) 
thrown [s\src\hotspot\share\interpreter\linkResolver.cpp, line 759]
Event: 2.741 Thread 0x000001b7c9ed5560 Exception <a 'java/lang/NoSuchMethodError'{0x00000000c83d3918}: 'java.lang.Object java.lang.invoke.Invokers$Holder.linkToTargetMethod(java.lang.Object, java.lang.Object, int, java.lang.Object)'> (0x00000000c83d3918) 
thrown [s\src\hotspot\share\interpreter\linkResolver.cpp, line 759]
Event: 2.828 Thread 0x000001b7c9ed5560 Exception <a 'java/lang/NoSuchMethodError'{0x00000000c7c204d0}: 'java.lang.Object java.lang.invoke.DirectMethodHandle$Holder.invokeStaticInit(java.lang.Object, int, int, int, int)'> (0x00000000c7c204d0) 
thrown [s\src\hotspot\share\interpreter\linkResolver.cpp, line 759]
Event: 2.934 Thread 0x000001b7c9ed5560 Exception <a 'java/lang/NoSuchMethodError'{0x00000000c7b06450}: 'java.lang.Object java.lang.invoke.DirectMethodHandle$Holder.invokeStaticInit(java.lang.Object, java.lang.Object, int, int, int, int)'> (0x00000000c7b06450) 
thrown [s\src\hotspot\share\interpreter\linkResolver.cpp, line 759]
Event: 3.071 Thread 0x000001b7c9ed5560 Exception <a 'java/lang/NoSuchMethodError'{0x00000000c7692a60}: 'java.lang.Object java.lang.invoke.DirectMethodHandle$Holder.invokeSpecial(java.lang.Object, java.lang.Object, long, java.lang.Object, java.lang.Object, java.lang.Object, java.lang.Object, java.lang.Object, java.lang.Object)'> (0x00000000c7692a60) 
thrown [s\src\hotspot\share\interpreter\linkResolver.cpp, line 759]
Event: 3.072 Thread 0x000001b7c9ed5560 Exception <a 'java/lang/NoSuchMethodError'{0x00000000c7697588}: 'java.lang.Object java.lang.invoke.DelegatingMethodHandle$Holder.reinvoke_L(java.lang.Object, long, java.lang.Object, java.lang.Object, java.lang.Object, java.lang.Object, java.lang.Object, java.lang.Object)'> (0x00000000c7697588) 
thrown [s\src\hotspot\share\interpreter\linkResolver.cpp, line 759]
Event: 3.134 Thread 0x000001b7c9ed5560 Exception <a 'java/io/FileNotFoundException'{0x00000000c740dcb0}> (0x00000000c740dcb0) 
thrown [s\src\hotspot\share\prims\jni.cpp, line 516]
Event: 3.154 Thread 0x000001b7c9ed5560 Exception <a 'java/lang/NoSuchMethodError'{0x00000000c73aab58}: 'int java.lang.invoke.DirectMethodHandle$Holder.invokeInterface(java.lang.Object, java.lang.Object, java.lang.Object, java.lang.Object)'> (0x00000000c73aab58) 
thrown [s\src\hotspot\share\interpreter\linkResolver.cpp, line 759]
Event: 3.205 Thread 0x000001b7c9ed5560 Exception <a 'java/lang/NoSuchMethodError'{0x00000000c71db890}: 'long java.lang.invoke.DirectMethodHandle$Holder.invokeVirtual(java.lang.Object, java.lang.Object)'> (0x00000000c71db890) 
thrown [s\src\hotspot\share\interpreter\linkResolver.cpp, line 759]

VM Operations (20 events):
Event: 2.621 Executing VM operation: G1PauseCleanup done
Event: 2.852 Executing VM operation: HandshakeAllThreads
Event: 2.852 Executing VM operation: HandshakeAllThreads done
Event: 3.024 Executing VM operation: HandshakeAllThreads
Event: 3.024 Executing VM operation: HandshakeAllThreads done
Event: 3.037 Executing VM operation: HandshakeAllThreads
Event: 3.037 Executing VM operation: HandshakeAllThreads done
Event: 3.092 Executing VM operation: HandshakeAllThreads
Event: 3.092 Executing VM operation: HandshakeAllThreads done
Event: 3.128 Executing VM operation: HandshakeAllThreads
Event: 3.128 Executing VM operation: HandshakeAllThreads done
Event: 3.171 Executing VM operation: HandshakeAllThreads
Event: 3.172 Executing VM operation: HandshakeAllThreads done
Event: 3.172 Executing VM operation: HandshakeAllThreads
Event: 3.172 Executing VM operation: HandshakeAllThreads done
Event: 3.214 Executing VM operation: HandshakeAllThreads
Event: 3.214 Executing VM operation: HandshakeAllThreads done
Event: 3.250 Executing VM operation: HandshakeAllThreads
Event: 3.250 Executing VM operation: HandshakeAllThreads done
Event: 3.265 Executing VM operation: G1CollectForAllocation

Memory protections (0 events):
No events

Nmethod flushes (0 events):
No events

Events (19 events):
Event: 0.035 Thread 0x000001b7c9ed5560 Thread added: 0x000001b7c9ed5560
Event: 0.038 Thread 0x000001b7c9ed5560 Thread added: 0x000001b7d98321f0
Event: 0.038 Thread 0x000001b7c9ed5560 Thread added: 0x000001b7d9832f80
Event: 0.050 Thread 0x000001b7c9ed5560 Thread added: 0x000001b7d984a870
Event: 0.050 Thread 0x000001b7c9ed5560 Thread added: 0x000001b7d984c350
Event: 0.050 Thread 0x000001b7c9ed5560 Thread added: 0x000001b7d984ec30
Event: 0.050 Thread 0x000001b7c9ed5560 Thread added: 0x000001b7d9850510
Event: 0.050 Thread 0x000001b7c9ed5560 Thread added: 0x000001b7d9850e90
Event: 0.051 Thread 0x000001b7c9ed5560 Thread added: 0x000001b7d9853dc0
Event: 0.079 Thread 0x000001b7c9ed5560 Thread added: 0x000001b7d9988c80
Event: 0.081 Thread 0x000001b7c9ed5560 Thread added: 0x000001b7d999de90
Event: 1.013 Thread 0x000001b7c9ed5560 Thread added: 0x000001b7de44f9e0
Event: 1.465 Thread 0x000001b7c9ed5560 Thread added: 0x000001b7de7d5cc0
Event: 1.500 Thread 0x000001b7de44f9e0 Thread exited: 0x000001b7de44f9e0
Event: 1.500 Thread 0x000001b7de7d5cc0 Thread exited: 0x000001b7de7d5cc0
Event: 3.222 Thread 0x000001b7c9ed5560 Thread added: 0x000001b7decc0150
Event: 3.224 Thread 0x000001b7decc0150 Thread added: 0x000001b7ded1c020
Event: 3.229 Thread 0x000001b7c9ed5560 Thread added: 0x000001b7decb5590
Event: 3.251 Thread 0x000001b7c9ed5560 Thread added: 0x000001b7dec94530


Dynamic libraries:
0x00007ff6e3920000 - 0x00007ff6e392e000 	C:\Program Files\Microsoft\jdk-17.0.18.8-hotspot\bin\java.exe
0x00007fff032f0000 - 0x00007fff03508000 	C:\WINDOWS\SYSTEM32\ntdll.dll
0x00007fff02260000 - 0x00007fff02324000 	C:\WINDOWS\System32\KERNEL32.DLL
0x00007fff00430000 - 0x00007fff00803000 	C:\WINDOWS\System32\KERNELBASE.dll
0x00007fff00db0000 - 0x00007fff00ec1000 	C:\WINDOWS\System32\ucrtbase.dll
0x00007ffee24a0000 - 0x00007ffee24b8000 	C:\Program Files\Microsoft\jdk-17.0.18.8-hotspot\bin\jli.dll
0x00007fff02400000 - 0x00007fff025b2000 	C:\WINDOWS\System32\USER32.dll
0x00007ffee1f50000 - 0x00007ffee1f6e000 	C:\Program Files\Microsoft\jdk-17.0.18.8-hotspot\bin\VCRUNTIME140.dll
0x00007ffedffc0000 - 0x00007ffee025c000 	C:\WINDOWS\WinSxS\amd64_microsoft.windows.common-controls_6595b64144ccf1df_6.0.22621.6060_none_2712eda17382d24b\COMCTL32.dll
0x00007fff00c10000 - 0x00007fff00c36000 	C:\WINDOWS\System32\win32u.dll
0x00007fff03090000 - 0x00007fff03137000 	C:\WINDOWS\System32\msvcrt.dll
0x00007fff02ea0000 - 0x00007fff02ec9000 	C:\WINDOWS\System32\GDI32.dll
0x00007fff00af0000 - 0x00007fff00c0b000 	C:\WINDOWS\System32\gdi32full.dll
0x00007fff00890000 - 0x00007fff0092a000 	C:\WINDOWS\System32\msvcp_win.dll
0x00007fff01b00000 - 0x00007fff01b31000 	C:\WINDOWS\System32\IMM32.DLL
0x00007ffef2fe0000 - 0x00007ffef2fec000 	C:\Program Files\Microsoft\jdk-17.0.18.8-hotspot\bin\vcruntime140_1.dll
0x00007ffe77b90000 - 0x00007ffe77c19000 	C:\Program Files\Microsoft\jdk-17.0.18.8-hotspot\bin\msvcp140.dll
0x00007ffe3c190000 - 0x00007ffe3ce0a000 	C:\Program Files\Microsoft\jdk-17.0.18.8-hotspot\bin\server\jvm.dll
0x00007fff03140000 - 0x00007fff031f1000 	C:\WINDOWS\System32\ADVAPI32.dll
0x00007fff02ed0000 - 0x00007fff02f78000 	C:\WINDOWS\System32\sechost.dll
0x00007fff00400000 - 0x00007fff00428000 	C:\WINDOWS\System32\bcrypt.dll
0x00007fff019e0000 - 0x00007fff01af8000 	C:\WINDOWS\System32\RPCRT4.dll
0x00007fff025c0000 - 0x00007fff02631000 	C:\WINDOWS\System32\WS2_32.dll
0x00007fff002d0000 - 0x00007fff0031d000 	C:\WINDOWS\SYSTEM32\POWRPROF.dll
0x00007ffef29f0000 - 0x00007ffef29fa000 	C:\WINDOWS\SYSTEM32\VERSION.dll
0x00007ffef6960000 - 0x00007ffef6994000 	C:\WINDOWS\SYSTEM32\WINMM.dll
0x00007fff002b0000 - 0x00007fff002c3000 	C:\WINDOWS\SYSTEM32\UMPDC.dll
0x00007ffeff3a0000 - 0x00007ffeff3b8000 	C:\WINDOWS\SYSTEM32\kernel.appcore.dll
0x00007ffeea280000 - 0x00007ffeea28a000 	C:\Program Files\Microsoft\jdk-17.0.18.8-hotspot\bin\jimage.dll
0x00007ffefddb0000 - 0x00007ffefdfe3000 	C:\WINDOWS\SYSTEM32\DBGHELP.DLL
0x00007fff02710000 - 0x00007fff02aa1000 	C:\WINDOWS\System32\combase.dll
0x00007fff02180000 - 0x00007fff02258000 	C:\WINDOWS\System32\OLEAUT32.dll
0x00007ffedf2a0000 - 0x00007ffedf2d2000 	C:\WINDOWS\SYSTEM32\dbgcore.DLL
0x00007fff00810000 - 0x00007fff0088b000 	C:\WINDOWS\System32\bcryptPrimitives.dll
0x00007ffed1960000 - 0x00007ffed1986000 	C:\Program Files\Microsoft\jdk-17.0.18.8-hotspot\bin\java.dll
0x00007ffe704c0000 - 0x00007ffe70596000 	C:\Program Files\Microsoft\jdk-17.0.18.8-hotspot\bin\jsvml.dll
0x00007fff00f90000 - 0x00007fff0182c000 	C:\WINDOWS\System32\SHELL32.dll
0x00007fff00930000 - 0x00007fff00a6f000 	C:\WINDOWS\System32\wintypes.dll
0x00007ffefe2b0000 - 0x00007ffefebca000 	C:\WINDOWS\SYSTEM32\windows.storage.dll
0x00007fff02f80000 - 0x00007fff03084000 	C:\WINDOWS\System32\SHCORE.dll
0x00007fff02640000 - 0x00007fff026a9000 	C:\WINDOWS\System32\shlwapi.dll
0x00007fff00330000 - 0x00007fff00355000 	C:\WINDOWS\SYSTEM32\profapi.dll
0x00007ffec5c80000 - 0x00007ffec5c9b000 	C:\Program Files\Microsoft\jdk-17.0.18.8-hotspot\bin\net.dll
0x00007ffef99c0000 - 0x00007ffef9aec000 	C:\WINDOWS\SYSTEM32\WINHTTP.dll
0x00007ffeff860000 - 0x00007ffeff8c9000 	C:\WINDOWS\system32\mswsock.dll
0x00007ffec2380000 - 0x00007ffec2396000 	C:\Program Files\Microsoft\jdk-17.0.18.8-hotspot\bin\nio.dll
0x00007ffec2360000 - 0x00007ffec2378000 	C:\Program Files\Microsoft\jdk-17.0.18.8-hotspot\bin\zip.dll
0x00007ffef7970000 - 0x00007ffef797e000 	C:\Program Files\Microsoft\jdk-17.0.18.8-hotspot\bin\sunmscapi.dll
0x00007fff00c40000 - 0x00007fff00da8000 	C:\WINDOWS\System32\CRYPT32.dll
0x00007ffeffcd0000 - 0x00007ffeffcfe000 	C:\WINDOWS\SYSTEM32\ncrypt.dll
0x00007ffeffc90000 - 0x00007ffeffcc7000 	C:\WINDOWS\SYSTEM32\NTASN1.dll
0x00007ffeffbb0000 - 0x00007ffeffbcb000 	C:\WINDOWS\SYSTEM32\CRYPTSP.dll
0x00007ffeff300000 - 0x00007ffeff337000 	C:\WINDOWS\system32\rsaenh.dll
0x00007ffeff900000 - 0x00007ffeff928000 	C:\WINDOWS\SYSTEM32\USERENV.dll
0x00007ffeffb90000 - 0x00007ffeffb9c000 	C:\WINDOWS\SYSTEM32\CRYPTBASE.dll
0x00007ffefee30000 - 0x00007ffefee5d000 	C:\WINDOWS\SYSTEM32\IPHLPAPI.DLL
0x00007fff019d0000 - 0x00007fff019d9000 	C:\WINDOWS\System32\NSI.dll
0x00007ffef6450000 - 0x00007ffef6469000 	C:\WINDOWS\SYSTEM32\dhcpcsvc6.DLL
0x00007ffef63a0000 - 0x00007ffef63bf000 	C:\WINDOWS\SYSTEM32\dhcpcsvc.DLL
0x00007ffefeea0000 - 0x00007ffefef98000 	C:\WINDOWS\SYSTEM32\DNSAPI.dll
0x00007ffee2420000 - 0x00007ffee242a000 	C:\Program Files\Microsoft\jdk-17.0.18.8-hotspot\bin\management.dll
0x00007ffee2410000 - 0x00007ffee241c000 	C:\Program Files\Microsoft\jdk-17.0.18.8-hotspot\bin\management_ext.dll
0x00007fff01b40000 - 0x00007fff01b48000 	C:\WINDOWS\System32\PSAPI.DLL

dbghelp: loaded successfully - version: 4.0.5 - missing functions: none
symbol engine: initialized successfully - sym options: 0x614 - pdb path: .;C:\Program Files\Microsoft\jdk-17.0.18.8-hotspot\bin;C:\WINDOWS\SYSTEM32;C:\WINDOWS\WinSxS\amd64_microsoft.windows.common-controls_6595b64144ccf1df_6.0.22621.6060_none_2712eda17382d24b;C:\Program Files\Microsoft\jdk-17.0.18.8-hotspot\bin\server

VM Arguments:
jvm_args: -XX:TieredStopAtLevel=1 
java_command: com.example.demo.BackendApplication
java_class_path (initial): C:\Users\HP\Desktop\PFEE\backend\target\classes;C:\Users\HP\.m2\repository\org\springframework\spring-aop\6.1.4\spring-aop-6.1.4.jar;C:\Users\HP\.m2\repository\org\aspectj\aspectjweaver\1.9.21\aspectjweaver-1.9.21.jar;C:\Users\HP\.m2\repository\com\zaxxer\HikariCP\5.0.1\HikariCP-5.0.1.jar;C:\Users\HP\.m2\repository\org\springframework\spring-jdbc\6.1.4\spring-jdbc-6.1.4.jar;C:\Users\HP\.m2\repository\org\hibernate\orm\hibernate-core\6.4.4.Final\hibernate-core-6.4.4.Final.jar;C:\Users\HP\.m2\repository\jakarta\persistence\jakarta.persistence-api\3.1.0\jakarta.persistence-api-3.1.0.jar;C:\Users\HP\.m2\repository\jakarta\transaction\jakarta.transaction-api\2.0.1\jakarta.transaction-api-2.0.1.jar;C:\Users\HP\.m2\repository\org\jboss\logging\jboss-logging\3.5.3.Final\jboss-logging-3.5.3.Final.jar;C:\Users\HP\.m2\repository\org\hibernate\common\hibernate-commons-annotations\6.0.6.Final\hibernate-commons-annotations-6.0.6.Final.jar;C:\Users\HP\.m2\repository\io\smallrye\jandex\3.1.2\jandex-3.1.2.jar;C:\Users\HP\.m2\repository\com\fasterxml\classmate\1.6.0\classmate-1.6.0.jar;C:\Users\HP\.m2\repository\net\bytebuddy\byte-buddy\1.14.12\byte-buddy-1.14.12.jar;C:\Users\HP\.m2\repository\jakarta\xml\bind\jakarta.xml.bind-api\4.0.1\jakarta.xml.bind-api-4.0.1.jar;C:\Users\HP\.m2\repository\org\glassfish\jaxb\jaxb-runtime\4.0.4\jaxb-runtime-4.0.4.jar;C:\Users\HP\.m2\repository\org\glassfish\jaxb\jaxb-core\4.0.4\jaxb-core-4.0.4.jar;C:\Users\HP\.m2\repository\org\glassfish\jaxb\txw2\4.0.4\txw2-4.0.4.jar;C:\Users\HP\.m2\repository\com\sun\istack\istack-commons-runtime\4.1.2\istack-commons-runtime-4.1.2.jar;C:\Users\HP\.m2\repository\jakarta\inject\jakarta.inject-api\2.0.1\jakarta.inject-api-2.0.1.jar;C:\Users\HP\.m2\repository\org\antlr\antlr4-runtime\4.13.0\antlr4-runtime-4.13.0.jar;C:\Users\HP\.m2\repository\org\springframework\data\spring-data-jpa\3.2.3\spring-data-jpa-3.2.3.jar;C:\Users\HP\.m2\repository\org\springframework\data\spring-data-commons\3.
Launcher Type: SUN_STANDARD

[Global flags]
     intx CICompilerCount                          = 4                                         {product} {ergonomic}
     uint ConcGCThreads                            = 2                                         {product} {ergonomic}
     uint G1ConcRefinementThreads                  = 8                                         {product} {ergonomic}
   size_t G1HeapRegionSize                         = 1048576                                   {product} {ergonomic}
    uintx GCDrainStackTargetSize                   = 64                                        {product} {ergonomic}
   size_t InitialHeapSize                          = 62914560                                  {product} {ergonomic}
   size_t MarkStackSize                            = 4194304                                   {product} {ergonomic}
   size_t MaxHeapSize                              = 987758592                                 {product} {ergonomic}
   size_t MaxNewSize                               = 592445440                                 {product} {ergonomic}
   size_t MinHeapDeltaBytes                        = 1048576                                   {product} {ergonomic}
   size_t MinHeapSize                              = 8388608                                   {product} {ergonomic}
    uintx NonProfiledCodeHeapSize                  = 0                                      {pd product} {ergonomic}
     bool ProfileInterpreter                       = false                                  {pd product} {command line}
    uintx ProfiledCodeHeapSize                     = 0                                      {pd product} {ergonomic}
   size_t SoftMaxHeapSize                          = 987758592                              {manageable} {ergonomic}
     intx TieredStopAtLevel                        = 1                                         {product} {command line}
     bool UseCompressedClassPointers               = true                           {product lp64_product} {ergonomic}
     bool UseCompressedOops                        = true                           {product lp64_product} {ergonomic}
     bool UseG1GC                                  = true                                      {product} {ergonomic}
     bool UseLargePagesIndividualAllocation        = false                                  {pd product} {ergonomic}

Logging:
Log output configuration:
 #0: stdout all=warning uptime,level,tags
 #1: stderr all=off uptime,level,tags

Environment Variables:
JAVA_HOME=C:\Program Files\Microsoft\jdk-17.0.18.8-hotspot\
PATH=C:\Program Files\Microsoft\jdk-17.0.18.8-hotspot\bin;C:\Python314\Scripts\;C:\Python314\;C:\oraclexe\app\oracle\product\10.2.0\server\bin;C:\app\HP\product\21c\dbhomeXE\bin;C:\Users\HP\Downloads\WINDOWS.X64_193000_grid_home\bin;C:\WINDOWS\system32;C:\WINDOWS;C:\WINDOWS\System32\Wbem;C:\WINDOWS\System32\WindowsPowerShell\v1.0\;C:\WINDOWS\System32\OpenSSH\;C:\Program Files\PuTTY\;C:\Program Files (x86)\;C:\Program Files\Git\cmd;C:\Program Files (x86)\Windows Kits\10\Windows Performance Toolkit\;C:\Program Files\MongoDB\Server\8.2\bin;C:\Program Files\nodejs\;C:\ProgramData\chocolatey\bin;C:\Users\HP\AppData\Local\Programs\Python\Python313\Scripts\;C:\Users\HP\AppData\Local\Programs\Python\Python313\;C:\Users\HP\AppData\Local\Programs\Python\Launcher\;C:\Users\HP\AppData\Local\Microsoft\WindowsApps;;C:\Users\HP\AppData\Local\Programs\Microsoft VS Code\bin;C:\Users\HP\Desktop\Antigravity\bin;C:\Users\HP\AppData\Roaming\npm;c:\Users\HP\.antigravity\extensions\ms-python.debugpy-2025.18.0-win32-x64\bundled\scripts\noConfigScripts;c:\Users\HP\.antigravity\extensions\vscjava.vscode-java-debug-0.58.5-universal\bundled\scripts\noConfigScripts
USERNAME=HP
LANG=en_US.UTF-8
OS=Windows_NT
PROCESSOR_IDENTIFIER=Intel64 Family 6 Model 154 Stepping 4, GenuineIntel
TMP=C:\Users\HP\AppData\Local\Temp
TEMP=C:\Users\HP\AppData\Local\Temp



Periodic native trim disabled


---------------  S Y S T E M  ---------------

OS:
 Windows 11 , 64 bit Build 22621 (10.0.22621.5415)
OS uptime: 4 days 13:46 hours
Hyper-V role detected

CPU: total 8 (initial active 8) (4 cores per cpu, 2 threads per core) family 6 model 154 stepping 4 microcode 0x42c, cx8, cmov, fxsr, ht, mmx, 3dnowpref, sse, sse2, sse3, ssse3, sse4.1, sse4.2, popcnt, lzcnt, tsc, tscinvbit, avx, avx2, aes, erms, clmul, bmi1, bmi2, adx, sha, fma, vzeroupper, clflush, clflushopt, clwb, hv
Processor Information for processor 0
  Max Mhz: 1200, Current Mhz: 1200, Mhz Limit: 1200
Processor Information for processor 1
  Max Mhz: 1200, Current Mhz: 1200, Mhz Limit: 1200
Processor Information for processor 2
  Max Mhz: 1200, Current Mhz: 1200, Mhz Limit: 1200
Processor Information for processor 3
  Max Mhz: 1200, Current Mhz: 1200, Mhz Limit: 1200
Processor Information for processor 4
  Max Mhz: 1200, Current Mhz: 900, Mhz Limit: 900
Processor Information for processor 5
  Max Mhz: 1200, Current Mhz: 900, Mhz Limit: 900
Processor Information for processor 6
  Max Mhz: 1200, Current Mhz: 900, Mhz Limit: 900
Processor Information for processor 7
  Max Mhz: 1200, Current Mhz: 900, Mhz Limit: 900

Memory: 4k page, system-wide physical 3767M (104M free)
TotalPageFile size 15543M (AvailPageFile size 5M)
current process WorkingSet (physical memory assigned to process): 126M, peak: 126M
current process commit charge ("private bytes"): 180M, peak: 185M

vm_info: OpenJDK 64-Bit Server VM (17.0.18+8-LTS) for windows-amd64 JRE (17.0.18+8-LTS), built on Jan 15 2026 18:50:45 by "MicrosoftCorporation" with MS VC++ 17.14 (VS2022)

END.
