#
# There is insufficient memory for the Java Runtime Environment to continue.
# Native memory allocation (malloc) failed to allocate 8436504 bytes. Error detail: Chunk::new
# Possible reasons:
#   The system is out of physical RAM or swap space
#   This process is running with CompressedOops enabled, and the Java Heap may be blocking the growth of the native heap
# Possible solutions:
#   Reduce memory load on the system
#   Increase physical memory or swap space
#   Check if swap backing store is full
#   Decrease Java heap size (-Xmx/-Xms)
#   Decrease number of Java threads
#   Decrease Java thread stack sizes (-Xss)
#   Set larger code cache with -XX:ReservedCodeCacheSize=
#   JVM is running with Unscaled Compressed Oops mode in which the Java heap is
#     placed in the first 4GB address space. The Java Heap base address is the
#     maximum limit for the native heap growth. Please use -XX:HeapBaseMinAddress
#     to set the Java Heap base and to place the Java Heap above 4GB virtual address.
# This output file may be truncated or incomplete.
#
#  Out of Memory Error (arena.cpp:186), pid=1704, tid=10380
#
# JRE version: OpenJDK Runtime Environment Temurin-25.0.1+8 (25.0.1+8) (build 25.0.1+8-LTS)
# Java VM: OpenJDK 64-Bit Server VM Temurin-25.0.1+8 (25.0.1+8-LTS, mixed mode, sharing, tiered, compressed oops, compressed class ptrs, g1 gc, windows-amd64)
# No core dump will be written. Minidumps are not enabled by default on client versions of Windows
#

---------------  S U M M A R Y ------------

Command Line: -Dclassworlds.conf=C:\Users\HP\Desktop\testspr\backend\maven\apache-maven-3.9.6\bin\m2.conf -Dmaven.home=C:\Users\HP\Desktop\testspr\backend\maven\apache-maven-3.9.6 -Dlibrary.jansi.path=C:\Users\HP\Desktop\testspr\backend\maven\apache-maven-3.9.6\lib\jansi-native -Dmaven.multiModuleProjectDirectory=C:\Users\HP\Desktop\PFEE\backend org.codehaus.plexus.classworlds.launcher.Launcher spring-boot:run

Host: 12th Gen Intel(R) Core(TM) i3-1215U, 8 cores, 3G,  Windows 11 , 64 bit Build 22621 (10.0.22621.5415)
Time: Mon Mar  9 01:21:47 2026 Afr. centrale Ouest elapsed time: 8.628358 seconds (0d 0h 0m 8s)

---------------  T H R E A D  ---------------

Current thread (0x000001e445f4e720):  JavaThread "C2 CompilerThread0" daemon [_thread_in_native, id=10380, stack(0x00000052a4b00000,0x00000052a4c00000) (1024K)]


Current CompileTask:
C2:8628 3331       4       sun.util.locale.BaseLocale::getInstance (160 bytes)

Stack: [0x00000052a4b00000,0x00000052a4c00000]
Native frames: (J=compiled Java code, j=interpreted, Vv=VM code, C=native code)
V  [jvm.dll+0x7a8379]  (no source info available)
V  [jvm.dll+0x7729fd]  (no source info available)
V  [jvm.dll+0x9f57b3]  (no source info available)
V  [jvm.dll+0x9f7da1]  (no source info available)
V  [jvm.dll+0x9f84a3]  (no source info available)
V  [jvm.dll+0x2fcd26]  (no source info available)
V  [jvm.dll+0x111086]  (no source info available)
V  [jvm.dll+0x1113ae]  (no source info available)
V  [jvm.dll+0x1a01a2]  (no source info available)
V  [jvm.dll+0x3b5e72]  (no source info available)
V  [jvm.dll+0x7adcec]  (no source info available)
V  [jvm.dll+0x2c0327]  (no source info available)
V  [jvm.dll+0x2bf2ef]  (no source info available)
V  [jvm.dll+0x237300]  (no source info available)
V  [jvm.dll+0x2cf386]  (no source info available)
V  [jvm.dll+0x2cd60a]  (no source info available)
V  [jvm.dll+0x48f64e]  (no source info available)
V  [jvm.dll+0x99630d]  (no source info available)
V  [jvm.dll+0x7a6955]  (no source info available)
C  [ucrtbase.dll+0x29333]  (no source info available)
C  [KERNEL32.DLL+0x1259d]  (no source info available)
C  [ntdll.dll+0x5af78]  (no source info available)

Lock stack of current Java thread (top to bottom):


---------------  P R O C E S S  ---------------

Threads class SMR info:
_java_thread_list=0x000001e446001a80, length=11, elements={
0x000001e42d014fe0, 0x000001e445f39da0, 0x000001e445f3a800, 0x000001e445f3dbc0,
0x000001e445f3e8b0, 0x000001e445f401c0, 0x000001e445f41190, 0x000001e445f4e720,
0x000001e445f50090, 0x000001e445ffa920, 0x000001e446006f50
}

Java Threads: ( => current thread )
  0x000001e42d014fe0 JavaThread "main"                              [_thread_in_native, id=16152, stack(0x00000052a3d00000,0x00000052a3e00000) (1024K)]
  0x000001e445f39da0 JavaThread "Reference Handler"          daemon [_thread_blocked, id=17880, stack(0x00000052a4500000,0x00000052a4600000) (1024K)]
  0x000001e445f3a800 JavaThread "Finalizer"                  daemon [_thread_blocked, id=6580, stack(0x00000052a4600000,0x00000052a4700000) (1024K)]
  0x000001e445f3dbc0 JavaThread "Signal Dispatcher"          daemon [_thread_blocked, id=7040, stack(0x00000052a4700000,0x00000052a4800000) (1024K)]
  0x000001e445f3e8b0 JavaThread "Attach Listener"            daemon [_thread_blocked, id=13328, stack(0x00000052a4800000,0x00000052a4900000) (1024K)]
  0x000001e445f401c0 JavaThread "Service Thread"             daemon [_thread_blocked, id=3468, stack(0x00000052a4900000,0x00000052a4a00000) (1024K)]
  0x000001e445f41190 JavaThread "Monitor Deflation Thread"   daemon [_thread_blocked, id=15616, stack(0x00000052a4a00000,0x00000052a4b00000) (1024K)]
=>0x000001e445f4e720 JavaThread "C2 CompilerThread0"         daemon [_thread_in_native, id=10380, stack(0x00000052a4b00000,0x00000052a4c00000) (1024K)]
  0x000001e445f50090 JavaThread "C1 CompilerThread0"         daemon [_thread_blocked, id=5384, stack(0x00000052a4c00000,0x00000052a4d00000) (1024K)]
  0x000001e445ffa920 JavaThread "Notification Thread"        daemon [_thread_blocked, id=17740, stack(0x00000052a4d00000,0x00000052a4e00000) (1024K)]
  0x000001e446006f50 JavaThread "Common-Cleaner"             daemon [_thread_blocked, id=2904, stack(0x00000052a4e00000,0x00000052a4f00000) (1024K)]
Total: 11

Other Threads:
  0x000001e42f36b930 VMThread "VM Thread"                           [id=15348, stack(0x00000052a4400000,0x00000052a4500000) (1024K)]
  0x000001e445f2d5e0 WatcherThread "VM Periodic Task Thread"        [id=11488, stack(0x00000052a4300000,0x00000052a4400000) (1024K)]
  0x000001e42f2ed940 WorkerThread "GC Thread#0"                     [id=12440, stack(0x00000052a3e00000,0x00000052a3f00000) (1024K)]
  0x000001e44b0f62a0 WorkerThread "GC Thread#1"                     [id=17260, stack(0x00000052a4f00000,0x00000052a5000000) (1024K)]
  0x000001e44b05a850 WorkerThread "GC Thread#2"                     [id=12392, stack(0x00000052a5000000,0x00000052a5100000) (1024K)]
  0x000001e44b05c0a0 WorkerThread "GC Thread#3"                     [id=17988, stack(0x00000052a5100000,0x00000052a5200000) (1024K)]
  0x000001e44b05c8e0 WorkerThread "GC Thread#4"                     [id=14420, stack(0x00000052a5200000,0x00000052a5300000) (1024K)]
  0x000001e44b045140 WorkerThread "GC Thread#5"                     [id=14504, stack(0x00000052a5300000,0x00000052a5400000) (1024K)]
  0x000001e44b041d80 WorkerThread "GC Thread#6"                     [id=2160, stack(0x00000052a5400000,0x00000052a5500000) (1024K)]
  0x000001e44b042ec0 WorkerThread "GC Thread#7"                     [id=14372, stack(0x00000052a5500000,0x00000052a5600000) (1024K)]
  0x000001e42f2fac40 ConcurrentGCThread "G1 Main Marker"            [id=6200, stack(0x00000052a3f00000,0x00000052a4000000) (1024K)]
  0x000001e42f2fbf80 WorkerThread "G1 Conc#0"                       [id=17756, stack(0x00000052a4000000,0x00000052a4100000) (1024K)]
  0x000001e42f33c260 ConcurrentGCThread "G1 Refine#0"               [id=8352, stack(0x00000052a4100000,0x00000052a4200000) (1024K)]
  0x000001e42f33ce70 ConcurrentGCThread "G1 Service"                [id=5216, stack(0x00000052a4200000,0x00000052a4300000) (1024K)]
Total: 14

Threads with active compile tasks:
C2 CompilerThread0  8735 3331       4       sun.util.locale.BaseLocale::getInstance (160 bytes)
Total: 1

VM state: not at safepoint (normal execution)

VM Mutex/Monitor currently owned by a thread: None

Heap address: 0x00000000c5200000, size: 942 MB, Compressed Oops mode: 32-bit

CDS archive(s) mapped at: [0x0000000032000000-0x0000000032dc0000-0x0000000032dc0000), size 14417920, SharedBaseAddress: 0x0000000032000000, ArchiveRelocationMode: 1.
Compressed class space mapped at: 0x0000000033000000-0x0000000073000000, reserved size: 1073741824
UseCompressedClassPointers 1, UseCompactObjectHeaders 0
Narrow klass pointer bits 32, Max shift 3
Narrow klass base: 0x0000000032000000, Narrow klass shift: 0
Encoding Range: [0x0000000032000000 - 0x0000000132000000), (4294967296 bytes)
Klass Range:    [0x0000000032010000 - 0x0000000073000000), (1090453504 bytes)
Klass ID Range:  [65536 - 1090519033) (1090453497)
Protection zone: [0x0000000032000000 - 0x0000000032010000), (65536 bytes)

GC Precious Log:
 CardTable entry size: 512
 Card Set container configuration: InlinePtr #cards 5 size 8 Array Of Cards #cards 10 size 36 Howl #buckets 4 coarsen threshold 1843 Howl Bitmap #cards 512 size 80 coarsen threshold 460 Card regions per heap region 1 cards per card region 2048
 CPUs: 8 total, 8 available
 Memory: 3767M
 Large Page Support: Disabled
 NUMA Support: Disabled
 Compressed Oops: Enabled (32-bit)
 Heap Region Size: 1M
 Heap Min Capacity: 8M
 Heap Initial Capacity: 60M
 Heap Max Capacity: 942M
 Pre-touch: Disabled
 Parallel Workers: 8
 Concurrent Workers: 2
 Concurrent Refinement Workers: 8
 Periodic GC: Disabled

Heap:
 garbage-first heap   total reserved 964608K, committed 63488K, used 22482K [0x00000000c5200000, 0x0000000100000000)
  region size 1024K, 19 young (19456K), 3 survivors (3072K)

Heap Regions: E=young(eden), S=young(survivor), O=old, HS=humongous(starts), HC=humongous(continues), CS=collection set, F=free, TAMS=top-at-mark-start, PB=parsable bottom
|   0|0x00000000c5200000, 0x00000000c5300000, 0x00000000c5300000|100%| O|  |TAMS 0x00000000c5200000| PB 0x00000000c5200000| Untracked |  0
|   1|0x00000000c5300000, 0x00000000c5400000, 0x00000000c5400000|100%| O|  |TAMS 0x00000000c5300000| PB 0x00000000c5300000| Untracked |  0
|   2|0x00000000c5400000, 0x00000000c5500000, 0x00000000c5500000|100%| O|  |TAMS 0x00000000c5400000| PB 0x00000000c5400000| Untracked |  0
|   3|0x00000000c5500000, 0x00000000c5540800, 0x00000000c5600000| 25%| O|  |TAMS 0x00000000c5500000| PB 0x00000000c5500000| Untracked |  0
|   4|0x00000000c5600000, 0x00000000c5600000, 0x00000000c5700000|  0%| F|  |TAMS 0x00000000c5600000| PB 0x00000000c5600000| Untracked |  0
|   5|0x00000000c5700000, 0x00000000c5700000, 0x00000000c5800000|  0%| F|  |TAMS 0x00000000c5700000| PB 0x00000000c5700000| Untracked |  0
|   6|0x00000000c5800000, 0x00000000c5800000, 0x00000000c5900000|  0%| F|  |TAMS 0x00000000c5800000| PB 0x00000000c5800000| Untracked |  0
|   7|0x00000000c5900000, 0x00000000c5900000, 0x00000000c5a00000|  0%| F|  |TAMS 0x00000000c5900000| PB 0x00000000c5900000| Untracked |  0
|   8|0x00000000c5a00000, 0x00000000c5a00000, 0x00000000c5b00000|  0%| F|  |TAMS 0x00000000c5a00000| PB 0x00000000c5a00000| Untracked |  0
|   9|0x00000000c5b00000, 0x00000000c5b00000, 0x00000000c5c00000|  0%| F|  |TAMS 0x00000000c5b00000| PB 0x00000000c5b00000| Untracked |  0
|  10|0x00000000c5c00000, 0x00000000c5c00000, 0x00000000c5d00000|  0%| F|  |TAMS 0x00000000c5c00000| PB 0x00000000c5c00000| Untracked |  0
|  11|0x00000000c5d00000, 0x00000000c5d00000, 0x00000000c5e00000|  0%| F|  |TAMS 0x00000000c5d00000| PB 0x00000000c5d00000| Untracked |  0
|  12|0x00000000c5e00000, 0x00000000c5e00000, 0x00000000c5f00000|  0%| F|  |TAMS 0x00000000c5e00000| PB 0x00000000c5e00000| Untracked |  0
|  13|0x00000000c5f00000, 0x00000000c5f00000, 0x00000000c6000000|  0%| F|  |TAMS 0x00000000c5f00000| PB 0x00000000c5f00000| Untracked |  0
|  14|0x00000000c6000000, 0x00000000c6000000, 0x00000000c6100000|  0%| F|  |TAMS 0x00000000c6000000| PB 0x00000000c6000000| Untracked |  0
|  15|0x00000000c6100000, 0x00000000c6100000, 0x00000000c6200000|  0%| F|  |TAMS 0x00000000c6100000| PB 0x00000000c6100000| Untracked |  0
|  16|0x00000000c6200000, 0x00000000c6200000, 0x00000000c6300000|  0%| F|  |TAMS 0x00000000c6200000| PB 0x00000000c6200000| Untracked |  0
|  17|0x00000000c6300000, 0x00000000c6300000, 0x00000000c6400000|  0%| F|  |TAMS 0x00000000c6300000| PB 0x00000000c6300000| Untracked |  0
|  18|0x00000000c6400000, 0x00000000c6400000, 0x00000000c6500000|  0%| F|  |TAMS 0x00000000c6400000| PB 0x00000000c6400000| Untracked |  0
|  19|0x00000000c6500000, 0x00000000c6500000, 0x00000000c6600000|  0%| F|  |TAMS 0x00000000c6500000| PB 0x00000000c6500000| Untracked |  0
|  20|0x00000000c6600000, 0x00000000c6600000, 0x00000000c6700000|  0%| F|  |TAMS 0x00000000c6600000| PB 0x00000000c6600000| Untracked |  0
|  21|0x00000000c6700000, 0x00000000c6700000, 0x00000000c6800000|  0%| F|  |TAMS 0x00000000c6700000| PB 0x00000000c6700000| Untracked |  0
|  22|0x00000000c6800000, 0x00000000c6800000, 0x00000000c6900000|  0%| F|  |TAMS 0x00000000c6800000| PB 0x00000000c6800000| Untracked |  0
|  23|0x00000000c6900000, 0x00000000c6900000, 0x00000000c6a00000|  0%| F|  |TAMS 0x00000000c6900000| PB 0x00000000c6900000| Untracked |  0
|  24|0x00000000c6a00000, 0x00000000c6a00000, 0x00000000c6b00000|  0%| F|  |TAMS 0x00000000c6a00000| PB 0x00000000c6a00000| Untracked |  0
|  25|0x00000000c6b00000, 0x00000000c6b00000, 0x00000000c6c00000|  0%| F|  |TAMS 0x00000000c6b00000| PB 0x00000000c6b00000| Untracked |  0
|  26|0x00000000c6c00000, 0x00000000c6c00000, 0x00000000c6d00000|  0%| F|  |TAMS 0x00000000c6c00000| PB 0x00000000c6c00000| Untracked |  0
|  27|0x00000000c6d00000, 0x00000000c6d00000, 0x00000000c6e00000|  0%| F|  |TAMS 0x00000000c6d00000| PB 0x00000000c6d00000| Untracked |  0
|  28|0x00000000c6e00000, 0x00000000c6e00000, 0x00000000c6f00000|  0%| F|  |TAMS 0x00000000c6e00000| PB 0x00000000c6e00000| Untracked |  0
|  29|0x00000000c6f00000, 0x00000000c6f00000, 0x00000000c7000000|  0%| F|  |TAMS 0x00000000c6f00000| PB 0x00000000c6f00000| Untracked |  0
|  30|0x00000000c7000000, 0x00000000c7000000, 0x00000000c7100000|  0%| F|  |TAMS 0x00000000c7000000| PB 0x00000000c7000000| Untracked |  0
|  31|0x00000000c7100000, 0x00000000c7100000, 0x00000000c7200000|  0%| F|  |TAMS 0x00000000c7100000| PB 0x00000000c7100000| Untracked |  0
|  32|0x00000000c7200000, 0x00000000c72914b0, 0x00000000c7300000| 56%| S|CS|TAMS 0x00000000c7200000| PB 0x00000000c7200000| Complete |  0
|  33|0x00000000c7300000, 0x00000000c7400000, 0x00000000c7400000|100%| S|CS|TAMS 0x00000000c7300000| PB 0x00000000c7300000| Complete |  0
|  34|0x00000000c7400000, 0x00000000c7500000, 0x00000000c7500000|100%| S|CS|TAMS 0x00000000c7400000| PB 0x00000000c7400000| Complete |  0
|  35|0x00000000c7500000, 0x00000000c7500000, 0x00000000c7600000|  0%| F|  |TAMS 0x00000000c7500000| PB 0x00000000c7500000| Untracked |  0
|  36|0x00000000c7600000, 0x00000000c7600000, 0x00000000c7700000|  0%| F|  |TAMS 0x00000000c7600000| PB 0x00000000c7600000| Untracked |  0
|  37|0x00000000c7700000, 0x00000000c7700000, 0x00000000c7800000|  0%| F|  |TAMS 0x00000000c7700000| PB 0x00000000c7700000| Untracked |  0
|  38|0x00000000c7800000, 0x00000000c7800000, 0x00000000c7900000|  0%| F|  |TAMS 0x00000000c7800000| PB 0x00000000c7800000| Untracked |  0
|  39|0x00000000c7900000, 0x00000000c7900000, 0x00000000c7a00000|  0%| F|  |TAMS 0x00000000c7900000| PB 0x00000000c7900000| Untracked |  0
|  40|0x00000000c7a00000, 0x00000000c7a00000, 0x00000000c7b00000|  0%| F|  |TAMS 0x00000000c7a00000| PB 0x00000000c7a00000| Untracked |  0
|  41|0x00000000c7b00000, 0x00000000c7b00000, 0x00000000c7c00000|  0%| F|  |TAMS 0x00000000c7b00000| PB 0x00000000c7b00000| Untracked |  0
|  42|0x00000000c7c00000, 0x00000000c7c00000, 0x00000000c7d00000|  0%| F|  |TAMS 0x00000000c7c00000| PB 0x00000000c7c00000| Untracked |  0
|  43|0x00000000c7d00000, 0x00000000c7d00000, 0x00000000c7e00000|  0%| F|  |TAMS 0x00000000c7d00000| PB 0x00000000c7d00000| Untracked |  0
|  44|0x00000000c7e00000, 0x00000000c7ef48e8, 0x00000000c7f00000| 95%| E|  |TAMS 0x00000000c7e00000| PB 0x00000000c7e00000| Complete |  0
|  45|0x00000000c7f00000, 0x00000000c8000000, 0x00000000c8000000|100%| E|CS|TAMS 0x00000000c7f00000| PB 0x00000000c7f00000| Complete |  0
|  46|0x00000000c8000000, 0x00000000c8100000, 0x00000000c8100000|100%| E|CS|TAMS 0x00000000c8000000| PB 0x00000000c8000000| Complete |  0
|  47|0x00000000c8100000, 0x00000000c8200000, 0x00000000c8200000|100%| E|CS|TAMS 0x00000000c8100000| PB 0x00000000c8100000| Complete |  0
|  48|0x00000000c8200000, 0x00000000c8300000, 0x00000000c8300000|100%| E|CS|TAMS 0x00000000c8200000| PB 0x00000000c8200000| Complete |  0
|  49|0x00000000c8300000, 0x00000000c8400000, 0x00000000c8400000|100%| E|CS|TAMS 0x00000000c8300000| PB 0x00000000c8300000| Complete |  0
|  50|0x00000000c8400000, 0x00000000c8500000, 0x00000000c8500000|100%| E|CS|TAMS 0x00000000c8400000| PB 0x00000000c8400000| Complete |  0
|  51|0x00000000c8500000, 0x00000000c8600000, 0x00000000c8600000|100%| E|CS|TAMS 0x00000000c8500000| PB 0x00000000c8500000| Complete |  0
|  52|0x00000000c8600000, 0x00000000c8700000, 0x00000000c8700000|100%| E|CS|TAMS 0x00000000c8600000| PB 0x00000000c8600000| Complete |  0
|  53|0x00000000c8700000, 0x00000000c8800000, 0x00000000c8800000|100%| E|CS|TAMS 0x00000000c8700000| PB 0x00000000c8700000| Complete |  0
|  54|0x00000000c8800000, 0x00000000c8900000, 0x00000000c8900000|100%| E|CS|TAMS 0x00000000c8800000| PB 0x00000000c8800000| Complete |  0
|  55|0x00000000c8900000, 0x00000000c8a00000, 0x00000000c8a00000|100%| E|CS|TAMS 0x00000000c8900000| PB 0x00000000c8900000| Complete |  0
|  56|0x00000000c8a00000, 0x00000000c8b00000, 0x00000000c8b00000|100%| E|CS|TAMS 0x00000000c8a00000| PB 0x00000000c8a00000| Complete |  0
|  57|0x00000000c8b00000, 0x00000000c8c00000, 0x00000000c8c00000|100%| E|CS|TAMS 0x00000000c8b00000| PB 0x00000000c8b00000| Complete |  0
|  58|0x00000000c8c00000, 0x00000000c8d00000, 0x00000000c8d00000|100%| E|CS|TAMS 0x00000000c8c00000| PB 0x00000000c8c00000| Complete |  0
|  59|0x00000000c8d00000, 0x00000000c8e00000, 0x00000000c8e00000|100%| E|CS|TAMS 0x00000000c8d00000| PB 0x00000000c8d00000| Complete |  0
| 940|0x00000000ffe00000, 0x00000000fff00000, 0x00000000fff00000|100%| O|  |TAMS 0x00000000ffe00000| PB 0x00000000ffe00000| Untracked |  0
| 941|0x00000000fff00000, 0x00000000fff22dd0, 0x0000000100000000| 13%| O|  |TAMS 0x00000000fff00000| PB 0x00000000fff00000| Untracked |  0

Card table byte_map: [0x000001e4424e0000,0x000001e4426c0000] _byte_map_base: 0x000001e441eb7000

Marking Bits: (CMBitMap*) 0x000001e42f2ee0d0
 Bits: [0x000001e4426c0000, 0x000001e443578000)

Polling page: 0x000001e42ea80000

Metaspace:
Metaspace        used 15080K, committed 15296K, reserved 1114112K
 class space     used 1434K, committed 1536K, reserved 1048576K

Usage:
  Non-class:     13.33 MB used.
      Class:      1.40 MB used.
       Both:     14.73 MB used.

Virtual space:
  Non-class space:       64.00 MB reserved,      13.44 MB ( 21%) committed,  1 nodes.
      Class space:        1.00 GB reserved,       1.50 MB ( <1%) committed,  1 nodes.
             Both:        1.06 GB reserved,      14.94 MB (  1%) committed. 

Chunk freelists:
   Non-Class:  2.14 MB
       Class:  14.44 MB
        Both:  16.58 MB

MaxMetaspaceSize: unlimited
CompressedClassSpaceSize: 1.00 GB
Initial GC threshold: 21.00 MB
Current GC threshold: 21.00 MB
CDS: on
 - commit_granule_bytes: 65536.
 - commit_granule_words: 8192.
 - virtual_space_node_default_size: 8388608.
 - enlarge_chunks_in_place: 1.
UseCompressedClassPointers 1, UseCompactObjectHeaders 0
Narrow klass pointer bits 32, Max shift 3
Narrow klass base: 0x0000000032000000, Narrow klass shift: 0
Encoding Range: [0x0000000032000000 - 0x0000000132000000), (4294967296 bytes)
Klass Range:    [0x0000000032010000 - 0x0000000073000000), (1090453504 bytes)
Klass ID Range:  [65536 - 1090519033) (1090453497)
Protection zone: [0x0000000032000000 - 0x0000000032010000), (65536 bytes)


Internal statistics:

num_allocs_failed_limit: 0.
num_arena_births: 150.
num_arena_deaths: 0.
num_vsnodes_births: 2.
num_vsnodes_deaths: 0.
num_space_committed: 239.
num_space_uncommitted: 0.
num_chunks_returned_to_freelist: 0.
num_chunks_taken_from_freelist: 643.
num_chunk_merges: 0.
num_chunk_splits: 459.
num_chunks_enlarged: 373.
num_inconsistent_stats: 0.

CodeHeap 'non-profiled nmethods': size=120064Kb used=891Kb max_used=891Kb free=119172Kb
 bounds [0x000001e43aa90000, 0x000001e43ad00000, 0x000001e441fd0000]
CodeHeap 'profiled nmethods': size=120000Kb used=5296Kb max_used=5296Kb free=114703Kb
 bounds [0x000001e432fd0000, 0x000001e433500000, 0x000001e43a500000]
CodeHeap 'non-nmethods': size=5696Kb used=1403Kb max_used=1467Kb free=4292Kb
 bounds [0x000001e43a500000, 0x000001e43a770000, 0x000001e43aa90000]
CodeCache: size=245760Kb, used=7590Kb, max_used=7654Kb, free=238167Kb
 total_blobs=3936, nmethods=3411, adapters=427, full_count=0
Compilation: enabled, stopped_count=0, restarted_count=0

Compilation events (20 events):
Event: 8.611 Thread 0x000001e445f50090 nmethod 3387 0x000001e4334e9f08 code [0x000001e4334ea000, 0x000001e4334ea110]
Event: 8.614 Thread 0x000001e445f50090 3388       3       java.lang.Class::copyMethods (36 bytes)
Event: 8.614 Thread 0x000001e445f50090 nmethod 3388 0x000001e4334ea208 code [0x000001e4334ea300, 0x000001e4334eaa08]
Event: 8.614 Thread 0x000001e445f50090 3389       1       com.google.inject.internal.ConstructionContext::getCurrentReference (5 bytes)
Event: 8.614 Thread 0x000001e445f50090 nmethod 3389 0x000001e43ab6d908 code [0x000001e43ab6da00, 0x000001e43ab6dac8]
Event: 8.615 Thread 0x000001e445f50090 3390       1       com.google.inject.internal.ConstructionContext::setCurrentReference (6 bytes)
Event: 8.615 Thread 0x000001e445f50090 nmethod 3390 0x000001e43ab6dc08 code [0x000001e43ab6dd00, 0x000001e43ab6de10]
Event: 8.617 Thread 0x000001e445f50090 3391       1       jdk.internal.classfile.impl.DirectClassBuilder::setInterfaces (6 bytes)
Event: 8.617 Thread 0x000001e445f50090 nmethod 3391 0x000001e43ab6df08 code [0x000001e43ab6e000, 0x000001e43ab6e110]
Event: 8.617 Thread 0x000001e445f50090 3392       3       java.lang.classfile.CodeBuilder::invoke (46 bytes)
Event: 8.617 Thread 0x000001e445f50090 nmethod 3392 0x000001e4334eaa88 code [0x000001e4334eab80, 0x000001e4334eb058]
Event: 8.617 Thread 0x000001e445f50090 3393       3       jdk.internal.classfile.impl.DirectCodeBuilder::invoke (43 bytes)
Event: 8.618 Thread 0x000001e445f50090 nmethod 3393 0x000001e4334eb088 code [0x000001e4334eb180, 0x000001e4334ec598]
Event: 8.621 Thread 0x000001e445f50090 3394       3       org.eclipse.sisu.inject.RankedSequence::safeBinarySearch (77 bytes)
Event: 8.621 Thread 0x000001e445f50090 nmethod 3394 0x000001e4334ec608 code [0x000001e4334ec700, 0x000001e4334ec9f8]
Event: 8.623 Thread 0x000001e445f50090 3395       3       sun.reflect.generics.visitor.Reifier::make (9 bytes)
Event: 8.623 Thread 0x000001e445f50090 nmethod 3395 0x000001e4334eca08 code [0x000001e4334ecb00, 0x000001e4334ecd60]
Event: 8.623 Thread 0x000001e445f50090 3396       3       sun.reflect.generics.visitor.Reifier::<init> (10 bytes)
Event: 8.623 Thread 0x000001e445f50090 nmethod 3396 0x000001e4334ecd88 code [0x000001e4334ece80, 0x000001e4334ed030]
Event: 8.625 Thread 0x000001e445f50090 3397       3       org.eclipse.sisu.plexus.RealmFilteredBeans$FilteredItr::hasNext (85 bytes)

GC Heap Usage History (4 events):
Event: 7.187 {heap Before GC invocations=0 (full 0):
 garbage-first heap   total reserved 964608K, committed 63488K, used 32907K [0x00000000c5200000, 0x0000000100000000)
  region size 1024K, 31 young (31744K), 0 survivors (0K)
}
Event: 7.197 {heap After GC invocations=1 (full 0):
 garbage-first heap   total reserved 964608K, committed 63488K, used 4875K [0x00000000c5200000, 0x0000000100000000)
  region size 1024K, 4 young (4096K), 4 survivors (4096K)
}
Event: 8.006 {heap Before GC invocations=1 (full 0):
 garbage-first heap   total reserved 964608K, committed 63488K, used 29451K [0x00000000c5200000, 0x0000000100000000)
  region size 1024K, 29 young (29696K), 4 survivors (4096K)
}
Event: 8.018 {heap After GC invocations=2 (full 0):
 garbage-first heap   total reserved 964608K, committed 63488K, used 7122K [0x00000000c5200000, 0x0000000100000000)
  region size 1024K, 3 young (3072K), 3 survivors (3072K)
}

Metaspace Usage History (4 events):
Event: 7.187 {metaspace Before GC invocations=0 (full 0):
 Metaspace       used 6838K, committed 7040K, reserved 1114112K
  class space    used 580K, committed 640K, reserved 1048576K
}
Event: 7.197 {metaspace After GC invocations=1 (full 0):
 Metaspace       used 6838K, committed 7040K, reserved 1114112K
  class space    used 580K, committed 640K, reserved 1048576K
}
Event: 8.006 {metaspace Before GC invocations=1 (full 0):
 Metaspace       used 11896K, committed 12160K, reserved 1114112K
  class space    used 1108K, committed 1216K, reserved 1048576K
}
Event: 8.018 {metaspace After GC invocations=2 (full 0):
 Metaspace       used 11896K, committed 12160K, reserved 1114112K
  class space    used 1108K, committed 1216K, reserved 1048576K
}

Dll operation events (8 events):
Event: 0.202 Loaded shared library c:\Users\HP\Desktop\spring-tools-for-eclipse-5.0.1.RELEASE-e4.38.0-win32.win32.x86_64\sts-5.0.1.RELEASE\plugins\org.eclipse.justj.openjdk.hotspot.jre.full.win32.x86_64_25.0.1.v20251108-1451\jre\bin\java.dll
Event: 0.315 Loaded shared library c:\Users\HP\Desktop\spring-tools-for-eclipse-5.0.1.RELEASE-e4.38.0-win32.win32.x86_64\sts-5.0.1.RELEASE\plugins\org.eclipse.justj.openjdk.hotspot.jre.full.win32.x86_64_25.0.1.v20251108-1451\jre\bin\zip.dll
Event: 0.401 Loaded shared library C:\Users\HP\Desktop\spring-tools-for-eclipse-5.0.1.RELEASE-e4.38.0-win32.win32.x86_64\sts-5.0.1.RELEASE\plugins\org.eclipse.justj.openjdk.hotspot.jre.full.win32.x86_64_25.0.1.v20251108-1451\jre\bin\net.dll
Event: 0.445 Loaded shared library C:\Users\HP\Desktop\spring-tools-for-eclipse-5.0.1.RELEASE-e4.38.0-win32.win32.x86_64\sts-5.0.1.RELEASE\plugins\org.eclipse.justj.openjdk.hotspot.jre.full.win32.x86_64_25.0.1.v20251108-1451\jre\bin\nio.dll
Event: 0.494 Loaded shared library C:\Users\HP\Desktop\spring-tools-for-eclipse-5.0.1.RELEASE-e4.38.0-win32.win32.x86_64\sts-5.0.1.RELEASE\plugins\org.eclipse.justj.openjdk.hotspot.jre.full.win32.x86_64_25.0.1.v20251108-1451\jre\bin\zip.dll
Event: 5.205 Loaded shared library C:\Users\HP\Desktop\spring-tools-for-eclipse-5.0.1.RELEASE-e4.38.0-win32.win32.x86_64\sts-5.0.1.RELEASE\plugins\org.eclipse.justj.openjdk.hotspot.jre.full.win32.x86_64_25.0.1.v20251108-1451\jre\bin\jimage.dll
Event: 5.415 Loaded shared library C:\Users\HP\Desktop\testspr\backend\maven\apache-maven-3.9.6\lib\jansi-native\Windows\x86_64\jansi.dll
Event: 5.487 Loaded shared library c:\Users\HP\Desktop\spring-tools-for-eclipse-5.0.1.RELEASE-e4.38.0-win32.win32.x86_64\sts-5.0.1.RELEASE\plugins\org.eclipse.justj.openjdk.hotspot.jre.full.win32.x86_64_25.0.1.v20251108-1451\jre\bin\verify.dll

Deoptimization events (20 events):
Event: 8.546 Thread 0x000001e42d014fe0 Uncommon trap: trap_request=0xffffffde fr.pc=0x000001e43ab48b18 relative=0x0000000000000618
Event: 8.546 Thread 0x000001e42d014fe0 Uncommon trap: reason=class_check action=maybe_recompile pc=0x000001e43ab48b18 method=java.util.HashMap.putVal(ILjava/lang/Object;Ljava/lang/Object;ZZ)Ljava/lang/Object; @ 203 c2
Event: 8.546 Thread 0x000001e42d014fe0 DEOPT PACKING pc=0x000001e43ab48b18 sp=0x00000052a3dfe070
Event: 8.546 Thread 0x000001e42d014fe0 DEOPT UNPACKING pc=0x000001e43a621382 sp=0x00000052a3dfdf78 mode 2
Event: 8.563 Thread 0x000001e42d014fe0 Uncommon trap: trap_request=0xffffff45 fr.pc=0x000001e43aae44b4 relative=0x00000000000000b4
Event: 8.563 Thread 0x000001e42d014fe0 Uncommon trap: reason=unstable_if action=reinterpret pc=0x000001e43aae44b4 method=java.nio.Buffer.limit(I)Ljava/nio/Buffer; @ 42 c2
Event: 8.563 Thread 0x000001e42d014fe0 DEOPT PACKING pc=0x000001e43aae44b4 sp=0x00000052a3dfd4e0
Event: 8.563 Thread 0x000001e42d014fe0 DEOPT UNPACKING pc=0x000001e43a621382 sp=0x00000052a3dfd468 mode 2
Event: 8.563 Thread 0x000001e42d014fe0 Uncommon trap: trap_request=0xffffffc6 fr.pc=0x000001e43aae7f74 relative=0x0000000000000274
Event: 8.563 Thread 0x000001e42d014fe0 Uncommon trap: reason=bimorphic_or_optimized_type_check action=maybe_recompile pc=0x000001e43aae7f74 method=java.nio.Buffer.<init>(IIIILjava/lang/foreign/MemorySegment;)V @ 39 c2
Event: 8.563 Thread 0x000001e42d014fe0 DEOPT PACKING pc=0x000001e43aae7f74 sp=0x00000052a3dfd1c0
Event: 8.563 Thread 0x000001e42d014fe0 DEOPT UNPACKING pc=0x000001e43a621382 sp=0x00000052a3dfd148 mode 2
Event: 8.564 Thread 0x000001e42d014fe0 Uncommon trap: trap_request=0xffffffc6 fr.pc=0x000001e43aae7f74 relative=0x0000000000000274
Event: 8.564 Thread 0x000001e42d014fe0 Uncommon trap: reason=bimorphic_or_optimized_type_check action=maybe_recompile pc=0x000001e43aae7f74 method=java.nio.Buffer.<init>(IIIILjava/lang/foreign/MemorySegment;)V @ 39 c2
Event: 8.564 Thread 0x000001e42d014fe0 DEOPT PACKING pc=0x000001e43aae7f74 sp=0x00000052a3dfd290
Event: 8.564 Thread 0x000001e42d014fe0 DEOPT UNPACKING pc=0x000001e43a621382 sp=0x00000052a3dfd218 mode 2
Event: 8.567 Thread 0x000001e42d014fe0 Uncommon trap: trap_request=0xffffffc6 fr.pc=0x000001e43aae7f74 relative=0x0000000000000274
Event: 8.567 Thread 0x000001e42d014fe0 Uncommon trap: reason=bimorphic_or_optimized_type_check action=maybe_recompile pc=0x000001e43aae7f74 method=java.nio.Buffer.<init>(IIIILjava/lang/foreign/MemorySegment;)V @ 39 c2
Event: 8.567 Thread 0x000001e42d014fe0 DEOPT PACKING pc=0x000001e43aae7f74 sp=0x00000052a3dfd360
Event: 8.567 Thread 0x000001e42d014fe0 DEOPT UNPACKING pc=0x000001e43a621382 sp=0x00000052a3dfd2e8 mode 2

Classes loaded (20 events):
Event: 8.463 Loading class sun/nio/ch/FileLockTable
Event: 8.463 Loading class sun/nio/ch/FileLockTable done
Event: 8.463 Loading class sun/nio/ch/FileKey
Event: 8.463 Loading class sun/nio/ch/FileKey done
Event: 8.463 Loading class sun/nio/ch/FileLockTable$FileLockReference
Event: 8.464 Loading class sun/nio/ch/FileLockTable$FileLockReference done
Event: 8.464 Loading class java/util/AbstractMap$2
Event: 8.464 Loading class java/util/AbstractMap$2 done
Event: 8.464 Loading class java/util/AbstractMap$ValueIterator
Event: 8.465 Loading class java/util/AbstractMap$ValueIterator done
Event: 8.560 Loading class sun/util/resources/LocaleData$CommonResourceBundleProvider
Event: 8.560 Loading class sun/util/resources/LocaleData$LocaleDataResourceBundleProvider
Event: 8.561 Loading class java/util/spi/ResourceBundleProvider
Event: 8.562 Loading class java/util/spi/ResourceBundleProvider done
Event: 8.562 Loading class sun/util/resources/LocaleData$LocaleDataResourceBundleProvider done
Event: 8.562 Loading class sun/util/resources/LocaleData$CommonResourceBundleProvider done
Event: 8.595 Loading class java/util/StringTokenizer
Event: 8.595 Loading class java/util/StringTokenizer done
Event: 8.597 Loading class java/math/BigDecimal
Event: 8.599 Loading class java/math/BigDecimal done

Classes unloaded (0 events):
No events

Classes redefined (0 events):
No events

Internal exceptions (20 events):
Event: 6.868 Thread 0x000001e42d014fe0 Exception <a 'java/lang/NoSuchMethodError'{0x00000000c7c1eff8}: 'int java.lang.invoke.DirectMethodHandle$Holder.invokeStaticInit(java.lang.Object, java.lang.Object)'> (0x00000000c7c1eff8) 
thrown [s\src\hotspot\share\interpreter\linkResolver.cpp, line 804]
Event: 6.879 Thread 0x000001e42d014fe0 Exception <a 'java/lang/NoClassDefFoundError'{0x00000000c7c58f68}: javax/enterprise/inject/Typed> (0x00000000c7c58f68) 
thrown [s\src\hotspot\share\classfile\systemDictionary.cpp, line 316]
Event: 7.793 Thread 0x000001e42d014fe0 Exception <a 'java/lang/NoSuchMethodError'{0x00000000c7b79cb0}: 'void java.lang.invoke.DirectMethodHandle$Holder.invokeStaticInit(java.lang.Object, java.lang.Object, java.lang.Object)'> (0x00000000c7b79cb0) 
thrown [s\src\hotspot\share\interpreter\linkResolver.cpp, line 804]
Event: 7.800 Thread 0x000001e42d014fe0 Exception <a 'java/lang/ExceptionInInitializerError'{0x00000000c7bc6f20}> (0x00000000c7bc6f20) 
thrown [s\src\hotspot\share\oops\instanceKlass.cpp, line 1355]
Event: 7.808 Thread 0x000001e42d014fe0 Exception <a 'java/lang/NoSuchMethodError'{0x00000000c7a07b70}: 'long java.lang.invoke.DelegatingMethodHandle$Holder.reinvoke_L(java.lang.Object, java.lang.Object, java.lang.Object)'> (0x00000000c7a07b70) 
thrown [s\src\hotspot\share\interpreter\linkResolver.cpp, line 804]
Event: 7.847 Thread 0x000001e42d014fe0 Exception <a 'java/lang/NoSuchMethodError'{0x00000000c7913e80}: 'long java.lang.invoke.DelegatingMethodHandle$Holder.reinvoke_L(java.lang.Object, java.lang.Object, int)'> (0x00000000c7913e80) 
thrown [s\src\hotspot\share\interpreter\linkResolver.cpp, line 804]
Event: 7.851 Thread 0x000001e42d014fe0 Exception <a 'java/lang/NoSuchMethodError'{0x00000000c792c018}: 'java.lang.Object java.lang.invoke.DirectMethodHandle$Holder.invokeStatic(java.lang.Object, java.lang.Object, java.lang.Object, java.lang.Object, int)'> (0x00000000c792c018) 
thrown [s\src\hotspot\share\interpreter\linkResolver.cpp, line 804]
Event: 7.851 Thread 0x000001e42d014fe0 Exception <a 'java/lang/NoSuchMethodError'{0x00000000c793d800}: 'java.lang.Object java.lang.invoke.DirectMethodHandle$Holder.invokeSpecial(java.lang.Object, java.lang.Object, java.lang.Object, java.lang.Object, long)'> (0x00000000c793d800) 
thrown [s\src\hotspot\share\interpreter\linkResolver.cpp, line 804]
Event: 7.856 Thread 0x000001e42d014fe0 Exception <a 'java/lang/NoSuchMethodError'{0x00000000c798ea80}: 'java.lang.Object java.lang.invoke.Invokers$Holder.invokeExact_MT(java.lang.Object, java.lang.Object, java.lang.Object, java.lang.Object, java.lang.Object, java.lang.Object)'> (0x00000000c798ea80) 
thrown [s\src\hotspot\share\interpreter\linkResolver.cpp, line 804]
Event: 7.858 Thread 0x000001e42d014fe0 Implicit null exception at 0x000001e43aaf301d to 0x000001e43aaf31ac
Event: 7.859 Thread 0x000001e42d014fe0 Exception <a 'java/lang/NoSuchMethodError'{0x00000000c79ae1d0}: 'java.lang.Object java.lang.invoke.Invokers$Holder.invokeExact_MT(java.lang.Object, int, java.lang.Object)'> (0x00000000c79ae1d0) 
thrown [s\src\hotspot\share\interpreter\linkResolver.cpp, line 804]
Event: 7.869 Thread 0x000001e42d014fe0 Exception <a 'java/lang/NoSuchMethodError'{0x00000000c7813ef8}: 'void java.lang.invoke.DirectMethodHandle$Holder.invokeStatic(java.lang.Object, java.lang.Object)'> (0x00000000c7813ef8) 
thrown [s\src\hotspot\share\interpreter\linkResolver.cpp, line 804]
Event: 8.085 Thread 0x000001e42d014fe0 Exception <a 'java/lang/NoSuchMethodError'{0x00000000c8a81670}: 'void java.lang.invoke.Invokers$Holder.invokeExact_MT(java.lang.Object, java.lang.Object, java.lang.Object, java.lang.Object)'> (0x00000000c8a81670) 
thrown [s\src\hotspot\share\interpreter\linkResolver.cpp, line 804]
Event: 8.099 Thread 0x000001e42d014fe0 Exception <a 'java/lang/NoClassDefFoundError'{0x00000000c8912188}: com/google/inject/servlet/ServletModuleTargetVisitor> (0x00000000c8912188) 
thrown [s\src\hotspot\share\classfile\systemDictionary.cpp, line 316]
Event: 8.151 Thread 0x000001e42d014fe0 Exception <a 'java/lang/NoSuchMethodError'{0x00000000c88ca950}: 'void java.lang.invoke.DirectMethodHandle$Holder.invokeVirtual(java.lang.Object, java.lang.Object)'> (0x00000000c88ca950) 
thrown [s\src\hotspot\share\interpreter\linkResolver.cpp, line 804]
Event: 8.201 Thread 0x000001e42d014fe0 Exception <a 'java/lang/NoSuchMethodError'{0x00000000c876de80}: 'java.lang.Object java.lang.invoke.DirectMethodHandle$Holder.invokeStaticInit(java.lang.Object, int, int, int, int)'> (0x00000000c876de80) 
thrown [s\src\hotspot\share\interpreter\linkResolver.cpp, line 804]
Event: 8.397 Thread 0x000001e42d014fe0 Implicit null exception at 0x000001e43ab528b6 to 0x000001e43ab533a8
Event: 8.397 Thread 0x000001e42d014fe0 Implicit null exception at 0x000001e43aac3236 to 0x000001e43aac3c28
Event: 8.609 Thread 0x000001e42d014fe0 Exception <a 'java/lang/NoSuchMethodError'{0x00000000c7f87da0}: 'void java.lang.invoke.DirectMethodHandle$Holder.invokeVirtual(java.lang.Object, java.lang.Object, int)'> (0x00000000c7f87da0) 
thrown [s\src\hotspot\share\interpreter\linkResolver.cpp, line 804]
Event: 8.610 Thread 0x000001e42d014fe0 Exception <a 'java/lang/NoSuchMethodError'{0x00000000c7f98220}: 'void java.lang.invoke.DelegatingMethodHandle$Holder.reinvoke_L(java.lang.Object, java.lang.Object, int)'> (0x00000000c7f98220) 
thrown [s\src\hotspot\share\interpreter\linkResolver.cpp, line 804]

VM Operations (20 events):
Event: 7.901 Executing non-safepoint VM operation: HandshakeAllThreads (Deoptimize)
Event: 7.901 Executing non-safepoint VM operation: HandshakeAllThreads (Deoptimize) done
Event: 7.903 Executing non-safepoint VM operation: HandshakeAllThreads (Deoptimize)
Event: 7.903 Executing non-safepoint VM operation: HandshakeAllThreads (Deoptimize) done
Event: 7.972 Executing non-safepoint VM operation: HandshakeAllThreads (Deoptimize)
Event: 7.973 Executing non-safepoint VM operation: HandshakeAllThreads (Deoptimize) done
Event: 8.006 Executing safepoint VM operation: G1CollectForAllocation (G1 Evacuation Pause)
Event: 8.018 Executing safepoint VM operation: G1CollectForAllocation (G1 Evacuation Pause) done
Event: 8.080 Executing non-safepoint VM operation: HandshakeAllThreads (Deoptimize)
Event: 8.080 Executing non-safepoint VM operation: HandshakeAllThreads (Deoptimize) done
Event: 8.159 Executing non-safepoint VM operation: HandshakeAllThreads (Deoptimize)
Event: 8.159 Executing non-safepoint VM operation: HandshakeAllThreads (Deoptimize) done
Event: 8.220 Executing non-safepoint VM operation: HandshakeAllThreads (Deoptimize)
Event: 8.220 Executing non-safepoint VM operation: HandshakeAllThreads (Deoptimize) done
Event: 8.270 Executing non-safepoint VM operation: HandshakeAllThreads (Deoptimize)
Event: 8.270 Executing non-safepoint VM operation: HandshakeAllThreads (Deoptimize) done
Event: 8.354 Executing non-safepoint VM operation: HandshakeAllThreads (Deoptimize)
Event: 8.354 Executing non-safepoint VM operation: HandshakeAllThreads (Deoptimize) done
Event: 8.356 Executing non-safepoint VM operation: HandshakeAllThreads (Deoptimize)
Event: 8.356 Executing non-safepoint VM operation: HandshakeAllThreads (Deoptimize) done

Memory protections (0 events):
No events

Nmethod flushes (0 events):
No events

Events (11 events):
Event: 0.245 Thread 0x000001e42d014fe0 Thread added: 0x000001e42d014fe0
Event: 0.321 Thread 0x000001e42d014fe0 Thread added: 0x000001e445f39da0
Event: 0.321 Thread 0x000001e42d014fe0 Thread added: 0x000001e445f3a800
Event: 0.322 Thread 0x000001e42d014fe0 Thread added: 0x000001e445f3dbc0
Event: 0.322 Thread 0x000001e42d014fe0 Thread added: 0x000001e445f3e8b0
Event: 0.322 Thread 0x000001e42d014fe0 Thread added: 0x000001e445f401c0
Event: 0.322 Thread 0x000001e42d014fe0 Thread added: 0x000001e445f41190
Event: 0.323 Thread 0x000001e42d014fe0 Thread added: 0x000001e445f4e720
Event: 0.323 Thread 0x000001e42d014fe0 Thread added: 0x000001e445f50090
Event: 0.331 Thread 0x000001e42d014fe0 Thread added: 0x000001e445ffa920
Event: 0.334 Thread 0x000001e42d014fe0 Thread added: 0x000001e446006f50


Dynamic libraries:
0x00007ff755ae0000 - 0x00007ff755aee000 	c:\Users\HP\Desktop\spring-tools-for-eclipse-5.0.1.RELEASE-e4.38.0-win32.win32.x86_64\sts-5.0.1.RELEASE\plugins\org.eclipse.justj.openjdk.hotspot.jre.full.win32.x86_64_25.0.1.v20251108-1451\jre\bin\java.exe
0x00007fffde8d0000 - 0x00007fffdeae8000 	C:\WINDOWS\SYSTEM32\ntdll.dll
0x00007fffdcae0000 - 0x00007fffdcba4000 	C:\WINDOWS\System32\KERNEL32.DLL
0x00007fffdc110000 - 0x00007fffdc4e3000 	C:\WINDOWS\System32\KERNELBASE.dll
0x00007fffdb9e0000 - 0x00007fffdbaf1000 	C:\WINDOWS\System32\ucrtbase.dll
0x00007fffd1d70000 - 0x00007fffd1d8e000 	c:\Users\HP\Desktop\spring-tools-for-eclipse-5.0.1.RELEASE-e4.38.0-win32.win32.x86_64\sts-5.0.1.RELEASE\plugins\org.eclipse.justj.openjdk.hotspot.jre.full.win32.x86_64_25.0.1.v20251108-1451\jre\bin\VCRUNTIME140.dll
0x00007fffcf980000 - 0x00007fffcf996000 	c:\Users\HP\Desktop\spring-tools-for-eclipse-5.0.1.RELEASE-e4.38.0-win32.win32.x86_64\sts-5.0.1.RELEASE\plugins\org.eclipse.justj.openjdk.hotspot.jre.full.win32.x86_64_25.0.1.v20251108-1451\jre\bin\jli.dll
0x00007fffdd3e0000 - 0x00007fffdd592000 	C:\WINDOWS\System32\USER32.dll
0x00007fffdc040000 - 0x00007fffdc066000 	C:\WINDOWS\System32\win32u.dll
0x00007fffddfc0000 - 0x00007fffddfe9000 	C:\WINDOWS\System32\GDI32.dll
0x00007fffdbf20000 - 0x00007fffdc03b000 	C:\WINDOWS\System32\gdi32full.dll
0x00007fffdc070000 - 0x00007fffdc10a000 	C:\WINDOWS\System32\msvcp_win.dll
0x00007fffbc580000 - 0x00007fffbc81c000 	C:\WINDOWS\WinSxS\amd64_microsoft.windows.common-controls_6595b64144ccf1df_6.0.22621.6060_none_2712eda17382d24b\COMCTL32.dll
0x00007fffddd70000 - 0x00007fffdde17000 	C:\WINDOWS\System32\msvcrt.dll
0x00007fffdc710000 - 0x00007fffdc741000 	C:\WINDOWS\System32\IMM32.DLL
0x00007fffd1e30000 - 0x00007fffd1e3c000 	c:\Users\HP\Desktop\spring-tools-for-eclipse-5.0.1.RELEASE-e4.38.0-win32.win32.x86_64\sts-5.0.1.RELEASE\plugins\org.eclipse.justj.openjdk.hotspot.jre.full.win32.x86_64_25.0.1.v20251108-1451\jre\bin\vcruntime140_1.dll
0x00007fff90b30000 - 0x00007fff90bbd000 	c:\Users\HP\Desktop\spring-tools-for-eclipse-5.0.1.RELEASE-e4.38.0-win32.win32.x86_64\sts-5.0.1.RELEASE\plugins\org.eclipse.justj.openjdk.hotspot.jre.full.win32.x86_64_25.0.1.v20251108-1451\jre\bin\msvcp140.dll
0x00007fff00e40000 - 0x00007fff01d66000 	c:\Users\HP\Desktop\spring-tools-for-eclipse-5.0.1.RELEASE-e4.38.0-win32.win32.x86_64\sts-5.0.1.RELEASE\plugins\org.eclipse.justj.openjdk.hotspot.jre.full.win32.x86_64_25.0.1.v20251108-1451\jre\bin\server\jvm.dll
0x00007fffdc650000 - 0x00007fffdc701000 	C:\WINDOWS\System32\ADVAPI32.dll
0x00007fffdc570000 - 0x00007fffdc618000 	C:\WINDOWS\System32\sechost.dll
0x00007fffdbb00000 - 0x00007fffdbb28000 	C:\WINDOWS\System32\bcrypt.dll
0x00007fffdd220000 - 0x00007fffdd338000 	C:\WINDOWS\System32\RPCRT4.dll
0x00007fffdde20000 - 0x00007fffdde91000 	C:\WINDOWS\System32\WS2_32.dll
0x00007fffdb8b0000 - 0x00007fffdb8fd000 	C:\WINDOWS\SYSTEM32\POWRPROF.dll
0x00007fffd1b20000 - 0x00007fffd1b54000 	C:\WINDOWS\SYSTEM32\WINMM.dll
0x00007fffc8330000 - 0x00007fffc833a000 	C:\WINDOWS\SYSTEM32\VERSION.dll
0x00007fffdb890000 - 0x00007fffdb8a3000 	C:\WINDOWS\SYSTEM32\UMPDC.dll
0x00007fffda980000 - 0x00007fffda998000 	C:\WINDOWS\SYSTEM32\kernel.appcore.dll
0x00007fffd1010000 - 0x00007fffd101a000 	c:\Users\HP\Desktop\spring-tools-for-eclipse-5.0.1.RELEASE-e4.38.0-win32.win32.x86_64\sts-5.0.1.RELEASE\plugins\org.eclipse.justj.openjdk.hotspot.jre.full.win32.x86_64_25.0.1.v20251108-1451\jre\bin\jimage.dll
0x00007fffd9010000 - 0x00007fffd9243000 	C:\WINDOWS\SYSTEM32\DBGHELP.DLL
0x00007fffdd9d0000 - 0x00007fffddd61000 	C:\WINDOWS\System32\combase.dll
0x00007fffdcbb0000 - 0x00007fffdcc88000 	C:\WINDOWS\System32\OLEAUT32.dll
0x00007fffbb220000 - 0x00007fffbb252000 	C:\WINDOWS\SYSTEM32\dbgcore.DLL
0x00007fffdc4f0000 - 0x00007fffdc56b000 	C:\WINDOWS\System32\bcryptPrimitives.dll
0x00007fffbb780000 - 0x00007fffbb79e000 	c:\Users\HP\Desktop\spring-tools-for-eclipse-5.0.1.RELEASE-e4.38.0-win32.win32.x86_64\sts-5.0.1.RELEASE\plugins\org.eclipse.justj.openjdk.hotspot.jre.full.win32.x86_64_25.0.1.v20251108-1451\jre\bin\java.dll
0x00007fffdd820000 - 0x00007fffdd9c1000 	C:\WINDOWS\System32\ole32.dll
0x00007fffddff0000 - 0x00007fffde88c000 	C:\WINDOWS\System32\SHELL32.dll
0x00007fffdbde0000 - 0x00007fffdbf1f000 	C:\WINDOWS\System32\wintypes.dll
0x00007fffd9890000 - 0x00007fffda1aa000 	C:\WINDOWS\SYSTEM32\windows.storage.dll
0x00007fffdc9c0000 - 0x00007fffdcac4000 	C:\WINDOWS\System32\SHCORE.dll
0x00007fffdd7b0000 - 0x00007fffdd819000 	C:\WINDOWS\System32\shlwapi.dll
0x00007fffdb910000 - 0x00007fffdb935000 	C:\WINDOWS\SYSTEM32\profapi.dll
0x00007fffa1770000 - 0x00007fffa1787000 	c:\Users\HP\Desktop\spring-tools-for-eclipse-5.0.1.RELEASE-e4.38.0-win32.win32.x86_64\sts-5.0.1.RELEASE\plugins\org.eclipse.justj.openjdk.hotspot.jre.full.win32.x86_64_25.0.1.v20251108-1451\jre\bin\zip.dll
0x00007fffa1750000 - 0x00007fffa1761000 	C:\Users\HP\Desktop\spring-tools-for-eclipse-5.0.1.RELEASE-e4.38.0-win32.win32.x86_64\sts-5.0.1.RELEASE\plugins\org.eclipse.justj.openjdk.hotspot.jre.full.win32.x86_64_25.0.1.v20251108-1451\jre\bin\net.dll
0x00007fffdae40000 - 0x00007fffdaea9000 	C:\WINDOWS\system32\mswsock.dll
0x00007fffa1730000 - 0x00007fffa1746000 	C:\Users\HP\Desktop\spring-tools-for-eclipse-5.0.1.RELEASE-e4.38.0-win32.win32.x86_64\sts-5.0.1.RELEASE\plugins\org.eclipse.justj.openjdk.hotspot.jre.full.win32.x86_64_25.0.1.v20251108-1451\jre\bin\nio.dll
0x0000000000dd0000 - 0x0000000000df4000 	C:\Users\HP\Desktop\testspr\backend\maven\apache-maven-3.9.6\lib\jansi-native\Windows\x86_64\jansi.dll
0x00007fffd1e60000 - 0x00007fffd1e70000 	c:\Users\HP\Desktop\spring-tools-for-eclipse-5.0.1.RELEASE-e4.38.0-win32.win32.x86_64\sts-5.0.1.RELEASE\plugins\org.eclipse.justj.openjdk.hotspot.jre.full.win32.x86_64_25.0.1.v20251108-1451\jre\bin\verify.dll

JVMTI agents: none

dbghelp: loaded successfully - version: 4.0.5 - missing functions: none
symbol engine: initialized successfully - sym options: 0x614 - pdb path: .;c:\Users\HP\Desktop\spring-tools-for-eclipse-5.0.1.RELEASE-e4.38.0-win32.win32.x86_64\sts-5.0.1.RELEASE\plugins\org.eclipse.justj.openjdk.hotspot.jre.full.win32.x86_64_25.0.1.v20251108-1451\jre\bin;C:\WINDOWS\SYSTEM32;C:\WINDOWS\WinSxS\amd64_microsoft.windows.common-controls_6595b64144ccf1df_6.0.22621.6060_none_2712eda17382d24b;c:\Users\HP\Desktop\spring-tools-for-eclipse-5.0.1.RELEASE-e4.38.0-win32.win32.x86_64\sts-5.0.1.RELEASE\plugins\org.eclipse.justj.openjdk.hotspot.jre.full.win32.x86_64_25.0.1.v20251108-1451\jre\bin\server;C:\Users\HP\Desktop\testspr\backend\maven\apache-maven-3.9.6\lib\jansi-native\Windows\x86_64

VM Arguments:
jvm_args: -Dclassworlds.conf=C:\Users\HP\Desktop\testspr\backend\maven\apache-maven-3.9.6\bin\m2.conf -Dmaven.home=C:\Users\HP\Desktop\testspr\backend\maven\apache-maven-3.9.6 -Dlibrary.jansi.path=C:\Users\HP\Desktop\testspr\backend\maven\apache-maven-3.9.6\lib\jansi-native -Dmaven.multiModuleProjectDirectory=C:\Users\HP\Desktop\PFEE\backend 
java_command: org.codehaus.plexus.classworlds.launcher.Launcher spring-boot:run
java_class_path (initial): C:\Users\HP\Desktop\testspr\backend\maven\apache-maven-3.9.6\boot\plexus-classworlds-2.7.0.jar
Launcher Type: SUN_STANDARD

[Global flags]
     intx CICompilerCount                          = 4                                         {product} {ergonomic}
     uint ConcGCThreads                            = 2                                         {product} {ergonomic}
     uint G1ConcRefinementThreads                  = 8                                         {product} {ergonomic}
   size_t G1HeapRegionSize                         = 1048576                                   {product} {ergonomic}
   size_t InitialHeapSize                          = 62914560                                  {product} {ergonomic}
   size_t MarkStackSize                            = 4194304                                   {product} {ergonomic}
   size_t MarkStackSizeMax                         = 536870912                                 {product} {ergonomic}
   size_t MaxHeapSize                              = 987758592                                 {product} {ergonomic}
   size_t MaxNewSize                               = 592445440                                 {product} {ergonomic}
   size_t MinHeapDeltaBytes                        = 1048576                                   {product} {ergonomic}
   size_t MinHeapSize                              = 8388608                                   {product} {ergonomic}
    uintx NonNMethodCodeHeapSize                   = 5832704                                {pd product} {ergonomic}
    uintx NonProfiledCodeHeapSize                  = 122945536                              {pd product} {ergonomic}
    uintx ProfiledCodeHeapSize                     = 122880000                              {pd product} {ergonomic}
    uintx ReservedCodeCacheSize                    = 251658240                              {pd product} {ergonomic}
     bool SegmentedCodeCache                       = true                                      {product} {ergonomic}
   size_t SoftMaxHeapSize                          = 987758592                              {manageable} {ergonomic}
     bool UseCompressedOops                        = true                           {product lp64_product} {ergonomic}
     bool UseG1GC                                  = true                                      {product} {ergonomic}
     bool UseLargePagesIndividualAllocation        = false                                  {pd product} {ergonomic}

Logging:
Log output configuration:
 #0: stdout all=warning uptime,level,tags foldmultilines=false
 #1: stderr all=off uptime,level,tags foldmultilines=false

Release file:
JAVA_VERSION="25.0.1" 
MODULES="java.base java.compiler java.datatransfer java.xml java.prefs java.desktop java.instrument java.logging java.management java.security.sasl java.naming java.rmi java.management.rmi java.net.http java.scripting java.security.jgss java.transaction.xa java.sql java.sql.rowset java.xml.crypto java.se java.smartcardio jdk.accessibility jdk.internal.jvmstat jdk.attach jdk.charsets jdk.internal.opt jdk.zipfs jdk.compiler jdk.crypto.cryptoki jdk.crypto.ec jdk.crypto.mscapi jdk.dynalink jdk.internal.ed jdk.editpad jdk.internal.vm.ci jdk.graal.compiler jdk.graal.compiler.management jdk.hotspot.agent jdk.httpserver jdk.internal.le jdk.internal.md jdk.jartool jdk.javadoc jdk.jcmd jdk.management jdk.management.agent jdk.jconsole jdk.jdeps jdk.jdwp.agent jdk.jdi jdk.jfr jdk.jshell jdk.jsobject jdk.jstatd jdk.localedata jdk.management.jfr jdk.naming.dns jdk.naming.rmi jdk.net jdk.nio.mapmode jdk.sctp jdk.security.auth jdk.security.jgss jdk.unsupported jdk.unsupported.desktop jdk.xml.dom" 

Environment Variables:
JAVA_HOME=c:\Users\HP\Desktop\spring-tools-for-eclipse-5.0.1.RELEASE-e4.38.0-win32.win32.x86_64\sts-5.0.1.RELEASE\plugins\org.eclipse.justj.openjdk.hotspot.jre.full.win32.x86_64_25.0.1.v20251108-1451\jre
PATH=C:\Python314\Scripts\;C:\Python314\;C:\oraclexe\app\oracle\product\10.2.0\server\bin;C:\app\HP\product\21c\dbhomeXE\bin;C:\Users\HP\Downloads\WINDOWS.X64_193000_grid_home\bin;C:\WINDOWS\system32;C:\WINDOWS;C:\WINDOWS\System32\Wbem;C:\WINDOWS\System32\WindowsPowerShell\v1.0\;C:\WINDOWS\System32\OpenSSH\;C:\Program Files\PuTTY\;C:\Program Files (x86)\;C:\Program Files\Git\cmd;C:\Program Files (x86)\Windows Kits\10\Windows Performance Toolkit\;C:\Program Files\MongoDB\Server\8.2\bin;C:\Program Files\nodejs\;C:\ProgramData\chocolatey\bin;C:\Users\HP\AppData\Local\Programs\Python\Python313\Scripts\;C:\Users\HP\AppData\Local\Programs\Python\Python313\;C:\Users\HP\AppData\Local\Programs\Python\Launcher\;C:\Users\HP\AppData\Local\Microsoft\WindowsApps;;C:\Users\HP\AppData\Local\Programs\Microsoft VS Code\bin;C:\Users\HP\Desktop\Antigravity\bin;C:\Users\HP\AppData\Roaming\npm
USERNAME=HP
LANG=en_US.UTF-8
OS=Windows_NT
PROCESSOR_IDENTIFIER=Intel64 Family 6 Model 154 Stepping 4, GenuineIntel
TMP=C:\Users\HP\AppData\Local\Temp
TEMP=C:\Users\HP\AppData\Local\Temp




Compilation memory statistics disabled.

Periodic native trim disabled

---------------  S Y S T E M  ---------------

OS:
 Windows 11 , 64 bit Build 22621 (10.0.22621.5415)
OS uptime: 0 days 2:08 hours
Hyper-V role detected

CPU: total 8 (initial active 8) (4 cores per cpu, 2 threads per core) family 6 model 154 stepping 4 microcode 0x42c, cx8, cmov, fxsr, ht, mmx, 3dnowpref, sse, sse2, sse3, ssse3, sse4.1, sse4.2, popcnt, lzcnt, tsc, tscinvbit, avx, avx2, aes, erms, clmul, bmi1, bmi2, adx, sha, fma, vzeroupper, clflush, clflushopt, clwb, hv, serialize, rdtscp, rdpid, fsrm, gfni, f16c, cet_ibt, cet_ss
Processor Information for processor 0
  Max Mhz: 1200, Current Mhz: 1200, Mhz Limit: 1200
Processor Information for processor 1
  Max Mhz: 1200, Current Mhz: 1200, Mhz Limit: 1200
Processor Information for processor 2
  Max Mhz: 1200, Current Mhz: 1200, Mhz Limit: 1200
Processor Information for processor 3
  Max Mhz: 1200, Current Mhz: 1200, Mhz Limit: 1200
Processor Information for processor 4
  Max Mhz: 1200, Current Mhz: 900, Mhz Limit: 900
Processor Information for processor 5
  Max Mhz: 1200, Current Mhz: 900, Mhz Limit: 900
Processor Information for processor 6
  Max Mhz: 1200, Current Mhz: 900, Mhz Limit: 900
Processor Information for processor 7
  Max Mhz: 1200, Current Mhz: 900, Mhz Limit: 900

Memory: 4k page, system-wide physical 3767M (63M free)
TotalPageFile size 15543M (AvailPageFile size 0M)
current process WorkingSet (physical memory assigned to process): 113M, peak: 117M
current process commit charge ("private bytes"): 180M, peak: 187M

vm_info: OpenJDK 64-Bit Server VM (25.0.1+8-LTS) for windows-amd64 JRE (25.0.1+8-LTS), built on 2025-10-21T00:00:00Z with unknown MS VC++:1942

END.
